ARM GAS  C:\Users\ZShuai\AppData\Local\Temp\ccGWWJA6.s 			page 1


   1              		.cpu cortex-m4
   2              		.arch armv7e-m
   3              		.fpu fpv4-sp-d16
   4              		.eabi_attribute 27, 1
   5              		.eabi_attribute 28, 1
   6              		.eabi_attribute 20, 1
   7              		.eabi_attribute 21, 1
   8              		.eabi_attribute 23, 3
   9              		.eabi_attribute 24, 1
  10              		.eabi_attribute 25, 1
  11              		.eabi_attribute 26, 1
  12              		.eabi_attribute 30, 6
  13              		.eabi_attribute 34, 1
  14              		.eabi_attribute 18, 4
  15              		.file	"arm_common_tables.c"
  16              		.text
  17              	.Ltext0:
  18              		.cfi_sections	.debug_frame
  19              		.file 1 "../User/DSP/arm_common_tables.c"
  20              		.global	sinTable_f32
  21              		.section	.rodata.sinTable_f32,"a"
  22              		.align	2
  25              	sinTable_f32:
  26 0000 00000000 		.word	0
  27 0004 920E493C 		.word	1011420818
  28 0008 B10AC93C 		.word	1019808433
  29 000c 2BC3163D 		.word	1024901931
  30 0010 2EFB483D 		.word	1028193070
  31 0014 752B7B3D 		.word	1031482229
  32 0018 04A9963D 		.word	1033283844
  33 001c 80B6AF3D 		.word	1034925696
  34 0020 36BDC83D 		.word	1036565814
  35 0024 2FBCE13D 		.word	1038203951
  36 0028 73B2FA3D 		.word	1039839859
  37 002c 87CF093E 		.word	1040830343
  38 0030 8340163E 		.word	1041645699
  39 0034 B5AB223E 		.word	1042459573
  40 0038 A2102F3E 		.word	1043271842
  41 003c CF6E3B3E 		.word	1044082383
  42 0040 C2C5473E 		.word	1044891074
  43 0044 0115543E 		.word	1045697793
  44 0048 135C603E 		.word	1046502419
  45 004c 7F9A6C3E 		.word	1047304831
  46 0050 CCCF783E 		.word	1048104908
  47 0054 C07D823E 		.word	1048739264
  48 0058 938E883E 		.word	1049136787
  49 005c 229A8E3E 		.word	1049532962
  50 0060 32A0943E 		.word	1049927730
  51 0064 86A09A3E 		.word	1050321030
  52 0068 E59AA03E 		.word	1050712805
  53 006c 128FA63E 		.word	1051102994
  54 0070 D47CAC3E 		.word	1051491540
  55 0074 EF63B23E 		.word	1051878383
  56 0078 2A44B83E 		.word	1052263466
  57 007c 491DBE3E 		.word	1052646729
  58 0080 15EFC33E 		.word	1053028117
  59 0084 53B9C93E 		.word	1053407571
ARM GAS  C:\Users\ZShuai\AppData\Local\Temp\ccGWWJA6.s 			page 2


  60 0088 CA7BCF3E 		.word	1053785034
  61 008c 4136D53E 		.word	1054160449
  62 0090 80E8DA3E 		.word	1054533760
  63 0094 4F92E03E 		.word	1054904911
  64 0098 7533E63E 		.word	1055273845
  65 009c BBCBEB3E 		.word	1055640507
  66 00a0 EA5AF13E 		.word	1056004842
  67 00a4 CBE0F63E 		.word	1056366795
  68 00a8 275DFC3E 		.word	1056726311
  69 00ac E4E7003F 		.word	1057023972
  70 00b0 3D9C033F 		.word	1057201213
  71 00b4 824B063F 		.word	1057377154
  72 00b8 9BF5083F 		.word	1057551771
  73 00bc 6B9A0B3F 		.word	1057725035
  74 00c0 DA390E3F 		.word	1057896922
  75 00c4 CDD3103F 		.word	1058067405
  76 00c8 2A68133F 		.word	1058236458
  77 00cc D9F6153F 		.word	1058404057
  78 00d0 C07F183F 		.word	1058570176
  79 00d4 C6021B3F 		.word	1058734790
  80 00d8 D17F1D3F 		.word	1058897873
  81 00dc CBF61F3F 		.word	1059059403
  82 00e0 9967223F 		.word	1059219353
  83 00e4 25D2243F 		.word	1059377701
  84 00e8 5636273F 		.word	1059534422
  85 00ec 1594293F 		.word	1059689493
  86 00f0 4AEB2B3F 		.word	1059842890
  87 00f4 DE3B2E3F 		.word	1059994590
  88 00f8 BB85303F 		.word	1060144571
  89 00fc C9C8323F 		.word	1060292809
  90 0100 F304353F 		.word	1060439283
  91 0104 233A373F 		.word	1060583971
  92 0108 4268393F 		.word	1060726850
  93 010c 3B8F3B3F 		.word	1060867899
  94 0110 F9AE3D3F 		.word	1061007097
  95 0114 67C73F3F 		.word	1061144423
  96 0118 70D8413F 		.word	1061279856
  97 011c 01E2433F 		.word	1061413377
  98 0120 03E4453F 		.word	1061544963
  99 0124 65DE473F 		.word	1061674597
 100 0128 12D1493F 		.word	1061802258
 101 012c F8BB4B3F 		.word	1061927928
 102 0130 029F4D3F 		.word	1062051586
 103 0134 207A4F3F 		.word	1062173216
 104 0138 3D4D513F 		.word	1062292797
 105 013c 4918533F 		.word	1062410313
 106 0140 31DB543F 		.word	1062525745
 107 0144 E595563F 		.word	1062639077
 108 0148 5348583F 		.word	1062750291
 109 014c 6AF2593F 		.word	1062859370
 110 0150 1A945B3F 		.word	1062966298
 111 0154 532D5D3F 		.word	1063071059
 112 0158 05BE5E3F 		.word	1063173637
 113 015c 2146603F 		.word	1063274017
 114 0160 97C5613F 		.word	1063372183
 115 0164 5A3C633F 		.word	1063468122
 116 0168 59AA643F 		.word	1063561817
ARM GAS  C:\Users\ZShuai\AppData\Local\Temp\ccGWWJA6.s 			page 3


 117 016c 880F663F 		.word	1063653256
 118 0170 D86B673F 		.word	1063742424
 119 0174 3CBF683F 		.word	1063829308
 120 0178 A7096A3F 		.word	1063913895
 121 017c 0C4B6B3F 		.word	1063996172
 122 0180 5E836C3F 		.word	1064076126
 123 0184 93B26D3F 		.word	1064153747
 124 0188 9ED86E3F 		.word	1064229022
 125 018c 73F56F3F 		.word	1064301939
 126 0190 0809713F 		.word	1064372488
 127 0194 5213723F 		.word	1064440658
 128 0198 4714733F 		.word	1064506439
 129 019c DD0B743F 		.word	1064569821
 130 01a0 0BFA743F 		.word	1064630795
 131 01a4 C6DE753F 		.word	1064689350
 132 01a8 07BA763F 		.word	1064745479
 133 01ac C58B773F 		.word	1064799173
 134 01b0 F853783F 		.word	1064850424
 135 01b4 9812793F 		.word	1064899224
 136 01b8 9DC7793F 		.word	1064945565
 137 01bc 02737A3F 		.word	1064989442
 138 01c0 BE147B3F 		.word	1065030846
 139 01c4 CDAC7B3F 		.word	1065069773
 140 01c8 283B7C3F 		.word	1065106216
 141 01cc C9BF7C3F 		.word	1065140169
 142 01d0 AC3A7D3F 		.word	1065171628
 143 01d4 CCAB7D3F 		.word	1065200588
 144 01d8 23137E3F 		.word	1065227043
 145 01dc B0707E3F 		.word	1065250992
 146 01e0 6DC47E3F 		.word	1065272429
 147 01e4 580E7F3F 		.word	1065291352
 148 01e8 6D4E7F3F 		.word	1065307757
 149 01ec AB847F3F 		.word	1065321643
 150 01f0 0FB17F3F 		.word	1065333007
 151 01f4 97D37F3F 		.word	1065341847
 152 01f8 43EC7F3F 		.word	1065348163
 153 01fc 11FB7F3F 		.word	1065351953
 154 0200 0000803F 		.word	1065353216
 155 0204 11FB7F3F 		.word	1065351953
 156 0208 43EC7F3F 		.word	1065348163
 157 020c 97D37F3F 		.word	1065341847
 158 0210 0FB17F3F 		.word	1065333007
 159 0214 AB847F3F 		.word	1065321643
 160 0218 6D4E7F3F 		.word	1065307757
 161 021c 580E7F3F 		.word	1065291352
 162 0220 6DC47E3F 		.word	1065272429
 163 0224 B0707E3F 		.word	1065250992
 164 0228 23137E3F 		.word	1065227043
 165 022c CCAB7D3F 		.word	1065200588
 166 0230 AC3A7D3F 		.word	1065171628
 167 0234 C9BF7C3F 		.word	1065140169
 168 0238 283B7C3F 		.word	1065106216
 169 023c CDAC7B3F 		.word	1065069773
 170 0240 BE147B3F 		.word	1065030846
 171 0244 02737A3F 		.word	1064989442
 172 0248 9DC7793F 		.word	1064945565
 173 024c 9812793F 		.word	1064899224
ARM GAS  C:\Users\ZShuai\AppData\Local\Temp\ccGWWJA6.s 			page 4


 174 0250 F853783F 		.word	1064850424
 175 0254 C58B773F 		.word	1064799173
 176 0258 07BA763F 		.word	1064745479
 177 025c C6DE753F 		.word	1064689350
 178 0260 0BFA743F 		.word	1064630795
 179 0264 DD0B743F 		.word	1064569821
 180 0268 4714733F 		.word	1064506439
 181 026c 5213723F 		.word	1064440658
 182 0270 0809713F 		.word	1064372488
 183 0274 73F56F3F 		.word	1064301939
 184 0278 9ED86E3F 		.word	1064229022
 185 027c 93B26D3F 		.word	1064153747
 186 0280 5E836C3F 		.word	1064076126
 187 0284 0C4B6B3F 		.word	1063996172
 188 0288 A7096A3F 		.word	1063913895
 189 028c 3CBF683F 		.word	1063829308
 190 0290 D86B673F 		.word	1063742424
 191 0294 880F663F 		.word	1063653256
 192 0298 59AA643F 		.word	1063561817
 193 029c 5A3C633F 		.word	1063468122
 194 02a0 97C5613F 		.word	1063372183
 195 02a4 2146603F 		.word	1063274017
 196 02a8 05BE5E3F 		.word	1063173637
 197 02ac 532D5D3F 		.word	1063071059
 198 02b0 1A945B3F 		.word	1062966298
 199 02b4 6AF2593F 		.word	1062859370
 200 02b8 5348583F 		.word	1062750291
 201 02bc E595563F 		.word	1062639077
 202 02c0 31DB543F 		.word	1062525745
 203 02c4 4918533F 		.word	1062410313
 204 02c8 3D4D513F 		.word	1062292797
 205 02cc 207A4F3F 		.word	1062173216
 206 02d0 029F4D3F 		.word	1062051586
 207 02d4 F8BB4B3F 		.word	1061927928
 208 02d8 12D1493F 		.word	1061802258
 209 02dc 65DE473F 		.word	1061674597
 210 02e0 03E4453F 		.word	1061544963
 211 02e4 01E2433F 		.word	1061413377
 212 02e8 70D8413F 		.word	1061279856
 213 02ec 67C73F3F 		.word	1061144423
 214 02f0 F9AE3D3F 		.word	1061007097
 215 02f4 3B8F3B3F 		.word	1060867899
 216 02f8 4268393F 		.word	1060726850
 217 02fc 233A373F 		.word	1060583971
 218 0300 F304353F 		.word	1060439283
 219 0304 C9C8323F 		.word	1060292809
 220 0308 BB85303F 		.word	1060144571
 221 030c DE3B2E3F 		.word	1059994590
 222 0310 4AEB2B3F 		.word	1059842890
 223 0314 1594293F 		.word	1059689493
 224 0318 5636273F 		.word	1059534422
 225 031c 25D2243F 		.word	1059377701
 226 0320 9967223F 		.word	1059219353
 227 0324 CBF61F3F 		.word	1059059403
 228 0328 D17F1D3F 		.word	1058897873
 229 032c C6021B3F 		.word	1058734790
 230 0330 C07F183F 		.word	1058570176
ARM GAS  C:\Users\ZShuai\AppData\Local\Temp\ccGWWJA6.s 			page 5


 231 0334 D9F6153F 		.word	1058404057
 232 0338 2A68133F 		.word	1058236458
 233 033c CDD3103F 		.word	1058067405
 234 0340 DA390E3F 		.word	1057896922
 235 0344 6B9A0B3F 		.word	1057725035
 236 0348 9BF5083F 		.word	1057551771
 237 034c 824B063F 		.word	1057377154
 238 0350 3D9C033F 		.word	1057201213
 239 0354 E4E7003F 		.word	1057023972
 240 0358 275DFC3E 		.word	1056726311
 241 035c CBE0F63E 		.word	1056366795
 242 0360 EA5AF13E 		.word	1056004842
 243 0364 BBCBEB3E 		.word	1055640507
 244 0368 7533E63E 		.word	1055273845
 245 036c 4F92E03E 		.word	1054904911
 246 0370 80E8DA3E 		.word	1054533760
 247 0374 4136D53E 		.word	1054160449
 248 0378 CA7BCF3E 		.word	1053785034
 249 037c 53B9C93E 		.word	1053407571
 250 0380 15EFC33E 		.word	1053028117
 251 0384 491DBE3E 		.word	1052646729
 252 0388 2A44B83E 		.word	1052263466
 253 038c EF63B23E 		.word	1051878383
 254 0390 D47CAC3E 		.word	1051491540
 255 0394 128FA63E 		.word	1051102994
 256 0398 E59AA03E 		.word	1050712805
 257 039c 86A09A3E 		.word	1050321030
 258 03a0 32A0943E 		.word	1049927730
 259 03a4 229A8E3E 		.word	1049532962
 260 03a8 938E883E 		.word	1049136787
 261 03ac C07D823E 		.word	1048739264
 262 03b0 CCCF783E 		.word	1048104908
 263 03b4 7F9A6C3E 		.word	1047304831
 264 03b8 135C603E 		.word	1046502419
 265 03bc 0115543E 		.word	1045697793
 266 03c0 C2C5473E 		.word	1044891074
 267 03c4 CF6E3B3E 		.word	1044082383
 268 03c8 A2102F3E 		.word	1043271842
 269 03cc B5AB223E 		.word	1042459573
 270 03d0 8340163E 		.word	1041645699
 271 03d4 87CF093E 		.word	1040830343
 272 03d8 73B2FA3D 		.word	1039839859
 273 03dc 2FBCE13D 		.word	1038203951
 274 03e0 36BDC83D 		.word	1036565814
 275 03e4 80B6AF3D 		.word	1034925696
 276 03e8 04A9963D 		.word	1033283844
 277 03ec 752B7B3D 		.word	1031482229
 278 03f0 2EFB483D 		.word	1028193070
 279 03f4 2BC3163D 		.word	1024901931
 280 03f8 B10AC93C 		.word	1019808433
 281 03fc 920E493C 		.word	1011420818
 282 0400 00000000 		.word	0
 283 0404 920E49BC 		.word	-1136062830
 284 0408 B10AC9BC 		.word	-1127675215
 285 040c 2BC316BD 		.word	-1122581717
 286 0410 2EFB48BD 		.word	-1119290578
 287 0414 752B7BBD 		.word	-1116001419
ARM GAS  C:\Users\ZShuai\AppData\Local\Temp\ccGWWJA6.s 			page 6


 288 0418 04A996BD 		.word	-1114199804
 289 041c 80B6AFBD 		.word	-1112557952
 290 0420 36BDC8BD 		.word	-1110917834
 291 0424 2FBCE1BD 		.word	-1109279697
 292 0428 73B2FABD 		.word	-1107643789
 293 042c 87CF09BE 		.word	-1106653305
 294 0430 834016BE 		.word	-1105837949
 295 0434 B5AB22BE 		.word	-1105024075
 296 0438 A2102FBE 		.word	-1104211806
 297 043c CF6E3BBE 		.word	-1103401265
 298 0440 C2C547BE 		.word	-1102592574
 299 0444 011554BE 		.word	-1101785855
 300 0448 135C60BE 		.word	-1100981229
 301 044c 7F9A6CBE 		.word	-1100178817
 302 0450 CCCF78BE 		.word	-1099378740
 303 0454 C07D82BE 		.word	-1098744384
 304 0458 938E88BE 		.word	-1098346861
 305 045c 229A8EBE 		.word	-1097950686
 306 0460 32A094BE 		.word	-1097555918
 307 0464 86A09ABE 		.word	-1097162618
 308 0468 E59AA0BE 		.word	-1096770843
 309 046c 128FA6BE 		.word	-1096380654
 310 0470 D47CACBE 		.word	-1095992108
 311 0474 EF63B2BE 		.word	-1095605265
 312 0478 2A44B8BE 		.word	-1095220182
 313 047c 491DBEBE 		.word	-1094836919
 314 0480 15EFC3BE 		.word	-1094455531
 315 0484 53B9C9BE 		.word	-1094076077
 316 0488 CA7BCFBE 		.word	-1093698614
 317 048c 4136D5BE 		.word	-1093323199
 318 0490 80E8DABE 		.word	-1092949888
 319 0494 4F92E0BE 		.word	-1092578737
 320 0498 7533E6BE 		.word	-1092209803
 321 049c BBCBEBBE 		.word	-1091843141
 322 04a0 EA5AF1BE 		.word	-1091478806
 323 04a4 CBE0F6BE 		.word	-1091116853
 324 04a8 275DFCBE 		.word	-1090757337
 325 04ac E4E700BF 		.word	-1090459676
 326 04b0 3D9C03BF 		.word	-1090282435
 327 04b4 824B06BF 		.word	-1090106494
 328 04b8 9BF508BF 		.word	-1089931877
 329 04bc 6B9A0BBF 		.word	-1089758613
 330 04c0 DA390EBF 		.word	-1089586726
 331 04c4 CDD310BF 		.word	-1089416243
 332 04c8 2A6813BF 		.word	-1089247190
 333 04cc D9F615BF 		.word	-1089079591
 334 04d0 C07F18BF 		.word	-1088913472
 335 04d4 C6021BBF 		.word	-1088748858
 336 04d8 D17F1DBF 		.word	-1088585775
 337 04dc CBF61FBF 		.word	-1088424245
 338 04e0 996722BF 		.word	-1088264295
 339 04e4 25D224BF 		.word	-1088105947
 340 04e8 563627BF 		.word	-1087949226
 341 04ec 159429BF 		.word	-1087794155
 342 04f0 4AEB2BBF 		.word	-1087640758
 343 04f4 DE3B2EBF 		.word	-1087489058
 344 04f8 BB8530BF 		.word	-1087339077
ARM GAS  C:\Users\ZShuai\AppData\Local\Temp\ccGWWJA6.s 			page 7


 345 04fc C9C832BF 		.word	-1087190839
 346 0500 F30435BF 		.word	-1087044365
 347 0504 233A37BF 		.word	-1086899677
 348 0508 426839BF 		.word	-1086756798
 349 050c 3B8F3BBF 		.word	-1086615749
 350 0510 F9AE3DBF 		.word	-1086476551
 351 0514 67C73FBF 		.word	-1086339225
 352 0518 70D841BF 		.word	-1086203792
 353 051c 01E243BF 		.word	-1086070271
 354 0520 03E445BF 		.word	-1085938685
 355 0524 65DE47BF 		.word	-1085809051
 356 0528 12D149BF 		.word	-1085681390
 357 052c F8BB4BBF 		.word	-1085555720
 358 0530 029F4DBF 		.word	-1085432062
 359 0534 207A4FBF 		.word	-1085310432
 360 0538 3D4D51BF 		.word	-1085190851
 361 053c 491853BF 		.word	-1085073335
 362 0540 31DB54BF 		.word	-1084957903
 363 0544 E59556BF 		.word	-1084844571
 364 0548 534858BF 		.word	-1084733357
 365 054c 6AF259BF 		.word	-1084624278
 366 0550 1A945BBF 		.word	-1084517350
 367 0554 532D5DBF 		.word	-1084412589
 368 0558 05BE5EBF 		.word	-1084310011
 369 055c 214660BF 		.word	-1084209631
 370 0560 97C561BF 		.word	-1084111465
 371 0564 5A3C63BF 		.word	-1084015526
 372 0568 59AA64BF 		.word	-1083921831
 373 056c 880F66BF 		.word	-1083830392
 374 0570 D86B67BF 		.word	-1083741224
 375 0574 3CBF68BF 		.word	-1083654340
 376 0578 A7096ABF 		.word	-1083569753
 377 057c 0C4B6BBF 		.word	-1083487476
 378 0580 5E836CBF 		.word	-1083407522
 379 0584 93B26DBF 		.word	-1083329901
 380 0588 9ED86EBF 		.word	-1083254626
 381 058c 73F56FBF 		.word	-1083181709
 382 0590 080971BF 		.word	-1083111160
 383 0594 521372BF 		.word	-1083042990
 384 0598 471473BF 		.word	-1082977209
 385 059c DD0B74BF 		.word	-1082913827
 386 05a0 0BFA74BF 		.word	-1082852853
 387 05a4 C6DE75BF 		.word	-1082794298
 388 05a8 07BA76BF 		.word	-1082738169
 389 05ac C58B77BF 		.word	-1082684475
 390 05b0 F85378BF 		.word	-1082633224
 391 05b4 981279BF 		.word	-1082584424
 392 05b8 9DC779BF 		.word	-1082538083
 393 05bc 02737ABF 		.word	-1082494206
 394 05c0 BE147BBF 		.word	-1082452802
 395 05c4 CDAC7BBF 		.word	-1082413875
 396 05c8 283B7CBF 		.word	-1082377432
 397 05cc C9BF7CBF 		.word	-1082343479
 398 05d0 AC3A7DBF 		.word	-1082312020
 399 05d4 CCAB7DBF 		.word	-1082283060
 400 05d8 23137EBF 		.word	-1082256605
 401 05dc B0707EBF 		.word	-1082232656
ARM GAS  C:\Users\ZShuai\AppData\Local\Temp\ccGWWJA6.s 			page 8


 402 05e0 6DC47EBF 		.word	-1082211219
 403 05e4 580E7FBF 		.word	-1082192296
 404 05e8 6D4E7FBF 		.word	-1082175891
 405 05ec AB847FBF 		.word	-1082162005
 406 05f0 0FB17FBF 		.word	-1082150641
 407 05f4 97D37FBF 		.word	-1082141801
 408 05f8 43EC7FBF 		.word	-1082135485
 409 05fc 11FB7FBF 		.word	-1082131695
 410 0600 000080BF 		.word	-1082130432
 411 0604 11FB7FBF 		.word	-1082131695
 412 0608 43EC7FBF 		.word	-1082135485
 413 060c 97D37FBF 		.word	-1082141801
 414 0610 0FB17FBF 		.word	-1082150641
 415 0614 AB847FBF 		.word	-1082162005
 416 0618 6D4E7FBF 		.word	-1082175891
 417 061c 580E7FBF 		.word	-1082192296
 418 0620 6DC47EBF 		.word	-1082211219
 419 0624 B0707EBF 		.word	-1082232656
 420 0628 23137EBF 		.word	-1082256605
 421 062c CCAB7DBF 		.word	-1082283060
 422 0630 AC3A7DBF 		.word	-1082312020
 423 0634 C9BF7CBF 		.word	-1082343479
 424 0638 283B7CBF 		.word	-1082377432
 425 063c CDAC7BBF 		.word	-1082413875
 426 0640 BE147BBF 		.word	-1082452802
 427 0644 02737ABF 		.word	-1082494206
 428 0648 9DC779BF 		.word	-1082538083
 429 064c 981279BF 		.word	-1082584424
 430 0650 F85378BF 		.word	-1082633224
 431 0654 C58B77BF 		.word	-1082684475
 432 0658 07BA76BF 		.word	-1082738169
 433 065c C6DE75BF 		.word	-1082794298
 434 0660 0BFA74BF 		.word	-1082852853
 435 0664 DD0B74BF 		.word	-1082913827
 436 0668 471473BF 		.word	-1082977209
 437 066c 521372BF 		.word	-1083042990
 438 0670 080971BF 		.word	-1083111160
 439 0674 73F56FBF 		.word	-1083181709
 440 0678 9ED86EBF 		.word	-1083254626
 441 067c 93B26DBF 		.word	-1083329901
 442 0680 5E836CBF 		.word	-1083407522
 443 0684 0C4B6BBF 		.word	-1083487476
 444 0688 A7096ABF 		.word	-1083569753
 445 068c 3CBF68BF 		.word	-1083654340
 446 0690 D86B67BF 		.word	-1083741224
 447 0694 880F66BF 		.word	-1083830392
 448 0698 59AA64BF 		.word	-1083921831
 449 069c 5A3C63BF 		.word	-1084015526
 450 06a0 97C561BF 		.word	-1084111465
 451 06a4 214660BF 		.word	-1084209631
 452 06a8 05BE5EBF 		.word	-1084310011
 453 06ac 532D5DBF 		.word	-1084412589
 454 06b0 1A945BBF 		.word	-1084517350
 455 06b4 6AF259BF 		.word	-1084624278
 456 06b8 534858BF 		.word	-1084733357
 457 06bc E59556BF 		.word	-1084844571
 458 06c0 31DB54BF 		.word	-1084957903
ARM GAS  C:\Users\ZShuai\AppData\Local\Temp\ccGWWJA6.s 			page 9


 459 06c4 491853BF 		.word	-1085073335
 460 06c8 3D4D51BF 		.word	-1085190851
 461 06cc 207A4FBF 		.word	-1085310432
 462 06d0 029F4DBF 		.word	-1085432062
 463 06d4 F8BB4BBF 		.word	-1085555720
 464 06d8 12D149BF 		.word	-1085681390
 465 06dc 65DE47BF 		.word	-1085809051
 466 06e0 03E445BF 		.word	-1085938685
 467 06e4 01E243BF 		.word	-1086070271
 468 06e8 70D841BF 		.word	-1086203792
 469 06ec 67C73FBF 		.word	-1086339225
 470 06f0 F9AE3DBF 		.word	-1086476551
 471 06f4 3B8F3BBF 		.word	-1086615749
 472 06f8 426839BF 		.word	-1086756798
 473 06fc 233A37BF 		.word	-1086899677
 474 0700 F30435BF 		.word	-1087044365
 475 0704 C9C832BF 		.word	-1087190839
 476 0708 BB8530BF 		.word	-1087339077
 477 070c DE3B2EBF 		.word	-1087489058
 478 0710 4AEB2BBF 		.word	-1087640758
 479 0714 159429BF 		.word	-1087794155
 480 0718 563627BF 		.word	-1087949226
 481 071c 25D224BF 		.word	-1088105947
 482 0720 996722BF 		.word	-1088264295
 483 0724 CBF61FBF 		.word	-1088424245
 484 0728 D17F1DBF 		.word	-1088585775
 485 072c C6021BBF 		.word	-1088748858
 486 0730 C07F18BF 		.word	-1088913472
 487 0734 D9F615BF 		.word	-1089079591
 488 0738 2A6813BF 		.word	-1089247190
 489 073c CDD310BF 		.word	-1089416243
 490 0740 DA390EBF 		.word	-1089586726
 491 0744 6B9A0BBF 		.word	-1089758613
 492 0748 9BF508BF 		.word	-1089931877
 493 074c 824B06BF 		.word	-1090106494
 494 0750 3D9C03BF 		.word	-1090282435
 495 0754 E4E700BF 		.word	-1090459676
 496 0758 275DFCBE 		.word	-1090757337
 497 075c CBE0F6BE 		.word	-1091116853
 498 0760 EA5AF1BE 		.word	-1091478806
 499 0764 BBCBEBBE 		.word	-1091843141
 500 0768 7533E6BE 		.word	-1092209803
 501 076c 4F92E0BE 		.word	-1092578737
 502 0770 80E8DABE 		.word	-1092949888
 503 0774 4136D5BE 		.word	-1093323199
 504 0778 CA7BCFBE 		.word	-1093698614
 505 077c 53B9C9BE 		.word	-1094076077
 506 0780 15EFC3BE 		.word	-1094455531
 507 0784 491DBEBE 		.word	-1094836919
 508 0788 2A44B8BE 		.word	-1095220182
 509 078c EF63B2BE 		.word	-1095605265
 510 0790 D47CACBE 		.word	-1095992108
 511 0794 128FA6BE 		.word	-1096380654
 512 0798 E59AA0BE 		.word	-1096770843
 513 079c 86A09ABE 		.word	-1097162618
 514 07a0 32A094BE 		.word	-1097555918
 515 07a4 229A8EBE 		.word	-1097950686
ARM GAS  C:\Users\ZShuai\AppData\Local\Temp\ccGWWJA6.s 			page 10


 516 07a8 938E88BE 		.word	-1098346861
 517 07ac C07D82BE 		.word	-1098744384
 518 07b0 CCCF78BE 		.word	-1099378740
 519 07b4 7F9A6CBE 		.word	-1100178817
 520 07b8 135C60BE 		.word	-1100981229
 521 07bc 011554BE 		.word	-1101785855
 522 07c0 C2C547BE 		.word	-1102592574
 523 07c4 CF6E3BBE 		.word	-1103401265
 524 07c8 A2102FBE 		.word	-1104211806
 525 07cc B5AB22BE 		.word	-1105024075
 526 07d0 834016BE 		.word	-1105837949
 527 07d4 87CF09BE 		.word	-1106653305
 528 07d8 73B2FABD 		.word	-1107643789
 529 07dc 2FBCE1BD 		.word	-1109279697
 530 07e0 36BDC8BD 		.word	-1110917834
 531 07e4 80B6AFBD 		.word	-1112557952
 532 07e8 04A996BD 		.word	-1114199804
 533 07ec 752B7BBD 		.word	-1116001419
 534 07f0 2EFB48BD 		.word	-1119290578
 535 07f4 2BC316BD 		.word	-1122581717
 536 07f8 B10AC9BC 		.word	-1127675215
 537 07fc 920E49BC 		.word	-1136062830
 538 0800 00000080 		.word	-2147483648
 539              		.global	sinTable_q31
 540              		.section	.rodata.sinTable_q31,"a"
 541              		.align	2
 544              	sinTable_q31:
 545 0000 00000000 		.word	0
 546 0004 201D9201 		.word	26352928
 547 0008 BF2A2403 		.word	52701887
 548 000c 5D19B604 		.word	79042909
 549 0010 7CD94706 		.word	105372028
 550 0014 9E5BD907 		.word	131685278
 551 0018 49906A09 		.word	157978697
 552 001c 0568FB0A 		.word	184248325
 553 0020 5ED38B0C 		.word	210490206
 554 0024 E4C21B0E 		.word	236700388
 555 0028 2B27AB0F 		.word	262874923
 556 002c CFF03911 		.word	289009871
 557 0030 6F10C812 		.word	315101295
 558 0034 B1765514 		.word	341145265
 559 0038 4514E215 		.word	367137861
 560 003c DED96D17 		.word	393075166
 561 0040 3CB8F818 		.word	418953276
 562 0044 26A0821A 		.word	444768294
 563 0048 6A820B1C 		.word	470516330
 564 004c E54F931D 		.word	496193509
 565 0050 7BF9191F 		.word	521795963
 566 0054 1C709F20 		.word	547319836
 567 0058 C5A42322 		.word	572761285
 568 005c 7F88A623 		.word	598116479
 569 0060 5E0C2825 		.word	623381598
 570 0064 8621A826 		.word	648552838
 571 0068 28B92628 		.word	673626408
 572 006c 85C4A329 		.word	698598533
 573 0070 EB341F2B 		.word	723465451
 574 0074 BAFB982C 		.word	748223418
ARM GAS  C:\Users\ZShuai\AppData\Local\Temp\ccGWWJA6.s 			page 11


 575 0078 620A112E 		.word	772868706
 576 007c 6252872F 		.word	797397602
 577 0080 4DC5FB30 		.word	821806413
 578 0084 C7546E32 		.word	846091463
 579 0088 87F2DE33 		.word	870249095
 580 008c 57904D35 		.word	894275671
 581 0090 1420BA36 		.word	918167572
 582 0094 B0932438 		.word	941921200
 583 0098 32DD8C39 		.word	965532978
 584 009c B7EEF23A 		.word	988999351
 585 00a0 70BA563C 		.word	1012316784
 586 00a4 A632B83D 		.word	1035481766
 587 00a8 B849173F 		.word	1058490808
 588 00ac 1DF27340 		.word	1081340445
 589 00b0 651ECE41 		.word	1104027237
 590 00b4 35C12543 		.word	1126547765
 591 00b8 50CD7A44 		.word	1148898640
 592 00bc 8F35CD45 		.word	1171076495
 593 00c0 E7EC1C47 		.word	1193077991
 594 00c4 65E66948 		.word	1214899813
 595 00c8 3315B449 		.word	1236538675
 596 00cc 986CFB4A 		.word	1257991320
 597 00d0 F4DF3F4C 		.word	1279254516
 598 00d4 C462814D 		.word	1300325060
 599 00d8 A5E8BF4E 		.word	1321199781
 600 00dc 4D65FB4F 		.word	1341875533
 601 00e0 94CC3351 		.word	1362349204
 602 00e4 6E126952 		.word	1382617710
 603 00e8 F02A9B53 		.word	1402678000
 604 00ec 4B0ACA54 		.word	1422527051
 605 00f0 D2A4F555 		.word	1442161874
 606 00f4 FAEE1D57 		.word	1461579514
 607 00f8 54DD4258 		.word	1480777044
 608 00fc 98646459 		.word	1499751576
 609 0100 9A79825A 		.word	1518500250
 610 0104 54119D5B 		.word	1537020244
 611 0108 E020B45C 		.word	1555308768
 612 010c 7C9DC75D 		.word	1573363068
 613 0110 8A7CD75E 		.word	1591180426
 614 0114 8DB3E35F 		.word	1608758157
 615 0118 3038EC60 		.word	1626093616
 616 011c 3F00F161 		.word	1643184191
 617 0120 AC01F262 		.word	1660027308
 618 0124 9032EF63 		.word	1676620432
 619 0128 2689E864 		.word	1692961062
 620 012c D3FBDD65 		.word	1709046739
 621 0130 2081CF66 		.word	1724875040
 622 0134 BD0FBD67 		.word	1740443581
 623 0138 819EA668 		.word	1755750017
 624 013c 6C248C69 		.word	1770792044
 625 0140 A4986D6A 		.word	1785567396
 626 0144 79F24A6B 		.word	1800073849
 627 0148 6029246C 		.word	1814309216
 628 014c FC34F96C 		.word	1828271356
 629 0150 140DCA6D 		.word	1841958164
 630 0154 9DA9966E 		.word	1855367581
 631 0158 B2025F6F 		.word	1868497586
ARM GAS  C:\Users\ZShuai\AppData\Local\Temp\ccGWWJA6.s 			page 12


 632 015c 9A102370 		.word	1881346202
 633 0160 C6CBE270 		.word	1893911494
 634 0164 D22C9E71 		.word	1906191570
 635 0168 852C5572 		.word	1918184581
 636 016c D0C30773 		.word	1929888720
 637 0170 D1EBB573 		.word	1941302225
 638 0174 D19D5F74 		.word	1952423377
 639 0178 45D30475 		.word	1963250501
 640 017c CF85A575 		.word	1973781967
 641 0180 3DAF4176 		.word	1984016189
 642 0184 8949D976 		.word	1993951625
 643 0188 DB4E6C77 		.word	2003586779
 644 018c 89B9FA77 		.word	2012920201
 645 0190 14848478 		.word	2021950484
 646 0194 2DA90979 		.word	2030676269
 647 0198 B1238A79 		.word	2039096241
 648 019c ADEE057A 		.word	2047209133
 649 01a0 5B057D7A 		.word	2055013723
 650 01a4 2363EF7A 		.word	2062508835
 651 01a8 9E035D7B 		.word	2069693342
 652 01ac 90E2C57B 		.word	2076566160
 653 01b0 EEFB297C 		.word	2083126254
 654 01b4 DE4B897C 		.word	2089372638
 655 01b8 B2CEE37C 		.word	2095304370
 656 01bc EC80397D 		.word	2100920556
 657 01c0 405F8A7D 		.word	2106220352
 658 01c4 8F66D67D 		.word	2111202959
 659 01c8 EA931D7E 		.word	2115867626
 660 01cc 93E45F7E 		.word	2120213651
 661 01d0 FC559D7E 		.word	2124240380
 662 01d4 C6E5D57E 		.word	2127947206
 663 01d8 C491097F 		.word	2131333572
 664 01dc F657387F 		.word	2134398966
 665 01e0 8F36627F 		.word	2137142927
 666 01e4 F32B877F 		.word	2139565043
 667 01e8 B436A77F 		.word	2141664948
 668 01ec 9655C27F 		.word	2143442326
 669 01f0 8E87D87F 		.word	2144896910
 670 01f4 C0CBE97F 		.word	2146028480
 671 01f8 8221F67F 		.word	2146836866
 672 01fc 5A88FD7F 		.word	2147321946
 673 0200 FFFFFF7F 		.word	2147483647
 674 0204 5A88FD7F 		.word	2147321946
 675 0208 8221F67F 		.word	2146836866
 676 020c C0CBE97F 		.word	2146028480
 677 0210 8E87D87F 		.word	2144896910
 678 0214 9655C27F 		.word	2143442326
 679 0218 B436A77F 		.word	2141664948
 680 021c F32B877F 		.word	2139565043
 681 0220 8F36627F 		.word	2137142927
 682 0224 F657387F 		.word	2134398966
 683 0228 C491097F 		.word	2131333572
 684 022c C6E5D57E 		.word	2127947206
 685 0230 FC559D7E 		.word	2124240380
 686 0234 93E45F7E 		.word	2120213651
 687 0238 EA931D7E 		.word	2115867626
 688 023c 8F66D67D 		.word	2111202959
ARM GAS  C:\Users\ZShuai\AppData\Local\Temp\ccGWWJA6.s 			page 13


 689 0240 405F8A7D 		.word	2106220352
 690 0244 EC80397D 		.word	2100920556
 691 0248 B2CEE37C 		.word	2095304370
 692 024c DE4B897C 		.word	2089372638
 693 0250 EEFB297C 		.word	2083126254
 694 0254 90E2C57B 		.word	2076566160
 695 0258 9E035D7B 		.word	2069693342
 696 025c 2363EF7A 		.word	2062508835
 697 0260 5B057D7A 		.word	2055013723
 698 0264 ADEE057A 		.word	2047209133
 699 0268 B1238A79 		.word	2039096241
 700 026c 2DA90979 		.word	2030676269
 701 0270 14848478 		.word	2021950484
 702 0274 89B9FA77 		.word	2012920201
 703 0278 DB4E6C77 		.word	2003586779
 704 027c 8949D976 		.word	1993951625
 705 0280 3DAF4176 		.word	1984016189
 706 0284 CF85A575 		.word	1973781967
 707 0288 45D30475 		.word	1963250501
 708 028c D19D5F74 		.word	1952423377
 709 0290 D1EBB573 		.word	1941302225
 710 0294 D0C30773 		.word	1929888720
 711 0298 852C5572 		.word	1918184581
 712 029c D22C9E71 		.word	1906191570
 713 02a0 C6CBE270 		.word	1893911494
 714 02a4 9A102370 		.word	1881346202
 715 02a8 B2025F6F 		.word	1868497586
 716 02ac 9DA9966E 		.word	1855367581
 717 02b0 140DCA6D 		.word	1841958164
 718 02b4 FC34F96C 		.word	1828271356
 719 02b8 6029246C 		.word	1814309216
 720 02bc 79F24A6B 		.word	1800073849
 721 02c0 A4986D6A 		.word	1785567396
 722 02c4 6C248C69 		.word	1770792044
 723 02c8 819EA668 		.word	1755750017
 724 02cc BD0FBD67 		.word	1740443581
 725 02d0 2081CF66 		.word	1724875040
 726 02d4 D3FBDD65 		.word	1709046739
 727 02d8 2689E864 		.word	1692961062
 728 02dc 9032EF63 		.word	1676620432
 729 02e0 AC01F262 		.word	1660027308
 730 02e4 3F00F161 		.word	1643184191
 731 02e8 3038EC60 		.word	1626093616
 732 02ec 8DB3E35F 		.word	1608758157
 733 02f0 8A7CD75E 		.word	1591180426
 734 02f4 7C9DC75D 		.word	1573363068
 735 02f8 E020B45C 		.word	1555308768
 736 02fc 54119D5B 		.word	1537020244
 737 0300 9A79825A 		.word	1518500250
 738 0304 98646459 		.word	1499751576
 739 0308 54DD4258 		.word	1480777044
 740 030c FAEE1D57 		.word	1461579514
 741 0310 D2A4F555 		.word	1442161874
 742 0314 4B0ACA54 		.word	1422527051
 743 0318 F02A9B53 		.word	1402678000
 744 031c 6E126952 		.word	1382617710
 745 0320 94CC3351 		.word	1362349204
ARM GAS  C:\Users\ZShuai\AppData\Local\Temp\ccGWWJA6.s 			page 14


 746 0324 4D65FB4F 		.word	1341875533
 747 0328 A5E8BF4E 		.word	1321199781
 748 032c C462814D 		.word	1300325060
 749 0330 F4DF3F4C 		.word	1279254516
 750 0334 986CFB4A 		.word	1257991320
 751 0338 3315B449 		.word	1236538675
 752 033c 65E66948 		.word	1214899813
 753 0340 E7EC1C47 		.word	1193077991
 754 0344 8F35CD45 		.word	1171076495
 755 0348 50CD7A44 		.word	1148898640
 756 034c 35C12543 		.word	1126547765
 757 0350 651ECE41 		.word	1104027237
 758 0354 1DF27340 		.word	1081340445
 759 0358 B849173F 		.word	1058490808
 760 035c A632B83D 		.word	1035481766
 761 0360 70BA563C 		.word	1012316784
 762 0364 B7EEF23A 		.word	988999351
 763 0368 32DD8C39 		.word	965532978
 764 036c B0932438 		.word	941921200
 765 0370 1420BA36 		.word	918167572
 766 0374 57904D35 		.word	894275671
 767 0378 87F2DE33 		.word	870249095
 768 037c C7546E32 		.word	846091463
 769 0380 4DC5FB30 		.word	821806413
 770 0384 6252872F 		.word	797397602
 771 0388 620A112E 		.word	772868706
 772 038c BAFB982C 		.word	748223418
 773 0390 EB341F2B 		.word	723465451
 774 0394 85C4A329 		.word	698598533
 775 0398 28B92628 		.word	673626408
 776 039c 8621A826 		.word	648552838
 777 03a0 5E0C2825 		.word	623381598
 778 03a4 7F88A623 		.word	598116479
 779 03a8 C5A42322 		.word	572761285
 780 03ac 1C709F20 		.word	547319836
 781 03b0 7BF9191F 		.word	521795963
 782 03b4 E54F931D 		.word	496193509
 783 03b8 6A820B1C 		.word	470516330
 784 03bc 26A0821A 		.word	444768294
 785 03c0 3CB8F818 		.word	418953276
 786 03c4 DED96D17 		.word	393075166
 787 03c8 4514E215 		.word	367137861
 788 03cc B1765514 		.word	341145265
 789 03d0 6F10C812 		.word	315101295
 790 03d4 CFF03911 		.word	289009871
 791 03d8 2B27AB0F 		.word	262874923
 792 03dc E4C21B0E 		.word	236700388
 793 03e0 5ED38B0C 		.word	210490206
 794 03e4 0568FB0A 		.word	184248325
 795 03e8 49906A09 		.word	157978697
 796 03ec 9E5BD907 		.word	131685278
 797 03f0 7CD94706 		.word	105372028
 798 03f4 5D19B604 		.word	79042909
 799 03f8 BF2A2403 		.word	52701887
 800 03fc 201D9201 		.word	26352928
 801 0400 00000000 		.word	0
 802 0404 E0E26DFE 		.word	-26352928
ARM GAS  C:\Users\ZShuai\AppData\Local\Temp\ccGWWJA6.s 			page 15


 803 0408 41D5DBFC 		.word	-52701887
 804 040c A3E649FB 		.word	-79042909
 805 0410 8426B8F9 		.word	-105372028
 806 0414 62A426F8 		.word	-131685278
 807 0418 B76F95F6 		.word	-157978697
 808 041c FB9704F5 		.word	-184248325
 809 0420 A22C74F3 		.word	-210490206
 810 0424 1C3DE4F1 		.word	-236700388
 811 0428 D5D854F0 		.word	-262874923
 812 042c 310FC6EE 		.word	-289009871
 813 0430 91EF37ED 		.word	-315101295
 814 0434 4F89AAEB 		.word	-341145265
 815 0438 BBEB1DEA 		.word	-367137861
 816 043c 222692E8 		.word	-393075166
 817 0440 C44707E7 		.word	-418953276
 818 0444 DA5F7DE5 		.word	-444768294
 819 0448 967DF4E3 		.word	-470516330
 820 044c 1BB06CE2 		.word	-496193509
 821 0450 8506E6E0 		.word	-521795963
 822 0454 E48F60DF 		.word	-547319836
 823 0458 3B5BDCDD 		.word	-572761285
 824 045c 817759DC 		.word	-598116479
 825 0460 A2F3D7DA 		.word	-623381598
 826 0464 7ADE57D9 		.word	-648552838
 827 0468 D846D9D7 		.word	-673626408
 828 046c 7B3B5CD6 		.word	-698598533
 829 0470 15CBE0D4 		.word	-723465451
 830 0474 460467D3 		.word	-748223418
 831 0478 9EF5EED1 		.word	-772868706
 832 047c 9EAD78D0 		.word	-797397602
 833 0480 B33A04CF 		.word	-821806413
 834 0484 39AB91CD 		.word	-846091463
 835 0488 790D21CC 		.word	-870249095
 836 048c A96FB2CA 		.word	-894275671
 837 0490 ECDF45C9 		.word	-918167572
 838 0494 506CDBC7 		.word	-941921200
 839 0498 CE2273C6 		.word	-965532978
 840 049c 49110DC5 		.word	-988999351
 841 04a0 9045A9C3 		.word	-1012316784
 842 04a4 5ACD47C2 		.word	-1035481766
 843 04a8 48B6E8C0 		.word	-1058490808
 844 04ac E30D8CBF 		.word	-1081340445
 845 04b0 9BE131BE 		.word	-1104027237
 846 04b4 CB3EDABC 		.word	-1126547765
 847 04b8 B03285BB 		.word	-1148898640
 848 04bc 71CA32BA 		.word	-1171076495
 849 04c0 1913E3B8 		.word	-1193077991
 850 04c4 9B1996B7 		.word	-1214899813
 851 04c8 CDEA4BB6 		.word	-1236538675
 852 04cc 689304B5 		.word	-1257991320
 853 04d0 0C20C0B3 		.word	-1279254516
 854 04d4 3C9D7EB2 		.word	-1300325060
 855 04d8 5B1740B1 		.word	-1321199781
 856 04dc B39A04B0 		.word	-1341875533
 857 04e0 6C33CCAE 		.word	-1362349204
 858 04e4 92ED96AD 		.word	-1382617710
 859 04e8 10D564AC 		.word	-1402678000
ARM GAS  C:\Users\ZShuai\AppData\Local\Temp\ccGWWJA6.s 			page 16


 860 04ec B5F535AB 		.word	-1422527051
 861 04f0 2E5B0AAA 		.word	-1442161874
 862 04f4 0611E2A8 		.word	-1461579514
 863 04f8 AC22BDA7 		.word	-1480777044
 864 04fc 689B9BA6 		.word	-1499751576
 865 0500 66867DA5 		.word	-1518500250
 866 0504 ACEE62A4 		.word	-1537020244
 867 0508 20DF4BA3 		.word	-1555308768
 868 050c 846238A2 		.word	-1573363068
 869 0510 768328A1 		.word	-1591180426
 870 0514 734C1CA0 		.word	-1608758157
 871 0518 D0C7139F 		.word	-1626093616
 872 051c C1FF0E9E 		.word	-1643184191
 873 0520 54FE0D9D 		.word	-1660027308
 874 0524 70CD109C 		.word	-1676620432
 875 0528 DA76179B 		.word	-1692961062
 876 052c 2D04229A 		.word	-1709046739
 877 0530 E07E3099 		.word	-1724875040
 878 0534 43F04298 		.word	-1740443581
 879 0538 7F615997 		.word	-1755750017
 880 053c 94DB7396 		.word	-1770792044
 881 0540 5C679295 		.word	-1785567396
 882 0544 870DB594 		.word	-1800073849
 883 0548 A0D6DB93 		.word	-1814309216
 884 054c 04CB0693 		.word	-1828271356
 885 0550 ECF23592 		.word	-1841958164
 886 0554 63566991 		.word	-1855367581
 887 0558 4EFDA090 		.word	-1868497586
 888 055c 66EFDC8F 		.word	-1881346202
 889 0560 3A341D8F 		.word	-1893911494
 890 0564 2ED3618E 		.word	-1906191570
 891 0568 7BD3AA8D 		.word	-1918184581
 892 056c 303CF88C 		.word	-1929888720
 893 0570 2F144A8C 		.word	-1941302225
 894 0574 2F62A08B 		.word	-1952423377
 895 0578 BB2CFB8A 		.word	-1963250501
 896 057c 317A5A8A 		.word	-1973781967
 897 0580 C350BE89 		.word	-1984016189
 898 0584 77B62689 		.word	-1993951625
 899 0588 25B19388 		.word	-2003586779
 900 058c 77460588 		.word	-2012920201
 901 0590 EC7B7B87 		.word	-2021950484
 902 0594 D356F686 		.word	-2030676269
 903 0598 4FDC7586 		.word	-2039096241
 904 059c 5311FA85 		.word	-2047209133
 905 05a0 A5FA8285 		.word	-2055013723
 906 05a4 DD9C1085 		.word	-2062508835
 907 05a8 62FCA284 		.word	-2069693342
 908 05ac 701D3A84 		.word	-2076566160
 909 05b0 1204D683 		.word	-2083126254
 910 05b4 22B47683 		.word	-2089372638
 911 05b8 4E311C83 		.word	-2095304370
 912 05bc 147FC682 		.word	-2100920556
 913 05c0 C0A07582 		.word	-2106220352
 914 05c4 71992982 		.word	-2111202959
 915 05c8 166CE281 		.word	-2115867626
 916 05cc 6D1BA081 		.word	-2120213651
ARM GAS  C:\Users\ZShuai\AppData\Local\Temp\ccGWWJA6.s 			page 17


 917 05d0 04AA6281 		.word	-2124240380
 918 05d4 3A1A2A81 		.word	-2127947206
 919 05d8 3C6EF680 		.word	-2131333572
 920 05dc 0AA8C780 		.word	-2134398966
 921 05e0 71C99D80 		.word	-2137142927
 922 05e4 0DD47880 		.word	-2139565043
 923 05e8 4CC95880 		.word	-2141664948
 924 05ec 6AAA3D80 		.word	-2143442326
 925 05f0 72782780 		.word	-2144896910
 926 05f4 40341680 		.word	-2146028480
 927 05f8 7EDE0980 		.word	-2146836866
 928 05fc A6770280 		.word	-2147321946
 929 0600 00000080 		.word	-2147483648
 930 0604 A6770280 		.word	-2147321946
 931 0608 7EDE0980 		.word	-2146836866
 932 060c 40341680 		.word	-2146028480
 933 0610 72782780 		.word	-2144896910
 934 0614 6AAA3D80 		.word	-2143442326
 935 0618 4CC95880 		.word	-2141664948
 936 061c 0DD47880 		.word	-2139565043
 937 0620 71C99D80 		.word	-2137142927
 938 0624 0AA8C780 		.word	-2134398966
 939 0628 3C6EF680 		.word	-2131333572
 940 062c 3A1A2A81 		.word	-2127947206
 941 0630 04AA6281 		.word	-2124240380
 942 0634 6D1BA081 		.word	-2120213651
 943 0638 166CE281 		.word	-2115867626
 944 063c 71992982 		.word	-2111202959
 945 0640 C0A07582 		.word	-2106220352
 946 0644 147FC682 		.word	-2100920556
 947 0648 4E311C83 		.word	-2095304370
 948 064c 22B47683 		.word	-2089372638
 949 0650 1204D683 		.word	-2083126254
 950 0654 701D3A84 		.word	-2076566160
 951 0658 62FCA284 		.word	-2069693342
 952 065c DD9C1085 		.word	-2062508835
 953 0660 A5FA8285 		.word	-2055013723
 954 0664 5311FA85 		.word	-2047209133
 955 0668 4FDC7586 		.word	-2039096241
 956 066c D356F686 		.word	-2030676269
 957 0670 EC7B7B87 		.word	-2021950484
 958 0674 77460588 		.word	-2012920201
 959 0678 25B19388 		.word	-2003586779
 960 067c 77B62689 		.word	-1993951625
 961 0680 C350BE89 		.word	-1984016189
 962 0684 317A5A8A 		.word	-1973781967
 963 0688 BB2CFB8A 		.word	-1963250501
 964 068c 2F62A08B 		.word	-1952423377
 965 0690 2F144A8C 		.word	-1941302225
 966 0694 303CF88C 		.word	-1929888720
 967 0698 7BD3AA8D 		.word	-1918184581
 968 069c 2ED3618E 		.word	-1906191570
 969 06a0 3A341D8F 		.word	-1893911494
 970 06a4 66EFDC8F 		.word	-1881346202
 971 06a8 4EFDA090 		.word	-1868497586
 972 06ac 63566991 		.word	-1855367581
 973 06b0 ECF23592 		.word	-1841958164
ARM GAS  C:\Users\ZShuai\AppData\Local\Temp\ccGWWJA6.s 			page 18


 974 06b4 04CB0693 		.word	-1828271356
 975 06b8 A0D6DB93 		.word	-1814309216
 976 06bc 870DB594 		.word	-1800073849
 977 06c0 5C679295 		.word	-1785567396
 978 06c4 94DB7396 		.word	-1770792044
 979 06c8 7F615997 		.word	-1755750017
 980 06cc 43F04298 		.word	-1740443581
 981 06d0 E07E3099 		.word	-1724875040
 982 06d4 2D04229A 		.word	-1709046739
 983 06d8 DA76179B 		.word	-1692961062
 984 06dc 70CD109C 		.word	-1676620432
 985 06e0 54FE0D9D 		.word	-1660027308
 986 06e4 C1FF0E9E 		.word	-1643184191
 987 06e8 D0C7139F 		.word	-1626093616
 988 06ec 734C1CA0 		.word	-1608758157
 989 06f0 768328A1 		.word	-1591180426
 990 06f4 846238A2 		.word	-1573363068
 991 06f8 20DF4BA3 		.word	-1555308768
 992 06fc ACEE62A4 		.word	-1537020244
 993 0700 66867DA5 		.word	-1518500250
 994 0704 689B9BA6 		.word	-1499751576
 995 0708 AC22BDA7 		.word	-1480777044
 996 070c 0611E2A8 		.word	-1461579514
 997 0710 2E5B0AAA 		.word	-1442161874
 998 0714 B5F535AB 		.word	-1422527051
 999 0718 10D564AC 		.word	-1402678000
 1000 071c 92ED96AD 		.word	-1382617710
 1001 0720 6C33CCAE 		.word	-1362349204
 1002 0724 B39A04B0 		.word	-1341875533
 1003 0728 5B1740B1 		.word	-1321199781
 1004 072c 3C9D7EB2 		.word	-1300325060
 1005 0730 0C20C0B3 		.word	-1279254516
 1006 0734 689304B5 		.word	-1257991320
 1007 0738 CDEA4BB6 		.word	-1236538675
 1008 073c 9B1996B7 		.word	-1214899813
 1009 0740 1913E3B8 		.word	-1193077991
 1010 0744 71CA32BA 		.word	-1171076495
 1011 0748 B03285BB 		.word	-1148898640
 1012 074c CB3EDABC 		.word	-1126547765
 1013 0750 9BE131BE 		.word	-1104027237
 1014 0754 E30D8CBF 		.word	-1081340445
 1015 0758 48B6E8C0 		.word	-1058490808
 1016 075c 5ACD47C2 		.word	-1035481766
 1017 0760 9045A9C3 		.word	-1012316784
 1018 0764 49110DC5 		.word	-988999351
 1019 0768 CE2273C6 		.word	-965532978
 1020 076c 506CDBC7 		.word	-941921200
 1021 0770 ECDF45C9 		.word	-918167572
 1022 0774 A96FB2CA 		.word	-894275671
 1023 0778 790D21CC 		.word	-870249095
 1024 077c 39AB91CD 		.word	-846091463
 1025 0780 B33A04CF 		.word	-821806413
 1026 0784 9EAD78D0 		.word	-797397602
 1027 0788 9EF5EED1 		.word	-772868706
 1028 078c 460467D3 		.word	-748223418
 1029 0790 15CBE0D4 		.word	-723465451
 1030 0794 7B3B5CD6 		.word	-698598533
ARM GAS  C:\Users\ZShuai\AppData\Local\Temp\ccGWWJA6.s 			page 19


 1031 0798 D846D9D7 		.word	-673626408
 1032 079c 7ADE57D9 		.word	-648552838
 1033 07a0 A2F3D7DA 		.word	-623381598
 1034 07a4 817759DC 		.word	-598116479
 1035 07a8 3B5BDCDD 		.word	-572761285
 1036 07ac E48F60DF 		.word	-547319836
 1037 07b0 8506E6E0 		.word	-521795963
 1038 07b4 1BB06CE2 		.word	-496193509
 1039 07b8 967DF4E3 		.word	-470516330
 1040 07bc DA5F7DE5 		.word	-444768294
 1041 07c0 C44707E7 		.word	-418953276
 1042 07c4 222692E8 		.word	-393075166
 1043 07c8 BBEB1DEA 		.word	-367137861
 1044 07cc 4F89AAEB 		.word	-341145265
 1045 07d0 91EF37ED 		.word	-315101295
 1046 07d4 310FC6EE 		.word	-289009871
 1047 07d8 D5D854F0 		.word	-262874923
 1048 07dc 1C3DE4F1 		.word	-236700388
 1049 07e0 A22C74F3 		.word	-210490206
 1050 07e4 FB9704F5 		.word	-184248325
 1051 07e8 B76F95F6 		.word	-157978697
 1052 07ec 62A426F8 		.word	-131685278
 1053 07f0 8426B8F9 		.word	-105372028
 1054 07f4 A3E649FB 		.word	-79042909
 1055 07f8 41D5DBFC 		.word	-52701887
 1056 07fc E0E26DFE 		.word	-26352928
 1057 0800 00000000 		.word	0
 1058              		.global	sinTable_q15
 1059              		.section	.rodata.sinTable_q15,"a"
 1060              		.align	2
 1063              	sinTable_q15:
 1064 0000 0000     		.short	0
 1065 0002 9201     		.short	402
 1066 0004 2403     		.short	804
 1067 0006 B604     		.short	1206
 1068 0008 4806     		.short	1608
 1069 000a D907     		.short	2009
 1070 000c 6B09     		.short	2411
 1071 000e FB0A     		.short	2811
 1072 0010 8C0C     		.short	3212
 1073 0012 1C0E     		.short	3612
 1074 0014 AB0F     		.short	4011
 1075 0016 3A11     		.short	4410
 1076 0018 C812     		.short	4808
 1077 001a 5514     		.short	5205
 1078 001c E215     		.short	5602
 1079 001e 6E17     		.short	5998
 1080 0020 F918     		.short	6393
 1081 0022 831A     		.short	6787
 1082 0024 0C1C     		.short	7180
 1083 0026 931D     		.short	7571
 1084 0028 1A1F     		.short	7962
 1085 002a 9F20     		.short	8351
 1086 002c 2422     		.short	8740
 1087 002e A723     		.short	9127
 1088 0030 2825     		.short	9512
 1089 0032 A826     		.short	9896
ARM GAS  C:\Users\ZShuai\AppData\Local\Temp\ccGWWJA6.s 			page 20


 1090 0034 2728     		.short	10279
 1091 0036 A429     		.short	10660
 1092 0038 1F2B     		.short	11039
 1093 003a 992C     		.short	11417
 1094 003c 112E     		.short	11793
 1095 003e 872F     		.short	12167
 1096 0040 FC30     		.short	12540
 1097 0042 6E32     		.short	12910
 1098 0044 DF33     		.short	13279
 1099 0046 4E35     		.short	13646
 1100 0048 BA36     		.short	14010
 1101 004a 2538     		.short	14373
 1102 004c 8D39     		.short	14733
 1103 004e F33A     		.short	15091
 1104 0050 573C     		.short	15447
 1105 0052 B83D     		.short	15800
 1106 0054 173F     		.short	16151
 1107 0056 7440     		.short	16500
 1108 0058 CE41     		.short	16846
 1109 005a 2643     		.short	17190
 1110 005c 7B44     		.short	17531
 1111 005e CD45     		.short	17869
 1112 0060 1D47     		.short	18205
 1113 0062 6A48     		.short	18538
 1114 0064 B449     		.short	18868
 1115 0066 FB4A     		.short	19195
 1116 0068 404C     		.short	19520
 1117 006a 814D     		.short	19841
 1118 006c C04E     		.short	20160
 1119 006e FB4F     		.short	20475
 1120 0070 3451     		.short	20788
 1121 0072 6952     		.short	21097
 1122 0074 9B53     		.short	21403
 1123 0076 CA54     		.short	21706
 1124 0078 F655     		.short	22006
 1125 007a 1E57     		.short	22302
 1126 007c 4358     		.short	22595
 1127 007e 6459     		.short	22884
 1128 0080 825A     		.short	23170
 1129 0082 9D5B     		.short	23453
 1130 0084 B45C     		.short	23732
 1131 0086 C85D     		.short	24008
 1132 0088 D75E     		.short	24279
 1133 008a E45F     		.short	24548
 1134 008c EC60     		.short	24812
 1135 008e F161     		.short	25073
 1136 0090 F262     		.short	25330
 1137 0092 EF63     		.short	25583
 1138 0094 E964     		.short	25833
 1139 0096 DE65     		.short	26078
 1140 0098 D066     		.short	26320
 1141 009a BD67     		.short	26557
 1142 009c A768     		.short	26791
 1143 009e 8C69     		.short	27020
 1144 00a0 6E6A     		.short	27246
 1145 00a2 4B6B     		.short	27467
 1146 00a4 246C     		.short	27684
ARM GAS  C:\Users\ZShuai\AppData\Local\Temp\ccGWWJA6.s 			page 21


 1147 00a6 F96C     		.short	27897
 1148 00a8 CA6D     		.short	28106
 1149 00aa 976E     		.short	28311
 1150 00ac 5F6F     		.short	28511
 1151 00ae 2370     		.short	28707
 1152 00b0 E370     		.short	28899
 1153 00b2 9E71     		.short	29086
 1154 00b4 5572     		.short	29269
 1155 00b6 0873     		.short	29448
 1156 00b8 B673     		.short	29622
 1157 00ba 6074     		.short	29792
 1158 00bc 0575     		.short	29957
 1159 00be A675     		.short	30118
 1160 00c0 4276     		.short	30274
 1161 00c2 D976     		.short	30425
 1162 00c4 6C77     		.short	30572
 1163 00c6 FB77     		.short	30715
 1164 00c8 8578     		.short	30853
 1165 00ca 0A79     		.short	30986
 1166 00cc 8A79     		.short	31114
 1167 00ce 067A     		.short	31238
 1168 00d0 7D7A     		.short	31357
 1169 00d2 EF7A     		.short	31471
 1170 00d4 5D7B     		.short	31581
 1171 00d6 C67B     		.short	31686
 1172 00d8 2A7C     		.short	31786
 1173 00da 897C     		.short	31881
 1174 00dc E47C     		.short	31972
 1175 00de 3A7D     		.short	32058
 1176 00e0 8A7D     		.short	32138
 1177 00e2 D67D     		.short	32214
 1178 00e4 1E7E     		.short	32286
 1179 00e6 607E     		.short	32352
 1180 00e8 9D7E     		.short	32413
 1181 00ea D67E     		.short	32470
 1182 00ec 0A7F     		.short	32522
 1183 00ee 387F     		.short	32568
 1184 00f0 627F     		.short	32610
 1185 00f2 877F     		.short	32647
 1186 00f4 A77F     		.short	32679
 1187 00f6 C27F     		.short	32706
 1188 00f8 D97F     		.short	32729
 1189 00fa EA7F     		.short	32746
 1190 00fc F67F     		.short	32758
 1191 00fe FE7F     		.short	32766
 1192 0100 FF7F     		.short	32767
 1193 0102 FE7F     		.short	32766
 1194 0104 F67F     		.short	32758
 1195 0106 EA7F     		.short	32746
 1196 0108 D97F     		.short	32729
 1197 010a C27F     		.short	32706
 1198 010c A77F     		.short	32679
 1199 010e 877F     		.short	32647
 1200 0110 627F     		.short	32610
 1201 0112 387F     		.short	32568
 1202 0114 0A7F     		.short	32522
 1203 0116 D67E     		.short	32470
ARM GAS  C:\Users\ZShuai\AppData\Local\Temp\ccGWWJA6.s 			page 22


 1204 0118 9D7E     		.short	32413
 1205 011a 607E     		.short	32352
 1206 011c 1E7E     		.short	32286
 1207 011e D67D     		.short	32214
 1208 0120 8A7D     		.short	32138
 1209 0122 3A7D     		.short	32058
 1210 0124 E47C     		.short	31972
 1211 0126 897C     		.short	31881
 1212 0128 2A7C     		.short	31786
 1213 012a C67B     		.short	31686
 1214 012c 5D7B     		.short	31581
 1215 012e EF7A     		.short	31471
 1216 0130 7D7A     		.short	31357
 1217 0132 067A     		.short	31238
 1218 0134 8A79     		.short	31114
 1219 0136 0A79     		.short	30986
 1220 0138 8578     		.short	30853
 1221 013a FB77     		.short	30715
 1222 013c 6C77     		.short	30572
 1223 013e D976     		.short	30425
 1224 0140 4276     		.short	30274
 1225 0142 A675     		.short	30118
 1226 0144 0575     		.short	29957
 1227 0146 6074     		.short	29792
 1228 0148 B673     		.short	29622
 1229 014a 0873     		.short	29448
 1230 014c 5572     		.short	29269
 1231 014e 9E71     		.short	29086
 1232 0150 E370     		.short	28899
 1233 0152 2370     		.short	28707
 1234 0154 5F6F     		.short	28511
 1235 0156 976E     		.short	28311
 1236 0158 CA6D     		.short	28106
 1237 015a F96C     		.short	27897
 1238 015c 246C     		.short	27684
 1239 015e 4B6B     		.short	27467
 1240 0160 6E6A     		.short	27246
 1241 0162 8C69     		.short	27020
 1242 0164 A768     		.short	26791
 1243 0166 BD67     		.short	26557
 1244 0168 D066     		.short	26320
 1245 016a DE65     		.short	26078
 1246 016c E964     		.short	25833
 1247 016e EF63     		.short	25583
 1248 0170 F262     		.short	25330
 1249 0172 F161     		.short	25073
 1250 0174 EC60     		.short	24812
 1251 0176 E45F     		.short	24548
 1252 0178 D75E     		.short	24279
 1253 017a C85D     		.short	24008
 1254 017c B45C     		.short	23732
 1255 017e 9D5B     		.short	23453
 1256 0180 825A     		.short	23170
 1257 0182 6459     		.short	22884
 1258 0184 4358     		.short	22595
 1259 0186 1E57     		.short	22302
 1260 0188 F655     		.short	22006
ARM GAS  C:\Users\ZShuai\AppData\Local\Temp\ccGWWJA6.s 			page 23


 1261 018a CA54     		.short	21706
 1262 018c 9B53     		.short	21403
 1263 018e 6952     		.short	21097
 1264 0190 3451     		.short	20788
 1265 0192 FB4F     		.short	20475
 1266 0194 C04E     		.short	20160
 1267 0196 814D     		.short	19841
 1268 0198 404C     		.short	19520
 1269 019a FB4A     		.short	19195
 1270 019c B449     		.short	18868
 1271 019e 6A48     		.short	18538
 1272 01a0 1D47     		.short	18205
 1273 01a2 CD45     		.short	17869
 1274 01a4 7B44     		.short	17531
 1275 01a6 2643     		.short	17190
 1276 01a8 CE41     		.short	16846
 1277 01aa 7440     		.short	16500
 1278 01ac 173F     		.short	16151
 1279 01ae B83D     		.short	15800
 1280 01b0 573C     		.short	15447
 1281 01b2 F33A     		.short	15091
 1282 01b4 8D39     		.short	14733
 1283 01b6 2538     		.short	14373
 1284 01b8 BA36     		.short	14010
 1285 01ba 4E35     		.short	13646
 1286 01bc DF33     		.short	13279
 1287 01be 6E32     		.short	12910
 1288 01c0 FC30     		.short	12540
 1289 01c2 872F     		.short	12167
 1290 01c4 112E     		.short	11793
 1291 01c6 992C     		.short	11417
 1292 01c8 1F2B     		.short	11039
 1293 01ca A429     		.short	10660
 1294 01cc 2728     		.short	10279
 1295 01ce A826     		.short	9896
 1296 01d0 2825     		.short	9512
 1297 01d2 A723     		.short	9127
 1298 01d4 2422     		.short	8740
 1299 01d6 9F20     		.short	8351
 1300 01d8 1A1F     		.short	7962
 1301 01da 931D     		.short	7571
 1302 01dc 0C1C     		.short	7180
 1303 01de 831A     		.short	6787
 1304 01e0 F918     		.short	6393
 1305 01e2 6E17     		.short	5998
 1306 01e4 E215     		.short	5602
 1307 01e6 5514     		.short	5205
 1308 01e8 C812     		.short	4808
 1309 01ea 3A11     		.short	4410
 1310 01ec AB0F     		.short	4011
 1311 01ee 1C0E     		.short	3612
 1312 01f0 8C0C     		.short	3212
 1313 01f2 FB0A     		.short	2811
 1314 01f4 6B09     		.short	2411
 1315 01f6 D907     		.short	2009
 1316 01f8 4806     		.short	1608
 1317 01fa B604     		.short	1206
ARM GAS  C:\Users\ZShuai\AppData\Local\Temp\ccGWWJA6.s 			page 24


 1318 01fc 2403     		.short	804
 1319 01fe 9201     		.short	402
 1320 0200 0000     		.short	0
 1321 0202 6EFE     		.short	-402
 1322 0204 DCFC     		.short	-804
 1323 0206 4AFB     		.short	-1206
 1324 0208 B8F9     		.short	-1608
 1325 020a 27F8     		.short	-2009
 1326 020c 95F6     		.short	-2411
 1327 020e 05F5     		.short	-2811
 1328 0210 74F3     		.short	-3212
 1329 0212 E4F1     		.short	-3612
 1330 0214 55F0     		.short	-4011
 1331 0216 C6EE     		.short	-4410
 1332 0218 38ED     		.short	-4808
 1333 021a ABEB     		.short	-5205
 1334 021c 1EEA     		.short	-5602
 1335 021e 92E8     		.short	-5998
 1336 0220 07E7     		.short	-6393
 1337 0222 7DE5     		.short	-6787
 1338 0224 F4E3     		.short	-7180
 1339 0226 6DE2     		.short	-7571
 1340 0228 E6E0     		.short	-7962
 1341 022a 61DF     		.short	-8351
 1342 022c DCDD     		.short	-8740
 1343 022e 59DC     		.short	-9127
 1344 0230 D8DA     		.short	-9512
 1345 0232 58D9     		.short	-9896
 1346 0234 D9D7     		.short	-10279
 1347 0236 5CD6     		.short	-10660
 1348 0238 E1D4     		.short	-11039
 1349 023a 67D3     		.short	-11417
 1350 023c EFD1     		.short	-11793
 1351 023e 79D0     		.short	-12167
 1352 0240 04CF     		.short	-12540
 1353 0242 92CD     		.short	-12910
 1354 0244 21CC     		.short	-13279
 1355 0246 B2CA     		.short	-13646
 1356 0248 46C9     		.short	-14010
 1357 024a DBC7     		.short	-14373
 1358 024c 73C6     		.short	-14733
 1359 024e 0DC5     		.short	-15091
 1360 0250 A9C3     		.short	-15447
 1361 0252 48C2     		.short	-15800
 1362 0254 E9C0     		.short	-16151
 1363 0256 8CBF     		.short	-16500
 1364 0258 32BE     		.short	-16846
 1365 025a DABC     		.short	-17190
 1366 025c 85BB     		.short	-17531
 1367 025e 33BA     		.short	-17869
 1368 0260 E3B8     		.short	-18205
 1369 0262 96B7     		.short	-18538
 1370 0264 4CB6     		.short	-18868
 1371 0266 05B5     		.short	-19195
 1372 0268 C0B3     		.short	-19520
 1373 026a 7FB2     		.short	-19841
 1374 026c 40B1     		.short	-20160
ARM GAS  C:\Users\ZShuai\AppData\Local\Temp\ccGWWJA6.s 			page 25


 1375 026e 05B0     		.short	-20475
 1376 0270 CCAE     		.short	-20788
 1377 0272 97AD     		.short	-21097
 1378 0274 65AC     		.short	-21403
 1379 0276 36AB     		.short	-21706
 1380 0278 0AAA     		.short	-22006
 1381 027a E2A8     		.short	-22302
 1382 027c BDA7     		.short	-22595
 1383 027e 9CA6     		.short	-22884
 1384 0280 7EA5     		.short	-23170
 1385 0282 63A4     		.short	-23453
 1386 0284 4CA3     		.short	-23732
 1387 0286 38A2     		.short	-24008
 1388 0288 29A1     		.short	-24279
 1389 028a 1CA0     		.short	-24548
 1390 028c 149F     		.short	-24812
 1391 028e 0F9E     		.short	-25073
 1392 0290 0E9D     		.short	-25330
 1393 0292 119C     		.short	-25583
 1394 0294 179B     		.short	-25833
 1395 0296 229A     		.short	-26078
 1396 0298 3099     		.short	-26320
 1397 029a 4398     		.short	-26557
 1398 029c 5997     		.short	-26791
 1399 029e 7496     		.short	-27020
 1400 02a0 9295     		.short	-27246
 1401 02a2 B594     		.short	-27467
 1402 02a4 DC93     		.short	-27684
 1403 02a6 0793     		.short	-27897
 1404 02a8 3692     		.short	-28106
 1405 02aa 6991     		.short	-28311
 1406 02ac A190     		.short	-28511
 1407 02ae DD8F     		.short	-28707
 1408 02b0 1D8F     		.short	-28899
 1409 02b2 628E     		.short	-29086
 1410 02b4 AB8D     		.short	-29269
 1411 02b6 F88C     		.short	-29448
 1412 02b8 4A8C     		.short	-29622
 1413 02ba A08B     		.short	-29792
 1414 02bc FB8A     		.short	-29957
 1415 02be 5A8A     		.short	-30118
 1416 02c0 BE89     		.short	-30274
 1417 02c2 2789     		.short	-30425
 1418 02c4 9488     		.short	-30572
 1419 02c6 0588     		.short	-30715
 1420 02c8 7B87     		.short	-30853
 1421 02ca F686     		.short	-30986
 1422 02cc 7686     		.short	-31114
 1423 02ce FA85     		.short	-31238
 1424 02d0 8385     		.short	-31357
 1425 02d2 1185     		.short	-31471
 1426 02d4 A384     		.short	-31581
 1427 02d6 3A84     		.short	-31686
 1428 02d8 D683     		.short	-31786
 1429 02da 7783     		.short	-31881
 1430 02dc 1C83     		.short	-31972
 1431 02de C682     		.short	-32058
ARM GAS  C:\Users\ZShuai\AppData\Local\Temp\ccGWWJA6.s 			page 26


 1432 02e0 7682     		.short	-32138
 1433 02e2 2A82     		.short	-32214
 1434 02e4 E281     		.short	-32286
 1435 02e6 A081     		.short	-32352
 1436 02e8 6381     		.short	-32413
 1437 02ea 2A81     		.short	-32470
 1438 02ec F680     		.short	-32522
 1439 02ee C880     		.short	-32568
 1440 02f0 9E80     		.short	-32610
 1441 02f2 7980     		.short	-32647
 1442 02f4 5980     		.short	-32679
 1443 02f6 3E80     		.short	-32706
 1444 02f8 2780     		.short	-32729
 1445 02fa 1680     		.short	-32746
 1446 02fc 0A80     		.short	-32758
 1447 02fe 0280     		.short	-32766
 1448 0300 0080     		.short	-32768
 1449 0302 0280     		.short	-32766
 1450 0304 0A80     		.short	-32758
 1451 0306 1680     		.short	-32746
 1452 0308 2780     		.short	-32729
 1453 030a 3E80     		.short	-32706
 1454 030c 5980     		.short	-32679
 1455 030e 7980     		.short	-32647
 1456 0310 9E80     		.short	-32610
 1457 0312 C880     		.short	-32568
 1458 0314 F680     		.short	-32522
 1459 0316 2A81     		.short	-32470
 1460 0318 6381     		.short	-32413
 1461 031a A081     		.short	-32352
 1462 031c E281     		.short	-32286
 1463 031e 2A82     		.short	-32214
 1464 0320 7682     		.short	-32138
 1465 0322 C682     		.short	-32058
 1466 0324 1C83     		.short	-31972
 1467 0326 7783     		.short	-31881
 1468 0328 D683     		.short	-31786
 1469 032a 3A84     		.short	-31686
 1470 032c A384     		.short	-31581
 1471 032e 1185     		.short	-31471
 1472 0330 8385     		.short	-31357
 1473 0332 FA85     		.short	-31238
 1474 0334 7686     		.short	-31114
 1475 0336 F686     		.short	-30986
 1476 0338 7B87     		.short	-30853
 1477 033a 0588     		.short	-30715
 1478 033c 9488     		.short	-30572
 1479 033e 2789     		.short	-30425
 1480 0340 BE89     		.short	-30274
 1481 0342 5A8A     		.short	-30118
 1482 0344 FB8A     		.short	-29957
 1483 0346 A08B     		.short	-29792
 1484 0348 4A8C     		.short	-29622
 1485 034a F88C     		.short	-29448
 1486 034c AB8D     		.short	-29269
 1487 034e 628E     		.short	-29086
 1488 0350 1D8F     		.short	-28899
ARM GAS  C:\Users\ZShuai\AppData\Local\Temp\ccGWWJA6.s 			page 27


 1489 0352 DD8F     		.short	-28707
 1490 0354 A190     		.short	-28511
 1491 0356 6991     		.short	-28311
 1492 0358 3692     		.short	-28106
 1493 035a 0793     		.short	-27897
 1494 035c DC93     		.short	-27684
 1495 035e B594     		.short	-27467
 1496 0360 9295     		.short	-27246
 1497 0362 7496     		.short	-27020
 1498 0364 5997     		.short	-26791
 1499 0366 4398     		.short	-26557
 1500 0368 3099     		.short	-26320
 1501 036a 229A     		.short	-26078
 1502 036c 179B     		.short	-25833
 1503 036e 119C     		.short	-25583
 1504 0370 0E9D     		.short	-25330
 1505 0372 0F9E     		.short	-25073
 1506 0374 149F     		.short	-24812
 1507 0376 1CA0     		.short	-24548
 1508 0378 29A1     		.short	-24279
 1509 037a 38A2     		.short	-24008
 1510 037c 4CA3     		.short	-23732
 1511 037e 63A4     		.short	-23453
 1512 0380 7EA5     		.short	-23170
 1513 0382 9CA6     		.short	-22884
 1514 0384 BDA7     		.short	-22595
 1515 0386 E2A8     		.short	-22302
 1516 0388 0AAA     		.short	-22006
 1517 038a 36AB     		.short	-21706
 1518 038c 65AC     		.short	-21403
 1519 038e 97AD     		.short	-21097
 1520 0390 CCAE     		.short	-20788
 1521 0392 05B0     		.short	-20475
 1522 0394 40B1     		.short	-20160
 1523 0396 7FB2     		.short	-19841
 1524 0398 C0B3     		.short	-19520
 1525 039a 05B5     		.short	-19195
 1526 039c 4CB6     		.short	-18868
 1527 039e 96B7     		.short	-18538
 1528 03a0 E3B8     		.short	-18205
 1529 03a2 33BA     		.short	-17869
 1530 03a4 85BB     		.short	-17531
 1531 03a6 DABC     		.short	-17190
 1532 03a8 32BE     		.short	-16846
 1533 03aa 8CBF     		.short	-16500
 1534 03ac E9C0     		.short	-16151
 1535 03ae 48C2     		.short	-15800
 1536 03b0 A9C3     		.short	-15447
 1537 03b2 0DC5     		.short	-15091
 1538 03b4 73C6     		.short	-14733
 1539 03b6 DBC7     		.short	-14373
 1540 03b8 46C9     		.short	-14010
 1541 03ba B2CA     		.short	-13646
 1542 03bc 21CC     		.short	-13279
 1543 03be 92CD     		.short	-12910
 1544 03c0 04CF     		.short	-12540
 1545 03c2 79D0     		.short	-12167
ARM GAS  C:\Users\ZShuai\AppData\Local\Temp\ccGWWJA6.s 			page 28


 1546 03c4 EFD1     		.short	-11793
 1547 03c6 67D3     		.short	-11417
 1548 03c8 E1D4     		.short	-11039
 1549 03ca 5CD6     		.short	-10660
 1550 03cc D9D7     		.short	-10279
 1551 03ce 58D9     		.short	-9896
 1552 03d0 D8DA     		.short	-9512
 1553 03d2 59DC     		.short	-9127
 1554 03d4 DCDD     		.short	-8740
 1555 03d6 61DF     		.short	-8351
 1556 03d8 E6E0     		.short	-7962
 1557 03da 6DE2     		.short	-7571
 1558 03dc F4E3     		.short	-7180
 1559 03de 7DE5     		.short	-6787
 1560 03e0 07E7     		.short	-6393
 1561 03e2 92E8     		.short	-5998
 1562 03e4 1EEA     		.short	-5602
 1563 03e6 ABEB     		.short	-5205
 1564 03e8 38ED     		.short	-4808
 1565 03ea C6EE     		.short	-4410
 1566 03ec 55F0     		.short	-4011
 1567 03ee E4F1     		.short	-3612
 1568 03f0 74F3     		.short	-3212
 1569 03f2 05F5     		.short	-2811
 1570 03f4 95F6     		.short	-2411
 1571 03f6 27F8     		.short	-2009
 1572 03f8 B8F9     		.short	-1608
 1573 03fa 4AFB     		.short	-1206
 1574 03fc DCFC     		.short	-804
 1575 03fe 6EFE     		.short	-402
 1576 0400 0000     		.short	0
 1577              		.global	sqrt_initial_lut_q31
 1578              		.section	.rodata.sqrt_initial_lut_q31,"a"
 1579              		.align	2
 1582              	sqrt_initial_lut_q31:
 1583 0000 00000020 		.word	536870912
 1584 0004 DE7D2B1E 		.word	506166750
 1585 0008 C6259F1C 		.word	480191942
 1586 000c 3C294A1B 		.word	457845052
 1587 0010 70BD201A 		.word	438353264
 1588 0014 61551A19 		.word	421156193
 1589 0018 E7913018 		.word	405836263
 1590 001c 47975E17 		.word	392075079
 1591 0020 669EA016 		.word	379625062
 1592 0024 67AAF315 		.word	368290407
 1593 0028 55555515 		.word	357913941
 1594 002c E9ABC314 		.word	348367849
 1595 0030 62133D14 		.word	339546978
 1596 0034 5136C013 		.word	331363921
 1597 0038 3DF64B13 		.word	323745341
 1598 003c C660DF12 		.word	316629190
 1599 0040 46A77912 		.word	309962566
 1600 0044 52181A12 		.word	303700050
 1601 0048 A01AC011 		.word	297802400
 1602 004c F5286B11 		.word	292235509
 1603 0050 E5CE1A11 		.word	286969573
 1604 0054 31A6CE10 		.word	281978417
ARM GAS  C:\Users\ZShuai\AppData\Local\Temp\ccGWWJA6.s 			page 29


 1605 0058 A3548610 		.word	277238947
 1606 005c 488A4110 		.word	272730696
 1607 0060 00000010 		.word	268435456
 1608 0064 4476C10F 		.word	264336964
 1609 0068 24B4850F 		.word	260420644
 1610 006c 6D864C0F 		.word	256673389
 1611 0070 EFBE150F 		.word	253083375
 1612 0074 DF33E10E 		.word	249639903
 1613 0078 55BFAE0E 		.word	246333269
 1614 007c D23E7E0E 		.word	243154642
 1615              		.global	sqrt_initial_lut_q15
 1616              		.section	.rodata.sqrt_initial_lut_q15,"a"
 1617              		.align	2
 1620              	sqrt_initial_lut_q15:
 1621 0000 0020     		.short	8192
 1622 0002 9F1C     		.short	7327
 1623 0004 211A     		.short	6689
 1624 0006 3118     		.short	6193
 1625 0008 A116     		.short	5793
 1626 000a 5515     		.short	5461
 1627 000c 3D14     		.short	5181
 1628 000e 4C13     		.short	4940
 1629 0010 7A12     		.short	4730
 1630 0012 C011     		.short	4544
 1631 0014 1B11     		.short	4379
 1632 0016 8610     		.short	4230
 1633 0018 0010     		.short	4096
 1634 001a 860F     		.short	3974
 1635 001c 160F     		.short	3862
 1636 001e AF0E     		.short	3759
 1637              		.text
 1638              	.Letext0:
 1639              		.file 2 "d:\\program files (x86)\\arm gnu toolchain arm-none-eabi\\12.3 rel1\\arm-none-eabi\\inclu
 1640              		.file 3 "d:\\program files (x86)\\arm gnu toolchain arm-none-eabi\\12.3 rel1\\arm-none-eabi\\inclu
 1641              		.file 4 "../User/DSP/arm_math_types.h"
 1642              		.file 5 "../User/DSP/arm_common_tables.h"
ARM GAS  C:\Users\ZShuai\AppData\Local\Temp\ccGWWJA6.s 			page 30


DEFINED SYMBOLS
                            *ABS*:00000000 arm_common_tables.c
C:\Users\ZShuai\AppData\Local\Temp\ccGWWJA6.s:25     .rodata.sinTable_f32:00000000 sinTable_f32
C:\Users\ZShuai\AppData\Local\Temp\ccGWWJA6.s:22     .rodata.sinTable_f32:00000000 $d
C:\Users\ZShuai\AppData\Local\Temp\ccGWWJA6.s:544    .rodata.sinTable_q31:00000000 sinTable_q31
C:\Users\ZShuai\AppData\Local\Temp\ccGWWJA6.s:541    .rodata.sinTable_q31:00000000 $d
C:\Users\ZShuai\AppData\Local\Temp\ccGWWJA6.s:1063   .rodata.sinTable_q15:00000000 sinTable_q15
C:\Users\ZShuai\AppData\Local\Temp\ccGWWJA6.s:1060   .rodata.sinTable_q15:00000000 $d
C:\Users\ZShuai\AppData\Local\Temp\ccGWWJA6.s:1582   .rodata.sqrt_initial_lut_q31:00000000 sqrt_initial_lut_q31
C:\Users\ZShuai\AppData\Local\Temp\ccGWWJA6.s:1579   .rodata.sqrt_initial_lut_q31:00000000 $d
C:\Users\ZShuai\AppData\Local\Temp\ccGWWJA6.s:1620   .rodata.sqrt_initial_lut_q15:00000000 sqrt_initial_lut_q15
C:\Users\ZShuai\AppData\Local\Temp\ccGWWJA6.s:1617   .rodata.sqrt_initial_lut_q15:00000000 $d

NO UNDEFINED SYMBOLS
