ARM GAS  C:\Users\ZShuai\AppData\Local\Temp\cc06gXvb.s 			page 1


   1              		.cpu cortex-m4
   2              		.arch armv7e-m
   3              		.fpu fpv4-sp-d16
   4              		.eabi_attribute 27, 1
   5              		.eabi_attribute 28, 1
   6              		.eabi_attribute 20, 1
   7              		.eabi_attribute 21, 1
   8              		.eabi_attribute 23, 3
   9              		.eabi_attribute 24, 1
  10              		.eabi_attribute 25, 1
  11              		.eabi_attribute 26, 1
  12              		.eabi_attribute 30, 6
  13              		.eabi_attribute 34, 1
  14              		.eabi_attribute 18, 4
  15              		.file	"bsp_led.c"
  16              		.text
  17              	.Ltext0:
  18              		.cfi_sections	.debug_frame
  19              		.file 1 "../User/BSP/bsp_led.c"
  20              		.section	.text.LED_GPIO_Config,"ax",%progbits
  21              		.align	1
  22              		.global	LED_GPIO_Config
  23              		.syntax unified
  24              		.thumb
  25              		.thumb_func
  27              	LED_GPIO_Config:
  28              	.LFB130:
   1:../User/BSP/bsp_led.c **** #include  "bsp_led.h"
   2:../User/BSP/bsp_led.c **** 
   3:../User/BSP/bsp_led.c **** /*************************************************************
   4:../User/BSP/bsp_led.c ****  * led¶Ë¿Ú³õÊ¼»¯
   5:../User/BSP/bsp_led.c ****  *************************************************************/
   6:../User/BSP/bsp_led.c **** void LED_GPIO_Config(void)
   7:../User/BSP/bsp_led.c **** {
  29              		.loc 1 7 1
  30              		.cfi_startproc
  31              		@ args = 0, pretend = 0, frame = 24
  32              		@ frame_needed = 1, uses_anonymous_args = 0
  33 0000 80B5     		push	{r7, lr}
  34              	.LCFI0:
  35              		.cfi_def_cfa_offset 8
  36              		.cfi_offset 7, -8
  37              		.cfi_offset 14, -4
  38 0002 86B0     		sub	sp, sp, #24
  39              	.LCFI1:
  40              		.cfi_def_cfa_offset 32
  41 0004 00AF     		add	r7, sp, #0
  42              	.LCFI2:
  43              		.cfi_def_cfa_register 7
   8:../User/BSP/bsp_led.c **** 	GPIO_InitType GPIO_InitStructure;
   9:../User/BSP/bsp_led.c **** 
  10:../User/BSP/bsp_led.c ****   RCC_AHB_Peripheral_Clock_Enable(LED_RED_CLK);
  44              		.loc 1 10 3
  45 0006 8020     		movs	r0, #128
  46 0008 FFF7FEFF 		bl	RCC_AHB_Peripheral_Clock_Enable
  11:../User/BSP/bsp_led.c **** 
  12:../User/BSP/bsp_led.c **** 	GPIO_InitStructure.Pin        = LED_RED_PIN;
ARM GAS  C:\Users\ZShuai\AppData\Local\Temp\cc06gXvb.s 			page 2


  47              		.loc 1 12 32
  48 000c 40F28223 		movw	r3, #642
  49 0010 3B60     		str	r3, [r7]
  13:../User/BSP/bsp_led.c **** 	GPIO_InitStructure.GPIO_Mode  = GPIO_MODE_OUT_PP;
  50              		.loc 1 13 32
  51 0012 0123     		movs	r3, #1
  52 0014 7B60     		str	r3, [r7, #4]
  14:../User/BSP/bsp_led.c **** 	GPIO_InitStructure.GPIO_Current = GPIO_DS_4MA;
  53              		.loc 1 14 34
  54 0016 0223     		movs	r3, #2
  55 0018 3B61     		str	r3, [r7, #16]
  15:../User/BSP/bsp_led.c **** 	GPIO_Peripheral_Initialize(LED_RED_PORT, &GPIO_InitStructure);
  56              		.loc 1 15 2
  57 001a 3B46     		mov	r3, r7
  58 001c 1946     		mov	r1, r3
  59 001e 0648     		ldr	r0, .L2
  60 0020 FFF7FEFF 		bl	GPIO_Peripheral_Initialize
  16:../User/BSP/bsp_led.c **** 	
  17:../User/BSP/bsp_led.c **** 	GPIO_Pins_Set(LED_RED_PORT,LED_RED_PIN);
  61              		.loc 1 17 2
  62 0024 40F28221 		movw	r1, #642
  63 0028 0348     		ldr	r0, .L2
  64 002a FFF7FEFF 		bl	GPIO_Pins_Set
  18:../User/BSP/bsp_led.c **** 
  19:../User/BSP/bsp_led.c **** }
  65              		.loc 1 19 1
  66 002e 00BF     		nop
  67 0030 1837     		adds	r7, r7, #24
  68              	.LCFI3:
  69              		.cfi_def_cfa_offset 8
  70 0032 BD46     		mov	sp, r7
  71              	.LCFI4:
  72              		.cfi_def_cfa_register 13
  73              		@ sp needed
  74 0034 80BD     		pop	{r7, pc}
  75              	.L3:
  76 0036 00BF     		.align	2
  77              	.L2:
  78 0038 00340240 		.word	1073886208
  79              		.cfi_endproc
  80              	.LFE130:
  82              		.text
  83              	.Letext0:
  84              		.file 2 "d:\\program files (x86)\\arm gnu toolchain arm-none-eabi\\12.3 rel1\\arm-none-eabi\\inclu
  85              		.file 3 "d:\\program files (x86)\\arm gnu toolchain arm-none-eabi\\12.3 rel1\\arm-none-eabi\\inclu
  86              		.file 4 "../firmware/CMSIS/device/n32g430.h"
  87              		.file 5 "../firmware/n32g430_std_periph_driver/inc/n32g430_gpio.h"
  88              		.file 6 "../firmware/n32g430_std_periph_driver/inc/n32g430_rcc.h"
ARM GAS  C:\Users\ZShuai\AppData\Local\Temp\cc06gXvb.s 			page 3


DEFINED SYMBOLS
                            *ABS*:00000000 bsp_led.c
C:\Users\ZShuai\AppData\Local\Temp\cc06gXvb.s:21     .text.LED_GPIO_Config:00000000 $t
C:\Users\ZShuai\AppData\Local\Temp\cc06gXvb.s:27     .text.LED_GPIO_Config:00000000 LED_GPIO_Config
C:\Users\ZShuai\AppData\Local\Temp\cc06gXvb.s:78     .text.LED_GPIO_Config:00000038 $d

UNDEFINED SYMBOLS
RCC_AHB_Peripheral_Clock_Enable
GPIO_Peripheral_Initialize
GPIO_Pins_Set
