ARM GAS  C:\Users\ZShuai\AppData\Local\Temp\ccN895V7.s 			page 1


   1              		.cpu cortex-m4
   2              		.arch armv7e-m
   3              		.fpu fpv4-sp-d16
   4              		.eabi_attribute 27, 1
   5              		.eabi_attribute 28, 1
   6              		.eabi_attribute 20, 1
   7              		.eabi_attribute 21, 1
   8              		.eabi_attribute 23, 3
   9              		.eabi_attribute 24, 1
  10              		.eabi_attribute 25, 1
  11              		.eabi_attribute 26, 1
  12              		.eabi_attribute 30, 6
  13              		.eabi_attribute 34, 1
  14              		.eabi_attribute 18, 4
  15              		.file	"main.c"
  16              		.text
  17              	.Ltext0:
  18              		.cfi_sections	.debug_frame
  19              		.file 1 "../User/main.c"
  20              		.global	tx_buf
  21              		.section	.bss.tx_buf,"aw",%nobits
  22              		.align	2
  25              	tx_buf:
  26 0000 00000000 		.space	256
  26      00000000 
  26      00000000 
  26      00000000 
  26      00000000 
  27              		.global	rx_buf
  28              		.section	.bss.rx_buf,"aw",%nobits
  29              		.align	2
  32              	rx_buf:
  33 0000 00000000 		.space	256
  33      00000000 
  33      00000000 
  33      00000000 
  33      00000000 
  34              		.global	f_tset
  35              		.section	.bss.f_tset,"aw",%nobits
  36              		.align	2
  39              	f_tset:
  40 0000 00000000 		.space	40
  40      00000000 
  40      00000000 
  40      00000000 
  40      00000000 
  41              		.global	us_speed
  42              		.section	.bss.us_speed,"aw",%nobits
  43              		.align	1
  46              	us_speed:
  47 0000 0000     		.space	2
  48              		.global	led_flash_cont
  49              		.section	.data.led_flash_cont,"aw"
  50              		.align	1
  53              	led_flash_cont:
  54 0000 6400     		.short	100
  55              		.section	.text.led_ram_test,"ax",%progbits
ARM GAS  C:\Users\ZShuai\AppData\Local\Temp\ccN895V7.s 			page 2


  56              		.align	1
  57              		.syntax unified
  58              		.thumb
  59              		.thumb_func
  61              	led_ram_test:
  62              	.LFB134:
   1:../User/main.c **** /*****************************************************************************
   2:../User/main.c ****  * Copyright (c) 2019, Nations Technologies Inc.
   3:../User/main.c ****  *
   4:../User/main.c ****  * All rights reserved.
   5:../User/main.c ****  * ****************************************************************************
   6:../User/main.c ****  *
   7:../User/main.c ****  * Redistribution and use in source and binary forms, with or without
   8:../User/main.c ****  * modification, are permitted provided that the following conditions are met:
   9:../User/main.c ****  *
  10:../User/main.c ****  * - Redistributions of source code must retain the above copyright notice,
  11:../User/main.c ****  * this list of conditions and the disclaimer below.
  12:../User/main.c ****  *
  13:../User/main.c ****  * Nations' name may not be used to endorse or promote products derived from
  14:../User/main.c ****  * this software without specific prior written permission.
  15:../User/main.c ****  *
  16:../User/main.c ****  * DISCLAIMER: THIS SOFTWARE IS PROVIDED BY NATIONS "AS IS" AND ANY EXPRESS OR
  17:../User/main.c ****  * IMPLIED WARRANTIES, INCLUDING, BUT NOT LIMITED TO, THE IMPLIED WARRANTIES OF
  18:../User/main.c ****  * MERCHANTABILITY, FITNESS FOR A PARTICULAR PURPOSE AND NON-INFRINGEMENT ARE
  19:../User/main.c ****  * DISCLAIMED. IN NO EVENT SHALL NATIONS BE LIABLE FOR ANY DIRECT, INDIRECT,
  20:../User/main.c ****  * INCIDENTAL, SPECIAL, EXEMPLARY, OR CONSEQUENTIAL DAMAGES (INCLUDING, BUT NOT
  21:../User/main.c ****  * LIMITED TO, PROCUREMENT OF SUBSTITUTE GOODS OR SERVICES; LOSS OF USE, DATA,
  22:../User/main.c ****  * OR PROFITS; OR BUSINESS INTERRUPTION) HOWEVER CAUSED AND ON ANY THEORY OF
  23:../User/main.c ****  * LIABILITY, WHETHER IN CONTRACT, STRICT LIABILITY, OR TORT (INCLUDING
  24:../User/main.c ****  * NEGLIGENCE OR OTHERWISE) ARISING IN ANY WAY OUT OF THE USE OF THIS SOFTWARE,
  25:../User/main.c ****  * EVEN IF ADVISED OF THE POSSIBILITY OF SUCH DAMAGE.
  26:../User/main.c ****  * ****************************************************************************/
  27:../User/main.c **** 
  28:../User/main.c **** /**
  29:../User/main.c ****  * @file main.c
  30:../User/main.c ****  * @author Nations
  31:../User/main.c ****  * @version v1.0.0
  32:../User/main.c ****  *
  33:../User/main.c ****  * @copyright Copyright (c) 2019, Nations Technologies Inc. All rights reserved.
  34:../User/main.c ****  */
  35:../User/main.c **** #include "main.h"
  36:../User/main.c **** #include "bsp_config.h"
  37:../User/main.c **** #include "i2c_eeprom.h"
  38:../User/main.c **** #include "bsp_tim.h"
  39:../User/main.c **** #include "fast_math_functions.h"
  40:../User/main.c **** 
  41:../User/main.c **** uint8_t tx_buf[TEST_EEPROM_SIZE] = {0};
  42:../User/main.c **** uint8_t rx_buf[TEST_EEPROM_SIZE] = {0};
  43:../User/main.c **** float f_tset[10];
  44:../User/main.c **** __IO uint16_t us_speed;
  45:../User/main.c **** extern int32_t TIM_Freq_buff[];
  46:../User/main.c **** extern uint16_t GPTIMClockFrequency;
  47:../User/main.c **** 
  48:../User/main.c **** uint16_t led_flash_cont = 100;
  49:../User/main.c **** static void led_ram_test(void)
  50:../User/main.c **** {
  63              		.loc 1 50 1
ARM GAS  C:\Users\ZShuai\AppData\Local\Temp\ccN895V7.s 			page 3


  64              		.cfi_startproc
  65              		@ args = 0, pretend = 0, frame = 0
  66              		@ frame_needed = 1, uses_anonymous_args = 0
  67 0000 80B5     		push	{r7, lr}
  68              	.LCFI0:
  69              		.cfi_def_cfa_offset 8
  70              		.cfi_offset 7, -8
  71              		.cfi_offset 14, -4
  72 0002 00AF     		add	r7, sp, #0
  73              	.LCFI1:
  74              		.cfi_def_cfa_register 7
  51:../User/main.c ****   static uint8_t test = 0;
  52:../User/main.c ****   Delay_ms(10);
  75              		.loc 1 52 3
  76 0004 0A20     		movs	r0, #10
  77 0006 FFF7FEFF 		bl	Delay_ms
  53:../User/main.c ****   if (++test >= led_flash_cont)
  78              		.loc 1 53 7
  79 000a 0C4B     		ldr	r3, .L4
  80 000c 1B78     		ldrb	r3, [r3]	@ zero_extendqisi2
  81 000e 0133     		adds	r3, r3, #1
  82 0010 DAB2     		uxtb	r2, r3
  83              		.loc 1 53 6
  84 0012 0A4B     		ldr	r3, .L4
  85 0014 1A70     		strb	r2, [r3]
  86              		.loc 1 53 7
  87 0016 094B     		ldr	r3, .L4
  88 0018 1B78     		ldrb	r3, [r3]	@ zero_extendqisi2
  89 001a 1A46     		mov	r2, r3
  90              		.loc 1 53 14
  91 001c 084B     		ldr	r3, .L4+4
  92 001e 1B88     		ldrh	r3, [r3]
  93              		.loc 1 53 6
  94 0020 9A42     		cmp	r2, r3
  95 0022 08D3     		bcc	.L3
  54:../User/main.c ****   {
  55:../User/main.c ****     test = 0;
  96              		.loc 1 55 10
  97 0024 054B     		ldr	r3, .L4
  98 0026 0022     		movs	r2, #0
  99 0028 1A70     		strb	r2, [r3]
  56:../User/main.c ****     GPIOB->POD ^= GPIO_PIN_7;
 100              		.loc 1 56 10
 101 002a 064B     		ldr	r3, .L4+8
 102 002c 5B69     		ldr	r3, [r3, #20]
 103 002e 054A     		ldr	r2, .L4+8
 104              		.loc 1 56 16
 105 0030 83F08003 		eor	r3, r3, #128
 106 0034 5361     		str	r3, [r2, #20]
 107              	.L3:
  57:../User/main.c ****   }
  58:../User/main.c **** }
 108              		.loc 1 58 1
 109 0036 00BF     		nop
 110 0038 80BD     		pop	{r7, pc}
 111              	.L5:
 112 003a 00BF     		.align	2
ARM GAS  C:\Users\ZShuai\AppData\Local\Temp\ccN895V7.s 			page 4


 113              	.L4:
 114 003c 00000000 		.word	test.2
 115 0040 00000000 		.word	led_flash_cont
 116 0044 00380240 		.word	1073887232
 117              		.cfi_endproc
 118              	.LFE134:
 120              		.section	.text.main,"ax",%progbits
 121              		.align	1
 122              		.global	main
 123              		.syntax unified
 124              		.thumb
 125              		.thumb_func
 127              	main:
 128              	.LFB135:
  59:../User/main.c **** /**
  60:../User/main.c ****  * @brief  Main program.
  61:../User/main.c ****  */
  62:../User/main.c **** int main(void)
  63:../User/main.c **** {
 129              		.loc 1 63 1
 130              		.cfi_startproc
 131              		@ args = 0, pretend = 0, frame = 8
 132              		@ frame_needed = 1, uses_anonymous_args = 0
 133 0000 80B5     		push	{r7, lr}
 134              	.LCFI2:
 135              		.cfi_def_cfa_offset 8
 136              		.cfi_offset 7, -8
 137              		.cfi_offset 14, -4
 138 0002 82B0     		sub	sp, sp, #8
 139              	.LCFI3:
 140              		.cfi_def_cfa_offset 16
 141 0004 00AF     		add	r7, sp, #0
 142              	.LCFI4:
 143              		.cfi_def_cfa_register 7
  64:../User/main.c ****   uint16_t i = 0;
 144              		.loc 1 64 12
 145 0006 0023     		movs	r3, #0
 146 0008 FB80     		strh	r3, [r7, #6]	@ movhi
  65:../User/main.c ****   System_Init();
 147              		.loc 1 65 3
 148 000a FFF7FEFF 		bl	System_Init
  66:../User/main.c **** 
  67:../User/main.c ****   AFIO_Filter_Stage_Ctrl(10);
 149              		.loc 1 67 3
 150 000e 0A20     		movs	r0, #10
 151 0010 FFF7FEFF 		bl	AFIO_Filter_Stage_Ctrl
  68:../User/main.c ****   AFIO_Digital_EFT_Enable(GPIOB, AFIO_DIGEFT_CFG1_PB6DIGEFTEN);
 152              		.loc 1 68 3
 153 0014 4FF48001 		mov	r1, #4194304
 154 0018 1248     		ldr	r0, .L8
 155 001a FFF7FEFF 		bl	AFIO_Digital_EFT_Enable
  69:../User/main.c ****   f_tset[0] = sqrtf(3.14);
 156              		.loc 1 69 13
 157 001e 124B     		ldr	r3, .L8+4
 158 0020 124A     		ldr	r2, .L8+8
 159 0022 1A60     		str	r2, [r3]	@ float
  70:../User/main.c ****   arm_atan2_f32(2, 2, &f_tset[1]);
ARM GAS  C:\Users\ZShuai\AppData\Local\Temp\ccN895V7.s 			page 5


 160              		.loc 1 70 3
 161 0024 1248     		ldr	r0, .L8+12
 162 0026 F0EE000A 		vmov.f32	s1, #2.0e+0
 163 002a B0EE000A 		vmov.f32	s0, #2.0e+0
 164 002e FFF7FEFF 		bl	arm_atan2_f32
  71:../User/main.c ****   f_tset[2] = arm_sin_f32(3);
 165              		.loc 1 71 15
 166 0032 B0EE080A 		vmov.f32	s0, #3.0e+0
 167 0036 FFF7FEFF 		bl	arm_sin_f32
 168 003a F0EE407A 		vmov.f32	s15, s0
 169              		.loc 1 71 13
 170 003e 0A4B     		ldr	r3, .L8+4
 171 0040 C3ED027A 		vstr.32	s15, [r3, #8]
  72:../User/main.c ****   f_tset[3] = arm_cos_f32(3);
 172              		.loc 1 72 15
 173 0044 B0EE080A 		vmov.f32	s0, #3.0e+0
 174 0048 FFF7FEFF 		bl	arm_cos_f32
 175 004c F0EE407A 		vmov.f32	s15, s0
 176              		.loc 1 72 13
 177 0050 054B     		ldr	r3, .L8+4
 178 0052 C3ED037A 		vstr.32	s15, [r3, #12]
  73:../User/main.c ****   f_tset[4] = sqrt(2);
 179              		.loc 1 73 13
 180 0056 044B     		ldr	r3, .L8+4
 181 0058 064A     		ldr	r2, .L8+16
 182 005a 1A61     		str	r2, [r3, #16]	@ float
 183              	.L7:
  74:../User/main.c **** 
  75:../User/main.c ****   // FLASH_Read_Out_Protection();
  76:../User/main.c ****   while (1)
  77:../User/main.c ****   {
  78:../User/main.c ****     led_ram_test();
 184              		.loc 1 78 5 discriminator 1
 185 005c FFF7FEFF 		bl	led_ram_test
 186 0060 FCE7     		b	.L7
 187              	.L9:
 188 0062 00BF     		.align	2
 189              	.L8:
 190 0064 00380240 		.word	1073887232
 191 0068 00000000 		.word	f_tset
 192 006c 0BD1E23F 		.word	1071829259
 193 0070 04000000 		.word	f_tset+4
 194 0074 F304B53F 		.word	1068827891
 195              		.cfi_endproc
 196              	.LFE135:
 198              		.section	.text.speed_calc,"ax",%progbits
 199              		.align	1
 200              		.global	speed_calc
 201              		.syntax unified
 202              		.thumb
 203              		.thumb_func
 205              	speed_calc:
 206              	.LFB136:
  79:../User/main.c ****   }
  80:../User/main.c **** }
  81:../User/main.c **** 
  82:../User/main.c **** void speed_calc(void)
ARM GAS  C:\Users\ZShuai\AppData\Local\Temp\ccN895V7.s 			page 6


  83:../User/main.c **** {
 207              		.loc 1 83 1
 208              		.cfi_startproc
 209              		@ args = 0, pretend = 0, frame = 0
 210              		@ frame_needed = 1, uses_anonymous_args = 0
 211 0000 80B5     		push	{r7, lr}
 212              	.LCFI5:
 213              		.cfi_def_cfa_offset 8
 214              		.cfi_offset 7, -8
 215              		.cfi_offset 14, -4
 216 0002 00AF     		add	r7, sp, #0
 217              	.LCFI6:
 218              		.cfi_def_cfa_register 7
  84:../User/main.c ****   static uint16_t array_test[3];
  85:../User/main.c ****   static uint16_t count = 0;
  86:../User/main.c ****   if (DMA_Flag_Status_Get(DMA, DMA_CH2_TXCF))
 219              		.loc 1 86 7
 220 0004 2021     		movs	r1, #32
 221 0006 2548     		ldr	r0, .L14
 222 0008 FFF7FEFF 		bl	DMA_Flag_Status_Get
 223 000c 0346     		mov	r3, r0
 224              		.loc 1 86 6
 225 000e 002B     		cmp	r3, #0
 226 0010 41D0     		beq	.L13
  87:../User/main.c ****   {
  88:../User/main.c ****     DMA_Flag_Status_Clear(DMA, DMA_CH2_TXCF);
 227              		.loc 1 88 5
 228 0012 2021     		movs	r1, #32
 229 0014 2148     		ldr	r0, .L14
 230 0016 FFF7FEFF 		bl	DMA_Flag_Status_Clear
  89:../User/main.c ****     DMA_Channel_Disable(DMA_CH2);
 231              		.loc 1 89 5
 232 001a 2148     		ldr	r0, .L14+4
 233 001c FFF7FEFF 		bl	DMA_Channel_Disable
  90:../User/main.c ****     TIM_Off(TIM4);
 234              		.loc 1 90 5
 235 0020 2048     		ldr	r0, .L14+8
 236 0022 FFF7FEFF 		bl	TIM_Off
  91:../User/main.c **** 
  92:../User/main.c ****     TIM4->CNT = 0;
 237              		.loc 1 92 9
 238 0026 1F4B     		ldr	r3, .L14+8
 239              		.loc 1 92 15
 240 0028 0022     		movs	r2, #0
 241 002a 9A84     		strh	r2, [r3, #36]	@ movhi
  93:../User/main.c ****     us_speed = GPTIMClockFrequency / (TIM_Freq_buff[1] - TIM_Freq_buff[0]);
 242              		.loc 1 93 36
 243 002c 1E4B     		ldr	r3, .L14+12
 244 002e 1B88     		ldrh	r3, [r3]
 245 0030 1946     		mov	r1, r3
 246              		.loc 1 93 52
 247 0032 1E4B     		ldr	r3, .L14+16
 248 0034 5A68     		ldr	r2, [r3, #4]
 249              		.loc 1 93 71
 250 0036 1D4B     		ldr	r3, .L14+16
 251 0038 1B68     		ldr	r3, [r3]
 252              		.loc 1 93 56
ARM GAS  C:\Users\ZShuai\AppData\Local\Temp\ccN895V7.s 			page 7


 253 003a D31A     		subs	r3, r2, r3
 254              		.loc 1 93 36
 255 003c 91FBF3F3 		sdiv	r3, r1, r3
 256              		.loc 1 93 14
 257 0040 9AB2     		uxth	r2, r3
 258 0042 1B4B     		ldr	r3, .L14+20
 259 0044 1A80     		strh	r2, [r3]	@ movhi
  94:../User/main.c ****     array_test[count] = GPTIMClockFrequency / (TIM_Freq_buff[1] - TIM_Freq_buff[0]);
 260              		.loc 1 94 45
 261 0046 184B     		ldr	r3, .L14+12
 262 0048 1B88     		ldrh	r3, [r3]
 263 004a 1946     		mov	r1, r3
 264              		.loc 1 94 61
 265 004c 174B     		ldr	r3, .L14+16
 266 004e 5A68     		ldr	r2, [r3, #4]
 267              		.loc 1 94 80
 268 0050 164B     		ldr	r3, .L14+16
 269 0052 1B68     		ldr	r3, [r3]
 270              		.loc 1 94 65
 271 0054 D31A     		subs	r3, r2, r3
 272              		.loc 1 94 45
 273 0056 91FBF3F1 		sdiv	r1, r1, r3
 274              		.loc 1 94 15
 275 005a 164B     		ldr	r3, .L14+24
 276 005c 1B88     		ldrh	r3, [r3]
 277 005e 1A46     		mov	r2, r3
 278              		.loc 1 94 23
 279 0060 89B2     		uxth	r1, r1
 280 0062 154B     		ldr	r3, .L14+28
 281 0064 23F81210 		strh	r1, [r3, r2, lsl #1]	@ movhi
  95:../User/main.c ****     count++;
 282              		.loc 1 95 10
 283 0068 124B     		ldr	r3, .L14+24
 284 006a 1B88     		ldrh	r3, [r3]
 285 006c 0133     		adds	r3, r3, #1
 286 006e 9AB2     		uxth	r2, r3
 287 0070 104B     		ldr	r3, .L14+24
 288 0072 1A80     		strh	r2, [r3]	@ movhi
  96:../User/main.c ****     if (count >= 3)
 289              		.loc 1 96 15
 290 0074 0F4B     		ldr	r3, .L14+24
 291 0076 1B88     		ldrh	r3, [r3]
 292              		.loc 1 96 8
 293 0078 022B     		cmp	r3, #2
 294 007a 02D9     		bls	.L12
  97:../User/main.c ****     {
  98:../User/main.c ****       count = 0;
 295              		.loc 1 98 13
 296 007c 0D4B     		ldr	r3, .L14+24
 297 007e 0022     		movs	r2, #0
 298 0080 1A80     		strh	r2, [r3]	@ movhi
 299              	.L12:
  99:../User/main.c ****     }
 100:../User/main.c ****     DMA_Current_Data_Transfer_Number_Set(DMA_CH2, 2);
 300              		.loc 1 100 5
 301 0082 0221     		movs	r1, #2
 302 0084 0648     		ldr	r0, .L14+4
ARM GAS  C:\Users\ZShuai\AppData\Local\Temp\ccN895V7.s 			page 8


 303 0086 FFF7FEFF 		bl	DMA_Current_Data_Transfer_Number_Set
 101:../User/main.c ****     TIM_On(TIM4);
 304              		.loc 1 101 5
 305 008a 0648     		ldr	r0, .L14+8
 306 008c FFF7FEFF 		bl	TIM_On
 102:../User/main.c ****     DMA_Channel_Enable(DMA_CH2);
 307              		.loc 1 102 5
 308 0090 0348     		ldr	r0, .L14+4
 309 0092 FFF7FEFF 		bl	DMA_Channel_Enable
 310              	.L13:
 103:../User/main.c ****   }
 104:../User/main.c **** }
 311              		.loc 1 104 1
 312 0096 00BF     		nop
 313 0098 80BD     		pop	{r7, pc}
 314              	.L15:
 315 009a 00BF     		.align	2
 316              	.L14:
 317 009c 00000240 		.word	1073872896
 318 00a0 1C000240 		.word	1073872924
 319 00a4 00080040 		.word	1073743872
 320 00a8 00000000 		.word	GPTIMClockFrequency
 321 00ac 00000000 		.word	TIM_Freq_buff
 322 00b0 00000000 		.word	us_speed
 323 00b4 00000000 		.word	count.1
 324 00b8 00000000 		.word	array_test.0
 325              		.cfi_endproc
 326              	.LFE136:
 328              		.section	.bss.test.2,"aw",%nobits
 331              	test.2:
 332 0000 00       		.space	1
 333              		.section	.bss.count.1,"aw",%nobits
 334              		.align	1
 337              	count.1:
 338 0000 0000     		.space	2
 339              		.section	.bss.array_test.0,"aw",%nobits
 340              		.align	2
 343              	array_test.0:
 344 0000 00000000 		.space	6
 344      0000
 345              		.text
 346              	.Letext0:
 347              		.file 2 "d:\\program files (x86)\\arm gnu toolchain arm-none-eabi\\12.3 rel1\\arm-none-eabi\\inclu
 348              		.file 3 "d:\\program files (x86)\\arm gnu toolchain arm-none-eabi\\12.3 rel1\\arm-none-eabi\\inclu
 349              		.file 4 "../firmware/CMSIS/device/n32g430.h"
 350              		.file 5 "../User/DSP/arm_math_types.h"
 351              		.file 6 "../firmware/n32g430_std_periph_driver/inc/n32g430_dma.h"
 352              		.file 7 "../firmware/n32g430_std_periph_driver/inc/n32g430_tim.h"
 353              		.file 8 "../User/DSP/fast_math_functions.h"
 354              		.file 9 "../firmware/n32g430_std_periph_driver/inc/n32g430_gpio.h"
 355              		.file 10 "../User/BSP/bsp_config.h"
ARM GAS  C:\Users\ZShuai\AppData\Local\Temp\ccN895V7.s 			page 9


DEFINED SYMBOLS
                            *ABS*:00000000 main.c
C:\Users\ZShuai\AppData\Local\Temp\ccN895V7.s:25     .bss.tx_buf:00000000 tx_buf
C:\Users\ZShuai\AppData\Local\Temp\ccN895V7.s:22     .bss.tx_buf:00000000 $d
C:\Users\ZShuai\AppData\Local\Temp\ccN895V7.s:32     .bss.rx_buf:00000000 rx_buf
C:\Users\ZShuai\AppData\Local\Temp\ccN895V7.s:29     .bss.rx_buf:00000000 $d
C:\Users\ZShuai\AppData\Local\Temp\ccN895V7.s:39     .bss.f_tset:00000000 f_tset
C:\Users\ZShuai\AppData\Local\Temp\ccN895V7.s:36     .bss.f_tset:00000000 $d
C:\Users\ZShuai\AppData\Local\Temp\ccN895V7.s:46     .bss.us_speed:00000000 us_speed
C:\Users\ZShuai\AppData\Local\Temp\ccN895V7.s:43     .bss.us_speed:00000000 $d
C:\Users\ZShuai\AppData\Local\Temp\ccN895V7.s:53     .data.led_flash_cont:00000000 led_flash_cont
C:\Users\ZShuai\AppData\Local\Temp\ccN895V7.s:50     .data.led_flash_cont:00000000 $d
C:\Users\ZShuai\AppData\Local\Temp\ccN895V7.s:56     .text.led_ram_test:00000000 $t
C:\Users\ZShuai\AppData\Local\Temp\ccN895V7.s:61     .text.led_ram_test:00000000 led_ram_test
C:\Users\ZShuai\AppData\Local\Temp\ccN895V7.s:114    .text.led_ram_test:0000003c $d
C:\Users\ZShuai\AppData\Local\Temp\ccN895V7.s:331    .bss.test.2:00000000 test.2
C:\Users\ZShuai\AppData\Local\Temp\ccN895V7.s:121    .text.main:00000000 $t
C:\Users\ZShuai\AppData\Local\Temp\ccN895V7.s:127    .text.main:00000000 main
C:\Users\ZShuai\AppData\Local\Temp\ccN895V7.s:190    .text.main:00000064 $d
C:\Users\ZShuai\AppData\Local\Temp\ccN895V7.s:199    .text.speed_calc:00000000 $t
C:\Users\ZShuai\AppData\Local\Temp\ccN895V7.s:205    .text.speed_calc:00000000 speed_calc
C:\Users\ZShuai\AppData\Local\Temp\ccN895V7.s:317    .text.speed_calc:0000009c $d
C:\Users\ZShuai\AppData\Local\Temp\ccN895V7.s:337    .bss.count.1:00000000 count.1
C:\Users\ZShuai\AppData\Local\Temp\ccN895V7.s:343    .bss.array_test.0:00000000 array_test.0
C:\Users\ZShuai\AppData\Local\Temp\ccN895V7.s:332    .bss.test.2:00000000 $d
C:\Users\ZShuai\AppData\Local\Temp\ccN895V7.s:334    .bss.count.1:00000000 $d
C:\Users\ZShuai\AppData\Local\Temp\ccN895V7.s:340    .bss.array_test.0:00000000 $d

UNDEFINED SYMBOLS
Delay_ms
System_Init
AFIO_Filter_Stage_Ctrl
AFIO_Digital_EFT_Enable
arm_atan2_f32
arm_sin_f32
arm_cos_f32
DMA_Flag_Status_Get
DMA_Flag_Status_Clear
DMA_Channel_Disable
TIM_Off
DMA_Current_Data_Transfer_Number_Set
TIM_On
DMA_Channel_Enable
GPTIMClockFrequency
TIM_Freq_buff
