ARM GAS  C:\Users\ZShuai\AppData\Local\Temp\ccZ97io5.s 			page 1


   1              		.cpu cortex-m4
   2              		.arch armv7e-m
   3              		.fpu fpv4-sp-d16
   4              		.eabi_attribute 27, 1
   5              		.eabi_attribute 28, 1
   6              		.eabi_attribute 20, 1
   7              		.eabi_attribute 21, 1
   8              		.eabi_attribute 23, 3
   9              		.eabi_attribute 24, 1
  10              		.eabi_attribute 25, 1
  11              		.eabi_attribute 26, 1
  12              		.eabi_attribute 30, 6
  13              		.eabi_attribute 34, 1
  14              		.eabi_attribute 18, 4
  15              		.file	"misc.c"
  16              		.text
  17              	.Ltext0:
  18              		.cfi_sections	.debug_frame
  19              		.file 1 "../firmware/n32g430_std_periph_driver/src/misc.c"
  20              		.section	.text.NVIC_Priority_Group_Set,"ax",%progbits
  21              		.align	1
  22              		.global	NVIC_Priority_Group_Set
  23              		.syntax unified
  24              		.thumb
  25              		.thumb_func
  27              	NVIC_Priority_Group_Set:
  28              	.LFB130:
   1:../firmware/n32g430_std_periph_driver/src/misc.c **** /**
   2:../firmware/n32g430_std_periph_driver/src/misc.c **** *     Copyright (c) 2022, Nations Technologies Inc.
   3:../firmware/n32g430_std_periph_driver/src/misc.c **** * 
   4:../firmware/n32g430_std_periph_driver/src/misc.c **** *     All rights reserved.
   5:../firmware/n32g430_std_periph_driver/src/misc.c **** *
   6:../firmware/n32g430_std_periph_driver/src/misc.c **** *     This software is the exclusive property of Nations Technologies Inc. (Hereinafter 
   7:../firmware/n32g430_std_periph_driver/src/misc.c **** * referred to as NATIONS). This software, and the product of NATIONS described herein 
   8:../firmware/n32g430_std_periph_driver/src/misc.c **** * (Hereinafter referred to as the Product) are owned by NATIONS under the laws and treaties
   9:../firmware/n32g430_std_periph_driver/src/misc.c **** * of the People's Republic of China and other applicable jurisdictions worldwide.
  10:../firmware/n32g430_std_periph_driver/src/misc.c **** *
  11:../firmware/n32g430_std_periph_driver/src/misc.c **** *     NATIONS does not grant any license under its patents, copyrights, trademarks, or other 
  12:../firmware/n32g430_std_periph_driver/src/misc.c **** * intellectual property rights. Names and brands of third party may be mentioned or referred 
  13:../firmware/n32g430_std_periph_driver/src/misc.c **** * thereto (if any) for identification purposes only.
  14:../firmware/n32g430_std_periph_driver/src/misc.c **** *
  15:../firmware/n32g430_std_periph_driver/src/misc.c **** *     NATIONS reserves the right to make changes, corrections, enhancements, modifications, and 
  16:../firmware/n32g430_std_periph_driver/src/misc.c **** * improvements to this software at any time without notice. Please contact NATIONS and obtain 
  17:../firmware/n32g430_std_periph_driver/src/misc.c **** * the latest version of this software before placing orders.
  18:../firmware/n32g430_std_periph_driver/src/misc.c **** 
  19:../firmware/n32g430_std_periph_driver/src/misc.c **** *     Although NATIONS has attempted to provide accurate and reliable information, NATIONS assumes 
  20:../firmware/n32g430_std_periph_driver/src/misc.c **** * no responsibility for the accuracy and reliability of this software.
  21:../firmware/n32g430_std_periph_driver/src/misc.c **** * 
  22:../firmware/n32g430_std_periph_driver/src/misc.c **** *     It is the responsibility of the user of this software to properly design, program, and test 
  23:../firmware/n32g430_std_periph_driver/src/misc.c **** * the functionality and safety of any application made of this information and any resulting produc
  24:../firmware/n32g430_std_periph_driver/src/misc.c **** * In no event shall NATIONS be liable for any direct, indirect, incidental, special,exemplary, or 
  25:../firmware/n32g430_std_periph_driver/src/misc.c **** * consequential damages arising in any way out of the use of this software or the Product.
  26:../firmware/n32g430_std_periph_driver/src/misc.c **** *
  27:../firmware/n32g430_std_periph_driver/src/misc.c **** *     NATIONS Products are neither intended nor warranted for usage in systems or equipment, any
  28:../firmware/n32g430_std_periph_driver/src/misc.c **** * malfunction or failure of which may cause loss of human life, bodily injury or severe property 
  29:../firmware/n32g430_std_periph_driver/src/misc.c **** * damage. Such applications are deemed, "Insecure Usage".
  30:../firmware/n32g430_std_periph_driver/src/misc.c **** *
ARM GAS  C:\Users\ZShuai\AppData\Local\Temp\ccZ97io5.s 			page 2


  31:../firmware/n32g430_std_periph_driver/src/misc.c **** *     All Insecure Usage shall be made at user's risk. User shall indemnify NATIONS and hold NATION
  32:../firmware/n32g430_std_periph_driver/src/misc.c **** * harmless from and against all claims, costs, damages, and other liabilities, arising from or rela
  33:../firmware/n32g430_std_periph_driver/src/misc.c **** * to any customer's Insecure Usage.
  34:../firmware/n32g430_std_periph_driver/src/misc.c **** 
  35:../firmware/n32g430_std_periph_driver/src/misc.c **** *     Any express or implied warranty with regard to this software or the Product, including,but no
  36:../firmware/n32g430_std_periph_driver/src/misc.c **** * limited to, the warranties of merchantability, fitness for a particular purpose and non-infringem
  37:../firmware/n32g430_std_periph_driver/src/misc.c **** * are disclaimed to the fullest extent permitted by law.
  38:../firmware/n32g430_std_periph_driver/src/misc.c **** 
  39:../firmware/n32g430_std_periph_driver/src/misc.c **** *     Unless otherwise explicitly permitted by NATIONS, anyone may not duplicate, modify, transcrib
  40:../firmware/n32g430_std_periph_driver/src/misc.c **** * or otherwise distribute this software for any purposes, in whole or in part.
  41:../firmware/n32g430_std_periph_driver/src/misc.c **** *
  42:../firmware/n32g430_std_periph_driver/src/misc.c **** *     NATIONS products and technologies shall not be used for or incorporated into any products or 
  43:../firmware/n32g430_std_periph_driver/src/misc.c **** * whose manufacture, use, or sale is prohibited under any applicable domestic or foreign laws or re
  44:../firmware/n32g430_std_periph_driver/src/misc.c **** * User shall comply with any applicable export control laws and regulations promulgated and adminis
  45:../firmware/n32g430_std_periph_driver/src/misc.c **** * the governments of any countries asserting jurisdiction over the parties or transactions.
  46:../firmware/n32g430_std_periph_driver/src/misc.c **** **/
  47:../firmware/n32g430_std_periph_driver/src/misc.c **** 
  48:../firmware/n32g430_std_periph_driver/src/misc.c **** /**
  49:../firmware/n32g430_std_periph_driver/src/misc.c **** *\*\file misc.c
  50:../firmware/n32g430_std_periph_driver/src/misc.c **** *\*\author Nations
  51:../firmware/n32g430_std_periph_driver/src/misc.c **** *\*\version v1.0.2
  52:../firmware/n32g430_std_periph_driver/src/misc.c **** *\*\copyright Copyright (c) 2022, Nations Technologies Inc. All rights reserved.
  53:../firmware/n32g430_std_periph_driver/src/misc.c **** **/
  54:../firmware/n32g430_std_periph_driver/src/misc.c **** #include "misc.h"
  55:../firmware/n32g430_std_periph_driver/src/misc.c **** 
  56:../firmware/n32g430_std_periph_driver/src/misc.c **** /** MISC Driving Functions Declaration **/
  57:../firmware/n32g430_std_periph_driver/src/misc.c **** 
  58:../firmware/n32g430_std_periph_driver/src/misc.c **** /**
  59:../firmware/n32g430_std_periph_driver/src/misc.c **** *\*\name    NVIC_Priority_Group_Set
  60:../firmware/n32g430_std_periph_driver/src/misc.c **** *\*\fun     Configures the priority grouping: pre-emption priority and subpriority.
  61:../firmware/n32g430_std_periph_driver/src/misc.c **** *\*\param   NVIC_priority_group :
  62:../firmware/n32g430_std_periph_driver/src/misc.c **** *\*\            - NVIC_PER0_SUB4_PRIORITYGROUP    0 bits for pre-emption priority 4 bits for subpri
  63:../firmware/n32g430_std_periph_driver/src/misc.c **** *\*\            - NVIC_PER1_SUB3_PRIORITYGROUP    1 bits for pre-emption priority 3 bits for subpri
  64:../firmware/n32g430_std_periph_driver/src/misc.c **** *\*\            - NVIC_PER2_SUB2_PRIORITYGROUP    2 bits for pre-emption priority 2 bits for subpri
  65:../firmware/n32g430_std_periph_driver/src/misc.c **** *\*\            - NVIC_PER3_SUB1_PRIORITYGROUP    3 bits for pre-emption priority 1 bits for subpri
  66:../firmware/n32g430_std_periph_driver/src/misc.c **** *\*\            - NVIC_PER4_SUB0_PRIORITYGROUP    4 bits for pre-emption priority 0 bits for subpri
  67:../firmware/n32g430_std_periph_driver/src/misc.c **** *\*\return  none
  68:../firmware/n32g430_std_periph_driver/src/misc.c **** **/
  69:../firmware/n32g430_std_periph_driver/src/misc.c **** void NVIC_Priority_Group_Set(uint32_t NVIC_priority_group)
  70:../firmware/n32g430_std_periph_driver/src/misc.c **** {
  29              		.loc 1 70 1
  30              		.cfi_startproc
  31              		@ args = 0, pretend = 0, frame = 8
  32              		@ frame_needed = 1, uses_anonymous_args = 0
  33              		@ link register save eliminated.
  34 0000 80B4     		push	{r7}
  35              	.LCFI0:
  36              		.cfi_def_cfa_offset 4
  37              		.cfi_offset 7, -4
  38 0002 83B0     		sub	sp, sp, #12
  39              	.LCFI1:
  40              		.cfi_def_cfa_offset 16
  41 0004 00AF     		add	r7, sp, #0
  42              	.LCFI2:
  43              		.cfi_def_cfa_register 7
  44 0006 7860     		str	r0, [r7, #4]
  71:../firmware/n32g430_std_periph_driver/src/misc.c ****     /* Set the PRIGROUP[10:8] bits according to NVIC_priority_group value */
ARM GAS  C:\Users\ZShuai\AppData\Local\Temp\ccZ97io5.s 			page 3


  72:../firmware/n32g430_std_periph_driver/src/misc.c ****     SCB->AIRCR = AIRCR_VECTKEY_MASK | NVIC_priority_group;
  45              		.loc 1 72 8
  46 0008 064A     		ldr	r2, .L2
  47              		.loc 1 72 37
  48 000a 7B68     		ldr	r3, [r7, #4]
  49 000c 43F0BF63 		orr	r3, r3, #100139008
  50 0010 43F40033 		orr	r3, r3, #131072
  51              		.loc 1 72 16
  52 0014 D360     		str	r3, [r2, #12]
  73:../firmware/n32g430_std_periph_driver/src/misc.c **** }
  53              		.loc 1 73 1
  54 0016 00BF     		nop
  55 0018 0C37     		adds	r7, r7, #12
  56              	.LCFI3:
  57              		.cfi_def_cfa_offset 4
  58 001a BD46     		mov	sp, r7
  59              	.LCFI4:
  60              		.cfi_def_cfa_register 13
  61              		@ sp needed
  62 001c 5DF8047B 		ldr	r7, [sp], #4
  63              	.LCFI5:
  64              		.cfi_restore 7
  65              		.cfi_def_cfa_offset 0
  66 0020 7047     		bx	lr
  67              	.L3:
  68 0022 00BF     		.align	2
  69              	.L2:
  70 0024 00ED00E0 		.word	-536810240
  71              		.cfi_endproc
  72              	.LFE130:
  74              		.section	.text.NVIC_Initializes,"ax",%progbits
  75              		.align	1
  76              		.global	NVIC_Initializes
  77              		.syntax unified
  78              		.thumb
  79              		.thumb_func
  81              	NVIC_Initializes:
  82              	.LFB131:
  74:../firmware/n32g430_std_periph_driver/src/misc.c **** 
  75:../firmware/n32g430_std_periph_driver/src/misc.c **** /**
  76:../firmware/n32g430_std_periph_driver/src/misc.c **** *\*\name    NVIC_Initializes
  77:../firmware/n32g430_std_periph_driver/src/misc.c **** *\*\fun     Initializes the NVIC peripheral according to the specified parameters in the NVIC_struc
  78:../firmware/n32g430_std_periph_driver/src/misc.c **** *\*\param   NVIC_structure_initializes :
  79:../firmware/n32g430_std_periph_driver/src/misc.c **** *\*\              - NVIC_IRQChannel :
  80:../firmware/n32g430_std_periph_driver/src/misc.c **** *\*\                   -  IRQn_Type    N32G430 Interrupt Number Definition
  81:../firmware/n32g430_std_periph_driver/src/misc.c **** *\*\        if NVIC_priority_group is NVIC_PER0_SUB4_PRIORITYGROUP :
  82:../firmware/n32g430_std_periph_driver/src/misc.c **** *\*\              - NVIC_IRQChannelPreemptionPriority :
  83:../firmware/n32g430_std_periph_driver/src/misc.c **** *\*\                   -  NVIC_PER_PRIORITY_0
  84:../firmware/n32g430_std_periph_driver/src/misc.c **** *\*\              - NVIC_IRQChannelSubPriority :
  85:../firmware/n32g430_std_periph_driver/src/misc.c **** *\*\                   -  NVIC_SUB_PRIORITY_0
  86:../firmware/n32g430_std_periph_driver/src/misc.c **** *\*\                   -  NVIC_SUB_PRIORITY_1
  87:../firmware/n32g430_std_periph_driver/src/misc.c **** *\*\                   -  NVIC_SUB_PRIORITY_2
  88:../firmware/n32g430_std_periph_driver/src/misc.c **** *\*\                   -  NVIC_SUB_PRIORITY_3
  89:../firmware/n32g430_std_periph_driver/src/misc.c **** *\*\                   -  NVIC_SUB_PRIORITY_4
  90:../firmware/n32g430_std_periph_driver/src/misc.c **** *\*\                   -  NVIC_SUB_PRIORITY_5
  91:../firmware/n32g430_std_periph_driver/src/misc.c **** *\*\                   -  NVIC_SUB_PRIORITY_6
  92:../firmware/n32g430_std_periph_driver/src/misc.c **** *\*\                   -  NVIC_SUB_PRIORITY_7
ARM GAS  C:\Users\ZShuai\AppData\Local\Temp\ccZ97io5.s 			page 4


  93:../firmware/n32g430_std_periph_driver/src/misc.c **** *\*\                   -  NVIC_SUB_PRIORITY_8
  94:../firmware/n32g430_std_periph_driver/src/misc.c **** *\*\                   -  NVIC_SUB_PRIORITY_9
  95:../firmware/n32g430_std_periph_driver/src/misc.c **** *\*\                   -  NVIC_SUB_PRIORITY_10
  96:../firmware/n32g430_std_periph_driver/src/misc.c **** *\*\                   -  NVIC_SUB_PRIORITY_11
  97:../firmware/n32g430_std_periph_driver/src/misc.c **** *\*\                   -  NVIC_SUB_PRIORITY_12
  98:../firmware/n32g430_std_periph_driver/src/misc.c **** *\*\                   -  NVIC_SUB_PRIORITY_13
  99:../firmware/n32g430_std_periph_driver/src/misc.c **** *\*\                   -  NVIC_SUB_PRIORITY_14
 100:../firmware/n32g430_std_periph_driver/src/misc.c **** *\*\                   -  NVIC_SUB_PRIORITY_15
 101:../firmware/n32g430_std_periph_driver/src/misc.c **** *\*\        if NVIC_priority_group is NVIC_PER1_SUB3_PRIORITYGROUP :
 102:../firmware/n32g430_std_periph_driver/src/misc.c **** *\*\              - NVIC_IRQChannelPreemptionPriority :
 103:../firmware/n32g430_std_periph_driver/src/misc.c **** *\*\                   -  NVIC_PER_PRIORITY_0
 104:../firmware/n32g430_std_periph_driver/src/misc.c **** *\*\                   -  NVIC_PER_PRIORITY_1
 105:../firmware/n32g430_std_periph_driver/src/misc.c **** *\*\              - NVIC_IRQChannelSubPriority :
 106:../firmware/n32g430_std_periph_driver/src/misc.c **** *\*\                   -  NVIC_SUB_PRIORITY_0 to NVIC_SUB_PRIORITY_7
 107:../firmware/n32g430_std_periph_driver/src/misc.c **** *\*\        if NVIC_priority_group is NVIC_PER2_SUB2_PRIORITYGROUP :
 108:../firmware/n32g430_std_periph_driver/src/misc.c **** *\*\              - NVIC_IRQChannelPreemptionPriority :
 109:../firmware/n32g430_std_periph_driver/src/misc.c **** *\*\                   -  NVIC_PER_PRIORITY_0 to NVIC_PER_PRIORITY_3
 110:../firmware/n32g430_std_periph_driver/src/misc.c **** *\*\              - NVIC_IRQChannelSubPriority :
 111:../firmware/n32g430_std_periph_driver/src/misc.c **** *\*\                   -  NVIC_SUB_PRIORITY_0 to NVIC_SUB_PRIORITY_3
 112:../firmware/n32g430_std_periph_driver/src/misc.c **** *\*\        if NVIC_priority_group is NVIC_PER3_SUB1_PRIORITYGROUP :
 113:../firmware/n32g430_std_periph_driver/src/misc.c **** *\*\              - NVIC_IRQChannelPreemptionPriority :
 114:../firmware/n32g430_std_periph_driver/src/misc.c **** *\*\                   -  NVIC_PER_PRIORITY_0 to NVIC_PER_PRIORITY_7
 115:../firmware/n32g430_std_periph_driver/src/misc.c **** *\*\              - NVIC_IRQChannelSubPriority :
 116:../firmware/n32g430_std_periph_driver/src/misc.c **** *\*\                   -  NVIC_SUB_PRIORITY_0
 117:../firmware/n32g430_std_periph_driver/src/misc.c **** *\*\                   -  NVIC_SUB_PRIORITY_1
 118:../firmware/n32g430_std_periph_driver/src/misc.c **** *\*\        if NVIC_priority_group is NVIC_PER4_SUB0_PRIORITYGROUP :
 119:../firmware/n32g430_std_periph_driver/src/misc.c **** *\*\              - NVIC_IRQChannelPreemptionPriority :
 120:../firmware/n32g430_std_periph_driver/src/misc.c **** *\*\                   -  NVIC_PER_PRIORITY_0
 121:../firmware/n32g430_std_periph_driver/src/misc.c **** *\*\                   -  NVIC_PER_PRIORITY_1
 122:../firmware/n32g430_std_periph_driver/src/misc.c **** *\*\                   -  NVIC_PER_PRIORITY_2
 123:../firmware/n32g430_std_periph_driver/src/misc.c **** *\*\                   -  NVIC_PER_PRIORITY_3
 124:../firmware/n32g430_std_periph_driver/src/misc.c **** *\*\                   -  NVIC_PER_PRIORITY_4
 125:../firmware/n32g430_std_periph_driver/src/misc.c **** *\*\                   -  NVIC_PER_PRIORITY_5
 126:../firmware/n32g430_std_periph_driver/src/misc.c **** *\*\                   -  NVIC_PER_PRIORITY_6
 127:../firmware/n32g430_std_periph_driver/src/misc.c **** *\*\                   -  NVIC_PER_PRIORITY_7
 128:../firmware/n32g430_std_periph_driver/src/misc.c **** *\*\                   -  NVIC_PER_PRIORITY_8
 129:../firmware/n32g430_std_periph_driver/src/misc.c **** *\*\                   -  NVIC_PER_PRIORITY_9
 130:../firmware/n32g430_std_periph_driver/src/misc.c **** *\*\                   -  NVIC_PER_PRIORITY_10
 131:../firmware/n32g430_std_periph_driver/src/misc.c **** *\*\                   -  NVIC_PER_PRIORITY_11
 132:../firmware/n32g430_std_periph_driver/src/misc.c **** *\*\                   -  NVIC_PER_PRIORITY_12
 133:../firmware/n32g430_std_periph_driver/src/misc.c **** *\*\                   -  NVIC_PER_PRIORITY_13
 134:../firmware/n32g430_std_periph_driver/src/misc.c **** *\*\                   -  NVIC_PER_PRIORITY_14
 135:../firmware/n32g430_std_periph_driver/src/misc.c **** *\*\                   -  NVIC_PER_PRIORITY_15
 136:../firmware/n32g430_std_periph_driver/src/misc.c **** *\*\              - NVIC_IRQChannelSubPriority :
 137:../firmware/n32g430_std_periph_driver/src/misc.c **** *\*\                   -  NVIC_SUB_PRIORITY_0
 138:../firmware/n32g430_std_periph_driver/src/misc.c **** *\*\              - NVIC_IRQChannelCmd :
 139:../firmware/n32g430_std_periph_driver/src/misc.c **** *\*\                   -  ENABLE
 140:../firmware/n32g430_std_periph_driver/src/misc.c **** *\*\                   -  DISABLE
 141:../firmware/n32g430_std_periph_driver/src/misc.c **** *\*\return  none
 142:../firmware/n32g430_std_periph_driver/src/misc.c **** **/
 143:../firmware/n32g430_std_periph_driver/src/misc.c **** void NVIC_Initializes(NVIC_InitType* NVIC_structure_initializes)
 144:../firmware/n32g430_std_periph_driver/src/misc.c **** {
  83              		.loc 1 144 1
  84              		.cfi_startproc
  85              		@ args = 0, pretend = 0, frame = 24
  86              		@ frame_needed = 1, uses_anonymous_args = 0
  87              		@ link register save eliminated.
ARM GAS  C:\Users\ZShuai\AppData\Local\Temp\ccZ97io5.s 			page 5


  88 0000 80B4     		push	{r7}
  89              	.LCFI6:
  90              		.cfi_def_cfa_offset 4
  91              		.cfi_offset 7, -4
  92 0002 87B0     		sub	sp, sp, #28
  93              	.LCFI7:
  94              		.cfi_def_cfa_offset 32
  95 0004 00AF     		add	r7, sp, #0
  96              	.LCFI8:
  97              		.cfi_def_cfa_register 7
  98 0006 7860     		str	r0, [r7, #4]
 145:../firmware/n32g430_std_periph_driver/src/misc.c ****     uint32_t temp_priority_value = 0x00, temp_pre_value = 0x00, temp_sub_value = 0x0F;
  99              		.loc 1 145 14
 100 0008 0023     		movs	r3, #0
 101 000a 7B61     		str	r3, [r7, #20]
 102              		.loc 1 145 42
 103 000c 0023     		movs	r3, #0
 104 000e 3B61     		str	r3, [r7, #16]
 105              		.loc 1 145 65
 106 0010 0F23     		movs	r3, #15
 107 0012 FB60     		str	r3, [r7, #12]
 146:../firmware/n32g430_std_periph_driver/src/misc.c **** 
 147:../firmware/n32g430_std_periph_driver/src/misc.c ****     if (NVIC_structure_initializes->NVIC_IRQChannelCmd != DISABLE)
 108              		.loc 1 147 35
 109 0014 7B68     		ldr	r3, [r7, #4]
 110 0016 DB78     		ldrb	r3, [r3, #3]	@ zero_extendqisi2
 111              		.loc 1 147 8
 112 0018 002B     		cmp	r3, #0
 113 001a 3AD0     		beq	.L5
 148:../firmware/n32g430_std_periph_driver/src/misc.c ****     {
 149:../firmware/n32g430_std_periph_driver/src/misc.c ****         /* Compute the Corresponding IRQ Priority */
 150:../firmware/n32g430_std_periph_driver/src/misc.c ****         temp_priority_value = \
 151:../firmware/n32g430_std_periph_driver/src/misc.c ****         (NVIC_PRIORITYGROUP_MASK - ((SCB->AIRCR) & NVIC_PRIORITYGROUP_MASK)) >> SCB_AIRCR_OFFSET;
 114              		.loc 1 151 41
 115 001c 284B     		ldr	r3, .L8
 116 001e DB68     		ldr	r3, [r3, #12]
 117              		.loc 1 151 34
 118 0020 DB43     		mvns	r3, r3
 119              		.loc 1 151 78
 120 0022 1B0A     		lsrs	r3, r3, #8
 150:../firmware/n32g430_std_periph_driver/src/misc.c ****         (NVIC_PRIORITYGROUP_MASK - ((SCB->AIRCR) & NVIC_PRIORITYGROUP_MASK)) >> SCB_AIRCR_OFFSET;
 121              		.loc 1 150 29
 122 0024 03F00703 		and	r3, r3, #7
 123 0028 7B61     		str	r3, [r7, #20]
 152:../firmware/n32g430_std_periph_driver/src/misc.c ****         
 153:../firmware/n32g430_std_periph_driver/src/misc.c ****         temp_pre_value      = (NVIC_PRE_SUB_SUM - temp_priority_value);
 124              		.loc 1 153 29
 125 002a 7B69     		ldr	r3, [r7, #20]
 126 002c C3F10403 		rsb	r3, r3, #4
 127 0030 3B61     		str	r3, [r7, #16]
 154:../firmware/n32g430_std_periph_driver/src/misc.c ****         temp_sub_value      = temp_sub_value >> temp_priority_value;
 128              		.loc 1 154 29
 129 0032 FA68     		ldr	r2, [r7, #12]
 130 0034 7B69     		ldr	r3, [r7, #20]
 131 0036 22FA03F3 		lsr	r3, r2, r3
 132 003a FB60     		str	r3, [r7, #12]
 155:../firmware/n32g430_std_periph_driver/src/misc.c **** 
ARM GAS  C:\Users\ZShuai\AppData\Local\Temp\ccZ97io5.s 			page 6


 156:../firmware/n32g430_std_periph_driver/src/misc.c ****         temp_priority_value = \
 157:../firmware/n32g430_std_periph_driver/src/misc.c ****         (uint32_t)NVIC_structure_initializes->NVIC_IRQChannelPreemptionPriority << temp_pre_value;
 133              		.loc 1 157 45
 134 003c 7B68     		ldr	r3, [r7, #4]
 135 003e 5B78     		ldrb	r3, [r3, #1]	@ zero_extendqisi2
 136              		.loc 1 157 9
 137 0040 1A46     		mov	r2, r3
 156:../firmware/n32g430_std_periph_driver/src/misc.c ****         (uint32_t)NVIC_structure_initializes->NVIC_IRQChannelPreemptionPriority << temp_pre_value;
 138              		.loc 1 156 29
 139 0042 3B69     		ldr	r3, [r7, #16]
 140 0044 02FA03F3 		lsl	r3, r2, r3
 141 0048 7B61     		str	r3, [r7, #20]
 158:../firmware/n32g430_std_periph_driver/src/misc.c **** 
 159:../firmware/n32g430_std_periph_driver/src/misc.c ****         temp_priority_value |= \
 160:../firmware/n32g430_std_periph_driver/src/misc.c ****         NVIC_structure_initializes->NVIC_IRQChannelSubPriority & temp_sub_value;
 142              		.loc 1 160 35
 143 004a 7B68     		ldr	r3, [r7, #4]
 144 004c 9B78     		ldrb	r3, [r3, #2]	@ zero_extendqisi2
 145 004e 1A46     		mov	r2, r3
 146              		.loc 1 160 64
 147 0050 FB68     		ldr	r3, [r7, #12]
 148 0052 1340     		ands	r3, r3, r2
 159:../firmware/n32g430_std_periph_driver/src/misc.c ****         NVIC_structure_initializes->NVIC_IRQChannelSubPriority & temp_sub_value;
 149              		.loc 1 159 29
 150 0054 7A69     		ldr	r2, [r7, #20]
 151 0056 1343     		orrs	r3, r3, r2
 152 0058 7B61     		str	r3, [r7, #20]
 161:../firmware/n32g430_std_periph_driver/src/misc.c **** 
 162:../firmware/n32g430_std_periph_driver/src/misc.c ****         temp_priority_value = temp_priority_value << NVIC_IP_OFFSET;
 153              		.loc 1 162 29
 154 005a 7B69     		ldr	r3, [r7, #20]
 155 005c 1B01     		lsls	r3, r3, #4
 156 005e 7B61     		str	r3, [r7, #20]
 163:../firmware/n32g430_std_periph_driver/src/misc.c **** 
 164:../firmware/n32g430_std_periph_driver/src/misc.c ****         NVIC->IP[NVIC_structure_initializes->NVIC_IRQChannel] = temp_priority_value;
 157              		.loc 1 164 13
 158 0060 184A     		ldr	r2, .L8+4
 159              		.loc 1 164 44
 160 0062 7B68     		ldr	r3, [r7, #4]
 161 0064 1B78     		ldrb	r3, [r3]	@ zero_extendqisi2
 162              		.loc 1 164 63
 163 0066 7969     		ldr	r1, [r7, #20]
 164 0068 C9B2     		uxtb	r1, r1
 165 006a 1344     		add	r3, r3, r2
 166 006c 0A46     		mov	r2, r1
 167 006e 83F80023 		strb	r2, [r3, #768]
 165:../firmware/n32g430_std_periph_driver/src/misc.c **** 
 166:../firmware/n32g430_std_periph_driver/src/misc.c ****         /* Enable the Selected IRQ Channels */
 167:../firmware/n32g430_std_periph_driver/src/misc.c ****         NVIC->ISER[NVIC_structure_initializes->NVIC_IRQChannel >> NVIC_ISER_BIT_LENGTH] = \
 168:../firmware/n32g430_std_periph_driver/src/misc.c ****         (uint32_t)0x01 << (NVIC_structure_initializes->NVIC_IRQChannel & NVIC_IRQCHANNEL_MASK);
 168              		.loc 1 168 54
 169 0072 7B68     		ldr	r3, [r7, #4]
 170 0074 1B78     		ldrb	r3, [r3]	@ zero_extendqisi2
 171              		.loc 1 168 72
 172 0076 03F01F03 		and	r3, r3, #31
 167:../firmware/n32g430_std_periph_driver/src/misc.c ****         (uint32_t)0x01 << (NVIC_structure_initializes->NVIC_IRQChannel & NVIC_IRQCHANNEL_MASK);
 173              		.loc 1 167 13
ARM GAS  C:\Users\ZShuai\AppData\Local\Temp\ccZ97io5.s 			page 7


 174 007a 1249     		ldr	r1, .L8+4
 167:../firmware/n32g430_std_periph_driver/src/misc.c ****         (uint32_t)0x01 << (NVIC_structure_initializes->NVIC_IRQChannel & NVIC_IRQCHANNEL_MASK);
 175              		.loc 1 167 46
 176 007c 7A68     		ldr	r2, [r7, #4]
 177 007e 1278     		ldrb	r2, [r2]	@ zero_extendqisi2
 167:../firmware/n32g430_std_periph_driver/src/misc.c ****         (uint32_t)0x01 << (NVIC_structure_initializes->NVIC_IRQChannel & NVIC_IRQCHANNEL_MASK);
 178              		.loc 1 167 64
 179 0080 5209     		lsrs	r2, r2, #5
 180 0082 D2B2     		uxtb	r2, r2
 181 0084 1046     		mov	r0, r2
 182              		.loc 1 168 24
 183 0086 0122     		movs	r2, #1
 184 0088 02FA03F3 		lsl	r3, r2, r3
 167:../firmware/n32g430_std_periph_driver/src/misc.c ****         (uint32_t)0x01 << (NVIC_structure_initializes->NVIC_IRQChannel & NVIC_IRQCHANNEL_MASK);
 185              		.loc 1 167 89
 186 008c 41F82030 		str	r3, [r1, r0, lsl #2]
 169:../firmware/n32g430_std_periph_driver/src/misc.c ****     }
 170:../firmware/n32g430_std_periph_driver/src/misc.c ****     else
 171:../firmware/n32g430_std_periph_driver/src/misc.c ****     {
 172:../firmware/n32g430_std_periph_driver/src/misc.c ****         /* Disable the Selected IRQ Channels */
 173:../firmware/n32g430_std_periph_driver/src/misc.c ****         NVIC->ICER[NVIC_structure_initializes->NVIC_IRQChannel >> NVIC_ISER_BIT_LENGTH] = \
 174:../firmware/n32g430_std_periph_driver/src/misc.c ****         (uint32_t)0x01 << (NVIC_structure_initializes->NVIC_IRQChannel & NVIC_IRQCHANNEL_MASK);
 175:../firmware/n32g430_std_periph_driver/src/misc.c ****     }
 176:../firmware/n32g430_std_periph_driver/src/misc.c **** }
 187              		.loc 1 176 1
 188 0090 0FE0     		b	.L7
 189              	.L5:
 174:../firmware/n32g430_std_periph_driver/src/misc.c ****     }
 190              		.loc 1 174 54
 191 0092 7B68     		ldr	r3, [r7, #4]
 192 0094 1B78     		ldrb	r3, [r3]	@ zero_extendqisi2
 174:../firmware/n32g430_std_periph_driver/src/misc.c ****     }
 193              		.loc 1 174 72
 194 0096 03F01F03 		and	r3, r3, #31
 173:../firmware/n32g430_std_periph_driver/src/misc.c ****         (uint32_t)0x01 << (NVIC_structure_initializes->NVIC_IRQChannel & NVIC_IRQCHANNEL_MASK);
 195              		.loc 1 173 13
 196 009a 0A49     		ldr	r1, .L8+4
 173:../firmware/n32g430_std_periph_driver/src/misc.c ****         (uint32_t)0x01 << (NVIC_structure_initializes->NVIC_IRQChannel & NVIC_IRQCHANNEL_MASK);
 197              		.loc 1 173 46
 198 009c 7A68     		ldr	r2, [r7, #4]
 199 009e 1278     		ldrb	r2, [r2]	@ zero_extendqisi2
 173:../firmware/n32g430_std_periph_driver/src/misc.c ****         (uint32_t)0x01 << (NVIC_structure_initializes->NVIC_IRQChannel & NVIC_IRQCHANNEL_MASK);
 200              		.loc 1 173 64
 201 00a0 5209     		lsrs	r2, r2, #5
 202 00a2 D2B2     		uxtb	r2, r2
 203 00a4 1046     		mov	r0, r2
 174:../firmware/n32g430_std_periph_driver/src/misc.c ****     }
 204              		.loc 1 174 24
 205 00a6 0122     		movs	r2, #1
 206 00a8 9A40     		lsls	r2, r2, r3
 173:../firmware/n32g430_std_periph_driver/src/misc.c ****         (uint32_t)0x01 << (NVIC_structure_initializes->NVIC_IRQChannel & NVIC_IRQCHANNEL_MASK);
 207              		.loc 1 173 89
 208 00aa 00F12003 		add	r3, r0, #32
 209 00ae 41F82320 		str	r2, [r1, r3, lsl #2]
 210              	.L7:
 211              		.loc 1 176 1
 212 00b2 00BF     		nop
ARM GAS  C:\Users\ZShuai\AppData\Local\Temp\ccZ97io5.s 			page 8


 213 00b4 1C37     		adds	r7, r7, #28
 214              	.LCFI9:
 215              		.cfi_def_cfa_offset 4
 216 00b6 BD46     		mov	sp, r7
 217              	.LCFI10:
 218              		.cfi_def_cfa_register 13
 219              		@ sp needed
 220 00b8 5DF8047B 		ldr	r7, [sp], #4
 221              	.LCFI11:
 222              		.cfi_restore 7
 223              		.cfi_def_cfa_offset 0
 224 00bc 7047     		bx	lr
 225              	.L9:
 226 00be 00BF     		.align	2
 227              	.L8:
 228 00c0 00ED00E0 		.word	-536810240
 229 00c4 00E100E0 		.word	-536813312
 230              		.cfi_endproc
 231              	.LFE131:
 233              		.section	.text.NVIC_Vector_Table_Set,"ax",%progbits
 234              		.align	1
 235              		.global	NVIC_Vector_Table_Set
 236              		.syntax unified
 237              		.thumb
 238              		.thumb_func
 240              	NVIC_Vector_Table_Set:
 241              	.LFB132:
 177:../firmware/n32g430_std_periph_driver/src/misc.c **** 
 178:../firmware/n32g430_std_periph_driver/src/misc.c **** /**
 179:../firmware/n32g430_std_periph_driver/src/misc.c **** *\*\name    NVIC_Vector_Table_Set
 180:../firmware/n32g430_std_periph_driver/src/misc.c **** *\*\fun     Sets the vector table location and Offset.
 181:../firmware/n32g430_std_periph_driver/src/misc.c **** *\*\param   NVIC_vecter_table specifies if the vector table is in RAM or FLASH memory.
 182:../firmware/n32g430_std_periph_driver/src/misc.c **** *\*\        This parameter can be one of the following values:
 183:../firmware/n32g430_std_periph_driver/src/misc.c **** *\*\            - NVIC_VECTTAB_RAM
 184:../firmware/n32g430_std_periph_driver/src/misc.c **** *\*\            - NVIC_VECTTAB_FLASH
 185:../firmware/n32g430_std_periph_driver/src/misc.c **** *\*\param   offset Vector Table base offset field. This value must be a multiple of 0x200.
 186:../firmware/n32g430_std_periph_driver/src/misc.c **** *\*\return  none
 187:../firmware/n32g430_std_periph_driver/src/misc.c **** **/
 188:../firmware/n32g430_std_periph_driver/src/misc.c **** void NVIC_Vector_Table_Set(uint32_t NVIC_vecter_table, uint32_t offset)
 189:../firmware/n32g430_std_periph_driver/src/misc.c **** {
 242              		.loc 1 189 1
 243              		.cfi_startproc
 244              		@ args = 0, pretend = 0, frame = 8
 245              		@ frame_needed = 1, uses_anonymous_args = 0
 246              		@ link register save eliminated.
 247 0000 80B4     		push	{r7}
 248              	.LCFI12:
 249              		.cfi_def_cfa_offset 4
 250              		.cfi_offset 7, -4
 251 0002 83B0     		sub	sp, sp, #12
 252              	.LCFI13:
 253              		.cfi_def_cfa_offset 16
 254 0004 00AF     		add	r7, sp, #0
 255              	.LCFI14:
 256              		.cfi_def_cfa_register 7
 257 0006 7860     		str	r0, [r7, #4]
 258 0008 3960     		str	r1, [r7]
ARM GAS  C:\Users\ZShuai\AppData\Local\Temp\ccZ97io5.s 			page 9


 190:../firmware/n32g430_std_periph_driver/src/misc.c ****     SCB->VTOR = NVIC_vecter_table | (offset & (uint32_t)NVIC_VECTTAB_MASK);
 259              		.loc 1 190 45
 260 000a 3B68     		ldr	r3, [r7]
 261 000c 23F06043 		bic	r3, r3, #-536870912
 262 0010 23F07F03 		bic	r3, r3, #127
 263              		.loc 1 190 8
 264 0014 0449     		ldr	r1, .L11
 265              		.loc 1 190 35
 266 0016 7A68     		ldr	r2, [r7, #4]
 267 0018 1343     		orrs	r3, r3, r2
 268              		.loc 1 190 15
 269 001a 8B60     		str	r3, [r1, #8]
 191:../firmware/n32g430_std_periph_driver/src/misc.c **** }
 270              		.loc 1 191 1
 271 001c 00BF     		nop
 272 001e 0C37     		adds	r7, r7, #12
 273              	.LCFI15:
 274              		.cfi_def_cfa_offset 4
 275 0020 BD46     		mov	sp, r7
 276              	.LCFI16:
 277              		.cfi_def_cfa_register 13
 278              		@ sp needed
 279 0022 5DF8047B 		ldr	r7, [sp], #4
 280              	.LCFI17:
 281              		.cfi_restore 7
 282              		.cfi_def_cfa_offset 0
 283 0026 7047     		bx	lr
 284              	.L12:
 285              		.align	2
 286              	.L11:
 287 0028 00ED00E0 		.word	-536810240
 288              		.cfi_endproc
 289              	.LFE132:
 291              		.section	.text.NVIC_System_LowPower_Enable,"ax",%progbits
 292              		.align	1
 293              		.global	NVIC_System_LowPower_Enable
 294              		.syntax unified
 295              		.thumb
 296              		.thumb_func
 298              	NVIC_System_LowPower_Enable:
 299              	.LFB133:
 192:../firmware/n32g430_std_periph_driver/src/misc.c **** 
 193:../firmware/n32g430_std_periph_driver/src/misc.c **** /**
 194:../firmware/n32g430_std_periph_driver/src/misc.c **** *\*\name    NVIC_System_Low_Power_Enable
 195:../firmware/n32g430_std_periph_driver/src/misc.c **** *\*\fun     Selects the condition for the system to enter low power mode.
 196:../firmware/n32g430_std_periph_driver/src/misc.c **** *\*\param   low_power_mode Specifies the new mode for the system to enter low power mode.
 197:../firmware/n32g430_std_periph_driver/src/misc.c **** *\*\        This parameter can be one of the following values:
 198:../firmware/n32g430_std_periph_driver/src/misc.c **** *\*\            - NVIC_LP_SEVONPEND
 199:../firmware/n32g430_std_periph_driver/src/misc.c **** *\*\            - NVIC_LP_SLEEPDEEP
 200:../firmware/n32g430_std_periph_driver/src/misc.c **** *\*\            - NVIC_LP_SLEEPONEXIT
 201:../firmware/n32g430_std_periph_driver/src/misc.c **** *\*\return  none
 202:../firmware/n32g430_std_periph_driver/src/misc.c ****  */
 203:../firmware/n32g430_std_periph_driver/src/misc.c **** void NVIC_System_LowPower_Enable(uint8_t low_power_mode)
 204:../firmware/n32g430_std_periph_driver/src/misc.c **** {
 300              		.loc 1 204 1
 301              		.cfi_startproc
 302              		@ args = 0, pretend = 0, frame = 8
ARM GAS  C:\Users\ZShuai\AppData\Local\Temp\ccZ97io5.s 			page 10


 303              		@ frame_needed = 1, uses_anonymous_args = 0
 304              		@ link register save eliminated.
 305 0000 80B4     		push	{r7}
 306              	.LCFI18:
 307              		.cfi_def_cfa_offset 4
 308              		.cfi_offset 7, -4
 309 0002 83B0     		sub	sp, sp, #12
 310              	.LCFI19:
 311              		.cfi_def_cfa_offset 16
 312 0004 00AF     		add	r7, sp, #0
 313              	.LCFI20:
 314              		.cfi_def_cfa_register 7
 315 0006 0346     		mov	r3, r0
 316 0008 FB71     		strb	r3, [r7, #7]
 205:../firmware/n32g430_std_periph_driver/src/misc.c ****     SCB->SCR |= low_power_mode;
 317              		.loc 1 205 8
 318 000a 064B     		ldr	r3, .L14
 319 000c 1A69     		ldr	r2, [r3, #16]
 320              		.loc 1 205 14
 321 000e FB79     		ldrb	r3, [r7, #7]	@ zero_extendqisi2
 322              		.loc 1 205 8
 323 0010 0449     		ldr	r1, .L14
 324              		.loc 1 205 14
 325 0012 1343     		orrs	r3, r3, r2
 326 0014 0B61     		str	r3, [r1, #16]
 206:../firmware/n32g430_std_periph_driver/src/misc.c **** }
 327              		.loc 1 206 1
 328 0016 00BF     		nop
 329 0018 0C37     		adds	r7, r7, #12
 330              	.LCFI21:
 331              		.cfi_def_cfa_offset 4
 332 001a BD46     		mov	sp, r7
 333              	.LCFI22:
 334              		.cfi_def_cfa_register 13
 335              		@ sp needed
 336 001c 5DF8047B 		ldr	r7, [sp], #4
 337              	.LCFI23:
 338              		.cfi_restore 7
 339              		.cfi_def_cfa_offset 0
 340 0020 7047     		bx	lr
 341              	.L15:
 342 0022 00BF     		.align	2
 343              	.L14:
 344 0024 00ED00E0 		.word	-536810240
 345              		.cfi_endproc
 346              	.LFE133:
 348              		.section	.text.NVIC_System_Low_Power_Disable,"ax",%progbits
 349              		.align	1
 350              		.global	NVIC_System_Low_Power_Disable
 351              		.syntax unified
 352              		.thumb
 353              		.thumb_func
 355              	NVIC_System_Low_Power_Disable:
 356              	.LFB134:
 207:../firmware/n32g430_std_periph_driver/src/misc.c **** 
 208:../firmware/n32g430_std_periph_driver/src/misc.c **** /**
 209:../firmware/n32g430_std_periph_driver/src/misc.c **** *\*\name    NVIC_System_Low_Power_Disable
ARM GAS  C:\Users\ZShuai\AppData\Local\Temp\ccZ97io5.s 			page 11


 210:../firmware/n32g430_std_periph_driver/src/misc.c **** *\*\fun     Selects the condition for the system to enter low power mode.
 211:../firmware/n32g430_std_periph_driver/src/misc.c **** *\*\param   low_power_mode :
 212:../firmware/n32g430_std_periph_driver/src/misc.c **** *\*\            - NVIC_LP_SEVONPEND
 213:../firmware/n32g430_std_periph_driver/src/misc.c **** *\*\            - NVIC_LP_SLEEPDEEP
 214:../firmware/n32g430_std_periph_driver/src/misc.c **** *\*\            - NVIC_LP_SLEEPONEXIT
 215:../firmware/n32g430_std_periph_driver/src/misc.c **** *\*\return  none
 216:../firmware/n32g430_std_periph_driver/src/misc.c ****  */
 217:../firmware/n32g430_std_periph_driver/src/misc.c **** void NVIC_System_Low_Power_Disable(uint8_t low_power_mode)
 218:../firmware/n32g430_std_periph_driver/src/misc.c **** {
 357              		.loc 1 218 1
 358              		.cfi_startproc
 359              		@ args = 0, pretend = 0, frame = 8
 360              		@ frame_needed = 1, uses_anonymous_args = 0
 361              		@ link register save eliminated.
 362 0000 80B4     		push	{r7}
 363              	.LCFI24:
 364              		.cfi_def_cfa_offset 4
 365              		.cfi_offset 7, -4
 366 0002 83B0     		sub	sp, sp, #12
 367              	.LCFI25:
 368              		.cfi_def_cfa_offset 16
 369 0004 00AF     		add	r7, sp, #0
 370              	.LCFI26:
 371              		.cfi_def_cfa_register 7
 372 0006 0346     		mov	r3, r0
 373 0008 FB71     		strb	r3, [r7, #7]
 219:../firmware/n32g430_std_periph_driver/src/misc.c ****     SCB->SCR &= (uint32_t)(~(uint32_t)low_power_mode);
 374              		.loc 1 219 8
 375 000a 064B     		ldr	r3, .L17
 376 000c 1A69     		ldr	r2, [r3, #16]
 377              		.loc 1 219 29
 378 000e FB79     		ldrb	r3, [r7, #7]	@ zero_extendqisi2
 379              		.loc 1 219 17
 380 0010 DB43     		mvns	r3, r3
 381              		.loc 1 219 8
 382 0012 0449     		ldr	r1, .L17
 383              		.loc 1 219 14
 384 0014 1340     		ands	r3, r3, r2
 385 0016 0B61     		str	r3, [r1, #16]
 220:../firmware/n32g430_std_periph_driver/src/misc.c **** }
 386              		.loc 1 220 1
 387 0018 00BF     		nop
 388 001a 0C37     		adds	r7, r7, #12
 389              	.LCFI27:
 390              		.cfi_def_cfa_offset 4
 391 001c BD46     		mov	sp, r7
 392              	.LCFI28:
 393              		.cfi_def_cfa_register 13
 394              		@ sp needed
 395 001e 5DF8047B 		ldr	r7, [sp], #4
 396              	.LCFI29:
 397              		.cfi_restore 7
 398              		.cfi_def_cfa_offset 0
 399 0022 7047     		bx	lr
 400              	.L18:
 401              		.align	2
 402              	.L17:
ARM GAS  C:\Users\ZShuai\AppData\Local\Temp\ccZ97io5.s 			page 12


 403 0024 00ED00E0 		.word	-536810240
 404              		.cfi_endproc
 405              	.LFE134:
 407              		.section	.text.SysTick_Clock_Source_Set,"ax",%progbits
 408              		.align	1
 409              		.global	SysTick_Clock_Source_Set
 410              		.syntax unified
 411              		.thumb
 412              		.thumb_func
 414              	SysTick_Clock_Source_Set:
 415              	.LFB135:
 221:../firmware/n32g430_std_periph_driver/src/misc.c **** 
 222:../firmware/n32g430_std_periph_driver/src/misc.c **** /**
 223:../firmware/n32g430_std_periph_driver/src/misc.c **** *\*\name  SysTick_Clock_Source_Set
 224:../firmware/n32g430_std_periph_driver/src/misc.c **** *\*\fun   Configures the SysTick clock source.
 225:../firmware/n32g430_std_periph_driver/src/misc.c **** *\*\param systick_clock_source :
 226:../firmware/n32g430_std_periph_driver/src/misc.c **** *\*\       - SYSTICK_CLKSOURCE_HCLK_DIV8    External clock selected as SysTick clock source.
 227:../firmware/n32g430_std_periph_driver/src/misc.c **** *\*\       - SYSTICK_CLKSOURCE_HCLK         AHB clock selected as SysTick clock source.
 228:../firmware/n32g430_std_periph_driver/src/misc.c **** *\*\return  none
 229:../firmware/n32g430_std_periph_driver/src/misc.c ****  */
 230:../firmware/n32g430_std_periph_driver/src/misc.c **** void SysTick_Clock_Source_Set(uint32_t systick_clock_source)
 231:../firmware/n32g430_std_periph_driver/src/misc.c **** {
 416              		.loc 1 231 1
 417              		.cfi_startproc
 418              		@ args = 0, pretend = 0, frame = 8
 419              		@ frame_needed = 1, uses_anonymous_args = 0
 420              		@ link register save eliminated.
 421 0000 80B4     		push	{r7}
 422              	.LCFI30:
 423              		.cfi_def_cfa_offset 4
 424              		.cfi_offset 7, -4
 425 0002 83B0     		sub	sp, sp, #12
 426              	.LCFI31:
 427              		.cfi_def_cfa_offset 16
 428 0004 00AF     		add	r7, sp, #0
 429              	.LCFI32:
 430              		.cfi_def_cfa_register 7
 431 0006 7860     		str	r0, [r7, #4]
 232:../firmware/n32g430_std_periph_driver/src/misc.c ****     if (systick_clock_source == SYSTICK_CLKSOURCE_HCLK)
 432              		.loc 1 232 8
 433 0008 7B68     		ldr	r3, [r7, #4]
 434 000a 042B     		cmp	r3, #4
 435 000c 06D1     		bne	.L20
 233:../firmware/n32g430_std_periph_driver/src/misc.c ****     {
 234:../firmware/n32g430_std_periph_driver/src/misc.c ****         SysTick->CTRL |= SYSTICK_CLKSOURCE_HCLK;
 436              		.loc 1 234 16
 437 000e 094B     		ldr	r3, .L23
 438 0010 1B68     		ldr	r3, [r3]
 439 0012 084A     		ldr	r2, .L23
 440              		.loc 1 234 23
 441 0014 43F00403 		orr	r3, r3, #4
 442 0018 1360     		str	r3, [r2]
 235:../firmware/n32g430_std_periph_driver/src/misc.c ****     }
 236:../firmware/n32g430_std_periph_driver/src/misc.c ****     else
 237:../firmware/n32g430_std_periph_driver/src/misc.c ****     {
 238:../firmware/n32g430_std_periph_driver/src/misc.c ****         SysTick->CTRL &= SYSTICK_CLKSOURCE_HCLK_DIV8;
 239:../firmware/n32g430_std_periph_driver/src/misc.c ****     }
ARM GAS  C:\Users\ZShuai\AppData\Local\Temp\ccZ97io5.s 			page 13


 240:../firmware/n32g430_std_periph_driver/src/misc.c **** }
 443              		.loc 1 240 1
 444 001a 05E0     		b	.L22
 445              	.L20:
 238:../firmware/n32g430_std_periph_driver/src/misc.c ****     }
 446              		.loc 1 238 16
 447 001c 054B     		ldr	r3, .L23
 448 001e 1B68     		ldr	r3, [r3]
 449 0020 044A     		ldr	r2, .L23
 238:../firmware/n32g430_std_periph_driver/src/misc.c ****     }
 450              		.loc 1 238 23
 451 0022 23F00403 		bic	r3, r3, #4
 452 0026 1360     		str	r3, [r2]
 453              	.L22:
 454              		.loc 1 240 1
 455 0028 00BF     		nop
 456 002a 0C37     		adds	r7, r7, #12
 457              	.LCFI33:
 458              		.cfi_def_cfa_offset 4
 459 002c BD46     		mov	sp, r7
 460              	.LCFI34:
 461              		.cfi_def_cfa_register 13
 462              		@ sp needed
 463 002e 5DF8047B 		ldr	r7, [sp], #4
 464              	.LCFI35:
 465              		.cfi_restore 7
 466              		.cfi_def_cfa_offset 0
 467 0032 7047     		bx	lr
 468              	.L24:
 469              		.align	2
 470              	.L23:
 471 0034 10E000E0 		.word	-536813552
 472              		.cfi_endproc
 473              	.LFE135:
 475              		.text
 476              	.Letext0:
 477              		.file 2 "d:\\program files (x86)\\arm gnu toolchain arm-none-eabi\\12.3 rel1\\arm-none-eabi\\inclu
 478              		.file 3 "d:\\program files (x86)\\arm gnu toolchain arm-none-eabi\\12.3 rel1\\arm-none-eabi\\inclu
 479              		.file 4 "../firmware/CMSIS/core/core_cm4.h"
 480              		.file 5 "../firmware/CMSIS/device/n32g430.h"
 481              		.file 6 "../firmware/n32g430_std_periph_driver/inc/misc.h"
ARM GAS  C:\Users\ZShuai\AppData\Local\Temp\ccZ97io5.s 			page 14


DEFINED SYMBOLS
                            *ABS*:00000000 misc.c
C:\Users\ZShuai\AppData\Local\Temp\ccZ97io5.s:21     .text.NVIC_Priority_Group_Set:00000000 $t
C:\Users\ZShuai\AppData\Local\Temp\ccZ97io5.s:27     .text.NVIC_Priority_Group_Set:00000000 NVIC_Priority_Group_Set
C:\Users\ZShuai\AppData\Local\Temp\ccZ97io5.s:70     .text.NVIC_Priority_Group_Set:00000024 $d
C:\Users\ZShuai\AppData\Local\Temp\ccZ97io5.s:75     .text.NVIC_Initializes:00000000 $t
C:\Users\ZShuai\AppData\Local\Temp\ccZ97io5.s:81     .text.NVIC_Initializes:00000000 NVIC_Initializes
C:\Users\ZShuai\AppData\Local\Temp\ccZ97io5.s:228    .text.NVIC_Initializes:000000c0 $d
C:\Users\ZShuai\AppData\Local\Temp\ccZ97io5.s:234    .text.NVIC_Vector_Table_Set:00000000 $t
C:\Users\ZShuai\AppData\Local\Temp\ccZ97io5.s:240    .text.NVIC_Vector_Table_Set:00000000 NVIC_Vector_Table_Set
C:\Users\ZShuai\AppData\Local\Temp\ccZ97io5.s:287    .text.NVIC_Vector_Table_Set:00000028 $d
C:\Users\ZShuai\AppData\Local\Temp\ccZ97io5.s:292    .text.NVIC_System_LowPower_Enable:00000000 $t
C:\Users\ZShuai\AppData\Local\Temp\ccZ97io5.s:298    .text.NVIC_System_LowPower_Enable:00000000 NVIC_System_LowPower_Enable
C:\Users\ZShuai\AppData\Local\Temp\ccZ97io5.s:344    .text.NVIC_System_LowPower_Enable:00000024 $d
C:\Users\ZShuai\AppData\Local\Temp\ccZ97io5.s:349    .text.NVIC_System_Low_Power_Disable:00000000 $t
C:\Users\ZShuai\AppData\Local\Temp\ccZ97io5.s:355    .text.NVIC_System_Low_Power_Disable:00000000 NVIC_System_Low_Power_Disable
C:\Users\ZShuai\AppData\Local\Temp\ccZ97io5.s:403    .text.NVIC_System_Low_Power_Disable:00000024 $d
C:\Users\ZShuai\AppData\Local\Temp\ccZ97io5.s:408    .text.SysTick_Clock_Source_Set:00000000 $t
C:\Users\ZShuai\AppData\Local\Temp\ccZ97io5.s:414    .text.SysTick_Clock_Source_Set:00000000 SysTick_Clock_Source_Set
C:\Users\ZShuai\AppData\Local\Temp\ccZ97io5.s:471    .text.SysTick_Clock_Source_Set:00000034 $d

NO UNDEFINED SYMBOLS
