ARM GAS  C:\Users\ZShuai\AppData\Local\Temp\ccbnyO9e.s 			page 1


   1              		.cpu cortex-m4
   2              		.arch armv7e-m
   3              		.fpu fpv4-sp-d16
   4              		.eabi_attribute 27, 1
   5              		.eabi_attribute 28, 1
   6              		.eabi_attribute 20, 1
   7              		.eabi_attribute 21, 1
   8              		.eabi_attribute 23, 3
   9              		.eabi_attribute 24, 1
  10              		.eabi_attribute 25, 1
  11              		.eabi_attribute 26, 1
  12              		.eabi_attribute 30, 6
  13              		.eabi_attribute 34, 1
  14              		.eabi_attribute 18, 4
  15              		.file	"n32g430_it.c"
  16              		.text
  17              	.Ltext0:
  18              		.cfi_sections	.debug_frame
  19              		.file 1 "../User/n32g430_it.c"
  20              		.global	injected_adc_volt
  21              		.section	.bss.injected_adc_volt,"aw",%nobits
  22              		.align	2
  25              	injected_adc_volt:
  26 0000 00000000 		.space	6
  26      0000
  27              		.global	channel_u
  28              		.section	.bss.channel_u,"aw",%nobits
  31              	channel_u:
  32 0000 00       		.space	1
  33              		.global	channel_v
  34              		.section	.bss.channel_v,"aw",%nobits
  37              	channel_v:
  38 0000 00       		.space	1
  39              		.global	channel_w
  40              		.section	.bss.channel_w,"aw",%nobits
  43              	channel_w:
  44 0000 00       		.space	1
  45              		.section	.text.NMI_Handler,"ax",%progbits
  46              		.align	1
  47              		.global	NMI_Handler
  48              		.syntax unified
  49              		.thumb
  50              		.thumb_func
  52              	NMI_Handler:
  53              	.LFB130:
   1:../User/n32g430_it.c **** /*****************************************************************************
   2:../User/n32g430_it.c ****  * Copyright (c) 2019, Nations Technologies Inc.
   3:../User/n32g430_it.c ****  *
   4:../User/n32g430_it.c ****  * All rights reserved.
   5:../User/n32g430_it.c ****  * ****************************************************************************
   6:../User/n32g430_it.c ****  *
   7:../User/n32g430_it.c ****  * Redistribution and use in source and binary forms, with or without
   8:../User/n32g430_it.c ****  * modification, are permitted provided that the following conditions are met:
   9:../User/n32g430_it.c ****  *
  10:../User/n32g430_it.c ****  * - Redistributions of source code must retain the above copyright notice,
  11:../User/n32g430_it.c ****  * this list of conditions and the disclaimer below.
  12:../User/n32g430_it.c ****  *
ARM GAS  C:\Users\ZShuai\AppData\Local\Temp\ccbnyO9e.s 			page 2


  13:../User/n32g430_it.c ****  * Nations' name may not be used to endorse or promote products derived from
  14:../User/n32g430_it.c ****  * this software without specific prior written permission.
  15:../User/n32g430_it.c ****  *
  16:../User/n32g430_it.c ****  * DISCLAIMER: THIS SOFTWARE IS PROVIDED BY NATIONS "AS IS" AND ANY EXPRESS OR
  17:../User/n32g430_it.c ****  * IMPLIED WARRANTIES, INCLUDING, BUT NOT LIMITED TO, THE IMPLIED WARRANTIES OF
  18:../User/n32g430_it.c ****  * MERCHANTABILITY, FITNESS FOR A PARTICULAR PURPOSE AND NON-INFRINGEMENT ARE
  19:../User/n32g430_it.c ****  * DISCLAIMED. IN NO EVENT SHALL NATIONS BE LIABLE FOR ANY DIRECT, INDIRECT,
  20:../User/n32g430_it.c ****  * INCIDENTAL, SPECIAL, EXEMPLARY, OR CONSEQUENTIAL DAMAGES (INCLUDING, BUT NOT
  21:../User/n32g430_it.c ****  * LIMITED TO, PROCUREMENT OF SUBSTITUTE GOODS OR SERVICES; LOSS OF USE, DATA,
  22:../User/n32g430_it.c ****  * OR PROFITS; OR BUSINESS INTERRUPTION) HOWEVER CAUSED AND ON ANY THEORY OF
  23:../User/n32g430_it.c ****  * LIABILITY, WHETHER IN CONTRACT, STRICT LIABILITY, OR TORT (INCLUDING
  24:../User/n32g430_it.c ****  * NEGLIGENCE OR OTHERWISE) ARISING IN ANY WAY OUT OF THE USE OF THIS SOFTWARE,
  25:../User/n32g430_it.c ****  * EVEN IF ADVISED OF THE POSSIBILITY OF SUCH DAMAGE.
  26:../User/n32g430_it.c ****  * ****************************************************************************/
  27:../User/n32g430_it.c **** 
  28:../User/n32g430_it.c **** /**
  29:../User/n32g430_it.c ****  *\*\file n32g430_it.c
  30:../User/n32g430_it.c ****  *\*\author Nations
  31:../User/n32g430_it.c ****  *\*\version v1.0.0
  32:../User/n32g430_it.c ****  *\*\copyright Copyright (c) 2019, Nations Technologies Inc. All rights reserved.
  33:../User/n32g430_it.c ****  **/
  34:../User/n32g430_it.c **** 
  35:../User/n32g430_it.c **** #include "n32g430.h"
  36:../User/n32g430_it.c **** #include "n32g430_it.h"
  37:../User/n32g430_it.c **** 
  38:../User/n32g430_it.c **** __IO uint16_t injected_adc_volt[3];
  39:../User/n32g430_it.c **** __IO uint8_t channel_u = 0, channel_v = 0, channel_w = 0;
  40:../User/n32g430_it.c **** 
  41:../User/n32g430_it.c **** extern void TimingDelay_Decrement(void);
  42:../User/n32g430_it.c **** /** Cortex-M4 Processor Exceptions Handlers **/
  43:../User/n32g430_it.c **** 
  44:../User/n32g430_it.c **** /**
  45:../User/n32g430_it.c ****  *\*\name    NMI_Handler.
  46:../User/n32g430_it.c ****  *\*\fun     This function handles NMI exception.
  47:../User/n32g430_it.c ****  *\*\param   none
  48:../User/n32g430_it.c ****  *\*\return  none
  49:../User/n32g430_it.c ****  **/
  50:../User/n32g430_it.c **** void NMI_Handler(void)
  51:../User/n32g430_it.c **** {
  54              		.loc 1 51 1
  55              		.cfi_startproc
  56              		@ args = 0, pretend = 0, frame = 0
  57              		@ frame_needed = 1, uses_anonymous_args = 0
  58              		@ link register save eliminated.
  59 0000 80B4     		push	{r7}
  60              	.LCFI0:
  61              		.cfi_def_cfa_offset 4
  62              		.cfi_offset 7, -4
  63 0002 00AF     		add	r7, sp, #0
  64              	.LCFI1:
  65              		.cfi_def_cfa_register 7
  52:../User/n32g430_it.c **** }
  66              		.loc 1 52 1
  67 0004 00BF     		nop
  68 0006 BD46     		mov	sp, r7
  69              	.LCFI2:
  70              		.cfi_def_cfa_register 13
ARM GAS  C:\Users\ZShuai\AppData\Local\Temp\ccbnyO9e.s 			page 3


  71              		@ sp needed
  72 0008 5DF8047B 		ldr	r7, [sp], #4
  73              	.LCFI3:
  74              		.cfi_restore 7
  75              		.cfi_def_cfa_offset 0
  76 000c 7047     		bx	lr
  77              		.cfi_endproc
  78              	.LFE130:
  80              		.section	.text.HardFault_Handler,"ax",%progbits
  81              		.align	1
  82              		.global	HardFault_Handler
  83              		.syntax unified
  84              		.thumb
  85              		.thumb_func
  87              	HardFault_Handler:
  88              	.LFB131:
  53:../User/n32g430_it.c **** 
  54:../User/n32g430_it.c **** /**
  55:../User/n32g430_it.c ****  *\*\name    HardFault_Handler.
  56:../User/n32g430_it.c ****  *\*\fun     This function handles Hard Fault exception.
  57:../User/n32g430_it.c ****  *\*\param   none
  58:../User/n32g430_it.c ****  *\*\return  none
  59:../User/n32g430_it.c ****  **/
  60:../User/n32g430_it.c **** void HardFault_Handler(void)
  61:../User/n32g430_it.c **** {
  89              		.loc 1 61 1
  90              		.cfi_startproc
  91              		@ args = 0, pretend = 0, frame = 0
  92              		@ frame_needed = 1, uses_anonymous_args = 0
  93              		@ link register save eliminated.
  94 0000 80B4     		push	{r7}
  95              	.LCFI4:
  96              		.cfi_def_cfa_offset 4
  97              		.cfi_offset 7, -4
  98 0002 00AF     		add	r7, sp, #0
  99              	.LCFI5:
 100              		.cfi_def_cfa_register 7
 101              	.L3:
  62:../User/n32g430_it.c **** 	/* Go to infinite loop when Hard Fault exception occurs */
  63:../User/n32g430_it.c **** 	while (1)
 102              		.loc 1 63 8 discriminator 1
 103 0004 00BF     		nop
 104 0006 FDE7     		b	.L3
 105              		.cfi_endproc
 106              	.LFE131:
 108              		.section	.text.MemManage_Handler,"ax",%progbits
 109              		.align	1
 110              		.global	MemManage_Handler
 111              		.syntax unified
 112              		.thumb
 113              		.thumb_func
 115              	MemManage_Handler:
 116              	.LFB132:
  64:../User/n32g430_it.c **** 	{
  65:../User/n32g430_it.c **** 	}
  66:../User/n32g430_it.c **** }
  67:../User/n32g430_it.c **** 
ARM GAS  C:\Users\ZShuai\AppData\Local\Temp\ccbnyO9e.s 			page 4


  68:../User/n32g430_it.c **** /**
  69:../User/n32g430_it.c ****  *\*\name    MemManage_Handler.
  70:../User/n32g430_it.c ****  *\*\fun     This function handles Memory Manage exception.
  71:../User/n32g430_it.c ****  *\*\param   none
  72:../User/n32g430_it.c ****  *\*\return  none
  73:../User/n32g430_it.c ****  **/
  74:../User/n32g430_it.c **** void MemManage_Handler(void)
  75:../User/n32g430_it.c **** {
 117              		.loc 1 75 1
 118              		.cfi_startproc
 119              		@ args = 0, pretend = 0, frame = 0
 120              		@ frame_needed = 1, uses_anonymous_args = 0
 121              		@ link register save eliminated.
 122 0000 80B4     		push	{r7}
 123              	.LCFI6:
 124              		.cfi_def_cfa_offset 4
 125              		.cfi_offset 7, -4
 126 0002 00AF     		add	r7, sp, #0
 127              	.LCFI7:
 128              		.cfi_def_cfa_register 7
 129              	.L5:
  76:../User/n32g430_it.c **** 	/* Go to infinite loop when Memory Manage exception occurs */
  77:../User/n32g430_it.c **** 	while (1)
 130              		.loc 1 77 8 discriminator 1
 131 0004 00BF     		nop
 132 0006 FDE7     		b	.L5
 133              		.cfi_endproc
 134              	.LFE132:
 136              		.section	.text.BusFault_Handler,"ax",%progbits
 137              		.align	1
 138              		.global	BusFault_Handler
 139              		.syntax unified
 140              		.thumb
 141              		.thumb_func
 143              	BusFault_Handler:
 144              	.LFB133:
  78:../User/n32g430_it.c **** 	{
  79:../User/n32g430_it.c **** 	}
  80:../User/n32g430_it.c **** }
  81:../User/n32g430_it.c **** 
  82:../User/n32g430_it.c **** /**
  83:../User/n32g430_it.c ****  *\*\name    BusFault_Handler.
  84:../User/n32g430_it.c ****  *\*\fun     This function handles Bus Fault exception.
  85:../User/n32g430_it.c ****  *\*\param   none
  86:../User/n32g430_it.c ****  *\*\return  none
  87:../User/n32g430_it.c ****  **/
  88:../User/n32g430_it.c **** void BusFault_Handler(void)
  89:../User/n32g430_it.c **** {
 145              		.loc 1 89 1
 146              		.cfi_startproc
 147              		@ args = 0, pretend = 0, frame = 0
 148              		@ frame_needed = 1, uses_anonymous_args = 0
 149              		@ link register save eliminated.
 150 0000 80B4     		push	{r7}
 151              	.LCFI8:
 152              		.cfi_def_cfa_offset 4
 153              		.cfi_offset 7, -4
ARM GAS  C:\Users\ZShuai\AppData\Local\Temp\ccbnyO9e.s 			page 5


 154 0002 00AF     		add	r7, sp, #0
 155              	.LCFI9:
 156              		.cfi_def_cfa_register 7
 157              	.L7:
  90:../User/n32g430_it.c **** 	/* Go to infinite loop when Bus Fault exception occurs */
  91:../User/n32g430_it.c **** 	while (1)
 158              		.loc 1 91 8 discriminator 1
 159 0004 00BF     		nop
 160 0006 FDE7     		b	.L7
 161              		.cfi_endproc
 162              	.LFE133:
 164              		.section	.text.UsageFault_Handler,"ax",%progbits
 165              		.align	1
 166              		.global	UsageFault_Handler
 167              		.syntax unified
 168              		.thumb
 169              		.thumb_func
 171              	UsageFault_Handler:
 172              	.LFB134:
  92:../User/n32g430_it.c **** 	{
  93:../User/n32g430_it.c **** 	}
  94:../User/n32g430_it.c **** }
  95:../User/n32g430_it.c **** 
  96:../User/n32g430_it.c **** /**
  97:../User/n32g430_it.c ****  *\*\name    UsageFault_Handler.
  98:../User/n32g430_it.c ****  *\*\fun     This function handles Usage Fault exception.
  99:../User/n32g430_it.c ****  *\*\param   none
 100:../User/n32g430_it.c ****  *\*\return  none
 101:../User/n32g430_it.c ****  **/
 102:../User/n32g430_it.c **** void UsageFault_Handler(void)
 103:../User/n32g430_it.c **** {
 173              		.loc 1 103 1
 174              		.cfi_startproc
 175              		@ args = 0, pretend = 0, frame = 0
 176              		@ frame_needed = 1, uses_anonymous_args = 0
 177              		@ link register save eliminated.
 178 0000 80B4     		push	{r7}
 179              	.LCFI10:
 180              		.cfi_def_cfa_offset 4
 181              		.cfi_offset 7, -4
 182 0002 00AF     		add	r7, sp, #0
 183              	.LCFI11:
 184              		.cfi_def_cfa_register 7
 185              	.L9:
 104:../User/n32g430_it.c **** 	/* Go to infinite loop when Usage Fault exception occurs */
 105:../User/n32g430_it.c **** 	while (1)
 186              		.loc 1 105 8 discriminator 1
 187 0004 00BF     		nop
 188 0006 FDE7     		b	.L9
 189              		.cfi_endproc
 190              	.LFE134:
 192              		.section	.text.SVC_Handler,"ax",%progbits
 193              		.align	1
 194              		.global	SVC_Handler
 195              		.syntax unified
 196              		.thumb
 197              		.thumb_func
ARM GAS  C:\Users\ZShuai\AppData\Local\Temp\ccbnyO9e.s 			page 6


 199              	SVC_Handler:
 200              	.LFB135:
 106:../User/n32g430_it.c **** 	{
 107:../User/n32g430_it.c **** 	}
 108:../User/n32g430_it.c **** }
 109:../User/n32g430_it.c **** 
 110:../User/n32g430_it.c **** /**
 111:../User/n32g430_it.c ****  *\*\name    SVC_Handler.
 112:../User/n32g430_it.c ****  *\*\fun     This function handles SVCall exception.
 113:../User/n32g430_it.c ****  *\*\param   none
 114:../User/n32g430_it.c ****  *\*\return  none
 115:../User/n32g430_it.c ****  **/
 116:../User/n32g430_it.c **** void SVC_Handler(void)
 117:../User/n32g430_it.c **** {
 201              		.loc 1 117 1
 202              		.cfi_startproc
 203              		@ args = 0, pretend = 0, frame = 0
 204              		@ frame_needed = 1, uses_anonymous_args = 0
 205              		@ link register save eliminated.
 206 0000 80B4     		push	{r7}
 207              	.LCFI12:
 208              		.cfi_def_cfa_offset 4
 209              		.cfi_offset 7, -4
 210 0002 00AF     		add	r7, sp, #0
 211              	.LCFI13:
 212              		.cfi_def_cfa_register 7
 118:../User/n32g430_it.c **** }
 213              		.loc 1 118 1
 214 0004 00BF     		nop
 215 0006 BD46     		mov	sp, r7
 216              	.LCFI14:
 217              		.cfi_def_cfa_register 13
 218              		@ sp needed
 219 0008 5DF8047B 		ldr	r7, [sp], #4
 220              	.LCFI15:
 221              		.cfi_restore 7
 222              		.cfi_def_cfa_offset 0
 223 000c 7047     		bx	lr
 224              		.cfi_endproc
 225              	.LFE135:
 227              		.section	.text.DebugMon_Handler,"ax",%progbits
 228              		.align	1
 229              		.global	DebugMon_Handler
 230              		.syntax unified
 231              		.thumb
 232              		.thumb_func
 234              	DebugMon_Handler:
 235              	.LFB136:
 119:../User/n32g430_it.c **** 
 120:../User/n32g430_it.c **** /**
 121:../User/n32g430_it.c ****  *\*\name    DebugMon_Handler.
 122:../User/n32g430_it.c ****  *\*\fun     This function handles Debug Monitor exception.
 123:../User/n32g430_it.c ****  *\*\param   none
 124:../User/n32g430_it.c ****  *\*\return  none
 125:../User/n32g430_it.c ****  **/
 126:../User/n32g430_it.c **** void DebugMon_Handler(void)
 127:../User/n32g430_it.c **** {
ARM GAS  C:\Users\ZShuai\AppData\Local\Temp\ccbnyO9e.s 			page 7


 236              		.loc 1 127 1
 237              		.cfi_startproc
 238              		@ args = 0, pretend = 0, frame = 0
 239              		@ frame_needed = 1, uses_anonymous_args = 0
 240              		@ link register save eliminated.
 241 0000 80B4     		push	{r7}
 242              	.LCFI16:
 243              		.cfi_def_cfa_offset 4
 244              		.cfi_offset 7, -4
 245 0002 00AF     		add	r7, sp, #0
 246              	.LCFI17:
 247              		.cfi_def_cfa_register 7
 128:../User/n32g430_it.c **** }
 248              		.loc 1 128 1
 249 0004 00BF     		nop
 250 0006 BD46     		mov	sp, r7
 251              	.LCFI18:
 252              		.cfi_def_cfa_register 13
 253              		@ sp needed
 254 0008 5DF8047B 		ldr	r7, [sp], #4
 255              	.LCFI19:
 256              		.cfi_restore 7
 257              		.cfi_def_cfa_offset 0
 258 000c 7047     		bx	lr
 259              		.cfi_endproc
 260              	.LFE136:
 262              		.section	.text.SysTick_Handler,"ax",%progbits
 263              		.align	1
 264              		.global	SysTick_Handler
 265              		.syntax unified
 266              		.thumb
 267              		.thumb_func
 269              	SysTick_Handler:
 270              	.LFB137:
 129:../User/n32g430_it.c **** 
 130:../User/n32g430_it.c **** /**
 131:../User/n32g430_it.c ****  *\*\name    SysTick_Handler.
 132:../User/n32g430_it.c ****  *\*\fun     This function handles SysTick Handler.
 133:../User/n32g430_it.c ****  *\*\param   none
 134:../User/n32g430_it.c ****  *\*\return  none
 135:../User/n32g430_it.c ****  **/
 136:../User/n32g430_it.c **** void SysTick_Handler(void)
 137:../User/n32g430_it.c **** {
 271              		.loc 1 137 1
 272              		.cfi_startproc
 273              		@ args = 0, pretend = 0, frame = 0
 274              		@ frame_needed = 1, uses_anonymous_args = 0
 275 0000 80B5     		push	{r7, lr}
 276              	.LCFI20:
 277              		.cfi_def_cfa_offset 8
 278              		.cfi_offset 7, -8
 279              		.cfi_offset 14, -4
 280 0002 00AF     		add	r7, sp, #0
 281              	.LCFI21:
 282              		.cfi_def_cfa_register 7
 138:../User/n32g430_it.c **** 	TimingDelay_Decrement();
 283              		.loc 1 138 2
ARM GAS  C:\Users\ZShuai\AppData\Local\Temp\ccbnyO9e.s 			page 8


 284 0004 FFF7FEFF 		bl	TimingDelay_Decrement
 139:../User/n32g430_it.c **** }
 285              		.loc 1 139 1
 286 0008 00BF     		nop
 287 000a 80BD     		pop	{r7, pc}
 288              		.cfi_endproc
 289              	.LFE137:
 291              		.section	.text.TIM1_BRK_IRQHandler,"ax",%progbits
 292              		.align	1
 293              		.global	TIM1_BRK_IRQHandler
 294              		.syntax unified
 295              		.thumb
 296              		.thumb_func
 298              	TIM1_BRK_IRQHandler:
 299              	.LFB138:
 140:../User/n32g430_it.c **** 
 141:../User/n32g430_it.c **** /*************************************************************
 142:../User/n32g430_it.c ****  * 定时器1 刹车中断 比较器过流导致
 143:../User/n32g430_it.c ****  *************************************************************/
 144:../User/n32g430_it.c **** void TIM1_BRK_IRQHandler(void)
 145:../User/n32g430_it.c **** {
 300              		.loc 1 145 1
 301              		.cfi_startproc
 302              		@ args = 0, pretend = 0, frame = 0
 303              		@ frame_needed = 1, uses_anonymous_args = 0
 304 0000 80B5     		push	{r7, lr}
 305              	.LCFI22:
 306              		.cfi_def_cfa_offset 8
 307              		.cfi_offset 7, -8
 308              		.cfi_offset 14, -4
 309 0002 00AF     		add	r7, sp, #0
 310              	.LCFI23:
 311              		.cfi_def_cfa_register 7
 146:../User/n32g430_it.c **** 	if (TIM_Interrupt_Status_Get(TIM1, TIM_STS_BITF) != RESET)
 312              		.loc 1 146 6
 313 0004 8021     		movs	r1, #128
 314 0006 0848     		ldr	r0, .L16
 315 0008 FFF7FEFF 		bl	TIM_Interrupt_Status_Get
 316 000c 0346     		mov	r3, r0
 317              		.loc 1 146 5
 318 000e 002B     		cmp	r3, #0
 319 0010 07D0     		beq	.L15
 147:../User/n32g430_it.c **** 	{
 148:../User/n32g430_it.c **** 		TIM_Interrupt_Disable(TIM1, TIM_INT_BREAK); /* 关闭中断 */
 320              		.loc 1 148 3
 321 0012 8021     		movs	r1, #128
 322 0014 0448     		ldr	r0, .L16
 323 0016 FFF7FEFF 		bl	TIM_Interrupt_Disable
 149:../User/n32g430_it.c **** 		TIM_Interrupt_Status_Clear(TIM1, TIM_STS_BITF);
 324              		.loc 1 149 3
 325 001a 8021     		movs	r1, #128
 326 001c 0248     		ldr	r0, .L16
 327 001e FFF7FEFF 		bl	TIM_Interrupt_Status_Clear
 328              	.L15:
 150:../User/n32g430_it.c **** 	}
 151:../User/n32g430_it.c **** }
 329              		.loc 1 151 1
ARM GAS  C:\Users\ZShuai\AppData\Local\Temp\ccbnyO9e.s 			page 9


 330 0022 00BF     		nop
 331 0024 80BD     		pop	{r7, pc}
 332              	.L17:
 333 0026 00BF     		.align	2
 334              	.L16:
 335 0028 002C0140 		.word	1073818624
 336              		.cfi_endproc
 337              	.LFE138:
 339              		.section	.text.TIM1_CC_IRQHandler,"ax",%progbits
 340              		.align	1
 341              		.global	TIM1_CC_IRQHandler
 342              		.syntax unified
 343              		.thumb
 344              		.thumb_func
 346              	TIM1_CC_IRQHandler:
 347              	.LFB139:
 152:../User/n32g430_it.c **** 
 153:../User/n32g430_it.c **** /*************************************************************
 154:../User/n32g430_it.c ****  * 定时器1 CC4比较中断，在最高值-20处触发
 155:../User/n32g430_it.c ****  *************************************************************/
 156:../User/n32g430_it.c **** void TIM1_CC_IRQHandler(void)
 157:../User/n32g430_it.c **** {
 348              		.loc 1 157 1
 349              		.cfi_startproc
 350              		@ args = 0, pretend = 0, frame = 0
 351              		@ frame_needed = 1, uses_anonymous_args = 0
 352 0000 80B5     		push	{r7, lr}
 353              	.LCFI24:
 354              		.cfi_def_cfa_offset 8
 355              		.cfi_offset 7, -8
 356              		.cfi_offset 14, -4
 357 0002 00AF     		add	r7, sp, #0
 358              	.LCFI25:
 359              		.cfi_def_cfa_register 7
 158:../User/n32g430_it.c **** 	if (TIM_Flag_Status_Get(TIM1, TIM_FLAG_CC4))
 360              		.loc 1 158 6
 361 0004 1021     		movs	r1, #16
 362 0006 0648     		ldr	r0, .L21
 363 0008 FFF7FEFF 		bl	TIM_Flag_Status_Get
 364 000c 0346     		mov	r3, r0
 365              		.loc 1 158 5
 366 000e 002B     		cmp	r3, #0
 367 0010 03D0     		beq	.L20
 159:../User/n32g430_it.c **** 	{
 160:../User/n32g430_it.c **** 		/* Clear TIM1 COM pending bit */
 161:../User/n32g430_it.c **** 		TIM_Interrupt_Status_Clear(TIM1, TIM_FLAG_CC4);
 368              		.loc 1 161 3
 369 0012 1021     		movs	r1, #16
 370 0014 0248     		ldr	r0, .L21
 371 0016 FFF7FEFF 		bl	TIM_Interrupt_Status_Clear
 372              	.L20:
 162:../User/n32g430_it.c **** 	}
 163:../User/n32g430_it.c **** }
 373              		.loc 1 163 1
 374 001a 00BF     		nop
 375 001c 80BD     		pop	{r7, pc}
 376              	.L22:
ARM GAS  C:\Users\ZShuai\AppData\Local\Temp\ccbnyO9e.s 			page 10


 377 001e 00BF     		.align	2
 378              	.L21:
 379 0020 002C0140 		.word	1073818624
 380              		.cfi_endproc
 381              	.LFE139:
 383              		.section	.text.TIM2_IRQHandler,"ax",%progbits
 384              		.align	1
 385              		.global	TIM2_IRQHandler
 386              		.syntax unified
 387              		.thumb
 388              		.thumb_func
 390              	TIM2_IRQHandler:
 391              	.LFB140:
 164:../User/n32g430_it.c **** 
 165:../User/n32g430_it.c **** /*************************************************************
 166:../User/n32g430_it.c ****  * 定时器2的更新中断，频率和TIM1同步，即可以处理TIM的中断事务
 167:../User/n32g430_it.c ****  *************************************************************/
 168:../User/n32g430_it.c **** void TIM2_IRQHandler(void)
 169:../User/n32g430_it.c **** {
 392              		.loc 1 169 1
 393              		.cfi_startproc
 394              		@ args = 0, pretend = 0, frame = 0
 395              		@ frame_needed = 1, uses_anonymous_args = 0
 396 0000 80B5     		push	{r7, lr}
 397              	.LCFI26:
 398              		.cfi_def_cfa_offset 8
 399              		.cfi_offset 7, -8
 400              		.cfi_offset 14, -4
 401 0002 00AF     		add	r7, sp, #0
 402              	.LCFI27:
 403              		.cfi_def_cfa_register 7
 170:../User/n32g430_it.c **** 	if (TIM_Flag_Status_Get(TIM2, TIM_FLAG_UPDATE))
 404              		.loc 1 170 6
 405 0004 0121     		movs	r1, #1
 406 0006 4FF08040 		mov	r0, #1073741824
 407 000a FFF7FEFF 		bl	TIM_Flag_Status_Get
 408 000e 0346     		mov	r3, r0
 409              		.loc 1 170 5
 410 0010 002B     		cmp	r3, #0
 411 0012 04D0     		beq	.L25
 171:../User/n32g430_it.c **** 	{
 172:../User/n32g430_it.c **** 		/* Clear TIM1 COM pending bit */
 173:../User/n32g430_it.c **** 		TIM_Interrupt_Status_Clear(TIM2, TIM_FLAG_UPDATE);
 412              		.loc 1 173 3
 413 0014 0121     		movs	r1, #1
 414 0016 4FF08040 		mov	r0, #1073741824
 415 001a FFF7FEFF 		bl	TIM_Interrupt_Status_Clear
 416              	.L25:
 174:../User/n32g430_it.c **** 	}
 175:../User/n32g430_it.c **** }
 417              		.loc 1 175 1
 418 001e 00BF     		nop
 419 0020 80BD     		pop	{r7, pc}
 420              		.cfi_endproc
 421              	.LFE140:
 423              		.section	.text.TIM4_IRQHandler,"ax",%progbits
 424              		.align	1
ARM GAS  C:\Users\ZShuai\AppData\Local\Temp\ccbnyO9e.s 			page 11


 425              		.global	TIM4_IRQHandler
 426              		.syntax unified
 427              		.thumb
 428              		.thumb_func
 430              	TIM4_IRQHandler:
 431              	.LFB141:
 176:../User/n32g430_it.c **** 
 177:../User/n32g430_it.c **** /*************************************************************
 178:../User/n32g430_it.c ****  * 定时器4  计数器定时器中断
 179:../User/n32g430_it.c ****  *************************************************************/
 180:../User/n32g430_it.c **** void TIM4_IRQHandler(void)
 181:../User/n32g430_it.c **** {
 432              		.loc 1 181 1
 433              		.cfi_startproc
 434              		@ args = 0, pretend = 0, frame = 0
 435              		@ frame_needed = 1, uses_anonymous_args = 0
 436 0000 80B5     		push	{r7, lr}
 437              	.LCFI28:
 438              		.cfi_def_cfa_offset 8
 439              		.cfi_offset 7, -8
 440              		.cfi_offset 14, -4
 441 0002 00AF     		add	r7, sp, #0
 442              	.LCFI29:
 443              		.cfi_def_cfa_register 7
 182:../User/n32g430_it.c **** 	if (TIM_Interrupt_Status_Get(TIM4, TIM_INT_UPDATE) != RESET)
 444              		.loc 1 182 6
 445 0004 0121     		movs	r1, #1
 446 0006 0648     		ldr	r0, .L29
 447 0008 FFF7FEFF 		bl	TIM_Interrupt_Status_Get
 448 000c 0346     		mov	r3, r0
 449              		.loc 1 182 5
 450 000e 002B     		cmp	r3, #0
 451 0010 03D0     		beq	.L28
 183:../User/n32g430_it.c **** 	{
 184:../User/n32g430_it.c **** 		TIM_Interrupt_Status_Clear(TIM4, TIM_INT_UPDATE);
 452              		.loc 1 184 3
 453 0012 0121     		movs	r1, #1
 454 0014 0248     		ldr	r0, .L29
 455 0016 FFF7FEFF 		bl	TIM_Interrupt_Status_Clear
 456              	.L28:
 185:../User/n32g430_it.c **** 	}
 186:../User/n32g430_it.c **** }
 457              		.loc 1 186 1
 458 001a 00BF     		nop
 459 001c 80BD     		pop	{r7, pc}
 460              	.L30:
 461 001e 00BF     		.align	2
 462              	.L29:
 463 0020 00080040 		.word	1073743872
 464              		.cfi_endproc
 465              	.LFE141:
 467              		.section	.text.TIM6_IRQHandler,"ax",%progbits
 468              		.align	1
 469              		.global	TIM6_IRQHandler
 470              		.syntax unified
 471              		.thumb
 472              		.thumb_func
ARM GAS  C:\Users\ZShuai\AppData\Local\Temp\ccbnyO9e.s 			page 12


 474              	TIM6_IRQHandler:
 475              	.LFB142:
 187:../User/n32g430_it.c **** 
 188:../User/n32g430_it.c **** /*************************************************************
 189:../User/n32g430_it.c ****  * 定时器6  1Khz中断，测试时规则组ADC放在该中断内触发
 190:../User/n32g430_it.c ****  *************************************************************/
 191:../User/n32g430_it.c **** void TIM6_IRQHandler(void)
 192:../User/n32g430_it.c **** {
 476              		.loc 1 192 1
 477              		.cfi_startproc
 478              		@ args = 0, pretend = 0, frame = 0
 479              		@ frame_needed = 1, uses_anonymous_args = 0
 480 0000 80B5     		push	{r7, lr}
 481              	.LCFI30:
 482              		.cfi_def_cfa_offset 8
 483              		.cfi_offset 7, -8
 484              		.cfi_offset 14, -4
 485 0002 00AF     		add	r7, sp, #0
 486              	.LCFI31:
 487              		.cfi_def_cfa_register 7
 193:../User/n32g430_it.c **** //	static uint8_t time_100ms = 0; // 100ms计时
 194:../User/n32g430_it.c **** 	if (TIM_Interrupt_Status_Get(TIM6, TIM_INT_UPDATE) != RESET)
 488              		.loc 1 194 6
 489 0004 0121     		movs	r1, #1
 490 0006 0848     		ldr	r0, .L34
 491 0008 FFF7FEFF 		bl	TIM_Interrupt_Status_Get
 492 000c 0346     		mov	r3, r0
 493              		.loc 1 194 5
 494 000e 002B     		cmp	r3, #0
 495 0010 07D0     		beq	.L33
 195:../User/n32g430_it.c **** 	{
 196:../User/n32g430_it.c **** 		TIM_Interrupt_Status_Clear(TIM6, TIM_INT_UPDATE);
 496              		.loc 1 196 3
 497 0012 0121     		movs	r1, #1
 498 0014 0448     		ldr	r0, .L34
 499 0016 FFF7FEFF 		bl	TIM_Interrupt_Status_Clear
 197:../User/n32g430_it.c **** 		ADC_Regular_Channels_Software_Conversion_Operation(ADC_EXTRTRIG_SWSTRRCH_ENABLE);
 500              		.loc 1 197 3
 501 001a 4FF4A000 		mov	r0, #5242880
 502 001e FFF7FEFF 		bl	ADC_Regular_Channels_Software_Conversion_Operation
 503              	.L33:
 198:../User/n32g430_it.c **** 		// if (++time_100ms >= 100)
 199:../User/n32g430_it.c **** 		// {
 200:../User/n32g430_it.c **** 		// 	time_100ms = 0;
 201:../User/n32g430_it.c **** 		// 	/*计算转速*/
 202:../User/n32g430_it.c **** 		// 	us_speed = TIM_Base_Count_Get(TIM4);
 203:../User/n32g430_it.c **** 		// 	us_speed *= 10;
 204:../User/n32g430_it.c **** 		// 	TIM_Base_Count_Set(TIM4, 0);
 205:../User/n32g430_it.c **** 		// }
 206:../User/n32g430_it.c **** 	}
 207:../User/n32g430_it.c **** }
 504              		.loc 1 207 1
 505 0022 00BF     		nop
 506 0024 80BD     		pop	{r7, pc}
 507              	.L35:
 508 0026 00BF     		.align	2
 509              	.L34:
ARM GAS  C:\Users\ZShuai\AppData\Local\Temp\ccbnyO9e.s 			page 13


 510 0028 00100040 		.word	1073745920
 511              		.cfi_endproc
 512              	.LFE142:
 514              		.section	.text.ADC_IRQHandler,"ax",%progbits
 515              		.align	1
 516              		.global	ADC_IRQHandler
 517              		.syntax unified
 518              		.thumb
 519              		.thumb_func
 521              	ADC_IRQHandler:
 522              	.LFB143:
 208:../User/n32g430_it.c **** 
 209:../User/n32g430_it.c **** /*************************************************************
 210:../User/n32g430_it.c ****  * ADC中断，注入组采集的数据
 211:../User/n32g430_it.c ****  *************************************************************/
 212:../User/n32g430_it.c **** void ADC_IRQHandler(void)
 213:../User/n32g430_it.c **** {
 523              		.loc 1 213 1
 524              		.cfi_startproc
 525              		@ args = 0, pretend = 0, frame = 0
 526              		@ frame_needed = 1, uses_anonymous_args = 0
 527 0000 98B5     		push	{r3, r4, r7, lr}
 528              	.LCFI32:
 529              		.cfi_def_cfa_offset 16
 530              		.cfi_offset 3, -16
 531              		.cfi_offset 4, -12
 532              		.cfi_offset 7, -8
 533              		.cfi_offset 14, -4
 534 0002 00AF     		add	r7, sp, #0
 535              	.LCFI33:
 536              		.cfi_def_cfa_register 7
 214:../User/n32g430_it.c **** 	if (ADC_INTFlag_Status_Get(ADC_INT_FLAG_JENDC) == SET)
 537              		.loc 1 214 6
 538 0004 0420     		movs	r0, #4
 539 0006 FFF7FEFF 		bl	ADC_INTFlag_Status_Get
 540 000a 0346     		mov	r3, r0
 541              		.loc 1 214 5
 542 000c 012B     		cmp	r3, #1
 543 000e 40F0AD80 		bne	.L37
 215:../User/n32g430_it.c **** 	{
 216:../User/n32g430_it.c **** 		if ((TIM_Compare_Capture7_Get(TIM1) < TIM_Compare_Capture8_Get(TIM1)) && (TIM_Compare_Capture7_Ge
 544              		.loc 1 216 8
 545 0012 5C48     		ldr	r0, .L48
 546 0014 FFF7FEFF 		bl	TIM_Compare_Capture7_Get
 547 0018 0346     		mov	r3, r0
 548 001a 1C46     		mov	r4, r3
 549              		.loc 1 216 41
 550 001c 5948     		ldr	r0, .L48
 551 001e FFF7FEFF 		bl	TIM_Compare_Capture8_Get
 552 0022 0346     		mov	r3, r0
 553              		.loc 1 216 6
 554 0024 9C42     		cmp	r4, r3
 555 0026 26D2     		bcs	.L38
 556              		.loc 1 216 77 discriminator 1
 557 0028 5648     		ldr	r0, .L48
 558 002a FFF7FEFF 		bl	TIM_Compare_Capture7_Get
 559 002e 0346     		mov	r3, r0
ARM GAS  C:\Users\ZShuai\AppData\Local\Temp\ccbnyO9e.s 			page 14


 560 0030 1C46     		mov	r4, r3
 561              		.loc 1 216 110 discriminator 1
 562 0032 5448     		ldr	r0, .L48
 563 0034 FFF7FEFF 		bl	TIM_Compare_Capture9_Get
 564 0038 0346     		mov	r3, r0
 565              		.loc 1 216 73 discriminator 1
 566 003a 9C42     		cmp	r4, r3
 567 003c 1BD2     		bcs	.L38
 217:../User/n32g430_it.c **** 		{
 218:../User/n32g430_it.c **** 			channel_u = 0;
 568              		.loc 1 218 14
 569 003e 524B     		ldr	r3, .L48+4
 570 0040 0022     		movs	r2, #0
 571 0042 1A70     		strb	r2, [r3]
 219:../User/n32g430_it.c **** 			if (TIM_Compare_Capture8_Get(TIM1) < TIM_Compare_Capture9_Get(TIM1))
 572              		.loc 1 219 8
 573 0044 4F48     		ldr	r0, .L48
 574 0046 FFF7FEFF 		bl	TIM_Compare_Capture8_Get
 575 004a 0346     		mov	r3, r0
 576 004c 1C46     		mov	r4, r3
 577              		.loc 1 219 41
 578 004e 4D48     		ldr	r0, .L48
 579 0050 FFF7FEFF 		bl	TIM_Compare_Capture9_Get
 580 0054 0346     		mov	r3, r0
 581              		.loc 1 219 7
 582 0056 9C42     		cmp	r4, r3
 583 0058 06D2     		bcs	.L39
 220:../User/n32g430_it.c **** 			{
 221:../User/n32g430_it.c **** 				channel_v = 1;
 584              		.loc 1 221 15
 585 005a 4C4B     		ldr	r3, .L48+8
 586 005c 0122     		movs	r2, #1
 587 005e 1A70     		strb	r2, [r3]
 222:../User/n32g430_it.c **** 				channel_w = 2;
 588              		.loc 1 222 15
 589 0060 4B4B     		ldr	r3, .L48+12
 590 0062 0222     		movs	r2, #2
 591 0064 1A70     		strb	r2, [r3]
 219:../User/n32g430_it.c **** 			if (TIM_Compare_Capture8_Get(TIM1) < TIM_Compare_Capture9_Get(TIM1))
 592              		.loc 1 219 7
 593 0066 53E0     		b	.L41
 594              	.L39:
 223:../User/n32g430_it.c **** 			}
 224:../User/n32g430_it.c **** 			else
 225:../User/n32g430_it.c **** 			{
 226:../User/n32g430_it.c **** 				channel_v = 2;
 595              		.loc 1 226 15
 596 0068 484B     		ldr	r3, .L48+8
 597 006a 0222     		movs	r2, #2
 598 006c 1A70     		strb	r2, [r3]
 227:../User/n32g430_it.c **** 				channel_w = 1;
 599              		.loc 1 227 15
 600 006e 484B     		ldr	r3, .L48+12
 601 0070 0122     		movs	r2, #1
 602 0072 1A70     		strb	r2, [r3]
 219:../User/n32g430_it.c **** 			{
 603              		.loc 1 219 7
ARM GAS  C:\Users\ZShuai\AppData\Local\Temp\ccbnyO9e.s 			page 15


 604 0074 4CE0     		b	.L41
 605              	.L38:
 228:../User/n32g430_it.c **** 			}
 229:../User/n32g430_it.c **** 		}
 230:../User/n32g430_it.c **** 		else if ((TIM_Compare_Capture8_Get(TIM1) < TIM_Compare_Capture7_Get(TIM1)) && (TIM_Compare_Captur
 606              		.loc 1 230 13
 607 0076 4348     		ldr	r0, .L48
 608 0078 FFF7FEFF 		bl	TIM_Compare_Capture8_Get
 609 007c 0346     		mov	r3, r0
 610 007e 1C46     		mov	r4, r3
 611              		.loc 1 230 46
 612 0080 4048     		ldr	r0, .L48
 613 0082 FFF7FEFF 		bl	TIM_Compare_Capture7_Get
 614 0086 0346     		mov	r3, r0
 615              		.loc 1 230 11
 616 0088 9C42     		cmp	r4, r3
 617 008a 26D2     		bcs	.L42
 618              		.loc 1 230 82 discriminator 1
 619 008c 3D48     		ldr	r0, .L48
 620 008e FFF7FEFF 		bl	TIM_Compare_Capture8_Get
 621 0092 0346     		mov	r3, r0
 622 0094 1C46     		mov	r4, r3
 623              		.loc 1 230 115 discriminator 1
 624 0096 3B48     		ldr	r0, .L48
 625 0098 FFF7FEFF 		bl	TIM_Compare_Capture9_Get
 626 009c 0346     		mov	r3, r0
 627              		.loc 1 230 78 discriminator 1
 628 009e 9C42     		cmp	r4, r3
 629 00a0 1BD2     		bcs	.L42
 231:../User/n32g430_it.c **** 		{
 232:../User/n32g430_it.c **** 			channel_v = 0;
 630              		.loc 1 232 14
 631 00a2 3A4B     		ldr	r3, .L48+8
 632 00a4 0022     		movs	r2, #0
 633 00a6 1A70     		strb	r2, [r3]
 233:../User/n32g430_it.c **** 			if (TIM_Compare_Capture7_Get(TIM1) < TIM_Compare_Capture9_Get(TIM1))
 634              		.loc 1 233 8
 635 00a8 3648     		ldr	r0, .L48
 636 00aa FFF7FEFF 		bl	TIM_Compare_Capture7_Get
 637 00ae 0346     		mov	r3, r0
 638 00b0 1C46     		mov	r4, r3
 639              		.loc 1 233 41
 640 00b2 3448     		ldr	r0, .L48
 641 00b4 FFF7FEFF 		bl	TIM_Compare_Capture9_Get
 642 00b8 0346     		mov	r3, r0
 643              		.loc 1 233 7
 644 00ba 9C42     		cmp	r4, r3
 645 00bc 06D2     		bcs	.L43
 234:../User/n32g430_it.c **** 			{
 235:../User/n32g430_it.c **** 				channel_u = 1;
 646              		.loc 1 235 15
 647 00be 324B     		ldr	r3, .L48+4
 648 00c0 0122     		movs	r2, #1
 649 00c2 1A70     		strb	r2, [r3]
 236:../User/n32g430_it.c **** 				channel_w = 2;
 650              		.loc 1 236 15
 651 00c4 324B     		ldr	r3, .L48+12
ARM GAS  C:\Users\ZShuai\AppData\Local\Temp\ccbnyO9e.s 			page 16


 652 00c6 0222     		movs	r2, #2
 653 00c8 1A70     		strb	r2, [r3]
 233:../User/n32g430_it.c **** 			if (TIM_Compare_Capture7_Get(TIM1) < TIM_Compare_Capture9_Get(TIM1))
 654              		.loc 1 233 7
 655 00ca 21E0     		b	.L41
 656              	.L43:
 237:../User/n32g430_it.c **** 			}
 238:../User/n32g430_it.c **** 			else
 239:../User/n32g430_it.c **** 			{
 240:../User/n32g430_it.c **** 				channel_u = 2;
 657              		.loc 1 240 15
 658 00cc 2E4B     		ldr	r3, .L48+4
 659 00ce 0222     		movs	r2, #2
 660 00d0 1A70     		strb	r2, [r3]
 241:../User/n32g430_it.c **** 				channel_w = 1;
 661              		.loc 1 241 15
 662 00d2 2F4B     		ldr	r3, .L48+12
 663 00d4 0122     		movs	r2, #1
 664 00d6 1A70     		strb	r2, [r3]
 233:../User/n32g430_it.c **** 			{
 665              		.loc 1 233 7
 666 00d8 1AE0     		b	.L41
 667              	.L42:
 242:../User/n32g430_it.c **** 			}
 243:../User/n32g430_it.c **** 		}
 244:../User/n32g430_it.c **** 		else
 245:../User/n32g430_it.c **** 		{
 246:../User/n32g430_it.c **** 			channel_w = 0;
 668              		.loc 1 246 14
 669 00da 2D4B     		ldr	r3, .L48+12
 670 00dc 0022     		movs	r2, #0
 671 00de 1A70     		strb	r2, [r3]
 247:../User/n32g430_it.c **** 			if (TIM_Compare_Capture7_Get(TIM1) < TIM_Compare_Capture8_Get(TIM1))
 672              		.loc 1 247 8
 673 00e0 2848     		ldr	r0, .L48
 674 00e2 FFF7FEFF 		bl	TIM_Compare_Capture7_Get
 675 00e6 0346     		mov	r3, r0
 676 00e8 1C46     		mov	r4, r3
 677              		.loc 1 247 41
 678 00ea 2648     		ldr	r0, .L48
 679 00ec FFF7FEFF 		bl	TIM_Compare_Capture8_Get
 680 00f0 0346     		mov	r3, r0
 681              		.loc 1 247 7
 682 00f2 9C42     		cmp	r4, r3
 683 00f4 06D2     		bcs	.L45
 248:../User/n32g430_it.c **** 			{
 249:../User/n32g430_it.c **** 				channel_u = 1;
 684              		.loc 1 249 15
 685 00f6 244B     		ldr	r3, .L48+4
 686 00f8 0122     		movs	r2, #1
 687 00fa 1A70     		strb	r2, [r3]
 250:../User/n32g430_it.c **** 				channel_v = 2;
 688              		.loc 1 250 15
 689 00fc 234B     		ldr	r3, .L48+8
 690 00fe 0222     		movs	r2, #2
 691 0100 1A70     		strb	r2, [r3]
 692 0102 05E0     		b	.L41
ARM GAS  C:\Users\ZShuai\AppData\Local\Temp\ccbnyO9e.s 			page 17


 693              	.L45:
 251:../User/n32g430_it.c **** 			}
 252:../User/n32g430_it.c **** 			else
 253:../User/n32g430_it.c **** 			{
 254:../User/n32g430_it.c **** 				channel_u = 2;
 694              		.loc 1 254 15
 695 0104 204B     		ldr	r3, .L48+4
 696 0106 0222     		movs	r2, #2
 697 0108 1A70     		strb	r2, [r3]
 255:../User/n32g430_it.c **** 				channel_v = 1;
 698              		.loc 1 255 15
 699 010a 204B     		ldr	r3, .L48+8
 700 010c 0122     		movs	r2, #1
 701 010e 1A70     		strb	r2, [r3]
 702              	.L41:
 256:../User/n32g430_it.c **** 			}
 257:../User/n32g430_it.c **** 		}
 258:../User/n32g430_it.c **** 		// 在通道1的基础上增加对应数值的偏移数值，获取到对应的通道
 259:../User/n32g430_it.c **** 		injected_adc_volt[0] = ADC_Injected_Group_Conversion_Data_Get(ADC_INJECTED_DATA_REG_1 + (ADC_INJE
 703              		.loc 1 259 26
 704 0110 1D4B     		ldr	r3, .L48+4
 705 0112 1B78     		ldrb	r3, [r3]
 706 0114 DBB2     		uxtb	r3, r3
 707 0116 0533     		adds	r3, r3, #5
 708 0118 DBB2     		uxtb	r3, r3
 709 011a 9B00     		lsls	r3, r3, #2
 710 011c DBB2     		uxtb	r3, r3
 711 011e 1846     		mov	r0, r3
 712 0120 FFF7FEFF 		bl	ADC_Injected_Group_Conversion_Data_Get
 713 0124 0346     		mov	r3, r0
 714 0126 1A46     		mov	r2, r3
 715              		.loc 1 259 24
 716 0128 1A4B     		ldr	r3, .L48+16
 717 012a 1A80     		strh	r2, [r3]	@ movhi
 260:../User/n32g430_it.c **** 		injected_adc_volt[1] = ADC_Injected_Group_Conversion_Data_Get(ADC_INJECTED_DATA_REG_1 + (ADC_INJE
 718              		.loc 1 260 26
 719 012c 174B     		ldr	r3, .L48+8
 720 012e 1B78     		ldrb	r3, [r3]
 721 0130 DBB2     		uxtb	r3, r3
 722 0132 0533     		adds	r3, r3, #5
 723 0134 DBB2     		uxtb	r3, r3
 724 0136 9B00     		lsls	r3, r3, #2
 725 0138 DBB2     		uxtb	r3, r3
 726 013a 1846     		mov	r0, r3
 727 013c FFF7FEFF 		bl	ADC_Injected_Group_Conversion_Data_Get
 728 0140 0346     		mov	r3, r0
 729 0142 1A46     		mov	r2, r3
 730              		.loc 1 260 24
 731 0144 134B     		ldr	r3, .L48+16
 732 0146 5A80     		strh	r2, [r3, #2]	@ movhi
 261:../User/n32g430_it.c **** 		injected_adc_volt[2] = ADC_Injected_Group_Conversion_Data_Get(ADC_INJECTED_DATA_REG_1 + (ADC_INJE
 733              		.loc 1 261 26
 734 0148 114B     		ldr	r3, .L48+12
 735 014a 1B78     		ldrb	r3, [r3]
 736 014c DBB2     		uxtb	r3, r3
 737 014e 0533     		adds	r3, r3, #5
 738 0150 DBB2     		uxtb	r3, r3
ARM GAS  C:\Users\ZShuai\AppData\Local\Temp\ccbnyO9e.s 			page 18


 739 0152 9B00     		lsls	r3, r3, #2
 740 0154 DBB2     		uxtb	r3, r3
 741 0156 1846     		mov	r0, r3
 742 0158 FFF7FEFF 		bl	ADC_Injected_Group_Conversion_Data_Get
 743 015c 0346     		mov	r3, r0
 744 015e 1A46     		mov	r2, r3
 745              		.loc 1 261 24
 746 0160 0C4B     		ldr	r3, .L48+16
 747 0162 9A80     		strh	r2, [r3, #4]	@ movhi
 262:../User/n32g430_it.c **** 		ADC_INTFlag_Status_Clear(ADC_INT_FLAG_JENDC);
 748              		.loc 1 262 3
 749 0164 0420     		movs	r0, #4
 750 0166 FFF7FEFF 		bl	ADC_INTFlag_Status_Clear
 263:../User/n32g430_it.c **** 	}
 264:../User/n32g430_it.c **** 	else
 265:../User/n32g430_it.c **** 	{
 266:../User/n32g430_it.c **** 		if (ADC_INTFlag_Status_Get(ADC_INT_FLAG_AWDG) == SET)
 267:../User/n32g430_it.c **** 			ADC_INTFlag_Status_Clear(ADC_INT_FLAG_AWDG);
 268:../User/n32g430_it.c **** 	}
 269:../User/n32g430_it.c **** }
 751              		.loc 1 269 1
 752 016a 08E0     		b	.L47
 753              	.L37:
 266:../User/n32g430_it.c **** 			ADC_INTFlag_Status_Clear(ADC_INT_FLAG_AWDG);
 754              		.loc 1 266 7
 755 016c 0120     		movs	r0, #1
 756 016e FFF7FEFF 		bl	ADC_INTFlag_Status_Get
 757 0172 0346     		mov	r3, r0
 266:../User/n32g430_it.c **** 			ADC_INTFlag_Status_Clear(ADC_INT_FLAG_AWDG);
 758              		.loc 1 266 6
 759 0174 012B     		cmp	r3, #1
 760 0176 02D1     		bne	.L47
 267:../User/n32g430_it.c **** 	}
 761              		.loc 1 267 4
 762 0178 0120     		movs	r0, #1
 763 017a FFF7FEFF 		bl	ADC_INTFlag_Status_Clear
 764              	.L47:
 765              		.loc 1 269 1
 766 017e 00BF     		nop
 767 0180 98BD     		pop	{r3, r4, r7, pc}
 768              	.L49:
 769 0182 00BF     		.align	2
 770              	.L48:
 771 0184 002C0140 		.word	1073818624
 772 0188 00000000 		.word	channel_u
 773 018c 00000000 		.word	channel_v
 774 0190 00000000 		.word	channel_w
 775 0194 00000000 		.word	injected_adc_volt
 776              		.cfi_endproc
 777              	.LFE143:
 779              		.text
 780              	.Letext0:
 781              		.file 2 "d:\\program files (x86)\\arm gnu toolchain arm-none-eabi\\12.3 rel1\\arm-none-eabi\\inclu
 782              		.file 3 "d:\\program files (x86)\\arm gnu toolchain arm-none-eabi\\12.3 rel1\\arm-none-eabi\\inclu
 783              		.file 4 "../firmware/CMSIS/device/n32g430.h"
 784              		.file 5 "../firmware/n32g430_std_periph_driver/inc/n32g430_adc.h"
 785              		.file 6 "../firmware/n32g430_std_periph_driver/inc/n32g430_tim.h"
ARM GAS  C:\Users\ZShuai\AppData\Local\Temp\ccbnyO9e.s 			page 19


ARM GAS  C:\Users\ZShuai\AppData\Local\Temp\ccbnyO9e.s 			page 20


DEFINED SYMBOLS
                            *ABS*:00000000 n32g430_it.c
C:\Users\ZShuai\AppData\Local\Temp\ccbnyO9e.s:25     .bss.injected_adc_volt:00000000 injected_adc_volt
C:\Users\ZShuai\AppData\Local\Temp\ccbnyO9e.s:22     .bss.injected_adc_volt:00000000 $d
C:\Users\ZShuai\AppData\Local\Temp\ccbnyO9e.s:31     .bss.channel_u:00000000 channel_u
C:\Users\ZShuai\AppData\Local\Temp\ccbnyO9e.s:32     .bss.channel_u:00000000 $d
C:\Users\ZShuai\AppData\Local\Temp\ccbnyO9e.s:37     .bss.channel_v:00000000 channel_v
C:\Users\ZShuai\AppData\Local\Temp\ccbnyO9e.s:38     .bss.channel_v:00000000 $d
C:\Users\ZShuai\AppData\Local\Temp\ccbnyO9e.s:43     .bss.channel_w:00000000 channel_w
C:\Users\ZShuai\AppData\Local\Temp\ccbnyO9e.s:44     .bss.channel_w:00000000 $d
C:\Users\ZShuai\AppData\Local\Temp\ccbnyO9e.s:46     .text.NMI_Handler:00000000 $t
C:\Users\ZShuai\AppData\Local\Temp\ccbnyO9e.s:52     .text.NMI_Handler:00000000 NMI_Handler
C:\Users\ZShuai\AppData\Local\Temp\ccbnyO9e.s:81     .text.HardFault_Handler:00000000 $t
C:\Users\ZShuai\AppData\Local\Temp\ccbnyO9e.s:87     .text.HardFault_Handler:00000000 HardFault_Handler
C:\Users\ZShuai\AppData\Local\Temp\ccbnyO9e.s:109    .text.MemManage_Handler:00000000 $t
C:\Users\ZShuai\AppData\Local\Temp\ccbnyO9e.s:115    .text.MemManage_Handler:00000000 MemManage_Handler
C:\Users\ZShuai\AppData\Local\Temp\ccbnyO9e.s:137    .text.BusFault_Handler:00000000 $t
C:\Users\ZShuai\AppData\Local\Temp\ccbnyO9e.s:143    .text.BusFault_Handler:00000000 BusFault_Handler
C:\Users\ZShuai\AppData\Local\Temp\ccbnyO9e.s:165    .text.UsageFault_Handler:00000000 $t
C:\Users\ZShuai\AppData\Local\Temp\ccbnyO9e.s:171    .text.UsageFault_Handler:00000000 UsageFault_Handler
C:\Users\ZShuai\AppData\Local\Temp\ccbnyO9e.s:193    .text.SVC_Handler:00000000 $t
C:\Users\ZShuai\AppData\Local\Temp\ccbnyO9e.s:199    .text.SVC_Handler:00000000 SVC_Handler
C:\Users\ZShuai\AppData\Local\Temp\ccbnyO9e.s:228    .text.DebugMon_Handler:00000000 $t
C:\Users\ZShuai\AppData\Local\Temp\ccbnyO9e.s:234    .text.DebugMon_Handler:00000000 DebugMon_Handler
C:\Users\ZShuai\AppData\Local\Temp\ccbnyO9e.s:263    .text.SysTick_Handler:00000000 $t
C:\Users\ZShuai\AppData\Local\Temp\ccbnyO9e.s:269    .text.SysTick_Handler:00000000 SysTick_Handler
C:\Users\ZShuai\AppData\Local\Temp\ccbnyO9e.s:292    .text.TIM1_BRK_IRQHandler:00000000 $t
C:\Users\ZShuai\AppData\Local\Temp\ccbnyO9e.s:298    .text.TIM1_BRK_IRQHandler:00000000 TIM1_BRK_IRQHandler
C:\Users\ZShuai\AppData\Local\Temp\ccbnyO9e.s:335    .text.TIM1_BRK_IRQHandler:00000028 $d
C:\Users\ZShuai\AppData\Local\Temp\ccbnyO9e.s:340    .text.TIM1_CC_IRQHandler:00000000 $t
C:\Users\ZShuai\AppData\Local\Temp\ccbnyO9e.s:346    .text.TIM1_CC_IRQHandler:00000000 TIM1_CC_IRQHandler
C:\Users\ZShuai\AppData\Local\Temp\ccbnyO9e.s:379    .text.TIM1_CC_IRQHandler:00000020 $d
C:\Users\ZShuai\AppData\Local\Temp\ccbnyO9e.s:384    .text.TIM2_IRQHandler:00000000 $t
C:\Users\ZShuai\AppData\Local\Temp\ccbnyO9e.s:390    .text.TIM2_IRQHandler:00000000 TIM2_IRQHandler
C:\Users\ZShuai\AppData\Local\Temp\ccbnyO9e.s:424    .text.TIM4_IRQHandler:00000000 $t
C:\Users\ZShuai\AppData\Local\Temp\ccbnyO9e.s:430    .text.TIM4_IRQHandler:00000000 TIM4_IRQHandler
C:\Users\ZShuai\AppData\Local\Temp\ccbnyO9e.s:463    .text.TIM4_IRQHandler:00000020 $d
C:\Users\ZShuai\AppData\Local\Temp\ccbnyO9e.s:468    .text.TIM6_IRQHandler:00000000 $t
C:\Users\ZShuai\AppData\Local\Temp\ccbnyO9e.s:474    .text.TIM6_IRQHandler:00000000 TIM6_IRQHandler
C:\Users\ZShuai\AppData\Local\Temp\ccbnyO9e.s:510    .text.TIM6_IRQHandler:00000028 $d
C:\Users\ZShuai\AppData\Local\Temp\ccbnyO9e.s:515    .text.ADC_IRQHandler:00000000 $t
C:\Users\ZShuai\AppData\Local\Temp\ccbnyO9e.s:521    .text.ADC_IRQHandler:00000000 ADC_IRQHandler
C:\Users\ZShuai\AppData\Local\Temp\ccbnyO9e.s:771    .text.ADC_IRQHandler:00000184 $d

UNDEFINED SYMBOLS
TimingDelay_Decrement
TIM_Interrupt_Status_Get
TIM_Interrupt_Disable
TIM_Interrupt_Status_Clear
TIM_Flag_Status_Get
ADC_Regular_Channels_Software_Conversion_Operation
ADC_INTFlag_Status_Get
TIM_Compare_Capture7_Get
TIM_Compare_Capture8_Get
TIM_Compare_Capture9_Get
ADC_Injected_Group_Conversion_Data_Get
ADC_INTFlag_Status_Clear
ARM GAS  C:\Users\ZShuai\AppData\Local\Temp\ccbnyO9e.s 			page 21


