ARM GAS  C:\Users\ZShuai\AppData\Local\Temp\ccp64arg.s 			page 1


   1              		.cpu cortex-m4
   2              		.arch armv7e-m
   3              		.fpu fpv4-sp-d16
   4              		.eabi_attribute 27, 1
   5              		.eabi_attribute 28, 1
   6              		.eabi_attribute 20, 1
   7              		.eabi_attribute 21, 1
   8              		.eabi_attribute 23, 3
   9              		.eabi_attribute 24, 1
  10              		.eabi_attribute 25, 1
  11              		.eabi_attribute 26, 1
  12              		.eabi_attribute 30, 6
  13              		.eabi_attribute 34, 1
  14              		.eabi_attribute 18, 4
  15              		.file	"n32g430_crc.c"
  16              		.text
  17              	.Ltext0:
  18              		.cfi_sections	.debug_frame
  19              		.file 1 "../firmware/n32g430_std_periph_driver/src/n32g430_crc.c"
  20              		.section	.text.CRC32_Reset,"ax",%progbits
  21              		.align	1
  22              		.global	CRC32_Reset
  23              		.syntax unified
  24              		.thumb
  25              		.thumb_func
  27              	CRC32_Reset:
  28              	.LFB130:
   1:../firmware/n32g430_std_periph_driver/src/n32g430_crc.c **** /**
   2:../firmware/n32g430_std_periph_driver/src/n32g430_crc.c **** *     Copyright (c) 2022, Nations Technologies Inc.
   3:../firmware/n32g430_std_periph_driver/src/n32g430_crc.c **** * 
   4:../firmware/n32g430_std_periph_driver/src/n32g430_crc.c **** *     All rights reserved.
   5:../firmware/n32g430_std_periph_driver/src/n32g430_crc.c **** *
   6:../firmware/n32g430_std_periph_driver/src/n32g430_crc.c **** *     This software is the exclusive property of Nations Technologies Inc. (Hereinafter 
   7:../firmware/n32g430_std_periph_driver/src/n32g430_crc.c **** * referred to as NATIONS). This software, and the product of NATIONS described herein 
   8:../firmware/n32g430_std_periph_driver/src/n32g430_crc.c **** * (Hereinafter referred to as the Product) are owned by NATIONS under the laws and treaties
   9:../firmware/n32g430_std_periph_driver/src/n32g430_crc.c **** * of the People's Republic of China and other applicable jurisdictions worldwide.
  10:../firmware/n32g430_std_periph_driver/src/n32g430_crc.c **** *
  11:../firmware/n32g430_std_periph_driver/src/n32g430_crc.c **** *     NATIONS does not grant any license under its patents, copyrights, trademarks, or other 
  12:../firmware/n32g430_std_periph_driver/src/n32g430_crc.c **** * intellectual property rights. Names and brands of third party may be mentioned or referred 
  13:../firmware/n32g430_std_periph_driver/src/n32g430_crc.c **** * thereto (if any) for identification purposes only.
  14:../firmware/n32g430_std_periph_driver/src/n32g430_crc.c **** *
  15:../firmware/n32g430_std_periph_driver/src/n32g430_crc.c **** *     NATIONS reserves the right to make changes, corrections, enhancements, modifications, and 
  16:../firmware/n32g430_std_periph_driver/src/n32g430_crc.c **** * improvements to this software at any time without notice. Please contact NATIONS and obtain 
  17:../firmware/n32g430_std_periph_driver/src/n32g430_crc.c **** * the latest version of this software before placing orders.
  18:../firmware/n32g430_std_periph_driver/src/n32g430_crc.c **** 
  19:../firmware/n32g430_std_periph_driver/src/n32g430_crc.c **** *     Although NATIONS has attempted to provide accurate and reliable information, NATIONS assumes 
  20:../firmware/n32g430_std_periph_driver/src/n32g430_crc.c **** * no responsibility for the accuracy and reliability of this software.
  21:../firmware/n32g430_std_periph_driver/src/n32g430_crc.c **** * 
  22:../firmware/n32g430_std_periph_driver/src/n32g430_crc.c **** *     It is the responsibility of the user of this software to properly design, program, and test 
  23:../firmware/n32g430_std_periph_driver/src/n32g430_crc.c **** * the functionality and safety of any application made of this information and any resulting produc
  24:../firmware/n32g430_std_periph_driver/src/n32g430_crc.c **** * In no event shall NATIONS be liable for any direct, indirect, incidental, special,exemplary, or 
  25:../firmware/n32g430_std_periph_driver/src/n32g430_crc.c **** * consequential damages arising in any way out of the use of this software or the Product.
  26:../firmware/n32g430_std_periph_driver/src/n32g430_crc.c **** *
  27:../firmware/n32g430_std_periph_driver/src/n32g430_crc.c **** *     NATIONS Products are neither intended nor warranted for usage in systems or equipment, any
  28:../firmware/n32g430_std_periph_driver/src/n32g430_crc.c **** * malfunction or failure of which may cause loss of human life, bodily injury or severe property 
  29:../firmware/n32g430_std_periph_driver/src/n32g430_crc.c **** * damage. Such applications are deemed, "Insecure Usage".
  30:../firmware/n32g430_std_periph_driver/src/n32g430_crc.c **** *
ARM GAS  C:\Users\ZShuai\AppData\Local\Temp\ccp64arg.s 			page 2


  31:../firmware/n32g430_std_periph_driver/src/n32g430_crc.c **** *     All Insecure Usage shall be made at user's risk. User shall indemnify NATIONS and hold NATION
  32:../firmware/n32g430_std_periph_driver/src/n32g430_crc.c **** * harmless from and against all claims, costs, damages, and other liabilities, arising from or rela
  33:../firmware/n32g430_std_periph_driver/src/n32g430_crc.c **** * to any customer's Insecure Usage.
  34:../firmware/n32g430_std_periph_driver/src/n32g430_crc.c **** 
  35:../firmware/n32g430_std_periph_driver/src/n32g430_crc.c **** *     Any express or implied warranty with regard to this software or the Product, including,but no
  36:../firmware/n32g430_std_periph_driver/src/n32g430_crc.c **** * limited to, the warranties of merchantability, fitness for a particular purpose and non-infringem
  37:../firmware/n32g430_std_periph_driver/src/n32g430_crc.c **** * are disclaimed to the fullest extent permitted by law.
  38:../firmware/n32g430_std_periph_driver/src/n32g430_crc.c **** 
  39:../firmware/n32g430_std_periph_driver/src/n32g430_crc.c **** *     Unless otherwise explicitly permitted by NATIONS, anyone may not duplicate, modify, transcrib
  40:../firmware/n32g430_std_periph_driver/src/n32g430_crc.c **** * or otherwise distribute this software for any purposes, in whole or in part.
  41:../firmware/n32g430_std_periph_driver/src/n32g430_crc.c **** *
  42:../firmware/n32g430_std_periph_driver/src/n32g430_crc.c **** *     NATIONS products and technologies shall not be used for or incorporated into any products or 
  43:../firmware/n32g430_std_periph_driver/src/n32g430_crc.c **** * whose manufacture, use, or sale is prohibited under any applicable domestic or foreign laws or re
  44:../firmware/n32g430_std_periph_driver/src/n32g430_crc.c **** * User shall comply with any applicable export control laws and regulations promulgated and adminis
  45:../firmware/n32g430_std_periph_driver/src/n32g430_crc.c **** * the governments of any countries asserting jurisdiction over the parties or transactions.
  46:../firmware/n32g430_std_periph_driver/src/n32g430_crc.c **** **/
  47:../firmware/n32g430_std_periph_driver/src/n32g430_crc.c **** 
  48:../firmware/n32g430_std_periph_driver/src/n32g430_crc.c **** /**
  49:../firmware/n32g430_std_periph_driver/src/n32g430_crc.c **** *\*\file n32g430_crc.c
  50:../firmware/n32g430_std_periph_driver/src/n32g430_crc.c **** *\*\author Nations
  51:../firmware/n32g430_std_periph_driver/src/n32g430_crc.c **** *\*\version v1.0.0
  52:../firmware/n32g430_std_periph_driver/src/n32g430_crc.c **** *\*\copyright Copyright (c) 2022, Nations Technologies Inc. All rights reserved.
  53:../firmware/n32g430_std_periph_driver/src/n32g430_crc.c **** **/
  54:../firmware/n32g430_std_periph_driver/src/n32g430_crc.c **** 
  55:../firmware/n32g430_std_periph_driver/src/n32g430_crc.c **** #include "n32g430_crc.h"
  56:../firmware/n32g430_std_periph_driver/src/n32g430_crc.c **** 
  57:../firmware/n32g430_std_periph_driver/src/n32g430_crc.c **** /** CRC Private Defines **/
  58:../firmware/n32g430_std_periph_driver/src/n32g430_crc.c **** 
  59:../firmware/n32g430_std_periph_driver/src/n32g430_crc.c **** 
  60:../firmware/n32g430_std_periph_driver/src/n32g430_crc.c **** /** CRC Driving Functions Declaration **/
  61:../firmware/n32g430_std_periph_driver/src/n32g430_crc.c **** 
  62:../firmware/n32g430_std_periph_driver/src/n32g430_crc.c **** /**
  63:../firmware/n32g430_std_periph_driver/src/n32g430_crc.c **** *\*\name    CRC32_Reset.
  64:../firmware/n32g430_std_periph_driver/src/n32g430_crc.c **** *\*\fun     Resets the CRC Data register (DAT).
  65:../firmware/n32g430_std_periph_driver/src/n32g430_crc.c **** *\*\param   none
  66:../firmware/n32g430_std_periph_driver/src/n32g430_crc.c **** *\*\return  none
  67:../firmware/n32g430_std_periph_driver/src/n32g430_crc.c **** **/
  68:../firmware/n32g430_std_periph_driver/src/n32g430_crc.c **** void CRC32_Reset(void)
  69:../firmware/n32g430_std_periph_driver/src/n32g430_crc.c **** {
  29              		.loc 1 69 1
  30              		.cfi_startproc
  31              		@ args = 0, pretend = 0, frame = 0
  32              		@ frame_needed = 1, uses_anonymous_args = 0
  33              		@ link register save eliminated.
  34 0000 80B4     		push	{r7}
  35              	.LCFI0:
  36              		.cfi_def_cfa_offset 4
  37              		.cfi_offset 7, -4
  38 0002 00AF     		add	r7, sp, #0
  39              	.LCFI1:
  40              		.cfi_def_cfa_register 7
  70:../firmware/n32g430_std_periph_driver/src/n32g430_crc.c ****     /* Reset CRC generator */
  71:../firmware/n32g430_std_periph_driver/src/n32g430_crc.c ****     CRC->CRC32CTRL = CRC_CRC32_RESET;
  41              		.loc 1 71 8
  42 0004 034B     		ldr	r3, .L2
  43              		.loc 1 71 20
  44 0006 0122     		movs	r2, #1
ARM GAS  C:\Users\ZShuai\AppData\Local\Temp\ccp64arg.s 			page 3


  45 0008 9A60     		str	r2, [r3, #8]
  72:../firmware/n32g430_std_periph_driver/src/n32g430_crc.c **** }
  46              		.loc 1 72 1
  47 000a 00BF     		nop
  48 000c BD46     		mov	sp, r7
  49              	.LCFI2:
  50              		.cfi_def_cfa_register 13
  51              		@ sp needed
  52 000e 5DF8047B 		ldr	r7, [sp], #4
  53              	.LCFI3:
  54              		.cfi_restore 7
  55              		.cfi_def_cfa_offset 0
  56 0012 7047     		bx	lr
  57              	.L3:
  58              		.align	2
  59              	.L2:
  60 0014 00300240 		.word	1073885184
  61              		.cfi_endproc
  62              	.LFE130:
  64              		.section	.text.CRC32_Calculate,"ax",%progbits
  65              		.align	1
  66              		.global	CRC32_Calculate
  67              		.syntax unified
  68              		.thumb
  69              		.thumb_func
  71              	CRC32_Calculate:
  72              	.LFB131:
  73:../firmware/n32g430_std_periph_driver/src/n32g430_crc.c **** 
  74:../firmware/n32g430_std_periph_driver/src/n32g430_crc.c **** /**
  75:../firmware/n32g430_std_periph_driver/src/n32g430_crc.c **** *\*\name    CRC32_Calculate.
  76:../firmware/n32g430_std_periph_driver/src/n32g430_crc.c **** *\*\fun     Computes the 32-bit CRC of a given data word(32-bit).
  77:../firmware/n32g430_std_periph_driver/src/n32g430_crc.c **** *\*\param   data :
  78:../firmware/n32g430_std_periph_driver/src/n32g430_crc.c **** *\*\          - data word(32-bit) to compute its CRC
  79:../firmware/n32g430_std_periph_driver/src/n32g430_crc.c **** *\*\return  32-bit CRC
  80:../firmware/n32g430_std_periph_driver/src/n32g430_crc.c **** **/
  81:../firmware/n32g430_std_periph_driver/src/n32g430_crc.c **** uint32_t CRC32_Calculate(uint32_t data)
  82:../firmware/n32g430_std_periph_driver/src/n32g430_crc.c **** {
  73              		.loc 1 82 1
  74              		.cfi_startproc
  75              		@ args = 0, pretend = 0, frame = 8
  76              		@ frame_needed = 1, uses_anonymous_args = 0
  77              		@ link register save eliminated.
  78 0000 80B4     		push	{r7}
  79              	.LCFI4:
  80              		.cfi_def_cfa_offset 4
  81              		.cfi_offset 7, -4
  82 0002 83B0     		sub	sp, sp, #12
  83              	.LCFI5:
  84              		.cfi_def_cfa_offset 16
  85 0004 00AF     		add	r7, sp, #0
  86              	.LCFI6:
  87              		.cfi_def_cfa_register 7
  88 0006 7860     		str	r0, [r7, #4]
  83:../firmware/n32g430_std_periph_driver/src/n32g430_crc.c ****     /* Write data to the CRC32DAT register */
  84:../firmware/n32g430_std_periph_driver/src/n32g430_crc.c ****     CRC->CRC32DAT = data;
  89              		.loc 1 84 8
  90 0008 054A     		ldr	r2, .L6
ARM GAS  C:\Users\ZShuai\AppData\Local\Temp\ccp64arg.s 			page 4


  91              		.loc 1 84 19
  92 000a 7B68     		ldr	r3, [r7, #4]
  93 000c 1360     		str	r3, [r2]
  85:../firmware/n32g430_std_periph_driver/src/n32g430_crc.c ****     /* Returns the computed CRC result */
  86:../firmware/n32g430_std_periph_driver/src/n32g430_crc.c ****     return (CRC->CRC32DAT);
  94              		.loc 1 86 16
  95 000e 044B     		ldr	r3, .L6
  96 0010 1B68     		ldr	r3, [r3]
  87:../firmware/n32g430_std_periph_driver/src/n32g430_crc.c **** }
  97              		.loc 1 87 1
  98 0012 1846     		mov	r0, r3
  99 0014 0C37     		adds	r7, r7, #12
 100              	.LCFI7:
 101              		.cfi_def_cfa_offset 4
 102 0016 BD46     		mov	sp, r7
 103              	.LCFI8:
 104              		.cfi_def_cfa_register 13
 105              		@ sp needed
 106 0018 5DF8047B 		ldr	r7, [sp], #4
 107              	.LCFI9:
 108              		.cfi_restore 7
 109              		.cfi_def_cfa_offset 0
 110 001c 7047     		bx	lr
 111              	.L7:
 112 001e 00BF     		.align	2
 113              	.L6:
 114 0020 00300240 		.word	1073885184
 115              		.cfi_endproc
 116              	.LFE131:
 118              		.section	.text.CRC32_Buffer_Calculate,"ax",%progbits
 119              		.align	1
 120              		.global	CRC32_Buffer_Calculate
 121              		.syntax unified
 122              		.thumb
 123              		.thumb_func
 125              	CRC32_Buffer_Calculate:
 126              	.LFB132:
  88:../firmware/n32g430_std_periph_driver/src/n32g430_crc.c **** 
  89:../firmware/n32g430_std_periph_driver/src/n32g430_crc.c **** /**
  90:../firmware/n32g430_std_periph_driver/src/n32g430_crc.c **** *\*\name    CRC32_Buffer_Calculate.
  91:../firmware/n32g430_std_periph_driver/src/n32g430_crc.c **** *\*\fun     Computes the 32-bit CRC of a given buffer of data word(32-bit).
  92:../firmware/n32g430_std_periph_driver/src/n32g430_crc.c **** *\*\param   p_buf :
  93:../firmware/n32g430_std_periph_driver/src/n32g430_crc.c **** *\*\          - pointer to the buffer containing the data to be computed
  94:../firmware/n32g430_std_periph_driver/src/n32g430_crc.c **** *\*\param   buf_len :
  95:../firmware/n32g430_std_periph_driver/src/n32g430_crc.c **** *\*\          - length of the buffer to be computed
  96:../firmware/n32g430_std_periph_driver/src/n32g430_crc.c **** *\*\return  32-bit CRC
  97:../firmware/n32g430_std_periph_driver/src/n32g430_crc.c **** **/
  98:../firmware/n32g430_std_periph_driver/src/n32g430_crc.c **** uint32_t CRC32_Buffer_Calculate(uint32_t p_buf[], uint32_t buf_len)
  99:../firmware/n32g430_std_periph_driver/src/n32g430_crc.c **** {
 127              		.loc 1 99 1
 128              		.cfi_startproc
 129              		@ args = 0, pretend = 0, frame = 16
 130              		@ frame_needed = 1, uses_anonymous_args = 0
 131              		@ link register save eliminated.
 132 0000 80B4     		push	{r7}
 133              	.LCFI10:
 134              		.cfi_def_cfa_offset 4
ARM GAS  C:\Users\ZShuai\AppData\Local\Temp\ccp64arg.s 			page 5


 135              		.cfi_offset 7, -4
 136 0002 85B0     		sub	sp, sp, #20
 137              	.LCFI11:
 138              		.cfi_def_cfa_offset 24
 139 0004 00AF     		add	r7, sp, #0
 140              	.LCFI12:
 141              		.cfi_def_cfa_register 7
 142 0006 7860     		str	r0, [r7, #4]
 143 0008 3960     		str	r1, [r7]
 100:../firmware/n32g430_std_periph_driver/src/n32g430_crc.c ****     uint32_t index = 0;
 144              		.loc 1 100 14
 145 000a 0023     		movs	r3, #0
 146 000c FB60     		str	r3, [r7, #12]
 101:../firmware/n32g430_std_periph_driver/src/n32g430_crc.c **** 
 102:../firmware/n32g430_std_periph_driver/src/n32g430_crc.c ****     for (index = 0; index < buf_len; index++)
 147              		.loc 1 102 16
 148 000e 0023     		movs	r3, #0
 149 0010 FB60     		str	r3, [r7, #12]
 150              		.loc 1 102 5
 151 0012 09E0     		b	.L9
 152              	.L10:
 103:../firmware/n32g430_std_periph_driver/src/n32g430_crc.c ****     {
 104:../firmware/n32g430_std_periph_driver/src/n32g430_crc.c ****         /* Write data to the CRC32DAT register */
 105:../firmware/n32g430_std_periph_driver/src/n32g430_crc.c ****         CRC->CRC32DAT = p_buf[index];
 153              		.loc 1 105 30 discriminator 3
 154 0014 FB68     		ldr	r3, [r7, #12]
 155 0016 9B00     		lsls	r3, r3, #2
 156 0018 7A68     		ldr	r2, [r7, #4]
 157 001a 1344     		add	r3, r3, r2
 158              		.loc 1 105 12 discriminator 3
 159 001c 084A     		ldr	r2, .L12
 160              		.loc 1 105 30 discriminator 3
 161 001e 1B68     		ldr	r3, [r3]
 162              		.loc 1 105 23 discriminator 3
 163 0020 1360     		str	r3, [r2]
 102:../firmware/n32g430_std_periph_driver/src/n32g430_crc.c ****     {
 164              		.loc 1 102 43 discriminator 3
 165 0022 FB68     		ldr	r3, [r7, #12]
 166 0024 0133     		adds	r3, r3, #1
 167 0026 FB60     		str	r3, [r7, #12]
 168              	.L9:
 102:../firmware/n32g430_std_periph_driver/src/n32g430_crc.c ****     {
 169              		.loc 1 102 27 discriminator 1
 170 0028 FA68     		ldr	r2, [r7, #12]
 171 002a 3B68     		ldr	r3, [r7]
 172 002c 9A42     		cmp	r2, r3
 173 002e F1D3     		bcc	.L10
 106:../firmware/n32g430_std_periph_driver/src/n32g430_crc.c ****     }
 107:../firmware/n32g430_std_periph_driver/src/n32g430_crc.c ****     /* Returns the computed CRC result */
 108:../firmware/n32g430_std_periph_driver/src/n32g430_crc.c ****     return (CRC->CRC32DAT);
 174              		.loc 1 108 16
 175 0030 034B     		ldr	r3, .L12
 176 0032 1B68     		ldr	r3, [r3]
 109:../firmware/n32g430_std_periph_driver/src/n32g430_crc.c **** }
 177              		.loc 1 109 1
 178 0034 1846     		mov	r0, r3
 179 0036 1437     		adds	r7, r7, #20
ARM GAS  C:\Users\ZShuai\AppData\Local\Temp\ccp64arg.s 			page 6


 180              	.LCFI13:
 181              		.cfi_def_cfa_offset 4
 182 0038 BD46     		mov	sp, r7
 183              	.LCFI14:
 184              		.cfi_def_cfa_register 13
 185              		@ sp needed
 186 003a 5DF8047B 		ldr	r7, [sp], #4
 187              	.LCFI15:
 188              		.cfi_restore 7
 189              		.cfi_def_cfa_offset 0
 190 003e 7047     		bx	lr
 191              	.L13:
 192              		.align	2
 193              	.L12:
 194 0040 00300240 		.word	1073885184
 195              		.cfi_endproc
 196              	.LFE132:
 198              		.section	.text.CRC32_Get,"ax",%progbits
 199              		.align	1
 200              		.global	CRC32_Get
 201              		.syntax unified
 202              		.thumb
 203              		.thumb_func
 205              	CRC32_Get:
 206              	.LFB133:
 110:../firmware/n32g430_std_periph_driver/src/n32g430_crc.c **** 
 111:../firmware/n32g430_std_periph_driver/src/n32g430_crc.c **** /**
 112:../firmware/n32g430_std_periph_driver/src/n32g430_crc.c **** *\*\name    CRC32_Get.
 113:../firmware/n32g430_std_periph_driver/src/n32g430_crc.c **** *\*\fun     Returns the current CRC value.
 114:../firmware/n32g430_std_periph_driver/src/n32g430_crc.c **** *\*\param   none
 115:../firmware/n32g430_std_periph_driver/src/n32g430_crc.c **** *\*\return  32-bit CRC
 116:../firmware/n32g430_std_periph_driver/src/n32g430_crc.c **** **/
 117:../firmware/n32g430_std_periph_driver/src/n32g430_crc.c **** uint32_t CRC32_Get(void)
 118:../firmware/n32g430_std_periph_driver/src/n32g430_crc.c **** {
 207              		.loc 1 118 1
 208              		.cfi_startproc
 209              		@ args = 0, pretend = 0, frame = 0
 210              		@ frame_needed = 1, uses_anonymous_args = 0
 211              		@ link register save eliminated.
 212 0000 80B4     		push	{r7}
 213              	.LCFI16:
 214              		.cfi_def_cfa_offset 4
 215              		.cfi_offset 7, -4
 216 0002 00AF     		add	r7, sp, #0
 217              	.LCFI17:
 218              		.cfi_def_cfa_register 7
 119:../firmware/n32g430_std_periph_driver/src/n32g430_crc.c ****     /* Returns the computed CRC result */
 120:../firmware/n32g430_std_periph_driver/src/n32g430_crc.c ****     return (CRC->CRC32DAT);
 219              		.loc 1 120 16
 220 0004 034B     		ldr	r3, .L16
 221 0006 1B68     		ldr	r3, [r3]
 121:../firmware/n32g430_std_periph_driver/src/n32g430_crc.c **** }
 222              		.loc 1 121 1
 223 0008 1846     		mov	r0, r3
 224 000a BD46     		mov	sp, r7
 225              	.LCFI18:
 226              		.cfi_def_cfa_register 13
ARM GAS  C:\Users\ZShuai\AppData\Local\Temp\ccp64arg.s 			page 7


 227              		@ sp needed
 228 000c 5DF8047B 		ldr	r7, [sp], #4
 229              	.LCFI19:
 230              		.cfi_restore 7
 231              		.cfi_def_cfa_offset 0
 232 0010 7047     		bx	lr
 233              	.L17:
 234 0012 00BF     		.align	2
 235              	.L16:
 236 0014 00300240 		.word	1073885184
 237              		.cfi_endproc
 238              	.LFE133:
 240              		.section	.text.CRC32_Independent_Data_Save,"ax",%progbits
 241              		.align	1
 242              		.global	CRC32_Independent_Data_Save
 243              		.syntax unified
 244              		.thumb
 245              		.thumb_func
 247              	CRC32_Independent_Data_Save:
 248              	.LFB134:
 122:../firmware/n32g430_std_periph_driver/src/n32g430_crc.c **** 
 123:../firmware/n32g430_std_periph_driver/src/n32g430_crc.c **** /**
 124:../firmware/n32g430_std_periph_driver/src/n32g430_crc.c **** *\*\name    CRC32_Independent_Data_Save.
 125:../firmware/n32g430_std_periph_driver/src/n32g430_crc.c **** *\*\fun     Stores a 8-bit data in the Independent Data(ID) register.
 126:../firmware/n32g430_std_periph_driver/src/n32g430_crc.c **** *\*\param   value :
 127:../firmware/n32g430_std_periph_driver/src/n32g430_crc.c **** *\*\          - 8-bit value to be stored in the ID register
 128:../firmware/n32g430_std_periph_driver/src/n32g430_crc.c **** *\*\return  none
 129:../firmware/n32g430_std_periph_driver/src/n32g430_crc.c **** **/
 130:../firmware/n32g430_std_periph_driver/src/n32g430_crc.c **** void CRC32_Independent_Data_Save(uint8_t value)
 131:../firmware/n32g430_std_periph_driver/src/n32g430_crc.c **** {
 249              		.loc 1 131 1
 250              		.cfi_startproc
 251              		@ args = 0, pretend = 0, frame = 8
 252              		@ frame_needed = 1, uses_anonymous_args = 0
 253              		@ link register save eliminated.
 254 0000 80B4     		push	{r7}
 255              	.LCFI20:
 256              		.cfi_def_cfa_offset 4
 257              		.cfi_offset 7, -4
 258 0002 83B0     		sub	sp, sp, #12
 259              	.LCFI21:
 260              		.cfi_def_cfa_offset 16
 261 0004 00AF     		add	r7, sp, #0
 262              	.LCFI22:
 263              		.cfi_def_cfa_register 7
 264 0006 0346     		mov	r3, r0
 265 0008 FB71     		strb	r3, [r7, #7]
 132:../firmware/n32g430_std_periph_driver/src/n32g430_crc.c ****     /* storage of 8-bit data */
 133:../firmware/n32g430_std_periph_driver/src/n32g430_crc.c ****     CRC->CRC32IDAT = value;
 266              		.loc 1 133 8
 267 000a 044A     		ldr	r2, .L19
 268              		.loc 1 133 20
 269 000c FB79     		ldrb	r3, [r7, #7]
 270 000e 1371     		strb	r3, [r2, #4]
 134:../firmware/n32g430_std_periph_driver/src/n32g430_crc.c **** }
 271              		.loc 1 134 1
 272 0010 00BF     		nop
ARM GAS  C:\Users\ZShuai\AppData\Local\Temp\ccp64arg.s 			page 8


 273 0012 0C37     		adds	r7, r7, #12
 274              	.LCFI23:
 275              		.cfi_def_cfa_offset 4
 276 0014 BD46     		mov	sp, r7
 277              	.LCFI24:
 278              		.cfi_def_cfa_register 13
 279              		@ sp needed
 280 0016 5DF8047B 		ldr	r7, [sp], #4
 281              	.LCFI25:
 282              		.cfi_restore 7
 283              		.cfi_def_cfa_offset 0
 284 001a 7047     		bx	lr
 285              	.L20:
 286              		.align	2
 287              	.L19:
 288 001c 00300240 		.word	1073885184
 289              		.cfi_endproc
 290              	.LFE134:
 292              		.section	.text.CRC32_Independent_Data_Get,"ax",%progbits
 293              		.align	1
 294              		.global	CRC32_Independent_Data_Get
 295              		.syntax unified
 296              		.thumb
 297              		.thumb_func
 299              	CRC32_Independent_Data_Get:
 300              	.LFB135:
 135:../firmware/n32g430_std_periph_driver/src/n32g430_crc.c **** 
 136:../firmware/n32g430_std_periph_driver/src/n32g430_crc.c **** /**
 137:../firmware/n32g430_std_periph_driver/src/n32g430_crc.c **** *\*\name    CRC32_Independent_Data_Get.
 138:../firmware/n32g430_std_periph_driver/src/n32g430_crc.c **** *\*\fun     Returns the 8-bit data stored in the Independent Data(ID) register.
 139:../firmware/n32g430_std_periph_driver/src/n32g430_crc.c **** *\*\param   none
 140:../firmware/n32g430_std_periph_driver/src/n32g430_crc.c **** *\*\return  8-bit value of the ID register
 141:../firmware/n32g430_std_periph_driver/src/n32g430_crc.c **** **/
 142:../firmware/n32g430_std_periph_driver/src/n32g430_crc.c **** uint8_t CRC32_Independent_Data_Get(void)
 143:../firmware/n32g430_std_periph_driver/src/n32g430_crc.c **** {
 301              		.loc 1 143 1
 302              		.cfi_startproc
 303              		@ args = 0, pretend = 0, frame = 0
 304              		@ frame_needed = 1, uses_anonymous_args = 0
 305              		@ link register save eliminated.
 306 0000 80B4     		push	{r7}
 307              	.LCFI26:
 308              		.cfi_def_cfa_offset 4
 309              		.cfi_offset 7, -4
 310 0002 00AF     		add	r7, sp, #0
 311              	.LCFI27:
 312              		.cfi_def_cfa_register 7
 144:../firmware/n32g430_std_periph_driver/src/n32g430_crc.c ****     /* Returns the 8-bit data */
 145:../firmware/n32g430_std_periph_driver/src/n32g430_crc.c ****     return (CRC->CRC32IDAT);
 313              		.loc 1 145 16
 314 0004 034B     		ldr	r3, .L23
 315 0006 1B79     		ldrb	r3, [r3, #4]
 316 0008 DBB2     		uxtb	r3, r3
 146:../firmware/n32g430_std_periph_driver/src/n32g430_crc.c **** }
 317              		.loc 1 146 1
 318 000a 1846     		mov	r0, r3
 319 000c BD46     		mov	sp, r7
ARM GAS  C:\Users\ZShuai\AppData\Local\Temp\ccp64arg.s 			page 9


 320              	.LCFI28:
 321              		.cfi_def_cfa_register 13
 322              		@ sp needed
 323 000e 5DF8047B 		ldr	r7, [sp], #4
 324              	.LCFI29:
 325              		.cfi_restore 7
 326              		.cfi_def_cfa_offset 0
 327 0012 7047     		bx	lr
 328              	.L24:
 329              		.align	2
 330              	.L23:
 331 0014 00300240 		.word	1073885184
 332              		.cfi_endproc
 333              	.LFE135:
 335              		.section	.text.CRC16_Calculate,"ax",%progbits
 336              		.align	1
 337              		.global	CRC16_Calculate
 338              		.syntax unified
 339              		.thumb
 340              		.thumb_func
 342              	CRC16_Calculate:
 343              	.LFB136:
 147:../firmware/n32g430_std_periph_driver/src/n32g430_crc.c **** 
 148:../firmware/n32g430_std_periph_driver/src/n32g430_crc.c **** /**
 149:../firmware/n32g430_std_periph_driver/src/n32g430_crc.c **** *\*\name    CRC16_Calculate.
 150:../firmware/n32g430_std_periph_driver/src/n32g430_crc.c **** *\*\fun     Computes the 16-bit CRC of a given data word(8-bit).
 151:../firmware/n32g430_std_periph_driver/src/n32g430_crc.c **** *\*\param   data :
 152:../firmware/n32g430_std_periph_driver/src/n32g430_crc.c **** *\*\          - data word(8-bit) to compute its CRC
 153:../firmware/n32g430_std_periph_driver/src/n32g430_crc.c **** *\*\return  16-bit CRC
 154:../firmware/n32g430_std_periph_driver/src/n32g430_crc.c **** **/
 155:../firmware/n32g430_std_periph_driver/src/n32g430_crc.c **** uint16_t CRC16_Calculate(uint8_t data)
 156:../firmware/n32g430_std_periph_driver/src/n32g430_crc.c **** {
 344              		.loc 1 156 1
 345              		.cfi_startproc
 346              		@ args = 0, pretend = 0, frame = 8
 347              		@ frame_needed = 1, uses_anonymous_args = 0
 348              		@ link register save eliminated.
 349 0000 80B4     		push	{r7}
 350              	.LCFI30:
 351              		.cfi_def_cfa_offset 4
 352              		.cfi_offset 7, -4
 353 0002 83B0     		sub	sp, sp, #12
 354              	.LCFI31:
 355              		.cfi_def_cfa_offset 16
 356 0004 00AF     		add	r7, sp, #0
 357              	.LCFI32:
 358              		.cfi_def_cfa_register 7
 359 0006 0346     		mov	r3, r0
 360 0008 FB71     		strb	r3, [r7, #7]
 157:../firmware/n32g430_std_periph_driver/src/n32g430_crc.c ****     /* Write data to the CRC16DAT register */
 158:../firmware/n32g430_std_periph_driver/src/n32g430_crc.c ****     CRC->CRC16DAT = data;
 361              		.loc 1 158 8
 362 000a 064A     		ldr	r2, .L27
 363              		.loc 1 158 19
 364 000c FB79     		ldrb	r3, [r7, #7]
 365 000e 1374     		strb	r3, [r2, #16]
 159:../firmware/n32g430_std_periph_driver/src/n32g430_crc.c ****     /* Returns the computed CRC16 result */
ARM GAS  C:\Users\ZShuai\AppData\Local\Temp\ccp64arg.s 			page 10


 160:../firmware/n32g430_std_periph_driver/src/n32g430_crc.c ****     return (CRC->CRC16D);
 366              		.loc 1 160 16
 367 0010 044B     		ldr	r3, .L27
 368 0012 9B8A     		ldrh	r3, [r3, #20]	@ movhi
 369 0014 9BB2     		uxth	r3, r3
 161:../firmware/n32g430_std_periph_driver/src/n32g430_crc.c **** }
 370              		.loc 1 161 1
 371 0016 1846     		mov	r0, r3
 372 0018 0C37     		adds	r7, r7, #12
 373              	.LCFI33:
 374              		.cfi_def_cfa_offset 4
 375 001a BD46     		mov	sp, r7
 376              	.LCFI34:
 377              		.cfi_def_cfa_register 13
 378              		@ sp needed
 379 001c 5DF8047B 		ldr	r7, [sp], #4
 380              	.LCFI35:
 381              		.cfi_restore 7
 382              		.cfi_def_cfa_offset 0
 383 0020 7047     		bx	lr
 384              	.L28:
 385 0022 00BF     		.align	2
 386              	.L27:
 387 0024 00300240 		.word	1073885184
 388              		.cfi_endproc
 389              	.LFE136:
 391              		.section	.text.CRC16_Buffer_Calculate,"ax",%progbits
 392              		.align	1
 393              		.global	CRC16_Buffer_Calculate
 394              		.syntax unified
 395              		.thumb
 396              		.thumb_func
 398              	CRC16_Buffer_Calculate:
 399              	.LFB137:
 162:../firmware/n32g430_std_periph_driver/src/n32g430_crc.c **** 
 163:../firmware/n32g430_std_periph_driver/src/n32g430_crc.c **** /**
 164:../firmware/n32g430_std_periph_driver/src/n32g430_crc.c **** *\*\name    CRC16_Buffer_Calculate.
 165:../firmware/n32g430_std_periph_driver/src/n32g430_crc.c **** *\*\fun     Computes the 16-bit CRC of a given buffer of data word(8-bit).
 166:../firmware/n32g430_std_periph_driver/src/n32g430_crc.c **** *\*\param   p_buf :
 167:../firmware/n32g430_std_periph_driver/src/n32g430_crc.c **** *\*\          - pointer to the buffer containing the data to be computed
 168:../firmware/n32g430_std_periph_driver/src/n32g430_crc.c **** *\*\param   buf_len :
 169:../firmware/n32g430_std_periph_driver/src/n32g430_crc.c **** *\*\          - length of the buffer to be computed
 170:../firmware/n32g430_std_periph_driver/src/n32g430_crc.c **** *\*\return  16-bit CRC
 171:../firmware/n32g430_std_periph_driver/src/n32g430_crc.c **** **/
 172:../firmware/n32g430_std_periph_driver/src/n32g430_crc.c **** uint16_t CRC16_Buffer_Calculate(uint8_t p_buf[], uint32_t buf_len)
 173:../firmware/n32g430_std_periph_driver/src/n32g430_crc.c **** {
 400              		.loc 1 173 1
 401              		.cfi_startproc
 402              		@ args = 0, pretend = 0, frame = 16
 403              		@ frame_needed = 1, uses_anonymous_args = 0
 404              		@ link register save eliminated.
 405 0000 80B4     		push	{r7}
 406              	.LCFI36:
 407              		.cfi_def_cfa_offset 4
 408              		.cfi_offset 7, -4
 409 0002 85B0     		sub	sp, sp, #20
 410              	.LCFI37:
ARM GAS  C:\Users\ZShuai\AppData\Local\Temp\ccp64arg.s 			page 11


 411              		.cfi_def_cfa_offset 24
 412 0004 00AF     		add	r7, sp, #0
 413              	.LCFI38:
 414              		.cfi_def_cfa_register 7
 415 0006 7860     		str	r0, [r7, #4]
 416 0008 3960     		str	r1, [r7]
 174:../firmware/n32g430_std_periph_driver/src/n32g430_crc.c ****     uint32_t index = 0;
 417              		.loc 1 174 14
 418 000a 0023     		movs	r3, #0
 419 000c FB60     		str	r3, [r7, #12]
 175:../firmware/n32g430_std_periph_driver/src/n32g430_crc.c ****     CRC->CRC16D = 0x00;
 420              		.loc 1 175 8
 421 000e 0E4B     		ldr	r3, .L33
 422              		.loc 1 175 17
 423 0010 0022     		movs	r2, #0
 424 0012 9A82     		strh	r2, [r3, #20]	@ movhi
 176:../firmware/n32g430_std_periph_driver/src/n32g430_crc.c ****     for (index = 0; index < buf_len; index++)
 425              		.loc 1 176 16
 426 0014 0023     		movs	r3, #0
 427 0016 FB60     		str	r3, [r7, #12]
 428              		.loc 1 176 5
 429 0018 08E0     		b	.L30
 430              	.L31:
 177:../firmware/n32g430_std_periph_driver/src/n32g430_crc.c ****     {
 178:../firmware/n32g430_std_periph_driver/src/n32g430_crc.c ****         /* Write data to the CRC16DAT register */
 179:../firmware/n32g430_std_periph_driver/src/n32g430_crc.c ****         CRC->CRC16DAT = p_buf[index];
 431              		.loc 1 179 30 discriminator 3
 432 001a 7A68     		ldr	r2, [r7, #4]
 433 001c FB68     		ldr	r3, [r7, #12]
 434 001e 1344     		add	r3, r3, r2
 435              		.loc 1 179 12 discriminator 3
 436 0020 094A     		ldr	r2, .L33
 437              		.loc 1 179 30 discriminator 3
 438 0022 1B78     		ldrb	r3, [r3]	@ zero_extendqisi2
 439              		.loc 1 179 23 discriminator 3
 440 0024 1374     		strb	r3, [r2, #16]
 176:../firmware/n32g430_std_periph_driver/src/n32g430_crc.c ****     for (index = 0; index < buf_len; index++)
 441              		.loc 1 176 43 discriminator 3
 442 0026 FB68     		ldr	r3, [r7, #12]
 443 0028 0133     		adds	r3, r3, #1
 444 002a FB60     		str	r3, [r7, #12]
 445              	.L30:
 176:../firmware/n32g430_std_periph_driver/src/n32g430_crc.c ****     for (index = 0; index < buf_len; index++)
 446              		.loc 1 176 27 discriminator 1
 447 002c FA68     		ldr	r2, [r7, #12]
 448 002e 3B68     		ldr	r3, [r7]
 449 0030 9A42     		cmp	r2, r3
 450 0032 F2D3     		bcc	.L31
 180:../firmware/n32g430_std_periph_driver/src/n32g430_crc.c ****     }
 181:../firmware/n32g430_std_periph_driver/src/n32g430_crc.c ****     /* Returns the computed CRC16 result */
 182:../firmware/n32g430_std_periph_driver/src/n32g430_crc.c ****     return (CRC->CRC16D);
 451              		.loc 1 182 16
 452 0034 044B     		ldr	r3, .L33
 453 0036 9B8A     		ldrh	r3, [r3, #20]	@ movhi
 454 0038 9BB2     		uxth	r3, r3
 183:../firmware/n32g430_std_periph_driver/src/n32g430_crc.c **** }
 455              		.loc 1 183 1
ARM GAS  C:\Users\ZShuai\AppData\Local\Temp\ccp64arg.s 			page 12


 456 003a 1846     		mov	r0, r3
 457 003c 1437     		adds	r7, r7, #20
 458              	.LCFI39:
 459              		.cfi_def_cfa_offset 4
 460 003e BD46     		mov	sp, r7
 461              	.LCFI40:
 462              		.cfi_def_cfa_register 13
 463              		@ sp needed
 464 0040 5DF8047B 		ldr	r7, [sp], #4
 465              	.LCFI41:
 466              		.cfi_restore 7
 467              		.cfi_def_cfa_offset 0
 468 0044 7047     		bx	lr
 469              	.L34:
 470 0046 00BF     		.align	2
 471              	.L33:
 472 0048 00300240 		.word	1073885184
 473              		.cfi_endproc
 474              	.LFE137:
 476              		.section	.text.CRC16_Set,"ax",%progbits
 477              		.align	1
 478              		.global	CRC16_Set
 479              		.syntax unified
 480              		.thumb
 481              		.thumb_func
 483              	CRC16_Set:
 484              	.LFB138:
 184:../firmware/n32g430_std_periph_driver/src/n32g430_crc.c **** 
 185:../firmware/n32g430_std_periph_driver/src/n32g430_crc.c **** /**
 186:../firmware/n32g430_std_periph_driver/src/n32g430_crc.c **** *\*\name    CRC16_Set.
 187:../firmware/n32g430_std_periph_driver/src/n32g430_crc.c **** *\*\fun     write a 8-bit data in the 16-bit CRC Data register.
 188:../firmware/n32g430_std_periph_driver/src/n32g430_crc.c **** *\*\param   data :
 189:../firmware/n32g430_std_periph_driver/src/n32g430_crc.c **** *\*\          - 8-bit data value to be writed in the 16-bit CRC Data register
 190:../firmware/n32g430_std_periph_driver/src/n32g430_crc.c **** *\*\return  none
 191:../firmware/n32g430_std_periph_driver/src/n32g430_crc.c **** **/
 192:../firmware/n32g430_std_periph_driver/src/n32g430_crc.c **** void CRC16_Set(uint8_t data)
 193:../firmware/n32g430_std_periph_driver/src/n32g430_crc.c **** {
 485              		.loc 1 193 1
 486              		.cfi_startproc
 487              		@ args = 0, pretend = 0, frame = 8
 488              		@ frame_needed = 1, uses_anonymous_args = 0
 489              		@ link register save eliminated.
 490 0000 80B4     		push	{r7}
 491              	.LCFI42:
 492              		.cfi_def_cfa_offset 4
 493              		.cfi_offset 7, -4
 494 0002 83B0     		sub	sp, sp, #12
 495              	.LCFI43:
 496              		.cfi_def_cfa_offset 16
 497 0004 00AF     		add	r7, sp, #0
 498              	.LCFI44:
 499              		.cfi_def_cfa_register 7
 500 0006 0346     		mov	r3, r0
 501 0008 FB71     		strb	r3, [r7, #7]
 194:../firmware/n32g430_std_periph_driver/src/n32g430_crc.c ****     /* Writes 8-bit data to the CRC16DAT register */
 195:../firmware/n32g430_std_periph_driver/src/n32g430_crc.c ****     CRC->CRC16DAT = data;
 502              		.loc 1 195 8
ARM GAS  C:\Users\ZShuai\AppData\Local\Temp\ccp64arg.s 			page 13


 503 000a 044A     		ldr	r2, .L36
 504              		.loc 1 195 19
 505 000c FB79     		ldrb	r3, [r7, #7]
 506 000e 1374     		strb	r3, [r2, #16]
 196:../firmware/n32g430_std_periph_driver/src/n32g430_crc.c **** }
 507              		.loc 1 196 1
 508 0010 00BF     		nop
 509 0012 0C37     		adds	r7, r7, #12
 510              	.LCFI45:
 511              		.cfi_def_cfa_offset 4
 512 0014 BD46     		mov	sp, r7
 513              	.LCFI46:
 514              		.cfi_def_cfa_register 13
 515              		@ sp needed
 516 0016 5DF8047B 		ldr	r7, [sp], #4
 517              	.LCFI47:
 518              		.cfi_restore 7
 519              		.cfi_def_cfa_offset 0
 520 001a 7047     		bx	lr
 521              	.L37:
 522              		.align	2
 523              	.L36:
 524 001c 00300240 		.word	1073885184
 525              		.cfi_endproc
 526              	.LFE138:
 528              		.section	.text.CRC16_Get,"ax",%progbits
 529              		.align	1
 530              		.global	CRC16_Get
 531              		.syntax unified
 532              		.thumb
 533              		.thumb_func
 535              	CRC16_Get:
 536              	.LFB139:
 197:../firmware/n32g430_std_periph_driver/src/n32g430_crc.c **** 
 198:../firmware/n32g430_std_periph_driver/src/n32g430_crc.c **** /**
 199:../firmware/n32g430_std_periph_driver/src/n32g430_crc.c **** *\*\name    CRC16_Get.
 200:../firmware/n32g430_std_periph_driver/src/n32g430_crc.c **** *\*\fun     Returns the current CRC value.
 201:../firmware/n32g430_std_periph_driver/src/n32g430_crc.c **** *\*\param   none
 202:../firmware/n32g430_std_periph_driver/src/n32g430_crc.c **** *\*\return  16-bit CRC
 203:../firmware/n32g430_std_periph_driver/src/n32g430_crc.c **** **/
 204:../firmware/n32g430_std_periph_driver/src/n32g430_crc.c **** uint16_t CRC16_Get(void)
 205:../firmware/n32g430_std_periph_driver/src/n32g430_crc.c **** {
 537              		.loc 1 205 1
 538              		.cfi_startproc
 539              		@ args = 0, pretend = 0, frame = 0
 540              		@ frame_needed = 1, uses_anonymous_args = 0
 541              		@ link register save eliminated.
 542 0000 80B4     		push	{r7}
 543              	.LCFI48:
 544              		.cfi_def_cfa_offset 4
 545              		.cfi_offset 7, -4
 546 0002 00AF     		add	r7, sp, #0
 547              	.LCFI49:
 548              		.cfi_def_cfa_register 7
 206:../firmware/n32g430_std_periph_driver/src/n32g430_crc.c ****     /* Returns the CRC16 calculation result */
 207:../firmware/n32g430_std_periph_driver/src/n32g430_crc.c ****     return (CRC->CRC16D);
 549              		.loc 1 207 16
ARM GAS  C:\Users\ZShuai\AppData\Local\Temp\ccp64arg.s 			page 14


 550 0004 034B     		ldr	r3, .L40
 551 0006 9B8A     		ldrh	r3, [r3, #20]	@ movhi
 552 0008 9BB2     		uxth	r3, r3
 208:../firmware/n32g430_std_periph_driver/src/n32g430_crc.c **** }
 553              		.loc 1 208 1
 554 000a 1846     		mov	r0, r3
 555 000c BD46     		mov	sp, r7
 556              	.LCFI50:
 557              		.cfi_def_cfa_register 13
 558              		@ sp needed
 559 000e 5DF8047B 		ldr	r7, [sp], #4
 560              	.LCFI51:
 561              		.cfi_restore 7
 562              		.cfi_def_cfa_offset 0
 563 0012 7047     		bx	lr
 564              	.L41:
 565              		.align	2
 566              	.L40:
 567 0014 00300240 		.word	1073885184
 568              		.cfi_endproc
 569              	.LFE139:
 571              		.section	.text.CRC16_Little_Endian_Format_Set,"ax",%progbits
 572              		.align	1
 573              		.global	CRC16_Little_Endian_Format_Set
 574              		.syntax unified
 575              		.thumb
 576              		.thumb_func
 578              	CRC16_Little_Endian_Format_Set:
 579              	.LFB140:
 209:../firmware/n32g430_std_periph_driver/src/n32g430_crc.c **** 
 210:../firmware/n32g430_std_periph_driver/src/n32g430_crc.c **** /**
 211:../firmware/n32g430_std_periph_driver/src/n32g430_crc.c **** *\*\name    CRC16_Little_Endian_Format_Set.
 212:../firmware/n32g430_std_periph_driver/src/n32g430_crc.c **** *\*\fun     Set the calculate data to little endian format.
 213:../firmware/n32g430_std_periph_driver/src/n32g430_crc.c **** *\*\param   none
 214:../firmware/n32g430_std_periph_driver/src/n32g430_crc.c **** *\*\return  none
 215:../firmware/n32g430_std_periph_driver/src/n32g430_crc.c **** **/
 216:../firmware/n32g430_std_periph_driver/src/n32g430_crc.c **** void CRC16_Little_Endian_Format_Set(void)
 217:../firmware/n32g430_std_periph_driver/src/n32g430_crc.c **** {
 580              		.loc 1 217 1
 581              		.cfi_startproc
 582              		@ args = 0, pretend = 0, frame = 0
 583              		@ frame_needed = 1, uses_anonymous_args = 0
 584              		@ link register save eliminated.
 585 0000 80B4     		push	{r7}
 586              	.LCFI52:
 587              		.cfi_def_cfa_offset 4
 588              		.cfi_offset 7, -4
 589 0002 00AF     		add	r7, sp, #0
 590              	.LCFI53:
 591              		.cfi_def_cfa_register 7
 218:../firmware/n32g430_std_periph_driver/src/n32g430_crc.c ****     CRC->CRC16CTRL |= CRC_LITTLE_ENDIAN_ENABLE;
 592              		.loc 1 218 8
 593 0004 054B     		ldr	r3, .L43
 594 0006 DB68     		ldr	r3, [r3, #12]
 595 0008 044A     		ldr	r2, .L43
 596              		.loc 1 218 20
 597 000a 43F00203 		orr	r3, r3, #2
ARM GAS  C:\Users\ZShuai\AppData\Local\Temp\ccp64arg.s 			page 15


 598 000e D360     		str	r3, [r2, #12]
 219:../firmware/n32g430_std_periph_driver/src/n32g430_crc.c **** }
 599              		.loc 1 219 1
 600 0010 00BF     		nop
 601 0012 BD46     		mov	sp, r7
 602              	.LCFI54:
 603              		.cfi_def_cfa_register 13
 604              		@ sp needed
 605 0014 5DF8047B 		ldr	r7, [sp], #4
 606              	.LCFI55:
 607              		.cfi_restore 7
 608              		.cfi_def_cfa_offset 0
 609 0018 7047     		bx	lr
 610              	.L44:
 611 001a 00BF     		.align	2
 612              	.L43:
 613 001c 00300240 		.word	1073885184
 614              		.cfi_endproc
 615              	.LFE140:
 617              		.section	.text.CRC16_Big_Endian_Format_Set,"ax",%progbits
 618              		.align	1
 619              		.global	CRC16_Big_Endian_Format_Set
 620              		.syntax unified
 621              		.thumb
 622              		.thumb_func
 624              	CRC16_Big_Endian_Format_Set:
 625              	.LFB141:
 220:../firmware/n32g430_std_periph_driver/src/n32g430_crc.c **** 
 221:../firmware/n32g430_std_periph_driver/src/n32g430_crc.c **** /**
 222:../firmware/n32g430_std_periph_driver/src/n32g430_crc.c **** *\*\name    CRC16_Big_Endian_Format_Set.
 223:../firmware/n32g430_std_periph_driver/src/n32g430_crc.c **** *\*\fun     Set the calculate data to big endian format.
 224:../firmware/n32g430_std_periph_driver/src/n32g430_crc.c **** *\*\param   none
 225:../firmware/n32g430_std_periph_driver/src/n32g430_crc.c **** *\*\return  none
 226:../firmware/n32g430_std_periph_driver/src/n32g430_crc.c **** **/
 227:../firmware/n32g430_std_periph_driver/src/n32g430_crc.c **** void CRC16_Big_Endian_Format_Set(void)
 228:../firmware/n32g430_std_periph_driver/src/n32g430_crc.c **** {
 626              		.loc 1 228 1
 627              		.cfi_startproc
 628              		@ args = 0, pretend = 0, frame = 0
 629              		@ frame_needed = 1, uses_anonymous_args = 0
 630              		@ link register save eliminated.
 631 0000 80B4     		push	{r7}
 632              	.LCFI56:
 633              		.cfi_def_cfa_offset 4
 634              		.cfi_offset 7, -4
 635 0002 00AF     		add	r7, sp, #0
 636              	.LCFI57:
 637              		.cfi_def_cfa_register 7
 229:../firmware/n32g430_std_periph_driver/src/n32g430_crc.c ****     CRC->CRC16CTRL &= CRC_BIG_ENDIAN_ENABLE;
 638              		.loc 1 229 8
 639 0004 054B     		ldr	r3, .L46
 640 0006 DB68     		ldr	r3, [r3, #12]
 641 0008 044A     		ldr	r2, .L46
 642              		.loc 1 229 20
 643 000a 03F0FD03 		and	r3, r3, #253
 644 000e D360     		str	r3, [r2, #12]
 230:../firmware/n32g430_std_periph_driver/src/n32g430_crc.c **** }
ARM GAS  C:\Users\ZShuai\AppData\Local\Temp\ccp64arg.s 			page 16


 645              		.loc 1 230 1
 646 0010 00BF     		nop
 647 0012 BD46     		mov	sp, r7
 648              	.LCFI58:
 649              		.cfi_def_cfa_register 13
 650              		@ sp needed
 651 0014 5DF8047B 		ldr	r7, [sp], #4
 652              	.LCFI59:
 653              		.cfi_restore 7
 654              		.cfi_def_cfa_offset 0
 655 0018 7047     		bx	lr
 656              	.L47:
 657 001a 00BF     		.align	2
 658              	.L46:
 659 001c 00300240 		.word	1073885184
 660              		.cfi_endproc
 661              	.LFE141:
 663              		.section	.text.CRC16_Value_Clean_Enable,"ax",%progbits
 664              		.align	1
 665              		.global	CRC16_Value_Clean_Enable
 666              		.syntax unified
 667              		.thumb
 668              		.thumb_func
 670              	CRC16_Value_Clean_Enable:
 671              	.LFB142:
 231:../firmware/n32g430_std_periph_driver/src/n32g430_crc.c **** 
 232:../firmware/n32g430_std_periph_driver/src/n32g430_crc.c **** /**
 233:../firmware/n32g430_std_periph_driver/src/n32g430_crc.c **** *\*\name    CRC16_Value_Clean_Enable.
 234:../firmware/n32g430_std_periph_driver/src/n32g430_crc.c **** *\*\fun     Enable Clean CRC16 value.
 235:../firmware/n32g430_std_periph_driver/src/n32g430_crc.c **** *\*\param   none
 236:../firmware/n32g430_std_periph_driver/src/n32g430_crc.c **** *\*\return  none
 237:../firmware/n32g430_std_periph_driver/src/n32g430_crc.c **** **/
 238:../firmware/n32g430_std_periph_driver/src/n32g430_crc.c **** void CRC16_Value_Clean_Enable(void)
 239:../firmware/n32g430_std_periph_driver/src/n32g430_crc.c **** {
 672              		.loc 1 239 1
 673              		.cfi_startproc
 674              		@ args = 0, pretend = 0, frame = 0
 675              		@ frame_needed = 1, uses_anonymous_args = 0
 676              		@ link register save eliminated.
 677 0000 80B4     		push	{r7}
 678              	.LCFI60:
 679              		.cfi_def_cfa_offset 4
 680              		.cfi_offset 7, -4
 681 0002 00AF     		add	r7, sp, #0
 682              	.LCFI61:
 683              		.cfi_def_cfa_register 7
 240:../firmware/n32g430_std_periph_driver/src/n32g430_crc.c ****     CRC->CRC16CTRL |= CRC_CRC16_VALUE_CLEAR;
 684              		.loc 1 240 8
 685 0004 054B     		ldr	r3, .L49
 686 0006 DB68     		ldr	r3, [r3, #12]
 687 0008 044A     		ldr	r2, .L49
 688              		.loc 1 240 20
 689 000a 43F00403 		orr	r3, r3, #4
 690 000e D360     		str	r3, [r2, #12]
 241:../firmware/n32g430_std_periph_driver/src/n32g430_crc.c **** }
 691              		.loc 1 241 1
 692 0010 00BF     		nop
ARM GAS  C:\Users\ZShuai\AppData\Local\Temp\ccp64arg.s 			page 17


 693 0012 BD46     		mov	sp, r7
 694              	.LCFI62:
 695              		.cfi_def_cfa_register 13
 696              		@ sp needed
 697 0014 5DF8047B 		ldr	r7, [sp], #4
 698              	.LCFI63:
 699              		.cfi_restore 7
 700              		.cfi_def_cfa_offset 0
 701 0018 7047     		bx	lr
 702              	.L50:
 703 001a 00BF     		.align	2
 704              	.L49:
 705 001c 00300240 		.word	1073885184
 706              		.cfi_endproc
 707              	.LFE142:
 709              		.section	.text.CRC16_Value_Clean_Disable,"ax",%progbits
 710              		.align	1
 711              		.global	CRC16_Value_Clean_Disable
 712              		.syntax unified
 713              		.thumb
 714              		.thumb_func
 716              	CRC16_Value_Clean_Disable:
 717              	.LFB143:
 242:../firmware/n32g430_std_periph_driver/src/n32g430_crc.c **** 
 243:../firmware/n32g430_std_periph_driver/src/n32g430_crc.c **** /**
 244:../firmware/n32g430_std_periph_driver/src/n32g430_crc.c **** *\*\name    CRC16_Value_Clean_Disable.
 245:../firmware/n32g430_std_periph_driver/src/n32g430_crc.c **** *\*\fun     Disable Clean CRC16 value.
 246:../firmware/n32g430_std_periph_driver/src/n32g430_crc.c **** *\*\param   none
 247:../firmware/n32g430_std_periph_driver/src/n32g430_crc.c **** *\*\return  none
 248:../firmware/n32g430_std_periph_driver/src/n32g430_crc.c **** **/
 249:../firmware/n32g430_std_periph_driver/src/n32g430_crc.c **** void CRC16_Value_Clean_Disable(void)
 250:../firmware/n32g430_std_periph_driver/src/n32g430_crc.c **** {
 718              		.loc 1 250 1
 719              		.cfi_startproc
 720              		@ args = 0, pretend = 0, frame = 0
 721              		@ frame_needed = 1, uses_anonymous_args = 0
 722              		@ link register save eliminated.
 723 0000 80B4     		push	{r7}
 724              	.LCFI64:
 725              		.cfi_def_cfa_offset 4
 726              		.cfi_offset 7, -4
 727 0002 00AF     		add	r7, sp, #0
 728              	.LCFI65:
 729              		.cfi_def_cfa_register 7
 251:../firmware/n32g430_std_periph_driver/src/n32g430_crc.c ****     CRC->CRC16CTRL &= CRC_CRC16_VALUE_NO_CLEAR;
 730              		.loc 1 251 8
 731 0004 054B     		ldr	r3, .L52
 732 0006 DB68     		ldr	r3, [r3, #12]
 733 0008 044A     		ldr	r2, .L52
 734              		.loc 1 251 20
 735 000a 03F0FB03 		and	r3, r3, #251
 736 000e D360     		str	r3, [r2, #12]
 252:../firmware/n32g430_std_periph_driver/src/n32g430_crc.c **** }
 737              		.loc 1 252 1
 738 0010 00BF     		nop
 739 0012 BD46     		mov	sp, r7
 740              	.LCFI66:
ARM GAS  C:\Users\ZShuai\AppData\Local\Temp\ccp64arg.s 			page 18


 741              		.cfi_def_cfa_register 13
 742              		@ sp needed
 743 0014 5DF8047B 		ldr	r7, [sp], #4
 744              	.LCFI67:
 745              		.cfi_restore 7
 746              		.cfi_def_cfa_offset 0
 747 0018 7047     		bx	lr
 748              	.L53:
 749 001a 00BF     		.align	2
 750              	.L52:
 751 001c 00300240 		.word	1073885184
 752              		.cfi_endproc
 753              	.LFE143:
 755              		.section	.text.CRC_LRC_Set,"ax",%progbits
 756              		.align	1
 757              		.global	CRC_LRC_Set
 758              		.syntax unified
 759              		.thumb
 760              		.thumb_func
 762              	CRC_LRC_Set:
 763              	.LFB144:
 253:../firmware/n32g430_std_periph_driver/src/n32g430_crc.c **** 
 254:../firmware/n32g430_std_periph_driver/src/n32g430_crc.c **** /**
 255:../firmware/n32g430_std_periph_driver/src/n32g430_crc.c **** *\*\name    CRC_LRC_Set.
 256:../firmware/n32g430_std_periph_driver/src/n32g430_crc.c **** *\*\fun     Write LRC initial value.
 257:../firmware/n32g430_std_periph_driver/src/n32g430_crc.c **** *\*\param   data :
 258:../firmware/n32g430_std_periph_driver/src/n32g430_crc.c **** *\*\          - 8-bit data
 259:../firmware/n32g430_std_periph_driver/src/n32g430_crc.c **** *\*\return  none
 260:../firmware/n32g430_std_periph_driver/src/n32g430_crc.c **** **/
 261:../firmware/n32g430_std_periph_driver/src/n32g430_crc.c **** void CRC_LRC_Set(uint8_t data)
 262:../firmware/n32g430_std_periph_driver/src/n32g430_crc.c **** {
 764              		.loc 1 262 1
 765              		.cfi_startproc
 766              		@ args = 0, pretend = 0, frame = 8
 767              		@ frame_needed = 1, uses_anonymous_args = 0
 768              		@ link register save eliminated.
 769 0000 80B4     		push	{r7}
 770              	.LCFI68:
 771              		.cfi_def_cfa_offset 4
 772              		.cfi_offset 7, -4
 773 0002 83B0     		sub	sp, sp, #12
 774              	.LCFI69:
 775              		.cfi_def_cfa_offset 16
 776 0004 00AF     		add	r7, sp, #0
 777              	.LCFI70:
 778              		.cfi_def_cfa_register 7
 779 0006 0346     		mov	r3, r0
 780 0008 FB71     		strb	r3, [r7, #7]
 263:../firmware/n32g430_std_periph_driver/src/n32g430_crc.c ****     /* Write LRC to verify the initial value */
 264:../firmware/n32g430_std_periph_driver/src/n32g430_crc.c ****     CRC->LRC = data;
 781              		.loc 1 264 8
 782 000a 044A     		ldr	r2, .L55
 783              		.loc 1 264 14
 784 000c FB79     		ldrb	r3, [r7, #7]
 785 000e 1376     		strb	r3, [r2, #24]
 265:../firmware/n32g430_std_periph_driver/src/n32g430_crc.c **** }
 786              		.loc 1 265 1
ARM GAS  C:\Users\ZShuai\AppData\Local\Temp\ccp64arg.s 			page 19


 787 0010 00BF     		nop
 788 0012 0C37     		adds	r7, r7, #12
 789              	.LCFI71:
 790              		.cfi_def_cfa_offset 4
 791 0014 BD46     		mov	sp, r7
 792              	.LCFI72:
 793              		.cfi_def_cfa_register 13
 794              		@ sp needed
 795 0016 5DF8047B 		ldr	r7, [sp], #4
 796              	.LCFI73:
 797              		.cfi_restore 7
 798              		.cfi_def_cfa_offset 0
 799 001a 7047     		bx	lr
 800              	.L56:
 801              		.align	2
 802              	.L55:
 803 001c 00300240 		.word	1073885184
 804              		.cfi_endproc
 805              	.LFE144:
 807              		.section	.text.CRC_LRC_Get,"ax",%progbits
 808              		.align	1
 809              		.global	CRC_LRC_Get
 810              		.syntax unified
 811              		.thumb
 812              		.thumb_func
 814              	CRC_LRC_Get:
 815              	.LFB145:
 266:../firmware/n32g430_std_periph_driver/src/n32g430_crc.c **** 
 267:../firmware/n32g430_std_periph_driver/src/n32g430_crc.c **** /**
 268:../firmware/n32g430_std_periph_driver/src/n32g430_crc.c **** *\*\name    CRC_LRC_Get.
 269:../firmware/n32g430_std_periph_driver/src/n32g430_crc.c **** *\*\fun     Returns the current LRC value.
 270:../firmware/n32g430_std_periph_driver/src/n32g430_crc.c **** *\*\param   none
 271:../firmware/n32g430_std_periph_driver/src/n32g430_crc.c **** *\*\return  8-bit LRC
 272:../firmware/n32g430_std_periph_driver/src/n32g430_crc.c **** **/
 273:../firmware/n32g430_std_periph_driver/src/n32g430_crc.c **** uint8_t CRC_LRC_Get(void)
 274:../firmware/n32g430_std_periph_driver/src/n32g430_crc.c **** {
 816              		.loc 1 274 1
 817              		.cfi_startproc
 818              		@ args = 0, pretend = 0, frame = 0
 819              		@ frame_needed = 1, uses_anonymous_args = 0
 820              		@ link register save eliminated.
 821 0000 80B4     		push	{r7}
 822              	.LCFI74:
 823              		.cfi_def_cfa_offset 4
 824              		.cfi_offset 7, -4
 825 0002 00AF     		add	r7, sp, #0
 826              	.LCFI75:
 827              		.cfi_def_cfa_register 7
 275:../firmware/n32g430_std_periph_driver/src/n32g430_crc.c ****     /* Returns the LRC check value */
 276:../firmware/n32g430_std_periph_driver/src/n32g430_crc.c ****     return (CRC->LRC);
 828              		.loc 1 276 16
 829 0004 034B     		ldr	r3, .L59
 830 0006 1B7E     		ldrb	r3, [r3, #24]
 831 0008 DBB2     		uxtb	r3, r3
 277:../firmware/n32g430_std_periph_driver/src/n32g430_crc.c **** }
 832              		.loc 1 277 1
 833 000a 1846     		mov	r0, r3
ARM GAS  C:\Users\ZShuai\AppData\Local\Temp\ccp64arg.s 			page 20


 834 000c BD46     		mov	sp, r7
 835              	.LCFI76:
 836              		.cfi_def_cfa_register 13
 837              		@ sp needed
 838 000e 5DF8047B 		ldr	r7, [sp], #4
 839              	.LCFI77:
 840              		.cfi_restore 7
 841              		.cfi_def_cfa_offset 0
 842 0012 7047     		bx	lr
 843              	.L60:
 844              		.align	2
 845              	.L59:
 846 0014 00300240 		.word	1073885184
 847              		.cfi_endproc
 848              	.LFE145:
 850              		.text
 851              	.Letext0:
 852              		.file 2 "d:\\program files (x86)\\arm gnu toolchain arm-none-eabi\\12.3 rel1\\arm-none-eabi\\inclu
 853              		.file 3 "d:\\program files (x86)\\arm gnu toolchain arm-none-eabi\\12.3 rel1\\arm-none-eabi\\inclu
 854              		.file 4 "../firmware/CMSIS/device/n32g430.h"
ARM GAS  C:\Users\ZShuai\AppData\Local\Temp\ccp64arg.s 			page 21


DEFINED SYMBOLS
                            *ABS*:00000000 n32g430_crc.c
C:\Users\ZShuai\AppData\Local\Temp\ccp64arg.s:21     .text.CRC32_Reset:00000000 $t
C:\Users\ZShuai\AppData\Local\Temp\ccp64arg.s:27     .text.CRC32_Reset:00000000 CRC32_Reset
C:\Users\ZShuai\AppData\Local\Temp\ccp64arg.s:60     .text.CRC32_Reset:00000014 $d
C:\Users\ZShuai\AppData\Local\Temp\ccp64arg.s:65     .text.CRC32_Calculate:00000000 $t
C:\Users\ZShuai\AppData\Local\Temp\ccp64arg.s:71     .text.CRC32_Calculate:00000000 CRC32_Calculate
C:\Users\ZShuai\AppData\Local\Temp\ccp64arg.s:114    .text.CRC32_Calculate:00000020 $d
C:\Users\ZShuai\AppData\Local\Temp\ccp64arg.s:119    .text.CRC32_Buffer_Calculate:00000000 $t
C:\Users\ZShuai\AppData\Local\Temp\ccp64arg.s:125    .text.CRC32_Buffer_Calculate:00000000 CRC32_Buffer_Calculate
C:\Users\ZShuai\AppData\Local\Temp\ccp64arg.s:194    .text.CRC32_Buffer_Calculate:00000040 $d
C:\Users\ZShuai\AppData\Local\Temp\ccp64arg.s:199    .text.CRC32_Get:00000000 $t
C:\Users\ZShuai\AppData\Local\Temp\ccp64arg.s:205    .text.CRC32_Get:00000000 CRC32_Get
C:\Users\ZShuai\AppData\Local\Temp\ccp64arg.s:236    .text.CRC32_Get:00000014 $d
C:\Users\ZShuai\AppData\Local\Temp\ccp64arg.s:241    .text.CRC32_Independent_Data_Save:00000000 $t
C:\Users\ZShuai\AppData\Local\Temp\ccp64arg.s:247    .text.CRC32_Independent_Data_Save:00000000 CRC32_Independent_Data_Save
C:\Users\ZShuai\AppData\Local\Temp\ccp64arg.s:288    .text.CRC32_Independent_Data_Save:0000001c $d
C:\Users\ZShuai\AppData\Local\Temp\ccp64arg.s:293    .text.CRC32_Independent_Data_Get:00000000 $t
C:\Users\ZShuai\AppData\Local\Temp\ccp64arg.s:299    .text.CRC32_Independent_Data_Get:00000000 CRC32_Independent_Data_Get
C:\Users\ZShuai\AppData\Local\Temp\ccp64arg.s:331    .text.CRC32_Independent_Data_Get:00000014 $d
C:\Users\ZShuai\AppData\Local\Temp\ccp64arg.s:336    .text.CRC16_Calculate:00000000 $t
C:\Users\ZShuai\AppData\Local\Temp\ccp64arg.s:342    .text.CRC16_Calculate:00000000 CRC16_Calculate
C:\Users\ZShuai\AppData\Local\Temp\ccp64arg.s:387    .text.CRC16_Calculate:00000024 $d
C:\Users\ZShuai\AppData\Local\Temp\ccp64arg.s:392    .text.CRC16_Buffer_Calculate:00000000 $t
C:\Users\ZShuai\AppData\Local\Temp\ccp64arg.s:398    .text.CRC16_Buffer_Calculate:00000000 CRC16_Buffer_Calculate
C:\Users\ZShuai\AppData\Local\Temp\ccp64arg.s:472    .text.CRC16_Buffer_Calculate:00000048 $d
C:\Users\ZShuai\AppData\Local\Temp\ccp64arg.s:477    .text.CRC16_Set:00000000 $t
C:\Users\ZShuai\AppData\Local\Temp\ccp64arg.s:483    .text.CRC16_Set:00000000 CRC16_Set
C:\Users\ZShuai\AppData\Local\Temp\ccp64arg.s:524    .text.CRC16_Set:0000001c $d
C:\Users\ZShuai\AppData\Local\Temp\ccp64arg.s:529    .text.CRC16_Get:00000000 $t
C:\Users\ZShuai\AppData\Local\Temp\ccp64arg.s:535    .text.CRC16_Get:00000000 CRC16_Get
C:\Users\ZShuai\AppData\Local\Temp\ccp64arg.s:567    .text.CRC16_Get:00000014 $d
C:\Users\ZShuai\AppData\Local\Temp\ccp64arg.s:572    .text.CRC16_Little_Endian_Format_Set:00000000 $t
C:\Users\ZShuai\AppData\Local\Temp\ccp64arg.s:578    .text.CRC16_Little_Endian_Format_Set:00000000 CRC16_Little_Endian_Format_Set
C:\Users\ZShuai\AppData\Local\Temp\ccp64arg.s:613    .text.CRC16_Little_Endian_Format_Set:0000001c $d
C:\Users\ZShuai\AppData\Local\Temp\ccp64arg.s:618    .text.CRC16_Big_Endian_Format_Set:00000000 $t
C:\Users\ZShuai\AppData\Local\Temp\ccp64arg.s:624    .text.CRC16_Big_Endian_Format_Set:00000000 CRC16_Big_Endian_Format_Set
C:\Users\ZShuai\AppData\Local\Temp\ccp64arg.s:659    .text.CRC16_Big_Endian_Format_Set:0000001c $d
C:\Users\ZShuai\AppData\Local\Temp\ccp64arg.s:664    .text.CRC16_Value_Clean_Enable:00000000 $t
C:\Users\ZShuai\AppData\Local\Temp\ccp64arg.s:670    .text.CRC16_Value_Clean_Enable:00000000 CRC16_Value_Clean_Enable
C:\Users\ZShuai\AppData\Local\Temp\ccp64arg.s:705    .text.CRC16_Value_Clean_Enable:0000001c $d
C:\Users\ZShuai\AppData\Local\Temp\ccp64arg.s:710    .text.CRC16_Value_Clean_Disable:00000000 $t
C:\Users\ZShuai\AppData\Local\Temp\ccp64arg.s:716    .text.CRC16_Value_Clean_Disable:00000000 CRC16_Value_Clean_Disable
C:\Users\ZShuai\AppData\Local\Temp\ccp64arg.s:751    .text.CRC16_Value_Clean_Disable:0000001c $d
C:\Users\ZShuai\AppData\Local\Temp\ccp64arg.s:756    .text.CRC_LRC_Set:00000000 $t
C:\Users\ZShuai\AppData\Local\Temp\ccp64arg.s:762    .text.CRC_LRC_Set:00000000 CRC_LRC_Set
C:\Users\ZShuai\AppData\Local\Temp\ccp64arg.s:803    .text.CRC_LRC_Set:0000001c $d
C:\Users\ZShuai\AppData\Local\Temp\ccp64arg.s:808    .text.CRC_LRC_Get:00000000 $t
C:\Users\ZShuai\AppData\Local\Temp\ccp64arg.s:814    .text.CRC_LRC_Get:00000000 CRC_LRC_Get
C:\Users\ZShuai\AppData\Local\Temp\ccp64arg.s:846    .text.CRC_LRC_Get:00000014 $d

NO UNDEFINED SYMBOLS
