ARM GAS  C:\Users\ZShuai\AppData\Local\Temp\cckOHxhd.s 			page 1


   1              		.cpu cortex-m4
   2              		.arch armv7e-m
   3              		.fpu fpv4-sp-d16
   4              		.eabi_attribute 27, 1
   5              		.eabi_attribute 28, 1
   6              		.eabi_attribute 20, 1
   7              		.eabi_attribute 21, 1
   8              		.eabi_attribute 23, 3
   9              		.eabi_attribute 24, 1
  10              		.eabi_attribute 25, 1
  11              		.eabi_attribute 26, 1
  12              		.eabi_attribute 30, 6
  13              		.eabi_attribute 34, 1
  14              		.eabi_attribute 18, 4
  15              		.file	"n32g430_dbg.c"
  16              		.text
  17              	.Ltext0:
  18              		.cfi_sections	.debug_frame
  19              		.file 1 "../firmware/n32g430_std_periph_driver/src/n32g430_dbg.c"
  20              		.section	.text.UCID_Get,"ax",%progbits
  21              		.align	1
  22              		.global	UCID_Get
  23              		.syntax unified
  24              		.thumb
  25              		.thumb_func
  27              	UCID_Get:
  28              	.LFB130:
   1:../firmware/n32g430_std_periph_driver/src/n32g430_dbg.c **** /**
   2:../firmware/n32g430_std_periph_driver/src/n32g430_dbg.c **** *     Copyright (c) 2022, Nations Technologies Inc.
   3:../firmware/n32g430_std_periph_driver/src/n32g430_dbg.c **** * 
   4:../firmware/n32g430_std_periph_driver/src/n32g430_dbg.c **** *     All rights reserved.
   5:../firmware/n32g430_std_periph_driver/src/n32g430_dbg.c **** *
   6:../firmware/n32g430_std_periph_driver/src/n32g430_dbg.c **** *     This software is the exclusive property of Nations Technologies Inc. (Hereinafter 
   7:../firmware/n32g430_std_periph_driver/src/n32g430_dbg.c **** * referred to as NATIONS). This software, and the product of NATIONS described herein 
   8:../firmware/n32g430_std_periph_driver/src/n32g430_dbg.c **** * (Hereinafter referred to as the Product) are owned by NATIONS under the laws and treaties
   9:../firmware/n32g430_std_periph_driver/src/n32g430_dbg.c **** * of the People’s Republic of China and other applicable jurisdictions worldwide.
  10:../firmware/n32g430_std_periph_driver/src/n32g430_dbg.c **** *
  11:../firmware/n32g430_std_periph_driver/src/n32g430_dbg.c **** *     NATIONS does not grant any license under its patents, copyrights, trademarks, or other 
  12:../firmware/n32g430_std_periph_driver/src/n32g430_dbg.c **** * intellectual property rights. Names and brands of third party may be mentioned or referred 
  13:../firmware/n32g430_std_periph_driver/src/n32g430_dbg.c **** * thereto (if any) for identification purposes only.
  14:../firmware/n32g430_std_periph_driver/src/n32g430_dbg.c **** *
  15:../firmware/n32g430_std_periph_driver/src/n32g430_dbg.c **** *     NATIONS reserves the right to make changes, corrections, enhancements, modifications, and 
  16:../firmware/n32g430_std_periph_driver/src/n32g430_dbg.c **** * improvements to this software at any time without notice. Please contact NATIONS and obtain 
  17:../firmware/n32g430_std_periph_driver/src/n32g430_dbg.c **** * the latest version of this software before placing orders.
  18:../firmware/n32g430_std_periph_driver/src/n32g430_dbg.c **** 
  19:../firmware/n32g430_std_periph_driver/src/n32g430_dbg.c **** *     Although NATIONS has attempted to provide accurate and reliable information, NATIONS assumes 
  20:../firmware/n32g430_std_periph_driver/src/n32g430_dbg.c **** * no responsibility for the accuracy and reliability of this software.
  21:../firmware/n32g430_std_periph_driver/src/n32g430_dbg.c **** * 
  22:../firmware/n32g430_std_periph_driver/src/n32g430_dbg.c **** *     It is the responsibility of the user of this software to properly design, program, and test 
  23:../firmware/n32g430_std_periph_driver/src/n32g430_dbg.c **** * the functionality and safety of any application made of this information and any resulting produc
  24:../firmware/n32g430_std_periph_driver/src/n32g430_dbg.c **** * In no event shall NATIONS be liable for any direct, indirect, incidental, special,exemplary, or 
  25:../firmware/n32g430_std_periph_driver/src/n32g430_dbg.c **** * consequential damages arising in any way out of the use of this software or the Product.
  26:../firmware/n32g430_std_periph_driver/src/n32g430_dbg.c **** *
  27:../firmware/n32g430_std_periph_driver/src/n32g430_dbg.c **** *     NATIONS Products are neither intended nor warranted for usage in systems or equipment, any
  28:../firmware/n32g430_std_periph_driver/src/n32g430_dbg.c **** * malfunction or failure of which may cause loss of human life, bodily injury or severe property 
  29:../firmware/n32g430_std_periph_driver/src/n32g430_dbg.c **** * damage. Such applications are deemed, “Insecure Usage”.
  30:../firmware/n32g430_std_periph_driver/src/n32g430_dbg.c **** *
ARM GAS  C:\Users\ZShuai\AppData\Local\Temp\cckOHxhd.s 			page 2


  31:../firmware/n32g430_std_periph_driver/src/n32g430_dbg.c **** *     All Insecure Usage shall be made at user’s risk. User shall indemnify NATIONS and hold NATI
  32:../firmware/n32g430_std_periph_driver/src/n32g430_dbg.c **** * harmless from and against all claims, costs, damages, and other liabilities, arising from or rela
  33:../firmware/n32g430_std_periph_driver/src/n32g430_dbg.c **** * to any customer’s Insecure Usage.
  34:../firmware/n32g430_std_periph_driver/src/n32g430_dbg.c **** 
  35:../firmware/n32g430_std_periph_driver/src/n32g430_dbg.c **** *     Any express or implied warranty with regard to this software or the Product, including,but no
  36:../firmware/n32g430_std_periph_driver/src/n32g430_dbg.c **** * limited to, the warranties of merchantability, fitness for a particular purpose and non-infringem
  37:../firmware/n32g430_std_periph_driver/src/n32g430_dbg.c **** * are disclaimed to the fullest extent permitted by law.
  38:../firmware/n32g430_std_periph_driver/src/n32g430_dbg.c **** 
  39:../firmware/n32g430_std_periph_driver/src/n32g430_dbg.c **** *     Unless otherwise explicitly permitted by NATIONS, anyone may not duplicate, modify, transcrib
  40:../firmware/n32g430_std_periph_driver/src/n32g430_dbg.c **** * or otherwise distribute this software for any purposes, in whole or in part.
  41:../firmware/n32g430_std_periph_driver/src/n32g430_dbg.c **** *
  42:../firmware/n32g430_std_periph_driver/src/n32g430_dbg.c **** *     NATIONS products and technologies shall not be used for or incorporated into any products or 
  43:../firmware/n32g430_std_periph_driver/src/n32g430_dbg.c **** * whose manufacture, use, or sale is prohibited under any applicable domestic or foreign laws or re
  44:../firmware/n32g430_std_periph_driver/src/n32g430_dbg.c **** * User shall comply with any applicable export control laws and regulations promulgated and adminis
  45:../firmware/n32g430_std_periph_driver/src/n32g430_dbg.c **** * the governments of any countries asserting jurisdiction over the parties or transactions.
  46:../firmware/n32g430_std_periph_driver/src/n32g430_dbg.c **** **/
  47:../firmware/n32g430_std_periph_driver/src/n32g430_dbg.c **** 
  48:../firmware/n32g430_std_periph_driver/src/n32g430_dbg.c **** /**
  49:../firmware/n32g430_std_periph_driver/src/n32g430_dbg.c **** *\*\file n32g430_dbg.c
  50:../firmware/n32g430_std_periph_driver/src/n32g430_dbg.c **** *\*\author Nations
  51:../firmware/n32g430_std_periph_driver/src/n32g430_dbg.c **** *\*\version v1.0.1
  52:../firmware/n32g430_std_periph_driver/src/n32g430_dbg.c **** *\*\copyright Copyright (c) 2022, Nations Technologies Inc. All rights reserved.
  53:../firmware/n32g430_std_periph_driver/src/n32g430_dbg.c **** **/
  54:../firmware/n32g430_std_periph_driver/src/n32g430_dbg.c **** 
  55:../firmware/n32g430_std_periph_driver/src/n32g430_dbg.c **** #ifndef __N32G430_DBG_H__
  56:../firmware/n32g430_std_periph_driver/src/n32g430_dbg.c **** #define __N32G430_DBG_H__
  57:../firmware/n32g430_std_periph_driver/src/n32g430_dbg.c **** 
  58:../firmware/n32g430_std_periph_driver/src/n32g430_dbg.c **** #ifdef __cplusplus
  59:../firmware/n32g430_std_periph_driver/src/n32g430_dbg.c **** extern "C" {
  60:../firmware/n32g430_std_periph_driver/src/n32g430_dbg.c **** #endif
  61:../firmware/n32g430_std_periph_driver/src/n32g430_dbg.c **** 
  62:../firmware/n32g430_std_periph_driver/src/n32g430_dbg.c **** #include "n32g430.h"
  63:../firmware/n32g430_std_periph_driver/src/n32g430_dbg.c **** 
  64:../firmware/n32g430_std_periph_driver/src/n32g430_dbg.c **** #define IDCODE_DEVID_MASK ((uint32_t)0x00000FFF)
  65:../firmware/n32g430_std_periph_driver/src/n32g430_dbg.c **** #define UCID2_BASE        ((uint32_t)0x1FFFF500)
  66:../firmware/n32g430_std_periph_driver/src/n32g430_dbg.c **** #define UID2_BASE         ((uint32_t)0x1FFFF510)
  67:../firmware/n32g430_std_periph_driver/src/n32g430_dbg.c **** 
  68:../firmware/n32g430_std_periph_driver/src/n32g430_dbg.c **** /**
  69:../firmware/n32g430_std_periph_driver/src/n32g430_dbg.c **** *\*\name    UCID_Get.
  70:../firmware/n32g430_std_periph_driver/src/n32g430_dbg.c **** *\*\fun     get unique customer id.
  71:../firmware/n32g430_std_periph_driver/src/n32g430_dbg.c **** *\*\param   UCIDbuf
  72:../firmware/n32g430_std_periph_driver/src/n32g430_dbg.c **** *\*\return  none
  73:../firmware/n32g430_std_periph_driver/src/n32g430_dbg.c **** **/
  74:../firmware/n32g430_std_periph_driver/src/n32g430_dbg.c **** void UCID_Get(uint8_t *UCIDbuf)
  75:../firmware/n32g430_std_periph_driver/src/n32g430_dbg.c **** {
  29              		.loc 1 75 1
  30              		.cfi_startproc
  31              		@ args = 0, pretend = 0, frame = 24
  32              		@ frame_needed = 1, uses_anonymous_args = 0
  33              		@ link register save eliminated.
  34 0000 80B4     		push	{r7}
  35              	.LCFI0:
  36              		.cfi_def_cfa_offset 4
  37              		.cfi_offset 7, -4
  38 0002 87B0     		sub	sp, sp, #28
  39              	.LCFI1:
  40              		.cfi_def_cfa_offset 32
ARM GAS  C:\Users\ZShuai\AppData\Local\Temp\cckOHxhd.s 			page 3


  41 0004 00AF     		add	r7, sp, #0
  42              	.LCFI2:
  43              		.cfi_def_cfa_register 7
  44 0006 7860     		str	r0, [r7, #4]
  76:../firmware/n32g430_std_periph_driver/src/n32g430_dbg.c ****     uint8_t num = 0;
  45              		.loc 1 76 13
  46 0008 0023     		movs	r3, #0
  47 000a FB75     		strb	r3, [r7, #23]
  77:../firmware/n32g430_std_periph_driver/src/n32g430_dbg.c ****     uint32_t* ucid_addr = (void*)0;
  48              		.loc 1 77 15
  49 000c 0023     		movs	r3, #0
  50 000e 3B61     		str	r3, [r7, #16]
  78:../firmware/n32g430_std_periph_driver/src/n32g430_dbg.c ****     uint32_t temp = 0;
  51              		.loc 1 78 14
  52 0010 0023     		movs	r3, #0
  53 0012 FB60     		str	r3, [r7, #12]
  79:../firmware/n32g430_std_periph_driver/src/n32g430_dbg.c **** 
  80:../firmware/n32g430_std_periph_driver/src/n32g430_dbg.c ****     ucid_addr = (uint32_t*)UCID2_BASE;
  54              		.loc 1 80 15
  55 0014 444B     		ldr	r3, .L13
  56 0016 3B61     		str	r3, [r7, #16]
  81:../firmware/n32g430_std_periph_driver/src/n32g430_dbg.c ****     
  82:../firmware/n32g430_std_periph_driver/src/n32g430_dbg.c ****     for (num = 0; num < UCID_LENGTH;)
  57              		.loc 1 82 14
  58 0018 0023     		movs	r3, #0
  59 001a FB75     		strb	r3, [r7, #23]
  60              		.loc 1 82 5
  61 001c 2BE0     		b	.L2
  62              	.L3:
  83:../firmware/n32g430_std_periph_driver/src/n32g430_dbg.c ****     {   /* get ucid from UCID2_BASE */
  84:../firmware/n32g430_std_periph_driver/src/n32g430_dbg.c ****         temp = *(__IO uint32_t*)(ucid_addr++); 
  63              		.loc 1 84 17
  64 001e 3B69     		ldr	r3, [r7, #16]
  65 0020 1A1D     		adds	r2, r3, #4
  66 0022 3A61     		str	r2, [r7, #16]
  67              		.loc 1 84 14
  68 0024 1B68     		ldr	r3, [r3]
  69 0026 FB60     		str	r3, [r7, #12]
  85:../firmware/n32g430_std_periph_driver/src/n32g430_dbg.c ****         UCIDbuf[num++] = (temp & 0xFF);
  70              		.loc 1 85 20
  71 0028 FB7D     		ldrb	r3, [r7, #23]	@ zero_extendqisi2
  72 002a 5A1C     		adds	r2, r3, #1
  73 002c FA75     		strb	r2, [r7, #23]
  74 002e 1A46     		mov	r2, r3
  75              		.loc 1 85 16
  76 0030 7B68     		ldr	r3, [r7, #4]
  77 0032 1344     		add	r3, r3, r2
  78              		.loc 1 85 24
  79 0034 FA68     		ldr	r2, [r7, #12]
  80 0036 D2B2     		uxtb	r2, r2
  81 0038 1A70     		strb	r2, [r3]
  86:../firmware/n32g430_std_periph_driver/src/n32g430_dbg.c ****         UCIDbuf[num++] = (temp & 0xFF00) >> 8;
  82              		.loc 1 86 42
  83 003a FB68     		ldr	r3, [r7, #12]
  84 003c 1A0A     		lsrs	r2, r3, #8
  85              		.loc 1 86 20
  86 003e FB7D     		ldrb	r3, [r7, #23]	@ zero_extendqisi2
ARM GAS  C:\Users\ZShuai\AppData\Local\Temp\cckOHxhd.s 			page 4


  87 0040 591C     		adds	r1, r3, #1
  88 0042 F975     		strb	r1, [r7, #23]
  89 0044 1946     		mov	r1, r3
  90              		.loc 1 86 16
  91 0046 7B68     		ldr	r3, [r7, #4]
  92 0048 0B44     		add	r3, r3, r1
  93              		.loc 1 86 24
  94 004a D2B2     		uxtb	r2, r2
  95 004c 1A70     		strb	r2, [r3]
  87:../firmware/n32g430_std_periph_driver/src/n32g430_dbg.c ****         UCIDbuf[num++] = (temp & 0xFF0000) >> 16;
  96              		.loc 1 87 44
  97 004e FB68     		ldr	r3, [r7, #12]
  98 0050 1A0C     		lsrs	r2, r3, #16
  99              		.loc 1 87 20
 100 0052 FB7D     		ldrb	r3, [r7, #23]	@ zero_extendqisi2
 101 0054 591C     		adds	r1, r3, #1
 102 0056 F975     		strb	r1, [r7, #23]
 103 0058 1946     		mov	r1, r3
 104              		.loc 1 87 16
 105 005a 7B68     		ldr	r3, [r7, #4]
 106 005c 0B44     		add	r3, r3, r1
 107              		.loc 1 87 24
 108 005e D2B2     		uxtb	r2, r2
 109 0060 1A70     		strb	r2, [r3]
  88:../firmware/n32g430_std_periph_driver/src/n32g430_dbg.c ****         UCIDbuf[num++] = (temp & 0xFF000000) >> 24;
 110              		.loc 1 88 46
 111 0062 FB68     		ldr	r3, [r7, #12]
 112 0064 1A0E     		lsrs	r2, r3, #24
 113              		.loc 1 88 20
 114 0066 FB7D     		ldrb	r3, [r7, #23]	@ zero_extendqisi2
 115 0068 591C     		adds	r1, r3, #1
 116 006a F975     		strb	r1, [r7, #23]
 117 006c 1946     		mov	r1, r3
 118              		.loc 1 88 16
 119 006e 7B68     		ldr	r3, [r7, #4]
 120 0070 0B44     		add	r3, r3, r1
 121              		.loc 1 88 24
 122 0072 D2B2     		uxtb	r2, r2
 123 0074 1A70     		strb	r2, [r3]
 124              	.L2:
  82:../firmware/n32g430_std_periph_driver/src/n32g430_dbg.c ****     {   /* get ucid from UCID2_BASE */
 125              		.loc 1 82 23 discriminator 1
 126 0076 FB7D     		ldrb	r3, [r7, #23]	@ zero_extendqisi2
 127 0078 0F2B     		cmp	r3, #15
 128 007a D0D9     		bls	.L3
  89:../firmware/n32g430_std_periph_driver/src/n32g430_dbg.c ****     }
  90:../firmware/n32g430_std_periph_driver/src/n32g430_dbg.c ****     for (num = 0; num < UCID_LENGTH; num++)
 129              		.loc 1 90 14
 130 007c 0023     		movs	r3, #0
 131 007e FB75     		strb	r3, [r7, #23]
 132              		.loc 1 90 5
 133 0080 08E0     		b	.L4
 134              	.L7:
  91:../firmware/n32g430_std_periph_driver/src/n32g430_dbg.c ****     {   /* check ucid are all 0xFF */
  92:../firmware/n32g430_std_periph_driver/src/n32g430_dbg.c ****         if (UCIDbuf[num] != 0xFF)
 135              		.loc 1 92 20
 136 0082 FB7D     		ldrb	r3, [r7, #23]	@ zero_extendqisi2
ARM GAS  C:\Users\ZShuai\AppData\Local\Temp\cckOHxhd.s 			page 5


 137 0084 7A68     		ldr	r2, [r7, #4]
 138 0086 1344     		add	r3, r3, r2
 139 0088 1B78     		ldrb	r3, [r3]	@ zero_extendqisi2
 140              		.loc 1 92 12
 141 008a FF2B     		cmp	r3, #255
 142 008c 06D1     		bne	.L11
  90:../firmware/n32g430_std_periph_driver/src/n32g430_dbg.c ****     {   /* check ucid are all 0xFF */
 143              		.loc 1 90 41 discriminator 2
 144 008e FB7D     		ldrb	r3, [r7, #23]	@ zero_extendqisi2
 145 0090 0133     		adds	r3, r3, #1
 146 0092 FB75     		strb	r3, [r7, #23]
 147              	.L4:
  90:../firmware/n32g430_std_periph_driver/src/n32g430_dbg.c ****     {   /* check ucid are all 0xFF */
 148              		.loc 1 90 23 discriminator 1
 149 0094 FB7D     		ldrb	r3, [r7, #23]	@ zero_extendqisi2
 150 0096 0F2B     		cmp	r3, #15
 151 0098 F3D9     		bls	.L7
 152 009a 00E0     		b	.L6
 153              	.L11:
  93:../firmware/n32g430_std_periph_driver/src/n32g430_dbg.c ****             break;
 154              		.loc 1 93 13
 155 009c 00BF     		nop
 156              	.L6:
  94:../firmware/n32g430_std_periph_driver/src/n32g430_dbg.c ****     }
  95:../firmware/n32g430_std_periph_driver/src/n32g430_dbg.c ****     if (num == UCID_LENGTH && UCIDbuf[num-1] == 0xFF)
 157              		.loc 1 95 8
 158 009e FB7D     		ldrb	r3, [r7, #23]	@ zero_extendqisi2
 159 00a0 102B     		cmp	r3, #16
 160 00a2 3AD1     		bne	.L12
 161              		.loc 1 95 38 discriminator 1
 162 00a4 FB7D     		ldrb	r3, [r7, #23]	@ zero_extendqisi2
 163 00a6 013B     		subs	r3, r3, #1
 164 00a8 7A68     		ldr	r2, [r7, #4]
 165 00aa 1344     		add	r3, r3, r2
 166 00ac 1B78     		ldrb	r3, [r3]	@ zero_extendqisi2
 167              		.loc 1 95 28 discriminator 1
 168 00ae FF2B     		cmp	r3, #255
 169 00b0 33D1     		bne	.L12
  96:../firmware/n32g430_std_periph_driver/src/n32g430_dbg.c ****     {   /* get ucid from UCID_BASE */
  97:../firmware/n32g430_std_periph_driver/src/n32g430_dbg.c ****         ucid_addr = (uint32_t*)UCID_BASE;
 170              		.loc 1 97 19
 171 00b2 1E4B     		ldr	r3, .L13+4
 172 00b4 3B61     		str	r3, [r7, #16]
  98:../firmware/n32g430_std_periph_driver/src/n32g430_dbg.c ****         for (num = 0; num < UCID_LENGTH;)
 173              		.loc 1 98 18
 174 00b6 0023     		movs	r3, #0
 175 00b8 FB75     		strb	r3, [r7, #23]
 176              		.loc 1 98 9
 177 00ba 2BE0     		b	.L9
 178              	.L10:
  99:../firmware/n32g430_std_periph_driver/src/n32g430_dbg.c ****         {
 100:../firmware/n32g430_std_periph_driver/src/n32g430_dbg.c ****             temp = *(__IO uint32_t*)(ucid_addr++); 
 179              		.loc 1 100 21
 180 00bc 3B69     		ldr	r3, [r7, #16]
 181 00be 1A1D     		adds	r2, r3, #4
 182 00c0 3A61     		str	r2, [r7, #16]
 183              		.loc 1 100 18
ARM GAS  C:\Users\ZShuai\AppData\Local\Temp\cckOHxhd.s 			page 6


 184 00c2 1B68     		ldr	r3, [r3]
 185 00c4 FB60     		str	r3, [r7, #12]
 101:../firmware/n32g430_std_periph_driver/src/n32g430_dbg.c ****             UCIDbuf[num++] = (temp & 0xFF);
 186              		.loc 1 101 24
 187 00c6 FB7D     		ldrb	r3, [r7, #23]	@ zero_extendqisi2
 188 00c8 5A1C     		adds	r2, r3, #1
 189 00ca FA75     		strb	r2, [r7, #23]
 190 00cc 1A46     		mov	r2, r3
 191              		.loc 1 101 20
 192 00ce 7B68     		ldr	r3, [r7, #4]
 193 00d0 1344     		add	r3, r3, r2
 194              		.loc 1 101 28
 195 00d2 FA68     		ldr	r2, [r7, #12]
 196 00d4 D2B2     		uxtb	r2, r2
 197 00d6 1A70     		strb	r2, [r3]
 102:../firmware/n32g430_std_periph_driver/src/n32g430_dbg.c ****             UCIDbuf[num++] = (temp & 0xFF00) >> 8;
 198              		.loc 1 102 46
 199 00d8 FB68     		ldr	r3, [r7, #12]
 200 00da 1A0A     		lsrs	r2, r3, #8
 201              		.loc 1 102 24
 202 00dc FB7D     		ldrb	r3, [r7, #23]	@ zero_extendqisi2
 203 00de 591C     		adds	r1, r3, #1
 204 00e0 F975     		strb	r1, [r7, #23]
 205 00e2 1946     		mov	r1, r3
 206              		.loc 1 102 20
 207 00e4 7B68     		ldr	r3, [r7, #4]
 208 00e6 0B44     		add	r3, r3, r1
 209              		.loc 1 102 28
 210 00e8 D2B2     		uxtb	r2, r2
 211 00ea 1A70     		strb	r2, [r3]
 103:../firmware/n32g430_std_periph_driver/src/n32g430_dbg.c ****             UCIDbuf[num++] = (temp & 0xFF0000) >> 16;
 212              		.loc 1 103 48
 213 00ec FB68     		ldr	r3, [r7, #12]
 214 00ee 1A0C     		lsrs	r2, r3, #16
 215              		.loc 1 103 24
 216 00f0 FB7D     		ldrb	r3, [r7, #23]	@ zero_extendqisi2
 217 00f2 591C     		adds	r1, r3, #1
 218 00f4 F975     		strb	r1, [r7, #23]
 219 00f6 1946     		mov	r1, r3
 220              		.loc 1 103 20
 221 00f8 7B68     		ldr	r3, [r7, #4]
 222 00fa 0B44     		add	r3, r3, r1
 223              		.loc 1 103 28
 224 00fc D2B2     		uxtb	r2, r2
 225 00fe 1A70     		strb	r2, [r3]
 104:../firmware/n32g430_std_periph_driver/src/n32g430_dbg.c ****             UCIDbuf[num++] = (temp & 0xFF000000) >> 24;
 226              		.loc 1 104 50
 227 0100 FB68     		ldr	r3, [r7, #12]
 228 0102 1A0E     		lsrs	r2, r3, #24
 229              		.loc 1 104 24
 230 0104 FB7D     		ldrb	r3, [r7, #23]	@ zero_extendqisi2
 231 0106 591C     		adds	r1, r3, #1
 232 0108 F975     		strb	r1, [r7, #23]
 233 010a 1946     		mov	r1, r3
 234              		.loc 1 104 20
 235 010c 7B68     		ldr	r3, [r7, #4]
 236 010e 0B44     		add	r3, r3, r1
ARM GAS  C:\Users\ZShuai\AppData\Local\Temp\cckOHxhd.s 			page 7


 237              		.loc 1 104 28
 238 0110 D2B2     		uxtb	r2, r2
 239 0112 1A70     		strb	r2, [r3]
 240              	.L9:
  98:../firmware/n32g430_std_periph_driver/src/n32g430_dbg.c ****         {
 241              		.loc 1 98 27 discriminator 1
 242 0114 FB7D     		ldrb	r3, [r7, #23]	@ zero_extendqisi2
 243 0116 0F2B     		cmp	r3, #15
 244 0118 D0D9     		bls	.L10
 245              	.L12:
 105:../firmware/n32g430_std_periph_driver/src/n32g430_dbg.c ****         }
 106:../firmware/n32g430_std_periph_driver/src/n32g430_dbg.c ****     }
 107:../firmware/n32g430_std_periph_driver/src/n32g430_dbg.c **** }
 246              		.loc 1 107 1
 247 011a 00BF     		nop
 248 011c 1C37     		adds	r7, r7, #28
 249              	.LCFI3:
 250              		.cfi_def_cfa_offset 4
 251 011e BD46     		mov	sp, r7
 252              	.LCFI4:
 253              		.cfi_def_cfa_register 13
 254              		@ sp needed
 255 0120 5DF8047B 		ldr	r7, [sp], #4
 256              	.LCFI5:
 257              		.cfi_restore 7
 258              		.cfi_def_cfa_offset 0
 259 0124 7047     		bx	lr
 260              	.L14:
 261 0126 00BF     		.align	2
 262              	.L13:
 263 0128 00F5FF1F 		.word	536868096
 264 012c C0F7FF1F 		.word	536868800
 265              		.cfi_endproc
 266              	.LFE130:
 268              		.section	.text.UID_Get,"ax",%progbits
 269              		.align	1
 270              		.global	UID_Get
 271              		.syntax unified
 272              		.thumb
 273              		.thumb_func
 275              	UID_Get:
 276              	.LFB131:
 108:../firmware/n32g430_std_periph_driver/src/n32g430_dbg.c **** 
 109:../firmware/n32g430_std_periph_driver/src/n32g430_dbg.c **** /**
 110:../firmware/n32g430_std_periph_driver/src/n32g430_dbg.c **** *\*\name    UID_Get.
 111:../firmware/n32g430_std_periph_driver/src/n32g430_dbg.c **** *\*\fun     get unique device id.
 112:../firmware/n32g430_std_periph_driver/src/n32g430_dbg.c **** *\*\param   UIDbuf
 113:../firmware/n32g430_std_periph_driver/src/n32g430_dbg.c **** *\*\return  none
 114:../firmware/n32g430_std_periph_driver/src/n32g430_dbg.c **** **/
 115:../firmware/n32g430_std_periph_driver/src/n32g430_dbg.c **** void UID_Get(uint8_t *UIDbuf)
 116:../firmware/n32g430_std_periph_driver/src/n32g430_dbg.c **** {
 277              		.loc 1 116 1
 278              		.cfi_startproc
 279              		@ args = 0, pretend = 0, frame = 24
 280              		@ frame_needed = 1, uses_anonymous_args = 0
 281              		@ link register save eliminated.
 282 0000 80B4     		push	{r7}
ARM GAS  C:\Users\ZShuai\AppData\Local\Temp\cckOHxhd.s 			page 8


 283              	.LCFI6:
 284              		.cfi_def_cfa_offset 4
 285              		.cfi_offset 7, -4
 286 0002 87B0     		sub	sp, sp, #28
 287              	.LCFI7:
 288              		.cfi_def_cfa_offset 32
 289 0004 00AF     		add	r7, sp, #0
 290              	.LCFI8:
 291              		.cfi_def_cfa_register 7
 292 0006 7860     		str	r0, [r7, #4]
 117:../firmware/n32g430_std_periph_driver/src/n32g430_dbg.c ****     uint8_t num = 0;
 293              		.loc 1 117 13
 294 0008 0023     		movs	r3, #0
 295 000a FB75     		strb	r3, [r7, #23]
 118:../firmware/n32g430_std_periph_driver/src/n32g430_dbg.c ****     uint32_t* uid_addr = (void*)0;
 296              		.loc 1 118 15
 297 000c 0023     		movs	r3, #0
 298 000e 3B61     		str	r3, [r7, #16]
 119:../firmware/n32g430_std_periph_driver/src/n32g430_dbg.c ****     uint32_t temp = 0;
 299              		.loc 1 119 14
 300 0010 0023     		movs	r3, #0
 301 0012 FB60     		str	r3, [r7, #12]
 120:../firmware/n32g430_std_periph_driver/src/n32g430_dbg.c ****     
 121:../firmware/n32g430_std_periph_driver/src/n32g430_dbg.c ****     uid_addr = (uint32_t*)UID2_BASE;
 302              		.loc 1 121 14
 303 0014 444B     		ldr	r3, .L27
 304 0016 3B61     		str	r3, [r7, #16]
 122:../firmware/n32g430_std_periph_driver/src/n32g430_dbg.c ****         
 123:../firmware/n32g430_std_periph_driver/src/n32g430_dbg.c ****     for (num = 0; num < UID_LENGTH;)
 305              		.loc 1 123 14
 306 0018 0023     		movs	r3, #0
 307 001a FB75     		strb	r3, [r7, #23]
 308              		.loc 1 123 5
 309 001c 2BE0     		b	.L16
 310              	.L17:
 124:../firmware/n32g430_std_periph_driver/src/n32g430_dbg.c ****     {   /* get uid from UID2_BASE */
 125:../firmware/n32g430_std_periph_driver/src/n32g430_dbg.c ****         temp = *(__IO uint32_t*)(uid_addr++);
 311              		.loc 1 125 17
 312 001e 3B69     		ldr	r3, [r7, #16]
 313 0020 1A1D     		adds	r2, r3, #4
 314 0022 3A61     		str	r2, [r7, #16]
 315              		.loc 1 125 14
 316 0024 1B68     		ldr	r3, [r3]
 317 0026 FB60     		str	r3, [r7, #12]
 126:../firmware/n32g430_std_periph_driver/src/n32g430_dbg.c ****         UIDbuf[num++] = (temp & 0xFF);
 318              		.loc 1 126 19
 319 0028 FB7D     		ldrb	r3, [r7, #23]	@ zero_extendqisi2
 320 002a 5A1C     		adds	r2, r3, #1
 321 002c FA75     		strb	r2, [r7, #23]
 322 002e 1A46     		mov	r2, r3
 323              		.loc 1 126 15
 324 0030 7B68     		ldr	r3, [r7, #4]
 325 0032 1344     		add	r3, r3, r2
 326              		.loc 1 126 23
 327 0034 FA68     		ldr	r2, [r7, #12]
 328 0036 D2B2     		uxtb	r2, r2
 329 0038 1A70     		strb	r2, [r3]
ARM GAS  C:\Users\ZShuai\AppData\Local\Temp\cckOHxhd.s 			page 9


 127:../firmware/n32g430_std_periph_driver/src/n32g430_dbg.c ****         UIDbuf[num++] = (temp & 0xFF00) >> 8;
 330              		.loc 1 127 41
 331 003a FB68     		ldr	r3, [r7, #12]
 332 003c 1A0A     		lsrs	r2, r3, #8
 333              		.loc 1 127 19
 334 003e FB7D     		ldrb	r3, [r7, #23]	@ zero_extendqisi2
 335 0040 591C     		adds	r1, r3, #1
 336 0042 F975     		strb	r1, [r7, #23]
 337 0044 1946     		mov	r1, r3
 338              		.loc 1 127 15
 339 0046 7B68     		ldr	r3, [r7, #4]
 340 0048 0B44     		add	r3, r3, r1
 341              		.loc 1 127 23
 342 004a D2B2     		uxtb	r2, r2
 343 004c 1A70     		strb	r2, [r3]
 128:../firmware/n32g430_std_periph_driver/src/n32g430_dbg.c ****         UIDbuf[num++] = (temp & 0xFF0000) >> 16;
 344              		.loc 1 128 43
 345 004e FB68     		ldr	r3, [r7, #12]
 346 0050 1A0C     		lsrs	r2, r3, #16
 347              		.loc 1 128 19
 348 0052 FB7D     		ldrb	r3, [r7, #23]	@ zero_extendqisi2
 349 0054 591C     		adds	r1, r3, #1
 350 0056 F975     		strb	r1, [r7, #23]
 351 0058 1946     		mov	r1, r3
 352              		.loc 1 128 15
 353 005a 7B68     		ldr	r3, [r7, #4]
 354 005c 0B44     		add	r3, r3, r1
 355              		.loc 1 128 23
 356 005e D2B2     		uxtb	r2, r2
 357 0060 1A70     		strb	r2, [r3]
 129:../firmware/n32g430_std_periph_driver/src/n32g430_dbg.c ****         UIDbuf[num++] = (temp & 0xFF000000) >> 24;
 358              		.loc 1 129 45
 359 0062 FB68     		ldr	r3, [r7, #12]
 360 0064 1A0E     		lsrs	r2, r3, #24
 361              		.loc 1 129 19
 362 0066 FB7D     		ldrb	r3, [r7, #23]	@ zero_extendqisi2
 363 0068 591C     		adds	r1, r3, #1
 364 006a F975     		strb	r1, [r7, #23]
 365 006c 1946     		mov	r1, r3
 366              		.loc 1 129 15
 367 006e 7B68     		ldr	r3, [r7, #4]
 368 0070 0B44     		add	r3, r3, r1
 369              		.loc 1 129 23
 370 0072 D2B2     		uxtb	r2, r2
 371 0074 1A70     		strb	r2, [r3]
 372              	.L16:
 123:../firmware/n32g430_std_periph_driver/src/n32g430_dbg.c ****     {   /* get uid from UID2_BASE */
 373              		.loc 1 123 23 discriminator 1
 374 0076 FB7D     		ldrb	r3, [r7, #23]	@ zero_extendqisi2
 375 0078 0B2B     		cmp	r3, #11
 376 007a D0D9     		bls	.L17
 130:../firmware/n32g430_std_periph_driver/src/n32g430_dbg.c ****     }
 131:../firmware/n32g430_std_periph_driver/src/n32g430_dbg.c ****     for (num = 0; num < UID_LENGTH;  num++)
 377              		.loc 1 131 14
 378 007c 0023     		movs	r3, #0
 379 007e FB75     		strb	r3, [r7, #23]
 380              		.loc 1 131 5
ARM GAS  C:\Users\ZShuai\AppData\Local\Temp\cckOHxhd.s 			page 10


 381 0080 08E0     		b	.L18
 382              	.L21:
 132:../firmware/n32g430_std_periph_driver/src/n32g430_dbg.c ****     {   /* check uid are all 0xFF */
 133:../firmware/n32g430_std_periph_driver/src/n32g430_dbg.c ****         if (UIDbuf[num] != 0xFF)
 383              		.loc 1 133 19
 384 0082 FB7D     		ldrb	r3, [r7, #23]	@ zero_extendqisi2
 385 0084 7A68     		ldr	r2, [r7, #4]
 386 0086 1344     		add	r3, r3, r2
 387 0088 1B78     		ldrb	r3, [r3]	@ zero_extendqisi2
 388              		.loc 1 133 12
 389 008a FF2B     		cmp	r3, #255
 390 008c 06D1     		bne	.L25
 131:../firmware/n32g430_std_periph_driver/src/n32g430_dbg.c ****     {   /* check uid are all 0xFF */
 391              		.loc 1 131 41 discriminator 2
 392 008e FB7D     		ldrb	r3, [r7, #23]	@ zero_extendqisi2
 393 0090 0133     		adds	r3, r3, #1
 394 0092 FB75     		strb	r3, [r7, #23]
 395              	.L18:
 131:../firmware/n32g430_std_periph_driver/src/n32g430_dbg.c ****     {   /* check uid are all 0xFF */
 396              		.loc 1 131 23 discriminator 1
 397 0094 FB7D     		ldrb	r3, [r7, #23]	@ zero_extendqisi2
 398 0096 0B2B     		cmp	r3, #11
 399 0098 F3D9     		bls	.L21
 400 009a 00E0     		b	.L20
 401              	.L25:
 134:../firmware/n32g430_std_periph_driver/src/n32g430_dbg.c ****             break;
 402              		.loc 1 134 13
 403 009c 00BF     		nop
 404              	.L20:
 135:../firmware/n32g430_std_periph_driver/src/n32g430_dbg.c ****     }
 136:../firmware/n32g430_std_periph_driver/src/n32g430_dbg.c ****     if (num == UID_LENGTH && UIDbuf[num-1] == 0xFF)
 405              		.loc 1 136 8
 406 009e FB7D     		ldrb	r3, [r7, #23]	@ zero_extendqisi2
 407 00a0 0C2B     		cmp	r3, #12
 408 00a2 3AD1     		bne	.L26
 409              		.loc 1 136 36 discriminator 1
 410 00a4 FB7D     		ldrb	r3, [r7, #23]	@ zero_extendqisi2
 411 00a6 013B     		subs	r3, r3, #1
 412 00a8 7A68     		ldr	r2, [r7, #4]
 413 00aa 1344     		add	r3, r3, r2
 414 00ac 1B78     		ldrb	r3, [r3]	@ zero_extendqisi2
 415              		.loc 1 136 27 discriminator 1
 416 00ae FF2B     		cmp	r3, #255
 417 00b0 33D1     		bne	.L26
 137:../firmware/n32g430_std_periph_driver/src/n32g430_dbg.c ****     {   /* get uid from UID_BASE */
 138:../firmware/n32g430_std_periph_driver/src/n32g430_dbg.c ****         uid_addr = (uint32_t*)UID_BASE;
 418              		.loc 1 138 18
 419 00b2 1E4B     		ldr	r3, .L27+4
 420 00b4 3B61     		str	r3, [r7, #16]
 139:../firmware/n32g430_std_periph_driver/src/n32g430_dbg.c ****         for (num = 0; num < UID_LENGTH;)
 421              		.loc 1 139 18
 422 00b6 0023     		movs	r3, #0
 423 00b8 FB75     		strb	r3, [r7, #23]
 424              		.loc 1 139 9
 425 00ba 2BE0     		b	.L23
 426              	.L24:
 140:../firmware/n32g430_std_periph_driver/src/n32g430_dbg.c ****         {
ARM GAS  C:\Users\ZShuai\AppData\Local\Temp\cckOHxhd.s 			page 11


 141:../firmware/n32g430_std_periph_driver/src/n32g430_dbg.c ****             temp = *(__IO uint32_t*)(uid_addr++);
 427              		.loc 1 141 21
 428 00bc 3B69     		ldr	r3, [r7, #16]
 429 00be 1A1D     		adds	r2, r3, #4
 430 00c0 3A61     		str	r2, [r7, #16]
 431              		.loc 1 141 18
 432 00c2 1B68     		ldr	r3, [r3]
 433 00c4 FB60     		str	r3, [r7, #12]
 142:../firmware/n32g430_std_periph_driver/src/n32g430_dbg.c ****             UIDbuf[num++] = (temp & 0xFF);
 434              		.loc 1 142 23
 435 00c6 FB7D     		ldrb	r3, [r7, #23]	@ zero_extendqisi2
 436 00c8 5A1C     		adds	r2, r3, #1
 437 00ca FA75     		strb	r2, [r7, #23]
 438 00cc 1A46     		mov	r2, r3
 439              		.loc 1 142 19
 440 00ce 7B68     		ldr	r3, [r7, #4]
 441 00d0 1344     		add	r3, r3, r2
 442              		.loc 1 142 27
 443 00d2 FA68     		ldr	r2, [r7, #12]
 444 00d4 D2B2     		uxtb	r2, r2
 445 00d6 1A70     		strb	r2, [r3]
 143:../firmware/n32g430_std_periph_driver/src/n32g430_dbg.c ****             UIDbuf[num++] = (temp & 0xFF00) >> 8;
 446              		.loc 1 143 45
 447 00d8 FB68     		ldr	r3, [r7, #12]
 448 00da 1A0A     		lsrs	r2, r3, #8
 449              		.loc 1 143 23
 450 00dc FB7D     		ldrb	r3, [r7, #23]	@ zero_extendqisi2
 451 00de 591C     		adds	r1, r3, #1
 452 00e0 F975     		strb	r1, [r7, #23]
 453 00e2 1946     		mov	r1, r3
 454              		.loc 1 143 19
 455 00e4 7B68     		ldr	r3, [r7, #4]
 456 00e6 0B44     		add	r3, r3, r1
 457              		.loc 1 143 27
 458 00e8 D2B2     		uxtb	r2, r2
 459 00ea 1A70     		strb	r2, [r3]
 144:../firmware/n32g430_std_periph_driver/src/n32g430_dbg.c ****             UIDbuf[num++] = (temp & 0xFF0000) >> 16;
 460              		.loc 1 144 47
 461 00ec FB68     		ldr	r3, [r7, #12]
 462 00ee 1A0C     		lsrs	r2, r3, #16
 463              		.loc 1 144 23
 464 00f0 FB7D     		ldrb	r3, [r7, #23]	@ zero_extendqisi2
 465 00f2 591C     		adds	r1, r3, #1
 466 00f4 F975     		strb	r1, [r7, #23]
 467 00f6 1946     		mov	r1, r3
 468              		.loc 1 144 19
 469 00f8 7B68     		ldr	r3, [r7, #4]
 470 00fa 0B44     		add	r3, r3, r1
 471              		.loc 1 144 27
 472 00fc D2B2     		uxtb	r2, r2
 473 00fe 1A70     		strb	r2, [r3]
 145:../firmware/n32g430_std_periph_driver/src/n32g430_dbg.c ****             UIDbuf[num++] = (temp & 0xFF000000) >> 24;
 474              		.loc 1 145 49
 475 0100 FB68     		ldr	r3, [r7, #12]
 476 0102 1A0E     		lsrs	r2, r3, #24
 477              		.loc 1 145 23
 478 0104 FB7D     		ldrb	r3, [r7, #23]	@ zero_extendqisi2
ARM GAS  C:\Users\ZShuai\AppData\Local\Temp\cckOHxhd.s 			page 12


 479 0106 591C     		adds	r1, r3, #1
 480 0108 F975     		strb	r1, [r7, #23]
 481 010a 1946     		mov	r1, r3
 482              		.loc 1 145 19
 483 010c 7B68     		ldr	r3, [r7, #4]
 484 010e 0B44     		add	r3, r3, r1
 485              		.loc 1 145 27
 486 0110 D2B2     		uxtb	r2, r2
 487 0112 1A70     		strb	r2, [r3]
 488              	.L23:
 139:../firmware/n32g430_std_periph_driver/src/n32g430_dbg.c ****         {
 489              		.loc 1 139 27 discriminator 1
 490 0114 FB7D     		ldrb	r3, [r7, #23]	@ zero_extendqisi2
 491 0116 0B2B     		cmp	r3, #11
 492 0118 D0D9     		bls	.L24
 493              	.L26:
 146:../firmware/n32g430_std_periph_driver/src/n32g430_dbg.c ****         }
 147:../firmware/n32g430_std_periph_driver/src/n32g430_dbg.c ****     }
 148:../firmware/n32g430_std_periph_driver/src/n32g430_dbg.c **** }
 494              		.loc 1 148 1
 495 011a 00BF     		nop
 496 011c 1C37     		adds	r7, r7, #28
 497              	.LCFI9:
 498              		.cfi_def_cfa_offset 4
 499 011e BD46     		mov	sp, r7
 500              	.LCFI10:
 501              		.cfi_def_cfa_register 13
 502              		@ sp needed
 503 0120 5DF8047B 		ldr	r7, [sp], #4
 504              	.LCFI11:
 505              		.cfi_restore 7
 506              		.cfi_def_cfa_offset 0
 507 0124 7047     		bx	lr
 508              	.L28:
 509 0126 00BF     		.align	2
 510              	.L27:
 511 0128 10F5FF1F 		.word	536868112
 512 012c F0F7FF1F 		.word	536868848
 513              		.cfi_endproc
 514              	.LFE131:
 516              		.section	.text.DBG_Revision_Number_Get,"ax",%progbits
 517              		.align	1
 518              		.global	DBG_Revision_Number_Get
 519              		.syntax unified
 520              		.thumb
 521              		.thumb_func
 523              	DBG_Revision_Number_Get:
 524              	.LFB132:
 149:../firmware/n32g430_std_periph_driver/src/n32g430_dbg.c **** 
 150:../firmware/n32g430_std_periph_driver/src/n32g430_dbg.c **** /**
 151:../firmware/n32g430_std_periph_driver/src/n32g430_dbg.c **** *\*\name    DBG_Revision_Number_Get.
 152:../firmware/n32g430_std_periph_driver/src/n32g430_dbg.c **** *\*\fun     get the revision number.
 153:../firmware/n32g430_std_periph_driver/src/n32g430_dbg.c **** *\*\param   none
 154:../firmware/n32g430_std_periph_driver/src/n32g430_dbg.c **** *\*\return  revision number
 155:../firmware/n32g430_std_periph_driver/src/n32g430_dbg.c **** **/
 156:../firmware/n32g430_std_periph_driver/src/n32g430_dbg.c **** uint32_t DBG_Revision_Number_Get(void)
 157:../firmware/n32g430_std_periph_driver/src/n32g430_dbg.c **** {
ARM GAS  C:\Users\ZShuai\AppData\Local\Temp\cckOHxhd.s 			page 13


 525              		.loc 1 157 1
 526              		.cfi_startproc
 527              		@ args = 0, pretend = 0, frame = 0
 528              		@ frame_needed = 1, uses_anonymous_args = 0
 529              		@ link register save eliminated.
 530 0000 80B4     		push	{r7}
 531              	.LCFI12:
 532              		.cfi_def_cfa_offset 4
 533              		.cfi_offset 7, -4
 534 0002 00AF     		add	r7, sp, #0
 535              	.LCFI13:
 536              		.cfi_def_cfa_register 7
 158:../firmware/n32g430_std_periph_driver/src/n32g430_dbg.c ****     return (DBG->ID & 0x00FF);
 537              		.loc 1 158 16
 538 0004 034B     		ldr	r3, .L31
 539 0006 1B68     		ldr	r3, [r3]
 540              		.loc 1 158 21
 541 0008 DBB2     		uxtb	r3, r3
 159:../firmware/n32g430_std_periph_driver/src/n32g430_dbg.c **** }
 542              		.loc 1 159 1
 543 000a 1846     		mov	r0, r3
 544 000c BD46     		mov	sp, r7
 545              	.LCFI14:
 546              		.cfi_def_cfa_register 13
 547              		@ sp needed
 548 000e 5DF8047B 		ldr	r7, [sp], #4
 549              	.LCFI15:
 550              		.cfi_restore 7
 551              		.cfi_def_cfa_offset 0
 552 0012 7047     		bx	lr
 553              	.L32:
 554              		.align	2
 555              	.L31:
 556 0014 002004E0 		.word	-536600576
 557              		.cfi_endproc
 558              	.LFE132:
 560              		.section	.text.DBG_Device_Number_Get,"ax",%progbits
 561              		.align	1
 562              		.global	DBG_Device_Number_Get
 563              		.syntax unified
 564              		.thumb
 565              		.thumb_func
 567              	DBG_Device_Number_Get:
 568              	.LFB133:
 160:../firmware/n32g430_std_periph_driver/src/n32g430_dbg.c **** 
 161:../firmware/n32g430_std_periph_driver/src/n32g430_dbg.c **** /**
 162:../firmware/n32g430_std_periph_driver/src/n32g430_dbg.c **** *\*\name    DBG_Device_Number_Get.
 163:../firmware/n32g430_std_periph_driver/src/n32g430_dbg.c **** *\*\fun     get the device identifer.
 164:../firmware/n32g430_std_periph_driver/src/n32g430_dbg.c **** *\*\param   none
 165:../firmware/n32g430_std_periph_driver/src/n32g430_dbg.c **** *\*\return  Device identifier
 166:../firmware/n32g430_std_periph_driver/src/n32g430_dbg.c **** **/
 167:../firmware/n32g430_std_periph_driver/src/n32g430_dbg.c **** uint32_t DBG_Device_Number_Get(void)
 168:../firmware/n32g430_std_periph_driver/src/n32g430_dbg.c **** {
 569              		.loc 1 168 1
 570              		.cfi_startproc
 571              		@ args = 0, pretend = 0, frame = 8
 572              		@ frame_needed = 1, uses_anonymous_args = 0
ARM GAS  C:\Users\ZShuai\AppData\Local\Temp\cckOHxhd.s 			page 14


 573              		@ link register save eliminated.
 574 0000 80B4     		push	{r7}
 575              	.LCFI16:
 576              		.cfi_def_cfa_offset 4
 577              		.cfi_offset 7, -4
 578 0002 83B0     		sub	sp, sp, #12
 579              	.LCFI17:
 580              		.cfi_def_cfa_offset 16
 581 0004 00AF     		add	r7, sp, #0
 582              	.LCFI18:
 583              		.cfi_def_cfa_register 7
 169:../firmware/n32g430_std_periph_driver/src/n32g430_dbg.c ****     uint32_t id = DBG->ID;
 584              		.loc 1 169 22
 585 0006 094B     		ldr	r3, .L35
 586              		.loc 1 169 14
 587 0008 1B68     		ldr	r3, [r3]
 588 000a 7B60     		str	r3, [r7, #4]
 170:../firmware/n32g430_std_periph_driver/src/n32g430_dbg.c ****     return ((id & 0x00F00000) >> 20) | ((id & 0xFF00) >> 4);
 589              		.loc 1 170 31
 590 000c 7B68     		ldr	r3, [r7, #4]
 591 000e 1B0D     		lsrs	r3, r3, #20
 592 0010 03F00F02 		and	r2, r3, #15
 593              		.loc 1 170 55
 594 0014 7B68     		ldr	r3, [r7, #4]
 595 0016 1B09     		lsrs	r3, r3, #4
 596 0018 03F47F63 		and	r3, r3, #4080
 597              		.loc 1 170 38
 598 001c 1343     		orrs	r3, r3, r2
 171:../firmware/n32g430_std_periph_driver/src/n32g430_dbg.c **** }
 599              		.loc 1 171 1
 600 001e 1846     		mov	r0, r3
 601 0020 0C37     		adds	r7, r7, #12
 602              	.LCFI19:
 603              		.cfi_def_cfa_offset 4
 604 0022 BD46     		mov	sp, r7
 605              	.LCFI20:
 606              		.cfi_def_cfa_register 13
 607              		@ sp needed
 608 0024 5DF8047B 		ldr	r7, [sp], #4
 609              	.LCFI21:
 610              		.cfi_restore 7
 611              		.cfi_def_cfa_offset 0
 612 0028 7047     		bx	lr
 613              	.L36:
 614 002a 00BF     		.align	2
 615              	.L35:
 616 002c 002004E0 		.word	-536600576
 617              		.cfi_endproc
 618              	.LFE133:
 620              		.section	.text.DBG_Peripheral_ON,"ax",%progbits
 621              		.align	1
 622              		.global	DBG_Peripheral_ON
 623              		.syntax unified
 624              		.thumb
 625              		.thumb_func
 627              	DBG_Peripheral_ON:
 628              	.LFB134:
ARM GAS  C:\Users\ZShuai\AppData\Local\Temp\cckOHxhd.s 			page 15


 172:../firmware/n32g430_std_periph_driver/src/n32g430_dbg.c **** 
 173:../firmware/n32g430_std_periph_driver/src/n32g430_dbg.c **** /**
 174:../firmware/n32g430_std_periph_driver/src/n32g430_dbg.c **** *\*\name    DBG_Peripheral_ON.
 175:../firmware/n32g430_std_periph_driver/src/n32g430_dbg.c **** *\*\fun     Configures the specified peripheral run when the MCU under Debug mode.
 176:../firmware/n32g430_std_periph_driver/src/n32g430_dbg.c **** *\*\param   DBG_Periph :
 177:../firmware/n32g430_std_periph_driver/src/n32g430_dbg.c ****                 - DBG_SLEEP             \* Keep debugger connection during SLEEP mode *\
 178:../firmware/n32g430_std_periph_driver/src/n32g430_dbg.c ****                 - DBG_STOP              \* Keep debugger connection during STOP mode *\
 179:../firmware/n32g430_std_periph_driver/src/n32g430_dbg.c ****                 - DBG_STANDBY           \* Keep debugger connection during STANDBY mode *\
 180:../firmware/n32g430_std_periph_driver/src/n32g430_dbg.c ****                 - DBG_IWDG_STOP         \* IWDG stopped when Core is halted. *\
 181:../firmware/n32g430_std_periph_driver/src/n32g430_dbg.c ****                 - DBG_WWDG_STOP         \* WWDG stopped when Core is halted. *\
 182:../firmware/n32g430_std_periph_driver/src/n32g430_dbg.c ****                 - DBG_TIM1_STOP         \* TIM1 counter stopped when Core is halted. *\
 183:../firmware/n32g430_std_periph_driver/src/n32g430_dbg.c ****                 - DBG_TIM2_STOP         \* TIM2 counter stopped when Core is halted. *\
 184:../firmware/n32g430_std_periph_driver/src/n32g430_dbg.c ****                 - DBG_TIM3_STOP         \* TIM3 counter stopped when Core is halted. *\
 185:../firmware/n32g430_std_periph_driver/src/n32g430_dbg.c ****                 - DBG_TIM4_STOP         \* TIM4 counter stopped when Core is halted. *\
 186:../firmware/n32g430_std_periph_driver/src/n32g430_dbg.c ****                 - DBG_CAN_STOP          \* CAN  stopped when Core is halted. *\
 187:../firmware/n32g430_std_periph_driver/src/n32g430_dbg.c ****                 - DBG_I2C1SMBUS_TIMEOUT \* I2C1 SMBUS timeout mode stopped when Core is halted. *\
 188:../firmware/n32g430_std_periph_driver/src/n32g430_dbg.c ****                 - DBG_I2C2SMBUS_TIMEOUT \* I2C2 SMBUS timeout mode stopped when Core is halted. *\
 189:../firmware/n32g430_std_periph_driver/src/n32g430_dbg.c ****                 - DBG_TIM8_STOP         \* TIM8 counter stopped when Core is halted. *\
 190:../firmware/n32g430_std_periph_driver/src/n32g430_dbg.c ****                 - DBG_TIM5_STOP         \* TIM5 counter stopped when Core is halted. *\
 191:../firmware/n32g430_std_periph_driver/src/n32g430_dbg.c ****                 - DBG_TIM6_STOP         \* TIM6 counter stopped when Core is halted. *\
 192:../firmware/n32g430_std_periph_driver/src/n32g430_dbg.c **** *\*\return  none
 193:../firmware/n32g430_std_periph_driver/src/n32g430_dbg.c **** **/
 194:../firmware/n32g430_std_periph_driver/src/n32g430_dbg.c **** void DBG_Peripheral_ON(uint32_t DBG_Periph)
 195:../firmware/n32g430_std_periph_driver/src/n32g430_dbg.c **** {
 629              		.loc 1 195 1
 630              		.cfi_startproc
 631              		@ args = 0, pretend = 0, frame = 8
 632              		@ frame_needed = 1, uses_anonymous_args = 0
 633              		@ link register save eliminated.
 634 0000 80B4     		push	{r7}
 635              	.LCFI22:
 636              		.cfi_def_cfa_offset 4
 637              		.cfi_offset 7, -4
 638 0002 83B0     		sub	sp, sp, #12
 639              	.LCFI23:
 640              		.cfi_def_cfa_offset 16
 641 0004 00AF     		add	r7, sp, #0
 642              	.LCFI24:
 643              		.cfi_def_cfa_register 7
 644 0006 7860     		str	r0, [r7, #4]
 196:../firmware/n32g430_std_periph_driver/src/n32g430_dbg.c ****     DBG->CTRL |= DBG_Periph;
 645              		.loc 1 196 8
 646 0008 054B     		ldr	r3, .L38
 647 000a 5A68     		ldr	r2, [r3, #4]
 648 000c 0449     		ldr	r1, .L38
 649              		.loc 1 196 15
 650 000e 7B68     		ldr	r3, [r7, #4]
 651 0010 1343     		orrs	r3, r3, r2
 652 0012 4B60     		str	r3, [r1, #4]
 197:../firmware/n32g430_std_periph_driver/src/n32g430_dbg.c **** }
 653              		.loc 1 197 1
 654 0014 00BF     		nop
 655 0016 0C37     		adds	r7, r7, #12
 656              	.LCFI25:
 657              		.cfi_def_cfa_offset 4
 658 0018 BD46     		mov	sp, r7
 659              	.LCFI26:
ARM GAS  C:\Users\ZShuai\AppData\Local\Temp\cckOHxhd.s 			page 16


 660              		.cfi_def_cfa_register 13
 661              		@ sp needed
 662 001a 5DF8047B 		ldr	r7, [sp], #4
 663              	.LCFI27:
 664              		.cfi_restore 7
 665              		.cfi_def_cfa_offset 0
 666 001e 7047     		bx	lr
 667              	.L39:
 668              		.align	2
 669              	.L38:
 670 0020 002004E0 		.word	-536600576
 671              		.cfi_endproc
 672              	.LFE134:
 674              		.section	.text.DBG_Peripheral_OFF,"ax",%progbits
 675              		.align	1
 676              		.global	DBG_Peripheral_OFF
 677              		.syntax unified
 678              		.thumb
 679              		.thumb_func
 681              	DBG_Peripheral_OFF:
 682              	.LFB135:
 198:../firmware/n32g430_std_periph_driver/src/n32g430_dbg.c **** 
 199:../firmware/n32g430_std_periph_driver/src/n32g430_dbg.c **** /**
 200:../firmware/n32g430_std_periph_driver/src/n32g430_dbg.c **** *\*\name    DBG_Peripheral_OFF.
 201:../firmware/n32g430_std_periph_driver/src/n32g430_dbg.c **** *\*\fun     Configures the specified peripheral run or stop when the MCU under Debug mode.
 202:../firmware/n32g430_std_periph_driver/src/n32g430_dbg.c **** *\*\param   DBG_Periph :
 203:../firmware/n32g430_std_periph_driver/src/n32g430_dbg.c ****                 - DBG_SLEEP             \* Debugger disconnect during SLEEP mode *\
 204:../firmware/n32g430_std_periph_driver/src/n32g430_dbg.c ****                 - DBG_STOP              \* Debugger disconnect during STOP mode *\
 205:../firmware/n32g430_std_periph_driver/src/n32g430_dbg.c ****                 - DBG_STANDBY           \* Debugger disconnect during STANDBY mode *\
 206:../firmware/n32g430_std_periph_driver/src/n32g430_dbg.c ****                 - DBG_IWDG_STOP         \* IWDG don't stop when Core is halted. *\
 207:../firmware/n32g430_std_periph_driver/src/n32g430_dbg.c ****                 - DBG_WWDG_STOP         \* WWDG don't stop when Core is halted. *\
 208:../firmware/n32g430_std_periph_driver/src/n32g430_dbg.c ****                 - DBG_TIM1_STOP         \* TIM1 counter don't stop when Core is halted. *\
 209:../firmware/n32g430_std_periph_driver/src/n32g430_dbg.c ****                 - DBG_TIM2_STOP         \* TIM2 counter don't stop when Core is halted. *\
 210:../firmware/n32g430_std_periph_driver/src/n32g430_dbg.c ****                 - DBG_TIM3_STOP         \* TIM3 counter don't stop when Core is halted. *\
 211:../firmware/n32g430_std_periph_driver/src/n32g430_dbg.c ****                 - DBG_TIM4_STOP         \* TIM4 counter don't stop when Core is halted. *\
 212:../firmware/n32g430_std_periph_driver/src/n32g430_dbg.c ****                 - DBG_CAN_STOP          \* CAN  stopped when Core is halted. *\
 213:../firmware/n32g430_std_periph_driver/src/n32g430_dbg.c ****                 - DBG_I2C1SMBUS_TIMEOUT \* I2C1 SMBUS timeout mode don't stop when Core is halted. 
 214:../firmware/n32g430_std_periph_driver/src/n32g430_dbg.c ****                 - DBG_I2C2SMBUS_TIMEOUT \* I2C2 SMBUS timeout mode don't stop when Core is halted. 
 215:../firmware/n32g430_std_periph_driver/src/n32g430_dbg.c ****                 - DBG_TIM8_STOP         \* TIM8 counter don't stop when Core is halted. *\
 216:../firmware/n32g430_std_periph_driver/src/n32g430_dbg.c ****                 - DBG_TIM5_STOP         \* TIM5 counter don't stop when Core is halted. *\
 217:../firmware/n32g430_std_periph_driver/src/n32g430_dbg.c ****                 - DBG_TIM6_STOP         \* TIM6 counter don't stop when Core is halted. *\
 218:../firmware/n32g430_std_periph_driver/src/n32g430_dbg.c **** *\*\return  none
 219:../firmware/n32g430_std_periph_driver/src/n32g430_dbg.c **** **/
 220:../firmware/n32g430_std_periph_driver/src/n32g430_dbg.c **** void DBG_Peripheral_OFF(uint32_t DBG_Periph)
 221:../firmware/n32g430_std_periph_driver/src/n32g430_dbg.c **** {
 683              		.loc 1 221 1
 684              		.cfi_startproc
 685              		@ args = 0, pretend = 0, frame = 8
 686              		@ frame_needed = 1, uses_anonymous_args = 0
 687              		@ link register save eliminated.
 688 0000 80B4     		push	{r7}
 689              	.LCFI28:
 690              		.cfi_def_cfa_offset 4
 691              		.cfi_offset 7, -4
 692 0002 83B0     		sub	sp, sp, #12
 693              	.LCFI29:
 694              		.cfi_def_cfa_offset 16
ARM GAS  C:\Users\ZShuai\AppData\Local\Temp\cckOHxhd.s 			page 17


 695 0004 00AF     		add	r7, sp, #0
 696              	.LCFI30:
 697              		.cfi_def_cfa_register 7
 698 0006 7860     		str	r0, [r7, #4]
 222:../firmware/n32g430_std_periph_driver/src/n32g430_dbg.c ****     DBG->CTRL &= ~DBG_Periph;
 699              		.loc 1 222 8
 700 0008 064B     		ldr	r3, .L41
 701 000a 5A68     		ldr	r2, [r3, #4]
 702              		.loc 1 222 18
 703 000c 7B68     		ldr	r3, [r7, #4]
 704 000e DB43     		mvns	r3, r3
 705              		.loc 1 222 8
 706 0010 0449     		ldr	r1, .L41
 707              		.loc 1 222 15
 708 0012 1340     		ands	r3, r3, r2
 709 0014 4B60     		str	r3, [r1, #4]
 223:../firmware/n32g430_std_periph_driver/src/n32g430_dbg.c **** }
 710              		.loc 1 223 1
 711 0016 00BF     		nop
 712 0018 0C37     		adds	r7, r7, #12
 713              	.LCFI31:
 714              		.cfi_def_cfa_offset 4
 715 001a BD46     		mov	sp, r7
 716              	.LCFI32:
 717              		.cfi_def_cfa_register 13
 718              		@ sp needed
 719 001c 5DF8047B 		ldr	r7, [sp], #4
 720              	.LCFI33:
 721              		.cfi_restore 7
 722              		.cfi_def_cfa_offset 0
 723 0020 7047     		bx	lr
 724              	.L42:
 725 0022 00BF     		.align	2
 726              	.L41:
 727 0024 002004E0 		.word	-536600576
 728              		.cfi_endproc
 729              	.LFE135:
 731              		.text
 732              	.Letext0:
 733              		.file 2 "d:\\program files (x86)\\arm gnu toolchain arm-none-eabi\\12.3 rel1\\arm-none-eabi\\inclu
 734              		.file 3 "d:\\program files (x86)\\arm gnu toolchain arm-none-eabi\\12.3 rel1\\arm-none-eabi\\inclu
 735              		.file 4 "../firmware/CMSIS/device/n32g430.h"
ARM GAS  C:\Users\ZShuai\AppData\Local\Temp\cckOHxhd.s 			page 18


DEFINED SYMBOLS
                            *ABS*:00000000 n32g430_dbg.c
C:\Users\ZShuai\AppData\Local\Temp\cckOHxhd.s:21     .text.UCID_Get:00000000 $t
C:\Users\ZShuai\AppData\Local\Temp\cckOHxhd.s:27     .text.UCID_Get:00000000 UCID_Get
C:\Users\ZShuai\AppData\Local\Temp\cckOHxhd.s:263    .text.UCID_Get:00000128 $d
C:\Users\ZShuai\AppData\Local\Temp\cckOHxhd.s:269    .text.UID_Get:00000000 $t
C:\Users\ZShuai\AppData\Local\Temp\cckOHxhd.s:275    .text.UID_Get:00000000 UID_Get
C:\Users\ZShuai\AppData\Local\Temp\cckOHxhd.s:511    .text.UID_Get:00000128 $d
C:\Users\ZShuai\AppData\Local\Temp\cckOHxhd.s:517    .text.DBG_Revision_Number_Get:00000000 $t
C:\Users\ZShuai\AppData\Local\Temp\cckOHxhd.s:523    .text.DBG_Revision_Number_Get:00000000 DBG_Revision_Number_Get
C:\Users\ZShuai\AppData\Local\Temp\cckOHxhd.s:556    .text.DBG_Revision_Number_Get:00000014 $d
C:\Users\ZShuai\AppData\Local\Temp\cckOHxhd.s:561    .text.DBG_Device_Number_Get:00000000 $t
C:\Users\ZShuai\AppData\Local\Temp\cckOHxhd.s:567    .text.DBG_Device_Number_Get:00000000 DBG_Device_Number_Get
C:\Users\ZShuai\AppData\Local\Temp\cckOHxhd.s:616    .text.DBG_Device_Number_Get:0000002c $d
C:\Users\ZShuai\AppData\Local\Temp\cckOHxhd.s:621    .text.DBG_Peripheral_ON:00000000 $t
C:\Users\ZShuai\AppData\Local\Temp\cckOHxhd.s:627    .text.DBG_Peripheral_ON:00000000 DBG_Peripheral_ON
C:\Users\ZShuai\AppData\Local\Temp\cckOHxhd.s:670    .text.DBG_Peripheral_ON:00000020 $d
C:\Users\ZShuai\AppData\Local\Temp\cckOHxhd.s:675    .text.DBG_Peripheral_OFF:00000000 $t
C:\Users\ZShuai\AppData\Local\Temp\cckOHxhd.s:681    .text.DBG_Peripheral_OFF:00000000 DBG_Peripheral_OFF
C:\Users\ZShuai\AppData\Local\Temp\cckOHxhd.s:727    .text.DBG_Peripheral_OFF:00000024 $d

NO UNDEFINED SYMBOLS
