ARM GAS  C:\Users\ZShuai\AppData\Local\Temp\ccXolS7S.s 			page 1


   1              		.cpu cortex-m4
   2              		.arch armv7e-m
   3              		.fpu fpv4-sp-d16
   4              		.eabi_attribute 27, 1
   5              		.eabi_attribute 28, 1
   6              		.eabi_attribute 20, 1
   7              		.eabi_attribute 21, 1
   8              		.eabi_attribute 23, 3
   9              		.eabi_attribute 24, 1
  10              		.eabi_attribute 25, 1
  11              		.eabi_attribute 26, 1
  12              		.eabi_attribute 30, 6
  13              		.eabi_attribute 34, 1
  14              		.eabi_attribute 18, 4
  15              		.file	"n32g430_beeper.c"
  16              		.text
  17              	.Ltext0:
  18              		.cfi_sections	.debug_frame
  19              		.file 1 "../firmware/n32g430_std_periph_driver/src/n32g430_beeper.c"
  20              		.section	.text.BEEPER_Reset,"ax",%progbits
  21              		.align	1
  22              		.global	BEEPER_Reset
  23              		.syntax unified
  24              		.thumb
  25              		.thumb_func
  27              	BEEPER_Reset:
  28              	.LFB130:
   1:../firmware/n32g430_std_periph_driver/src/n32g430_beeper.c **** /**
   2:../firmware/n32g430_std_periph_driver/src/n32g430_beeper.c **** *     Copyright (c) 2022, Nations Technologies Inc.
   3:../firmware/n32g430_std_periph_driver/src/n32g430_beeper.c **** * 
   4:../firmware/n32g430_std_periph_driver/src/n32g430_beeper.c **** *     All rights reserved.
   5:../firmware/n32g430_std_periph_driver/src/n32g430_beeper.c **** *
   6:../firmware/n32g430_std_periph_driver/src/n32g430_beeper.c **** *     This software is the exclusive property of Nations Technologies Inc. (Hereinafter 
   7:../firmware/n32g430_std_periph_driver/src/n32g430_beeper.c **** * referred to as NATIONS). This software, and the product of NATIONS described herein 
   8:../firmware/n32g430_std_periph_driver/src/n32g430_beeper.c **** * (Hereinafter referred to as the Product) are owned by NATIONS under the laws and treaties
   9:../firmware/n32g430_std_periph_driver/src/n32g430_beeper.c **** * of the People’s Republic of China and other applicable jurisdictions worldwide.
  10:../firmware/n32g430_std_periph_driver/src/n32g430_beeper.c **** *
  11:../firmware/n32g430_std_periph_driver/src/n32g430_beeper.c **** *     NATIONS does not grant any license under its patents, copyrights, trademarks, or other 
  12:../firmware/n32g430_std_periph_driver/src/n32g430_beeper.c **** * intellectual property rights. Names and brands of third party may be mentioned or referred 
  13:../firmware/n32g430_std_periph_driver/src/n32g430_beeper.c **** * thereto (if any) for identification purposes only.
  14:../firmware/n32g430_std_periph_driver/src/n32g430_beeper.c **** *
  15:../firmware/n32g430_std_periph_driver/src/n32g430_beeper.c **** *     NATIONS reserves the right to make changes, corrections, enhancements, modifications, and 
  16:../firmware/n32g430_std_periph_driver/src/n32g430_beeper.c **** * improvements to this software at any time without notice. Please contact NATIONS and obtain 
  17:../firmware/n32g430_std_periph_driver/src/n32g430_beeper.c **** * the latest version of this software before placing orders.
  18:../firmware/n32g430_std_periph_driver/src/n32g430_beeper.c **** 
  19:../firmware/n32g430_std_periph_driver/src/n32g430_beeper.c **** *     Although NATIONS has attempted to provide accurate and reliable information, NATIONS assumes 
  20:../firmware/n32g430_std_periph_driver/src/n32g430_beeper.c **** * no responsibility for the accuracy and reliability of this software.
  21:../firmware/n32g430_std_periph_driver/src/n32g430_beeper.c **** * 
  22:../firmware/n32g430_std_periph_driver/src/n32g430_beeper.c **** *     It is the responsibility of the user of this software to properly design, program, and test 
  23:../firmware/n32g430_std_periph_driver/src/n32g430_beeper.c **** * the functionality and safety of any application made of this information and any resulting produc
  24:../firmware/n32g430_std_periph_driver/src/n32g430_beeper.c **** * In no event shall NATIONS be liable for any direct, indirect, incidental, special,exemplary, or 
  25:../firmware/n32g430_std_periph_driver/src/n32g430_beeper.c **** * consequential damages arising in any way out of the use of this software or the Product.
  26:../firmware/n32g430_std_periph_driver/src/n32g430_beeper.c **** *
  27:../firmware/n32g430_std_periph_driver/src/n32g430_beeper.c **** *     NATIONS Products are neither intended nor warranted for usage in systems or equipment, any
  28:../firmware/n32g430_std_periph_driver/src/n32g430_beeper.c **** * malfunction or failure of which may cause loss of human life, bodily injury or severe property 
  29:../firmware/n32g430_std_periph_driver/src/n32g430_beeper.c **** * damage. Such applications are deemed, “Insecure Usage”.
  30:../firmware/n32g430_std_periph_driver/src/n32g430_beeper.c **** *
ARM GAS  C:\Users\ZShuai\AppData\Local\Temp\ccXolS7S.s 			page 2


  31:../firmware/n32g430_std_periph_driver/src/n32g430_beeper.c **** *     All Insecure Usage shall be made at user’s risk. User shall indemnify NATIONS and hold NATI
  32:../firmware/n32g430_std_periph_driver/src/n32g430_beeper.c **** * harmless from and against all claims, costs, damages, and other liabilities, arising from or rela
  33:../firmware/n32g430_std_periph_driver/src/n32g430_beeper.c **** * to any customer’s Insecure Usage.
  34:../firmware/n32g430_std_periph_driver/src/n32g430_beeper.c **** 
  35:../firmware/n32g430_std_periph_driver/src/n32g430_beeper.c **** *     Any express or implied warranty with regard to this software or the Product, including,but no
  36:../firmware/n32g430_std_periph_driver/src/n32g430_beeper.c **** * limited to, the warranties of merchantability, fitness for a particular purpose and non-infringem
  37:../firmware/n32g430_std_periph_driver/src/n32g430_beeper.c **** * are disclaimed to the fullest extent permitted by law.
  38:../firmware/n32g430_std_periph_driver/src/n32g430_beeper.c **** 
  39:../firmware/n32g430_std_periph_driver/src/n32g430_beeper.c **** *     Unless otherwise explicitly permitted by NATIONS, anyone may not duplicate, modify, transcrib
  40:../firmware/n32g430_std_periph_driver/src/n32g430_beeper.c **** * or otherwise distribute this software for any purposes, in whole or in part.
  41:../firmware/n32g430_std_periph_driver/src/n32g430_beeper.c **** *
  42:../firmware/n32g430_std_periph_driver/src/n32g430_beeper.c **** *     NATIONS products and technologies shall not be used for or incorporated into any products or 
  43:../firmware/n32g430_std_periph_driver/src/n32g430_beeper.c **** * whose manufacture, use, or sale is prohibited under any applicable domestic or foreign laws or re
  44:../firmware/n32g430_std_periph_driver/src/n32g430_beeper.c **** * User shall comply with any applicable export control laws and regulations promulgated and adminis
  45:../firmware/n32g430_std_periph_driver/src/n32g430_beeper.c **** * the governments of any countries asserting jurisdiction over the parties or transactions.
  46:../firmware/n32g430_std_periph_driver/src/n32g430_beeper.c **** **/
  47:../firmware/n32g430_std_periph_driver/src/n32g430_beeper.c **** 
  48:../firmware/n32g430_std_periph_driver/src/n32g430_beeper.c **** /**
  49:../firmware/n32g430_std_periph_driver/src/n32g430_beeper.c **** *\*\file n32g430_beeper.c
  50:../firmware/n32g430_std_periph_driver/src/n32g430_beeper.c **** *\*\author Nations
  51:../firmware/n32g430_std_periph_driver/src/n32g430_beeper.c **** *\*\version v1.0.0
  52:../firmware/n32g430_std_periph_driver/src/n32g430_beeper.c **** *\*\copyright Copyright (c) 2022, Nations Technologies Inc. All rights reserved.
  53:../firmware/n32g430_std_periph_driver/src/n32g430_beeper.c **** **/
  54:../firmware/n32g430_std_periph_driver/src/n32g430_beeper.c **** 
  55:../firmware/n32g430_std_periph_driver/src/n32g430_beeper.c **** #include "n32g430_beeper.h"
  56:../firmware/n32g430_std_periph_driver/src/n32g430_beeper.c **** #include "n32g430_rcc.h"
  57:../firmware/n32g430_std_periph_driver/src/n32g430_beeper.c **** 
  58:../firmware/n32g430_std_periph_driver/src/n32g430_beeper.c **** /**
  59:../firmware/n32g430_std_periph_driver/src/n32g430_beeper.c **** *\*\name    BEEPER_Reset.
  60:../firmware/n32g430_std_periph_driver/src/n32g430_beeper.c **** *\*\fun     Reset the BEEPER register to it's default reset values.
  61:../firmware/n32g430_std_periph_driver/src/n32g430_beeper.c **** *\*\param   none.
  62:../firmware/n32g430_std_periph_driver/src/n32g430_beeper.c **** *\*\return  none. 
  63:../firmware/n32g430_std_periph_driver/src/n32g430_beeper.c **** **/
  64:../firmware/n32g430_std_periph_driver/src/n32g430_beeper.c **** void BEEPER_Reset(void)
  65:../firmware/n32g430_std_periph_driver/src/n32g430_beeper.c **** {
  29              		.loc 1 65 1
  30              		.cfi_startproc
  31              		@ args = 0, pretend = 0, frame = 0
  32              		@ frame_needed = 1, uses_anonymous_args = 0
  33 0000 80B5     		push	{r7, lr}
  34              	.LCFI0:
  35              		.cfi_def_cfa_offset 8
  36              		.cfi_offset 7, -8
  37              		.cfi_offset 14, -4
  38 0002 00AF     		add	r7, sp, #0
  39              	.LCFI1:
  40              		.cfi_def_cfa_register 7
  66:../firmware/n32g430_std_periph_driver/src/n32g430_beeper.c ****     RCC_APB2_Peripheral_Reset(RCC_APB2_PERIPH_BEEPER);   
  41              		.loc 1 66 5
  42 0004 0220     		movs	r0, #2
  43 0006 FFF7FEFF 		bl	RCC_APB2_Peripheral_Reset
  67:../firmware/n32g430_std_periph_driver/src/n32g430_beeper.c **** }
  44              		.loc 1 67 1
  45 000a 00BF     		nop
  46 000c 80BD     		pop	{r7, pc}
  47              		.cfi_endproc
  48              	.LFE130:
ARM GAS  C:\Users\ZShuai\AppData\Local\Temp\ccXolS7S.s 			page 3


  50              		.section	.text.BEEPER_Clock_Select,"ax",%progbits
  51              		.align	1
  52              		.global	BEEPER_Clock_Select
  53              		.syntax unified
  54              		.thumb
  55              		.thumb_func
  57              	BEEPER_Clock_Select:
  58              	.LFB131:
  68:../firmware/n32g430_std_periph_driver/src/n32g430_beeper.c **** 
  69:../firmware/n32g430_std_periph_driver/src/n32g430_beeper.c **** /**
  70:../firmware/n32g430_std_periph_driver/src/n32g430_beeper.c **** *\*\name    BEEPER_Clock_Select.
  71:../firmware/n32g430_std_periph_driver/src/n32g430_beeper.c **** *\*\fun     Beeper clock selection.
  72:../firmware/n32g430_std_periph_driver/src/n32g430_beeper.c **** *\*\param   clock_selection:  
  73:../firmware/n32g430_std_periph_driver/src/n32g430_beeper.c **** *\*\          - BEEPER_CLK_SOURCE_APB 
  74:../firmware/n32g430_std_periph_driver/src/n32g430_beeper.c **** *\*\          - BEEPER_CLK_SOURCE_LSI 
  75:../firmware/n32g430_std_periph_driver/src/n32g430_beeper.c **** *\*\          - BEEPER_CLK_SOURCE_LSE 
  76:../firmware/n32g430_std_periph_driver/src/n32g430_beeper.c **** *\*\return  none. 
  77:../firmware/n32g430_std_periph_driver/src/n32g430_beeper.c **** **/
  78:../firmware/n32g430_std_periph_driver/src/n32g430_beeper.c **** void BEEPER_Clock_Select(uint32_t clock_selection)
  79:../firmware/n32g430_std_periph_driver/src/n32g430_beeper.c **** {
  59              		.loc 1 79 1
  60              		.cfi_startproc
  61              		@ args = 0, pretend = 0, frame = 8
  62              		@ frame_needed = 1, uses_anonymous_args = 0
  63              		@ link register save eliminated.
  64 0000 80B4     		push	{r7}
  65              	.LCFI2:
  66              		.cfi_def_cfa_offset 4
  67              		.cfi_offset 7, -4
  68 0002 83B0     		sub	sp, sp, #12
  69              	.LCFI3:
  70              		.cfi_def_cfa_offset 16
  71 0004 00AF     		add	r7, sp, #0
  72              	.LCFI4:
  73              		.cfi_def_cfa_register 7
  74 0006 7860     		str	r0, [r7, #4]
  80:../firmware/n32g430_std_periph_driver/src/n32g430_beeper.c ****     BEEPER->CTRL &= BEEPER_CLK_MASK;
  75              		.loc 1 80 11
  76 0008 084B     		ldr	r3, .L3
  77 000a 1B68     		ldr	r3, [r3]
  78 000c 074A     		ldr	r2, .L3
  79              		.loc 1 80 18
  80 000e 23F00C03 		bic	r3, r3, #12
  81 0012 1360     		str	r3, [r2]
  81:../firmware/n32g430_std_periph_driver/src/n32g430_beeper.c ****     BEEPER->CTRL |= clock_selection;    
  82              		.loc 1 81 11
  83 0014 054B     		ldr	r3, .L3
  84 0016 1A68     		ldr	r2, [r3]
  85 0018 0449     		ldr	r1, .L3
  86              		.loc 1 81 18
  87 001a 7B68     		ldr	r3, [r7, #4]
  88 001c 1343     		orrs	r3, r3, r2
  89 001e 0B60     		str	r3, [r1]
  82:../firmware/n32g430_std_periph_driver/src/n32g430_beeper.c **** }
  90              		.loc 1 82 1
  91 0020 00BF     		nop
  92 0022 0C37     		adds	r7, r7, #12
ARM GAS  C:\Users\ZShuai\AppData\Local\Temp\ccXolS7S.s 			page 4


  93              	.LCFI5:
  94              		.cfi_def_cfa_offset 4
  95 0024 BD46     		mov	sp, r7
  96              	.LCFI6:
  97              		.cfi_def_cfa_register 13
  98              		@ sp needed
  99 0026 5DF8047B 		ldr	r7, [sp], #4
 100              	.LCFI7:
 101              		.cfi_restore 7
 102              		.cfi_def_cfa_offset 0
 103 002a 7047     		bx	lr
 104              	.L4:
 105              		.align	2
 106              	.L3:
 107 002c 00080140 		.word	1073809408
 108              		.cfi_endproc
 109              	.LFE131:
 111              		.section	.text.BEEPER_APB_Clock_Prescale_Set,"ax",%progbits
 112              		.align	1
 113              		.global	BEEPER_APB_Clock_Prescale_Set
 114              		.syntax unified
 115              		.thumb
 116              		.thumb_func
 118              	BEEPER_APB_Clock_Prescale_Set:
 119              	.LFB132:
  83:../firmware/n32g430_std_periph_driver/src/n32g430_beeper.c **** 
  84:../firmware/n32g430_std_periph_driver/src/n32g430_beeper.c **** /**
  85:../firmware/n32g430_std_periph_driver/src/n32g430_beeper.c **** *\*\name    BEEPER_APB_Clock_Prescale_Set.
  86:../firmware/n32g430_std_periph_driver/src/n32g430_beeper.c **** *\*\fun     Set BEEPER APB clock prescale factor.
  87:../firmware/n32g430_std_periph_driver/src/n32g430_beeper.c **** *\*\param   prescale_factor:  if LSI or LSE clock is selected, this parameter is ignored
  88:../firmware/n32g430_std_periph_driver/src/n32g430_beeper.c **** *\*\          - 0 ~ 63  if prescale_factor > 0 and prescale_factor < 64, the APB clock frequency is
  89:../firmware/n32g430_std_periph_driver/src/n32g430_beeper.c **** *\*\return  none. 
  90:../firmware/n32g430_std_periph_driver/src/n32g430_beeper.c **** **/
  91:../firmware/n32g430_std_periph_driver/src/n32g430_beeper.c **** void BEEPER_APB_Clock_Prescale_Set(uint32_t prescale_factor)
  92:../firmware/n32g430_std_periph_driver/src/n32g430_beeper.c **** {
 120              		.loc 1 92 1
 121              		.cfi_startproc
 122              		@ args = 0, pretend = 0, frame = 8
 123              		@ frame_needed = 1, uses_anonymous_args = 0
 124              		@ link register save eliminated.
 125 0000 80B4     		push	{r7}
 126              	.LCFI8:
 127              		.cfi_def_cfa_offset 4
 128              		.cfi_offset 7, -4
 129 0002 83B0     		sub	sp, sp, #12
 130              	.LCFI9:
 131              		.cfi_def_cfa_offset 16
 132 0004 00AF     		add	r7, sp, #0
 133              	.LCFI10:
 134              		.cfi_def_cfa_register 7
 135 0006 7860     		str	r0, [r7, #4]
  93:../firmware/n32g430_std_periph_driver/src/n32g430_beeper.c ****     BEEPER->CTRL &= BEEPER_FREQUENCY_MASK;
 136              		.loc 1 93 11
 137 0008 094B     		ldr	r3, .L6
 138 000a 1B68     		ldr	r3, [r3]
 139 000c 084A     		ldr	r2, .L6
 140              		.loc 1 93 18
ARM GAS  C:\Users\ZShuai\AppData\Local\Temp\ccXolS7S.s 			page 5


 141 000e 23F47C13 		bic	r3, r3, #4128768
 142 0012 1360     		str	r3, [r2]
  94:../firmware/n32g430_std_periph_driver/src/n32g430_beeper.c ****     BEEPER->CTRL |= (prescale_factor << BEEPER_PSC_BIT_MASK);
 143              		.loc 1 94 11
 144 0014 064B     		ldr	r3, .L6
 145 0016 1A68     		ldr	r2, [r3]
 146              		.loc 1 94 38
 147 0018 7B68     		ldr	r3, [r7, #4]
 148 001a 1B04     		lsls	r3, r3, #16
 149              		.loc 1 94 11
 150 001c 0449     		ldr	r1, .L6
 151              		.loc 1 94 18
 152 001e 1343     		orrs	r3, r3, r2
 153 0020 0B60     		str	r3, [r1]
  95:../firmware/n32g430_std_periph_driver/src/n32g430_beeper.c **** }
 154              		.loc 1 95 1
 155 0022 00BF     		nop
 156 0024 0C37     		adds	r7, r7, #12
 157              	.LCFI11:
 158              		.cfi_def_cfa_offset 4
 159 0026 BD46     		mov	sp, r7
 160              	.LCFI12:
 161              		.cfi_def_cfa_register 13
 162              		@ sp needed
 163 0028 5DF8047B 		ldr	r7, [sp], #4
 164              	.LCFI13:
 165              		.cfi_restore 7
 166              		.cfi_def_cfa_offset 0
 167 002c 7047     		bx	lr
 168              	.L7:
 169 002e 00BF     		.align	2
 170              	.L6:
 171 0030 00080140 		.word	1073809408
 172              		.cfi_endproc
 173              	.LFE132:
 175              		.section	.text.BEEPER_Div_Factor_Select,"ax",%progbits
 176              		.align	1
 177              		.global	BEEPER_Div_Factor_Select
 178              		.syntax unified
 179              		.thumb
 180              		.thumb_func
 182              	BEEPER_Div_Factor_Select:
 183              	.LFB133:
  96:../firmware/n32g430_std_periph_driver/src/n32g430_beeper.c **** 
  97:../firmware/n32g430_std_periph_driver/src/n32g430_beeper.c **** /**
  98:../firmware/n32g430_std_periph_driver/src/n32g430_beeper.c **** *\*\name    BEEPER_Div_Factor_Select.
  99:../firmware/n32g430_std_periph_driver/src/n32g430_beeper.c **** *\*\fun     Beeper division factor selection.
 100:../firmware/n32g430_std_periph_driver/src/n32g430_beeper.c **** *\*\param   div_factor:  
 101:../firmware/n32g430_std_periph_driver/src/n32g430_beeper.c **** *\*\          - 0 ~ 511  if div_factor is x, output frequency value divided by (x + 1) * 2
 102:../firmware/n32g430_std_periph_driver/src/n32g430_beeper.c **** *\*\return  none. 
 103:../firmware/n32g430_std_periph_driver/src/n32g430_beeper.c **** **/
 104:../firmware/n32g430_std_periph_driver/src/n32g430_beeper.c **** void BEEPER_Div_Factor_Select(uint32_t div_factor)
 105:../firmware/n32g430_std_periph_driver/src/n32g430_beeper.c **** {
 184              		.loc 1 105 1
 185              		.cfi_startproc
 186              		@ args = 0, pretend = 0, frame = 8
 187              		@ frame_needed = 1, uses_anonymous_args = 0
ARM GAS  C:\Users\ZShuai\AppData\Local\Temp\ccXolS7S.s 			page 6


 188              		@ link register save eliminated.
 189 0000 80B4     		push	{r7}
 190              	.LCFI14:
 191              		.cfi_def_cfa_offset 4
 192              		.cfi_offset 7, -4
 193 0002 83B0     		sub	sp, sp, #12
 194              	.LCFI15:
 195              		.cfi_def_cfa_offset 16
 196 0004 00AF     		add	r7, sp, #0
 197              	.LCFI16:
 198              		.cfi_def_cfa_register 7
 199 0006 7860     		str	r0, [r7, #4]
 106:../firmware/n32g430_std_periph_driver/src/n32g430_beeper.c ****     BEEPER->CTRL &= BEEPER_DIV_MASK;
 200              		.loc 1 106 11
 201 0008 0A4B     		ldr	r3, .L9
 202 000a 1B68     		ldr	r3, [r3]
 203 000c 094A     		ldr	r2, .L9
 204              		.loc 1 106 18
 205 000e 23F4FF53 		bic	r3, r3, #8160
 206 0012 23F01003 		bic	r3, r3, #16
 207 0016 1360     		str	r3, [r2]
 107:../firmware/n32g430_std_periph_driver/src/n32g430_beeper.c ****     BEEPER->CTRL |= (div_factor << BEEPER_BEEPDIV_BIT_MASK);
 208              		.loc 1 107 11
 209 0018 064B     		ldr	r3, .L9
 210 001a 1A68     		ldr	r2, [r3]
 211              		.loc 1 107 33
 212 001c 7B68     		ldr	r3, [r7, #4]
 213 001e 1B01     		lsls	r3, r3, #4
 214              		.loc 1 107 11
 215 0020 0449     		ldr	r1, .L9
 216              		.loc 1 107 18
 217 0022 1343     		orrs	r3, r3, r2
 218 0024 0B60     		str	r3, [r1]
 108:../firmware/n32g430_std_periph_driver/src/n32g430_beeper.c **** }
 219              		.loc 1 108 1
 220 0026 00BF     		nop
 221 0028 0C37     		adds	r7, r7, #12
 222              	.LCFI17:
 223              		.cfi_def_cfa_offset 4
 224 002a BD46     		mov	sp, r7
 225              	.LCFI18:
 226              		.cfi_def_cfa_register 13
 227              		@ sp needed
 228 002c 5DF8047B 		ldr	r7, [sp], #4
 229              	.LCFI19:
 230              		.cfi_restore 7
 231              		.cfi_def_cfa_offset 0
 232 0030 7047     		bx	lr
 233              	.L10:
 234 0032 00BF     		.align	2
 235              	.L9:
 236 0034 00080140 		.word	1073809408
 237              		.cfi_endproc
 238              	.LFE133:
 240              		.section	.text.BEEPER_Initialize,"ax",%progbits
 241              		.align	1
 242              		.global	BEEPER_Initialize
ARM GAS  C:\Users\ZShuai\AppData\Local\Temp\ccXolS7S.s 			page 7


 243              		.syntax unified
 244              		.thumb
 245              		.thumb_func
 247              	BEEPER_Initialize:
 248              	.LFB134:
 109:../firmware/n32g430_std_periph_driver/src/n32g430_beeper.c **** 
 110:../firmware/n32g430_std_periph_driver/src/n32g430_beeper.c **** /**
 111:../firmware/n32g430_std_periph_driver/src/n32g430_beeper.c **** *\*\name    BEEPER_Initialize.
 112:../firmware/n32g430_std_periph_driver/src/n32g430_beeper.c **** *\*\fun     Init Beeper.
 113:../firmware/n32g430_std_periph_driver/src/n32g430_beeper.c **** *\*\param   clock_selection:  
 114:../firmware/n32g430_std_periph_driver/src/n32g430_beeper.c **** *\*\          - BEEPER_CLK_SOURCE_APB 
 115:../firmware/n32g430_std_periph_driver/src/n32g430_beeper.c **** *\*\          - BEEPER_CLK_SOURCE_LSI 
 116:../firmware/n32g430_std_periph_driver/src/n32g430_beeper.c **** *\*\          - BEEPER_CLK_SOURCE_LSE
 117:../firmware/n32g430_std_periph_driver/src/n32g430_beeper.c **** *\*\param   prescale_factor:  if LSI or LSE clock is selected, this parameter is ignored
 118:../firmware/n32g430_std_periph_driver/src/n32g430_beeper.c **** *\*\          - 0 ~ 63  if prescale_factor > 0 and prescale_factor < 64, the APB clock frequency is
 119:../firmware/n32g430_std_periph_driver/src/n32g430_beeper.c **** *\*\param   div_factor:  
 120:../firmware/n32g430_std_periph_driver/src/n32g430_beeper.c **** *\*\          - 0 ~ 511  if div_factor is x, output frequency value divided by (x + 1) * 2
 121:../firmware/n32g430_std_periph_driver/src/n32g430_beeper.c **** *\*\return  none. 
 122:../firmware/n32g430_std_periph_driver/src/n32g430_beeper.c **** **/
 123:../firmware/n32g430_std_periph_driver/src/n32g430_beeper.c **** void BEEPER_Initialize(uint32_t clock_selection, uint32_t prescale_factor, uint32_t div_factor)
 124:../firmware/n32g430_std_periph_driver/src/n32g430_beeper.c **** {
 249              		.loc 1 124 1
 250              		.cfi_startproc
 251              		@ args = 0, pretend = 0, frame = 16
 252              		@ frame_needed = 1, uses_anonymous_args = 0
 253 0000 80B5     		push	{r7, lr}
 254              	.LCFI20:
 255              		.cfi_def_cfa_offset 8
 256              		.cfi_offset 7, -8
 257              		.cfi_offset 14, -4
 258 0002 84B0     		sub	sp, sp, #16
 259              	.LCFI21:
 260              		.cfi_def_cfa_offset 24
 261 0004 00AF     		add	r7, sp, #0
 262              	.LCFI22:
 263              		.cfi_def_cfa_register 7
 264 0006 F860     		str	r0, [r7, #12]
 265 0008 B960     		str	r1, [r7, #8]
 266 000a 7A60     		str	r2, [r7, #4]
 125:../firmware/n32g430_std_periph_driver/src/n32g430_beeper.c ****     BEEPER_Clock_Select(clock_selection);
 267              		.loc 1 125 5
 268 000c F868     		ldr	r0, [r7, #12]
 269 000e FFF7FEFF 		bl	BEEPER_Clock_Select
 126:../firmware/n32g430_std_periph_driver/src/n32g430_beeper.c ****     BEEPER_APB_Clock_Prescale_Set(prescale_factor);
 270              		.loc 1 126 5
 271 0012 B868     		ldr	r0, [r7, #8]
 272 0014 FFF7FEFF 		bl	BEEPER_APB_Clock_Prescale_Set
 127:../firmware/n32g430_std_periph_driver/src/n32g430_beeper.c ****     BEEPER_Div_Factor_Select(div_factor);
 273              		.loc 1 127 5
 274 0018 7868     		ldr	r0, [r7, #4]
 275 001a FFF7FEFF 		bl	BEEPER_Div_Factor_Select
 128:../firmware/n32g430_std_periph_driver/src/n32g430_beeper.c **** }
 276              		.loc 1 128 1
 277 001e 00BF     		nop
 278 0020 1037     		adds	r7, r7, #16
 279              	.LCFI23:
 280              		.cfi_def_cfa_offset 8
ARM GAS  C:\Users\ZShuai\AppData\Local\Temp\ccXolS7S.s 			page 8


 281 0022 BD46     		mov	sp, r7
 282              	.LCFI24:
 283              		.cfi_def_cfa_register 13
 284              		@ sp needed
 285 0024 80BD     		pop	{r7, pc}
 286              		.cfi_endproc
 287              	.LFE134:
 289              		.section	.text.BEEPER_Bypass_Clock_Signal,"ax",%progbits
 290              		.align	1
 291              		.global	BEEPER_Bypass_Clock_Signal
 292              		.syntax unified
 293              		.thumb
 294              		.thumb_func
 296              	BEEPER_Bypass_Clock_Signal:
 297              	.LFB135:
 129:../firmware/n32g430_std_periph_driver/src/n32g430_beeper.c **** 
 130:../firmware/n32g430_std_periph_driver/src/n32g430_beeper.c **** 
 131:../firmware/n32g430_std_periph_driver/src/n32g430_beeper.c **** /**
 132:../firmware/n32g430_std_periph_driver/src/n32g430_beeper.c **** *\*\name    BEEPER_Bypass_Clock_Signal.
 133:../firmware/n32g430_std_periph_driver/src/n32g430_beeper.c **** *\*\fun     Bypass the selected clock signal to the output ports.
 134:../firmware/n32g430_std_periph_driver/src/n32g430_beeper.c **** *\*\param   none. 
 135:../firmware/n32g430_std_periph_driver/src/n32g430_beeper.c **** *\*\return  none. 
 136:../firmware/n32g430_std_periph_driver/src/n32g430_beeper.c **** **/
 137:../firmware/n32g430_std_periph_driver/src/n32g430_beeper.c **** void BEEPER_Bypass_Clock_Signal(void)
 138:../firmware/n32g430_std_periph_driver/src/n32g430_beeper.c **** {
 298              		.loc 1 138 1
 299              		.cfi_startproc
 300              		@ args = 0, pretend = 0, frame = 0
 301              		@ frame_needed = 1, uses_anonymous_args = 0
 302              		@ link register save eliminated.
 303 0000 80B4     		push	{r7}
 304              	.LCFI25:
 305              		.cfi_def_cfa_offset 4
 306              		.cfi_offset 7, -4
 307 0002 00AF     		add	r7, sp, #0
 308              	.LCFI26:
 309              		.cfi_def_cfa_register 7
 139:../firmware/n32g430_std_periph_driver/src/n32g430_beeper.c ****     BEEPER->CTRL |= BEEPER_BYPASS;
 310              		.loc 1 139 11
 311 0004 054B     		ldr	r3, .L13
 312 0006 1B68     		ldr	r3, [r3]
 313 0008 044A     		ldr	r2, .L13
 314              		.loc 1 139 18
 315 000a 43F40043 		orr	r3, r3, #32768
 316 000e 1360     		str	r3, [r2]
 140:../firmware/n32g430_std_periph_driver/src/n32g430_beeper.c **** }
 317              		.loc 1 140 1
 318 0010 00BF     		nop
 319 0012 BD46     		mov	sp, r7
 320              	.LCFI27:
 321              		.cfi_def_cfa_register 13
 322              		@ sp needed
 323 0014 5DF8047B 		ldr	r7, [sp], #4
 324              	.LCFI28:
 325              		.cfi_restore 7
 326              		.cfi_def_cfa_offset 0
 327 0018 7047     		bx	lr
ARM GAS  C:\Users\ZShuai\AppData\Local\Temp\ccXolS7S.s 			page 9


 328              	.L14:
 329 001a 00BF     		.align	2
 330              	.L13:
 331 001c 00080140 		.word	1073809408
 332              		.cfi_endproc
 333              	.LFE135:
 335              		.section	.text.BEEPER_Inverted_Enable,"ax",%progbits
 336              		.align	1
 337              		.global	BEEPER_Inverted_Enable
 338              		.syntax unified
 339              		.thumb
 340              		.thumb_func
 342              	BEEPER_Inverted_Enable:
 343              	.LFB136:
 141:../firmware/n32g430_std_periph_driver/src/n32g430_beeper.c **** 
 142:../firmware/n32g430_std_periph_driver/src/n32g430_beeper.c **** 
 143:../firmware/n32g430_std_periph_driver/src/n32g430_beeper.c **** /**
 144:../firmware/n32g430_std_periph_driver/src/n32g430_beeper.c **** *\*\name    BEEPER_Inverted_Enable.
 145:../firmware/n32g430_std_periph_driver/src/n32g430_beeper.c **** *\*\fun     Beeper complementary output enable.
 146:../firmware/n32g430_std_periph_driver/src/n32g430_beeper.c **** *\*\param   none. 
 147:../firmware/n32g430_std_periph_driver/src/n32g430_beeper.c **** *\*\return  none. 
 148:../firmware/n32g430_std_periph_driver/src/n32g430_beeper.c **** **/
 149:../firmware/n32g430_std_periph_driver/src/n32g430_beeper.c **** void BEEPER_Inverted_Enable(void)
 150:../firmware/n32g430_std_periph_driver/src/n32g430_beeper.c **** {
 344              		.loc 1 150 1
 345              		.cfi_startproc
 346              		@ args = 0, pretend = 0, frame = 0
 347              		@ frame_needed = 1, uses_anonymous_args = 0
 348              		@ link register save eliminated.
 349 0000 80B4     		push	{r7}
 350              	.LCFI29:
 351              		.cfi_def_cfa_offset 4
 352              		.cfi_offset 7, -4
 353 0002 00AF     		add	r7, sp, #0
 354              	.LCFI30:
 355              		.cfi_def_cfa_register 7
 151:../firmware/n32g430_std_periph_driver/src/n32g430_beeper.c ****     BEEPER->CTRL |= BEEPER_INV_ENABLE;
 356              		.loc 1 151 11
 357 0004 054B     		ldr	r3, .L16
 358 0006 1B68     		ldr	r3, [r3]
 359 0008 044A     		ldr	r2, .L16
 360              		.loc 1 151 18
 361 000a 43F00203 		orr	r3, r3, #2
 362 000e 1360     		str	r3, [r2]
 152:../firmware/n32g430_std_periph_driver/src/n32g430_beeper.c **** }
 363              		.loc 1 152 1
 364 0010 00BF     		nop
 365 0012 BD46     		mov	sp, r7
 366              	.LCFI31:
 367              		.cfi_def_cfa_register 13
 368              		@ sp needed
 369 0014 5DF8047B 		ldr	r7, [sp], #4
 370              	.LCFI32:
 371              		.cfi_restore 7
 372              		.cfi_def_cfa_offset 0
 373 0018 7047     		bx	lr
 374              	.L17:
ARM GAS  C:\Users\ZShuai\AppData\Local\Temp\ccXolS7S.s 			page 10


 375 001a 00BF     		.align	2
 376              	.L16:
 377 001c 00080140 		.word	1073809408
 378              		.cfi_endproc
 379              	.LFE136:
 381              		.section	.text.BEEPER_Inverted_Disable,"ax",%progbits
 382              		.align	1
 383              		.global	BEEPER_Inverted_Disable
 384              		.syntax unified
 385              		.thumb
 386              		.thumb_func
 388              	BEEPER_Inverted_Disable:
 389              	.LFB137:
 153:../firmware/n32g430_std_periph_driver/src/n32g430_beeper.c **** 
 154:../firmware/n32g430_std_periph_driver/src/n32g430_beeper.c **** /**
 155:../firmware/n32g430_std_periph_driver/src/n32g430_beeper.c **** *\*\name    BEEPER_Inverted_Disable.
 156:../firmware/n32g430_std_periph_driver/src/n32g430_beeper.c **** *\*\fun     Beeper complementary output disable.
 157:../firmware/n32g430_std_periph_driver/src/n32g430_beeper.c **** *\*\param   none. 
 158:../firmware/n32g430_std_periph_driver/src/n32g430_beeper.c **** *\*\return  none. 
 159:../firmware/n32g430_std_periph_driver/src/n32g430_beeper.c **** **/
 160:../firmware/n32g430_std_periph_driver/src/n32g430_beeper.c **** void BEEPER_Inverted_Disable(void)
 161:../firmware/n32g430_std_periph_driver/src/n32g430_beeper.c **** {
 390              		.loc 1 161 1
 391              		.cfi_startproc
 392              		@ args = 0, pretend = 0, frame = 0
 393              		@ frame_needed = 1, uses_anonymous_args = 0
 394              		@ link register save eliminated.
 395 0000 80B4     		push	{r7}
 396              	.LCFI33:
 397              		.cfi_def_cfa_offset 4
 398              		.cfi_offset 7, -4
 399 0002 00AF     		add	r7, sp, #0
 400              	.LCFI34:
 401              		.cfi_def_cfa_register 7
 162:../firmware/n32g430_std_periph_driver/src/n32g430_beeper.c ****     BEEPER->CTRL &= BEEPER_INV_DISABLE;
 402              		.loc 1 162 11
 403 0004 054B     		ldr	r3, .L19
 404 0006 1B68     		ldr	r3, [r3]
 405 0008 044A     		ldr	r2, .L19
 406              		.loc 1 162 18
 407 000a 23F00203 		bic	r3, r3, #2
 408 000e 1360     		str	r3, [r2]
 163:../firmware/n32g430_std_periph_driver/src/n32g430_beeper.c **** }
 409              		.loc 1 163 1
 410 0010 00BF     		nop
 411 0012 BD46     		mov	sp, r7
 412              	.LCFI35:
 413              		.cfi_def_cfa_register 13
 414              		@ sp needed
 415 0014 5DF8047B 		ldr	r7, [sp], #4
 416              	.LCFI36:
 417              		.cfi_restore 7
 418              		.cfi_def_cfa_offset 0
 419 0018 7047     		bx	lr
 420              	.L20:
 421 001a 00BF     		.align	2
 422              	.L19:
ARM GAS  C:\Users\ZShuai\AppData\Local\Temp\ccXolS7S.s 			page 11


 423 001c 00080140 		.word	1073809408
 424              		.cfi_endproc
 425              	.LFE137:
 427              		.section	.text.BEEPER_Enable,"ax",%progbits
 428              		.align	1
 429              		.global	BEEPER_Enable
 430              		.syntax unified
 431              		.thumb
 432              		.thumb_func
 434              	BEEPER_Enable:
 435              	.LFB138:
 164:../firmware/n32g430_std_periph_driver/src/n32g430_beeper.c **** 
 165:../firmware/n32g430_std_periph_driver/src/n32g430_beeper.c **** 
 166:../firmware/n32g430_std_periph_driver/src/n32g430_beeper.c **** /**
 167:../firmware/n32g430_std_periph_driver/src/n32g430_beeper.c **** *\*\name    BEEPER_Enable.
 168:../firmware/n32g430_std_periph_driver/src/n32g430_beeper.c **** *\*\fun     Enable beeper.
 169:../firmware/n32g430_std_periph_driver/src/n32g430_beeper.c **** *\*\param   none. 
 170:../firmware/n32g430_std_periph_driver/src/n32g430_beeper.c **** *\*\return  none. 
 171:../firmware/n32g430_std_periph_driver/src/n32g430_beeper.c **** **/
 172:../firmware/n32g430_std_periph_driver/src/n32g430_beeper.c **** void BEEPER_Enable(void)
 173:../firmware/n32g430_std_periph_driver/src/n32g430_beeper.c **** {
 436              		.loc 1 173 1
 437              		.cfi_startproc
 438              		@ args = 0, pretend = 0, frame = 0
 439              		@ frame_needed = 1, uses_anonymous_args = 0
 440              		@ link register save eliminated.
 441 0000 80B4     		push	{r7}
 442              	.LCFI37:
 443              		.cfi_def_cfa_offset 4
 444              		.cfi_offset 7, -4
 445 0002 00AF     		add	r7, sp, #0
 446              	.LCFI38:
 447              		.cfi_def_cfa_register 7
 174:../firmware/n32g430_std_periph_driver/src/n32g430_beeper.c ****     BEEPER->CTRL |= BEEPER_ENABLE;
 448              		.loc 1 174 11
 449 0004 054B     		ldr	r3, .L22
 450 0006 1B68     		ldr	r3, [r3]
 451 0008 044A     		ldr	r2, .L22
 452              		.loc 1 174 18
 453 000a 43F00103 		orr	r3, r3, #1
 454 000e 1360     		str	r3, [r2]
 175:../firmware/n32g430_std_periph_driver/src/n32g430_beeper.c **** }
 455              		.loc 1 175 1
 456 0010 00BF     		nop
 457 0012 BD46     		mov	sp, r7
 458              	.LCFI39:
 459              		.cfi_def_cfa_register 13
 460              		@ sp needed
 461 0014 5DF8047B 		ldr	r7, [sp], #4
 462              	.LCFI40:
 463              		.cfi_restore 7
 464              		.cfi_def_cfa_offset 0
 465 0018 7047     		bx	lr
 466              	.L23:
 467 001a 00BF     		.align	2
 468              	.L22:
 469 001c 00080140 		.word	1073809408
ARM GAS  C:\Users\ZShuai\AppData\Local\Temp\ccXolS7S.s 			page 12


 470              		.cfi_endproc
 471              	.LFE138:
 473              		.section	.text.BEEPER_Disable,"ax",%progbits
 474              		.align	1
 475              		.global	BEEPER_Disable
 476              		.syntax unified
 477              		.thumb
 478              		.thumb_func
 480              	BEEPER_Disable:
 481              	.LFB139:
 176:../firmware/n32g430_std_periph_driver/src/n32g430_beeper.c **** 
 177:../firmware/n32g430_std_periph_driver/src/n32g430_beeper.c **** /**
 178:../firmware/n32g430_std_periph_driver/src/n32g430_beeper.c **** *\*\name    BEEPER_Disable.
 179:../firmware/n32g430_std_periph_driver/src/n32g430_beeper.c **** *\*\fun     Disable beeper.
 180:../firmware/n32g430_std_periph_driver/src/n32g430_beeper.c **** *\*\param   none. 
 181:../firmware/n32g430_std_periph_driver/src/n32g430_beeper.c **** *\*\return  none. 
 182:../firmware/n32g430_std_periph_driver/src/n32g430_beeper.c **** **/
 183:../firmware/n32g430_std_periph_driver/src/n32g430_beeper.c **** void BEEPER_Disable(void)
 184:../firmware/n32g430_std_periph_driver/src/n32g430_beeper.c **** {
 482              		.loc 1 184 1
 483              		.cfi_startproc
 484              		@ args = 0, pretend = 0, frame = 0
 485              		@ frame_needed = 1, uses_anonymous_args = 0
 486              		@ link register save eliminated.
 487 0000 80B4     		push	{r7}
 488              	.LCFI41:
 489              		.cfi_def_cfa_offset 4
 490              		.cfi_offset 7, -4
 491 0002 00AF     		add	r7, sp, #0
 492              	.LCFI42:
 493              		.cfi_def_cfa_register 7
 185:../firmware/n32g430_std_periph_driver/src/n32g430_beeper.c ****     BEEPER->CTRL &= BEEPER_DISABLE;
 494              		.loc 1 185 11
 495 0004 054B     		ldr	r3, .L25
 496 0006 1B68     		ldr	r3, [r3]
 497 0008 044A     		ldr	r2, .L25
 498              		.loc 1 185 18
 499 000a 23F00103 		bic	r3, r3, #1
 500 000e 1360     		str	r3, [r2]
 186:../firmware/n32g430_std_periph_driver/src/n32g430_beeper.c **** }
 501              		.loc 1 186 1
 502 0010 00BF     		nop
 503 0012 BD46     		mov	sp, r7
 504              	.LCFI43:
 505              		.cfi_def_cfa_register 13
 506              		@ sp needed
 507 0014 5DF8047B 		ldr	r7, [sp], #4
 508              	.LCFI44:
 509              		.cfi_restore 7
 510              		.cfi_def_cfa_offset 0
 511 0018 7047     		bx	lr
 512              	.L26:
 513 001a 00BF     		.align	2
 514              	.L25:
 515 001c 00080140 		.word	1073809408
 516              		.cfi_endproc
 517              	.LFE139:
ARM GAS  C:\Users\ZShuai\AppData\Local\Temp\ccXolS7S.s 			page 13


 519              		.text
 520              	.Letext0:
 521              		.file 2 "d:\\program files (x86)\\arm gnu toolchain arm-none-eabi\\12.3 rel1\\arm-none-eabi\\inclu
 522              		.file 3 "d:\\program files (x86)\\arm gnu toolchain arm-none-eabi\\12.3 rel1\\arm-none-eabi\\inclu
 523              		.file 4 "../firmware/CMSIS/device/n32g430.h"
 524              		.file 5 "../firmware/n32g430_std_periph_driver/inc/n32g430_rcc.h"
ARM GAS  C:\Users\ZShuai\AppData\Local\Temp\ccXolS7S.s 			page 14


DEFINED SYMBOLS
                            *ABS*:00000000 n32g430_beeper.c
C:\Users\ZShuai\AppData\Local\Temp\ccXolS7S.s:21     .text.BEEPER_Reset:00000000 $t
C:\Users\ZShuai\AppData\Local\Temp\ccXolS7S.s:27     .text.BEEPER_Reset:00000000 BEEPER_Reset
C:\Users\ZShuai\AppData\Local\Temp\ccXolS7S.s:51     .text.BEEPER_Clock_Select:00000000 $t
C:\Users\ZShuai\AppData\Local\Temp\ccXolS7S.s:57     .text.BEEPER_Clock_Select:00000000 BEEPER_Clock_Select
C:\Users\ZShuai\AppData\Local\Temp\ccXolS7S.s:107    .text.BEEPER_Clock_Select:0000002c $d
C:\Users\ZShuai\AppData\Local\Temp\ccXolS7S.s:112    .text.BEEPER_APB_Clock_Prescale_Set:00000000 $t
C:\Users\ZShuai\AppData\Local\Temp\ccXolS7S.s:118    .text.BEEPER_APB_Clock_Prescale_Set:00000000 BEEPER_APB_Clock_Prescale_Set
C:\Users\ZShuai\AppData\Local\Temp\ccXolS7S.s:171    .text.BEEPER_APB_Clock_Prescale_Set:00000030 $d
C:\Users\ZShuai\AppData\Local\Temp\ccXolS7S.s:176    .text.BEEPER_Div_Factor_Select:00000000 $t
C:\Users\ZShuai\AppData\Local\Temp\ccXolS7S.s:182    .text.BEEPER_Div_Factor_Select:00000000 BEEPER_Div_Factor_Select
C:\Users\ZShuai\AppData\Local\Temp\ccXolS7S.s:236    .text.BEEPER_Div_Factor_Select:00000034 $d
C:\Users\ZShuai\AppData\Local\Temp\ccXolS7S.s:241    .text.BEEPER_Initialize:00000000 $t
C:\Users\ZShuai\AppData\Local\Temp\ccXolS7S.s:247    .text.BEEPER_Initialize:00000000 BEEPER_Initialize
C:\Users\ZShuai\AppData\Local\Temp\ccXolS7S.s:290    .text.BEEPER_Bypass_Clock_Signal:00000000 $t
C:\Users\ZShuai\AppData\Local\Temp\ccXolS7S.s:296    .text.BEEPER_Bypass_Clock_Signal:00000000 BEEPER_Bypass_Clock_Signal
C:\Users\ZShuai\AppData\Local\Temp\ccXolS7S.s:331    .text.BEEPER_Bypass_Clock_Signal:0000001c $d
C:\Users\ZShuai\AppData\Local\Temp\ccXolS7S.s:336    .text.BEEPER_Inverted_Enable:00000000 $t
C:\Users\ZShuai\AppData\Local\Temp\ccXolS7S.s:342    .text.BEEPER_Inverted_Enable:00000000 BEEPER_Inverted_Enable
C:\Users\ZShuai\AppData\Local\Temp\ccXolS7S.s:377    .text.BEEPER_Inverted_Enable:0000001c $d
C:\Users\ZShuai\AppData\Local\Temp\ccXolS7S.s:382    .text.BEEPER_Inverted_Disable:00000000 $t
C:\Users\ZShuai\AppData\Local\Temp\ccXolS7S.s:388    .text.BEEPER_Inverted_Disable:00000000 BEEPER_Inverted_Disable
C:\Users\ZShuai\AppData\Local\Temp\ccXolS7S.s:423    .text.BEEPER_Inverted_Disable:0000001c $d
C:\Users\ZShuai\AppData\Local\Temp\ccXolS7S.s:428    .text.BEEPER_Enable:00000000 $t
C:\Users\ZShuai\AppData\Local\Temp\ccXolS7S.s:434    .text.BEEPER_Enable:00000000 BEEPER_Enable
C:\Users\ZShuai\AppData\Local\Temp\ccXolS7S.s:469    .text.BEEPER_Enable:0000001c $d
C:\Users\ZShuai\AppData\Local\Temp\ccXolS7S.s:474    .text.BEEPER_Disable:00000000 $t
C:\Users\ZShuai\AppData\Local\Temp\ccXolS7S.s:480    .text.BEEPER_Disable:00000000 BEEPER_Disable
C:\Users\ZShuai\AppData\Local\Temp\ccXolS7S.s:515    .text.BEEPER_Disable:0000001c $d

UNDEFINED SYMBOLS
RCC_APB2_Peripheral_Reset
